MealComponent
RiskLevel
InfluencePower
ServiceProvider
ClothingType
Donation
TailorShop
Nee65374329444a1d9f62767ddcbde88ab1
Gift
Photographer
FirstLady
Classroom
OfficialInstitution
Nc0327303d0b9427fbc0bde474f20a665b2
SecurityLevel
Problem
Carriage
Reason
Countries
Engine
Library
Cyclone
Monument
Retiree
Performance
Belief
Theme
Damage
Century
Medium
Account
Nb264d2cc31194a64bfd5dcf9bb6bc55fb1
Website
Force
BirthDate
Fraction
Owner
Overseer
Architecturalstructure
FinalMoment
Sermon
N152f29b4aa5841d69cbcac4e611774a4b1
ServiceUser
Academic_Institution
Death
N4e52b9b4c1e34764a08b304b2a1f71cbb1
Purpose
Employer
MedicalCondition
End
Nd3d404c3d0fe4e05bfe67f9531eb5770b1
Image
Meeting
N3f1fcd8fe7834504a1b4b47305dd5dc5b1
Script
Flower
Loss
Greeting
Database
Director
Nighttimeactivity
Chef
Authority
Institution
ReligiousRight
Idea
Reading
Literary_Genre
ResearchProject
InterestRate
BodiesOfWater
MachiningService
Crowd
OperatingSystem
Preface
Degree
Strength
Baptism
Construction
Resource
TimePart
Ownership
Programmer
Animal
List
RiskFactor
CivilWar
Courthouse
Duties
Schoolstudent
Sea
Ceremony
Equipment
Offence
WeldJoint
Controversy
Biography
Jurisdiction
Household
Na3773eb7098347bbac15ca20ee75c694b1
Issuestatus
PresidentialTerm
Reader
Eventoutcome
Physicalquantity
SubSystem
N22b89b7ccc754b57a7dc4fd05bd81ec7b1
Anysimpletype
Speaker
Location
RightHolder
Baby
CauseEffect
MedicalField
Source
Native
Soldier
Component
Temporalentity
Work
Woman
ResearchPaper
TimeEvent
Subcomponent
BillOfSale
FoodItem
CauseOfAirPollution
Supervisor
PartyOrganiser
Assault
Membership
Event
AirComposition
HistoricalEvent
Portfolio
Major
CountySeat
ConstructionMaterials
Spring
Bride
N6e82713b336940008622e00652df59bfb1
N3958bad6ceaf4788b924b221d14c02a3b1
Food
N93cce6105e0b4d24bb5be2671f1034a6b4
Official
Photo
Ncbc19e54e6ff4dcd87266bab720beecbb2
Assembly
Sleep
QuestionTopic
SurfaceType
PostalAddress
SourceMaterial
TraumaticEvent
Novel
ShipType
FirstName
Child
Cuisine
Role
AcademicStudy
Arrest
StudyArea
Group
Shift
Acquisition
Age
Ne43612cee6fb4c999e84afcb99c912a0b1
WaterSource
RescueTeam
Tour
Hour
Schoolsubject
StormSurge
Period
Principal
Contract
Plan
Religiousactivity
Price
Journalist
Tourist
Sunset
Member
Ncaf99f213f9f43fb885dc6fef0b494e3b5
RebelGroup
Public
Expertise
Asset
AerospaceEquipment
Condition
TradeType
Species
Message
Worker
School
Nd47b0ba34776481a845f76187fc4a6aab6
Earning
DepartmentHead
Girl
DateOfBirth
Month
Laborer
QuestionType
Output
People
RoomFunction
Enemy
Majority
University
Game
Conflict
Assistance
AirCondition
Plane
Weapons
Instructor
Petition
DesireSatisfaction
Gday
Specialty
Trial
PowerSource
Race
Seamstress
AudioBook
SkillOwner
Number
Na3773eb7098347bbac15ca20ee75c694b6
Continent
Couple
PhysicalObject
Jury
Pension
ExchangeRate
HazardEvent
Scholar
Sister
Field_of_Study
EducationalService
Physicalsubstance
Teacher
ChemicalElement
Citation
Servant
LearningMaterial
Diploma
Wildfires
Distribution
Black
Paper
Blood
Lawenforcementagency
AbolitionistMovement
Physicalspace
Case
Descent
PoliceDepartment
Preacher
Homeland
Speech
Mission
ActionClaim
Candidate
Resolution
Destination
PhysicalState
Congregation
TourGuide
Enslavement
Land
Book
Missionary
PurchaseOrder
Shape
MerchantStore
News
PartyType
Ocean
Ship
Establishment
Welder
PrivateVehicle
Request
PhenomenonFact
Salary
RealEstate
Risk
Truth
Quantitativevalue
LeasingStatus
Scope
Reproduction
Abolition
N1fbb52f8279840bcb8abe2928c0e799eb1
Datetime
Party
Item
Emergency
Influence
MonumentType
GenderRatio
TimePeriod
Raid
Intervention
Abolitionism
Practice
Coast
Diocese
Wife
Guest
EnslavedPerson
Way
ProjectTopic
Audience
Software
Belligerent
Department
Surname
ClothingItem
AbstractThing
Conversion
Dataset
SideType
HistoricalTopic
OfflineService
Government
Transportation
ExpertiseArea
Receiver
RewardType
Godmother
Rank
Objective
Landspot
Verse
Pressure
Content
Mountain
Witness
Obituary
Thesaurus
Intelligence
Groom
MissionaryActivity
FinancialBond
Level
Doctor
PartyMember
Invitation
Integer
Power
HumanRight
Holder
PowerGenerator
Review
Military
GPA
Pair
SubjectField
Agent
SystemComponent
Temporalunit
PhysicalPower
PhysicalThing
Answer
Experiment
Property
Decision
Team
Style
SoftwareDeveloper
Time
ReturnPolicy
Research
Town
Date
AgeDistribution
Producer
QuestionEntity
N6575d1a5e5144dccb4939dfa85e606c9b1
BuildingType
Person
Officer
Herb
Gender
PoliticalParty
Collector
Cotton
Landmark
Recollection
Platform
Memoir
Ne43612cee6fb4c999e84afcb99c912a0b2
Ticket
Editor
Store
Branch
BlogPost
PoliticalRight
LegalArea
Head
SoftwareLibrary
PhoneNumber
Pet
Occupant
Employment
Cause
PartOfSpeechClass
Effort
FoodGroup
Test
Godparent
Pensioner
Escape
RiskManagement
WordProperty
RoomTypeEnumeration
Juror
Direction
Charge
Rebellion
Narrator
PoliticalIssue
Priest
Regiment
Long
Park
Benefit
Function
Element
Debt
Nd4a8cee1fde447c999e3f88be934a859b1
FinancialInstrument
Bidder
Data
Brigade
OnlineMerchant
Interest
Warehouse
Something
Genre
Chair
ConceptualObject
N1c93b68e14c547a9ad82d4c50942ee5eb3
Lat
Actor
Aid
ExpertiseLevel
Topic
Piece
EducationSystem
LawFirm
Merchant
Interval
ArrivalEvent
Supporter
Favor
Domain
Diary
ConstructionWorker
Currency
Release
Counsel
Troop
ActionEffect
Intensity
Color
ReturnItem
Slave
Capabilities
Manner
Flood
UnitSystem
WeldingProcess
MilitaryRank
Nc0327303d0b9427fbc0bde474f20a665b1
WeatherCondition
PublicationDate
Environmentalimpact
Timeperiod
Product
Biographer
OfficeEquipment
Organizer
Class
IntervalTime
Medicalprofessional
ServiceCost
PedestrianPath
N32dde6b843af4e6097e43944894402c3b4
Transport
Man
Side
FuneralService
ElectricalPower
Programminglanguage
Voter
Schoolgrade
Tool
ChemicalCompound
Inmate
Result
Subject
View
Option
Difficulty
PensionPlan
Transaction
Line
Arrestee
Artwork
Bank
Report
ServiceType
Specialization
Wheel
Argument
Floor
Solving
N31c47115fe5c47c9bca04a884c5ab0c2b1
State
Service
Category
Form
Ancestor
Vehicle
Manumission
Nationality
Daughter
Villain
Situation
Hospital
PublicTransport
Politicalleader
CreationDate
Play
Ncbc19e54e6ff4dcd87266bab720beecbb1
Cave
Grade
CampType
Sunrise
Ned9a1f3809314a4a9e7bb4c5a3d7f240b3
TemporalPosition
Return
Na20871d4cee24edc99d33cff0ce65d10b1
RectangularObject
Memorial
Plaque
Point
Legislature
Nation
WaterProperty
Descendant
Buyer
Suffering
N31c47115fe5c47c9bca04a884c5ab0c2b2
Movement
Judge
Manager
Path
ChangeType
Circumstance
Invoice
N47dbf12ea09b44e7837e9a0a478bc012b1
Literacy
N99268126faf248afb7c7defbbb7a9a3eb1
IdeaOrActionOrTheory
N484938bb2d7e4360b7a7b7db78f3c280b1
TeamMember
Attendee
Market
CivilRight
TermPeriod
Value
N2fc4409f5d8741aabdef801fbf90ce36b1
Boy
PersonOrEvent
Feature
Company
Auction
Anniversary
Name
ServiceConsumer
Arrival
Double
Academicactivity
Nf826053b807b4da7a85bb14d456890b1b1
Language
Nd47b0ba34776481a845f76187fc4a6aab1
Duty
Eye
AreaOfResearch
Foot
Historicaltopic
Device
Widow
Dream
Application
EventClass
Hardware
Context
MailMerge
Job
Change
Presidency
PopulationCensus
HomelessPerson
Setting
DateTimeDescription
Battles
Beneficiary
Birth
Bag
Z_coordinate
Page
Statue
Human
Homework
Money
Village
Scene
Flowering
Spelling
Field
Estate
Home
Militia
Election
TimeOfDeath
Adult
SlaveTrade
WaterForm
Artist
CulturalNorm
ResearchArea
Collection
Law
Tutor
Office
Attribute
PoliticalEntity
Veteran
Instruction
Positiveinteger
Dog
Participant
VolumeMeasurement
Meal
LegalRight
Process
Captain
Comment
Temperature
Solution
Activist
Crew
Exchange
ItemType
Funeral
Spouse
Axle
Version
Plaintiff
Locations
Signatory
EducationalInstitution
Missions
Real
House
DomainArea
BirthPlace
Action
SocialIssue
Employee
Desire
Purchase
Intangible
Symbol
N2fc4409f5d8741aabdef801fbf90ce36b3
GarmentType
Functionality
Reward
N31c47115fe5c47c9bca04a884c5ab0c2b4
NumberSet
PoliticalPosition
CodingLanguage
Historian
Support
Individual
Environment
Perception
Method
ValueNumeric
Statement
Periodofday
Struggle
Academicsubject
Marriage
DifficultyLevel
Religiousleader
Effect
PlainLiteral
Treaty
PersonArrival
MissionaryOrganization
Son
Area
Earthquake
Impact
Sale
Defendant
Program
InstitutionLocation
Guide
TigWelder
AcademicSubject
Blessing
Task
Rebel
Skill
Residence
Crime
Deceased
Activism
ReproductiveOrganism
ProblemType
Occasion
Publisher
Composition
Award
Student
Response
Nf2b2a9998bbe48aea39bcc4fde01a0deb1
PoliceOfficer
PlaceOfDeath
ReasoningenType
Other
Pilgrimage
String
Fruit
Target
Colonist
President
LegalCase
Concept
Year
DecisionMaker
Disease
Use
Creator
N3c0a9d62a1d64b6b9c7ea7f0401a59ecb1
N16101d8486ed4e8aab7370f30699e93cb1
War
MechanicalPart
Road
HistoricalPeriod
RelationshipStatus
Position
Gas
Probability
Nca296b5ff4e94689b8b58a69b033fb4bb1
ReligiousDenomination
Life
Master
Honor
Behalf
Appearance
RiskAssessment
Tale
Possession
Birthdate
Country
World
LegalSpecialization
Mother
IndividualIndependence
Guard
WebSite
Pollution
Organism
Status
RescueOperation
CourtCase
Code
Facility
Developer
Fire
SpreadGospel
Story
SystemOrPractice
Consumer
ArrestReport
XMLLiteral
ContractType
Drug
Reputation
Arrestor
Mean
Author
Resident
Sentence
Plantation
Writing
Expedition
TemporalInterval
Justice
River
County
BloodVessel
LastName
Sofa
NutritionInfo
Input
Attorney
Conflicts
InfluenceFactor
SpringSeason
InventoryItem
Gyear
ResidenceType
Nonnegativeinteger
Recipient
N99268126faf248afb7c7defbbb7a9a3eb8
Song
Organisation
Attempt
Courtroom
Attack
CauseOfDeath
Mail
Storm
Association
Timezone
Trader
Parameter
Effects
Ethnicity
PartOfSpeech
Society
Combatant
Crop
Plot
Unit
Configuration
Pastor
Box
System
ResearchInstitution
Figure
KidnappingEvent
Feeling
Testimony
Quantity
Causes
Family
Automobile
SocialMovement
Part
Casualties
Suspect
Physicalhealth
Outcome
DateTime
Night
Island
Half
Nbbdcaa839c5e49d4af2ba05033c56790b1
Drink
Exam
Success
AdditiveManufacturing
Ground
Infant
Whole
Artery
ArrivingEntity
Meaning
Nf39575439bc741078cab2d5916c663acb2
Room
Army
Bloodvessel
Object
Substance
Clothe
SlaveOwner
Overview
PastoralCounseling
Poem
Vessel
Absorbency
Formulation
Nfd2d608153154bdfae3c4153c1c73b17b1
Package
Prison
Door
N6575d1a5e5144dccb4939dfa85e606c9b4
ServiceLocation
Slaveholder
SkillLevel
Orientation
City
Premise
Issuer
StudyTool
Study
WarPart
Passenger
GenderType
Lawyer
Region
Permission
N152f29b4aa5841d69cbcac4e611774a4b5
N32dde6b843af4e6097e43944894402c3b1
BodyPart
Exhibit
ResearchInterest
Nbbc8d28a00714441ab43a52128d4ba8db1
Schoolteacher
Instance
Commander
Geographicalentity
Question
Professor
ExpertiseField
Portion
Session
Document
BlessingType
ResearchMethod
Schoollocation
Dialect
ActOfKindness
ActivismType
Word
PartyEvent
Y_coordinate
RoomType
Customer
Parent
PartyActivity
Manuscript
Conversation
PracticeArea
Ability
Movie
StateOfMatter
Definition
Astronomy
StaffMember
Weather
Humidity
Prisoner
Coach
ReadingSkill
Educationalorganization
Anyuri
Issue
Chance
Prayer
Stalactite
Tree
Hero
Lyrics
Medal
WebDeveloper
DigitalLiteracy
Window
Warrant
Principle
Faculty
Organization
Moon
Address
Season
Painting
Punishment
Origin
Duration
Desk
Background
Minor
Viewpoint
Discrimination
Priesthood
Victim
X_coordinate
Population
Bats
Integral
Adulthood
Seq
Pollutant
QuestionCategory
Information
SelfLove
Landslide
Acter
Grave
ProgrammingLanguage
Nee65374329444a1d9f62767ddcbde88ab3
Restaurant
Furniture
Dessert
Type
Religion
Ned963e32258d4cdc9f9dee88e0432c79b1
ManufacturedPlace
N484938bb2d7e4360b7a7b7db78f3c280b2
Film
Coordinates
AirPollution
ResearchField
Literature
Consequence
Star
Governor
LegalSystem
Nb05b6e3683674341805f13bb3b9b3ec4b1
Gospel
PostTraumaticCondition
Text
Slavery
PoliticalIndependence
Causeeffect
Knowledge
N7048638ddbe744ef92b7ef71d2bc54beb1
Cabin
Schoolschool
PlaceOfBirth
Recipe
ResearchQualification
Technique
UndergroundRailroad
WritingSkill
Independence
PoliticalPower
ElectricPower
N93cce6105e0b4d24bb5be2671f1034a6b1
Registry
Travel
Ncaf99f213f9f43fb885dc6fef0b494e3b1
FieldOfStudy
Judgment
N9c60bb77ee764160bee8687aa0e6f628b1
Decade
Journal
Shop
Violence
Tavern
Ontology
Wagon
SuperPower
Broker
Factor
Patient
Course
Plant
Church
Father
SpecificTime
Day
Article
Thing
Relationship
TemporalUnit
N1283ff7681a64ce5822eb63668931477b1
Introduction
FacultyMember
Publication
Dataelement
Literal
Character
Believer
AirQuality
Computer
Provider
Conclusion
EffectOfAirPollution
Instant
TimeInterval
Trade
TextDocument
Alphabet
Manufacturer
Bill
Toe
Lake
Responsibility
Fugitive
Funding
N2aab17e7ce23426c91bcafb9bf128f85b1
SpellingCorrector
Administrativeregion
Others
Phrase
JobPosting
Air
Project
Donor
Carpenter
Entry
Researcher
Educationalinstitution
Treatment
AnswerEntity
Sacrament
Genius
Opportunity
Occupation
Court
Size
TradingPlatform
MealType
Right
Seller
Politician
Building
PageLayout
Neighbor
Clergyman
Sport
Weapon
PollutedWater
Physician
MoonPhase
Machine
Entity
Responses
Contractor
Subsystem
Detail
Nf85cde7178e84accb0cd4a81578c936db1
EconomicIndependence
Access
Material
Datetimestamp
Promise
Constellation
Thought
Grandfather
TeamLeague
Term
Vote
Car
RelationshipType
LungCancer
Battle
Colony
Ned9a1f3809314a4a9e7bb4c5a3d7f240b1
Activity
Water_Properties
Representation
User
N99268126faf248afb7c7defbbb7a9a3eb7
Cemetery
Anything
FuneralDirector
Creativework
Symptom
LegalEducation
Respect
Offender
Place
Parcel
Water
Pilgrim
Help
Community
Camp
Methodology
SubjectArea
Friendship
Week
PowerConcept
Langstring
Street
LawEnforcementAgency
Wedding
Godfather
ResearchTopic
Ingredient
Grandparent
Order
Nb1a34d8e9ab046da8d71d7b2bd1ff877b1
ComputerSystem
Ned9a1f3809314a4a9e7bb4c5a3d7f240b2
