MealComponent
RiskLevel
InfluencePower
ClothingType
Gift
Photographer
OfficialInstitution
SecurityLevel
FirstLady
Cyclone
Problem
Countries
Timepoint
Engine
Performance
Belief
Theme
Diagnosis
HumanEye
Geologicalplace
HomeOwner
N9832494bbc394d12b54840a7f84078c4b1
Force
Overseer
Owner
Architecturalstructure
FinalMoment
Sermon
N152f29b4aa5841d69cbcac4e611774a4b1
Academic_Institution
Reference
TimeInstant
Employer
MedicalCondition
Meeting
Script
Director
Chef
Authority
Institution
ReligiousRight
Idea
Literary_Genre
Expression
ResearchProject
MachiningService
CurrencyCode
FireSeverity
Preface
Colortype
Strength
Construction
Resource
Industry
Transition
EnactingBody
RiskFactor
Animal
Skin
Duties
Schoolstudent
Sea
LocatedIn
Equipment
InformationRepresentation
Offence
Controversy
Household
Ear
FuelType
Eventoutcome
EntityRole
N22b89b7ccc754b57a7dc4fd05bd81ec7b1
PresidentialTerm
RightHolder
Baby
Source
Native
Soldier
Component
Work
Widow
TimeEvent
IssueDescription
Supervisor
CauseOfAirPollution
PartyOrganiser
Assault
Membership
Portfolio
AirComposition
Major
N6e82713b336940008622e00652df59bfb1
N3958bad6ceaf4788b924b221d14c02a3b1
Ncbc19e54e6ff4dcd87266bab720beecbb2
QuestionTopic
SourceMaterial
Novel
ShipType
FirstName
Laws
CarMake
Child
Humanbody
Role
Arrest
StudyArea
Group
Nb5db0bf0382546febdc9e57a1d782fd7b1
Age
Hasmember
WaterSource
RescueTeam
Tour
Schoolsubject
Principal
Ncaf99f213f9f43fb885dc6fef0b494e3b5
Member
Sunset
RebelGroup
Public
Asset
AerospaceEquipment
Condition
Message
School
Nd47b0ba34776481a845f76187fc4a6aab6
Earning
Girl
DepartmentHead
Month
QuestionType
Output
University
HistoricalEra
Game
Assistance
Plane
Weapons
DesireSatisfaction
Specialty
Trial
PowerSource
SkillOwner
AudioBook
DoorMaterial
Couple
Jury
Sister
Pension
Physicalphenomenon
HazardEvent
Field_of_Study
Servant
ChemicalElement
N151dbb48d95b4a24ab0768191aa63adfb1
Appliance
Heat
Diploma
It
Distribution
Black
Paper
Blood
Lawenforcementagency
AbolitionistMovement
Case
Descent
Preacher
Homeland
Speech
ActionClaim
Candidate
Resolution
Identifier
PhysicalState
TourGuide
Constitution
Ocean
PrivateVehicle
Establishment
Health
Request
Entertainment
RealEstate
Risk
Scope
N1fbb52f8279840bcb8abe2928c0e799eb1
EndTime
Item
PhysicalHealth
Complex
MonumentType
GenderRatio
TimePeriod
Intervention
Abolitionism
Practice
Coast
Diocese
KnowledgeArea
Guest
ProjectTopic
Way
Audience
Leader
Kid
Belligerent
IssueResolution
Dataset
OfflineService
RewardType
Rank
Godmother
Metallurgy
Objective
Verse
Mountain
Witness
Obituary
Thesaurus
MissionaryActivity
DoorColor
Doctor
PartyMember
Integer
HumanRight
Holder
LifeSpan
AnatomicalStructure
GPA
Pair
Temporalunit
PhysicalPower
Experiment
Answer
Property
Decision
Style
Business
Palm
Research
Date
AgeDistribution
PartOfDay
Producer
BuildingType
Physicalentity
Capital
Format
Person
QuestionEntity
Officer
PoliticalParty
Gender
Collector
Cotton
Landmark
Daypart
Ne43612cee6fb4c999e84afcb99c912a0b2
Ticket
Store
Branch
LegalArea
PoliticalRight
Magnitude
GameDeveloper
SoftwareLibrary
Female
Pet
PhoneNumber
Community_Service
Occupant
Employment
Cause
FoodGroup
Test
Torso
Godparent
RiskManagement
RoomTypeEnumeration
Juror
BusinessPerson
Debt
TypeOfChange
Function
FinancialInstrument
AgentCausingChange
Bidder
GymMembership
Interest
Genre
LegalRule
ConceptualObject
N32fde1c5c0fb45e4a3ec8849897d55dcb1
Actor
Aid
Lot
ExpertiseLevel
Piece
EducationSystem
Media
Statute
LawFirm
Exhibition
Freedom
Interval
ArrivalEvent
Supporter
Domain
Diary
Ailment
Counsel
Troop
Color
Slave
Manner
Flood
WeldingProcess
AreaUnit
Originality
Timeperiod
Organizer
Class
IntervalTime
Medicalprofessional
TaxonomicRank
AuthorityArea
ServiceCost
TimeEntity
N32dde6b843af4e6097e43944894402c3b4
Side
N6fd89a71a44f46dab2a3aa8d52f58970b1
FuneralService
Manman
ElectricalPower
Programminglanguage
Inmate
View
Line
Artwork
GovernmentSystem
Report
ServiceType
Wheel
N31c47115fe5c47c9bca04a884c5ab0c2b1
State
Vehicle
Situation
Hospital
PublicTransport
Play
Ncbc19e54e6ff4dcd87266bab720beecbb1
Cave
Return
TemporalPosition
RectangularObject
Siunarise
Plaque
Point
Legalentity
Buyer
N31c47115fe5c47c9bca04a884c5ab0c2b2
Movement
Judge
GroupType
Revenue
Invoice
N47dbf12ea09b44e7837e9a0a478bc012b1
Client
Male
Attendee
CivilRight
TermPeriod
Value
PersonOrEvent
Company
Name
Nf826053b807b4da7a85bb14d456890b1b1
Double
Concern
Language
AreaOfResearch
Femalehuman
Dream
Application
Hardware
Description
MailMerge
Context
Job
Info
Setting
DateTimeDescription
Beneficiary
Education
Newspaper
Statue
Homework
LifeStage
BackPart
N05aaffae578e46e1bf0ef74db699036ab1
Spelling
Field
Home
Citizen
Adult
Grandchild
SlaveTrade
WaterForm
Artist
SquareArea
ResearchArea
Key
Collection
Office
Veteran
Instruction
Positiveinteger
LegalRight
Captain
Alarm
Temperature
Activist
TotalMinutes
Axle
Solution
Spouse
Funeral
ItemType
Version
ArtWork
GeographicalLocation
Second
Action
Intangible
Mouth
Symbol
AnyEntity
Functionality
NumberSet
CodingLanguage
Historian
Support
Limbs
Individual
Environment
Perception
ValueNumeric
Eyes
Statement
Nbb17d2cede1240a8adad1d8587390239b1
Periodofday
ServiceOrProduct
Marriage
Religiousleader
Effect
PlainLiteral
Treaty
PersonArrival
MissionaryOrganization
Son
Area
Impact
Sale
Defendant
Investigator
MomentProperty
Rebel
Deceased
MinuteOfTime
Alive
Cheek
Publisher
Culture
Student
Award
Response
String
Lens
BusinessInformation
Target
Colonist
Toy
LegalCase
EarlyMorning
Year
Museum
Use
Homosapien
MorningTime
N3c0a9d62a1d64b6b9c7ea7f0401a59ecb1
War
HistoricalFigure
HistoricalPeriod
MechanicalPart
RelationshipStatus
Position
Nca296b5ff4e94689b8b58a69b033fb4bb1
Honor
Appearance
Tale
Title
Possession
Morning
LegalSpecialization
IndividualIndependence
Guard
Organism
N3e77a9a39e704894af3d5867ca88d92bb1
RescueOperation
Developer
Fire
Story
SystemOrPractice
TradeType
Consumer
XMLLiteral
Friend
Resident
Mean
Writing
BusinessSector
TemporalInterval
Justice
County
PolygonArea
Sofa
NutritionInfo
N0d5e305adf3b4a2da06b22287d484de3b1
Attorney
Conflicts
SpringSeason
Gyear
Song
Nonnegativeinteger
Recipient
N99268126faf248afb7c7defbbb7a9a3eb8
Organisation
Finger
Attempt
BackDisease
CauseOfDeath
Mail
Storm
Timezone
Trader
TimePoint
Na17aa21561fa4878864ee13118c956b4b1
Effects
Parameter
PartOfSpeech
Combatant
Crop
Cornea
Plot
Kind
Configuration
Box
Handpart
Testimony
Causes
Quantity
FactCategory
Casualties
Suspect
Physicalhealth
Outcome
DateTime
N0d29d15ecbe642f980ed0a7ca64ba58ab1
Half
CarModel
Exam
AdditiveManufacturing
Ground
CreationDate
Sculpture
Meaning
Clothe
Memoir
IssueTitle
Bloodvessel
Object
PastoralCounseling
Originator
Poem
Absorbency
Nfd2d608153154bdfae3c4153c1c73b17b1
DayPart
Package
Prison
Metadata
Door
N6575d1a5e5144dccb4939dfa85e606c9b4
ServiceLocation
City
Premise
Issuer
Study
Humanorgan
WarPart
Passenger
FreedomConcept
Region
Permission
Nails
BodyPart
CommunityRole
Nbbc8d28a00714441ab43a52128d4ba8db1
Instance
Geographicalentity
FactType
ExpertiseField
Portion
Session
Document
BlessingType
ResearchMethod
Schoollocation
Y_coordinate
RoomType
Manuscript
ArtStyle
PracticeArea
Ability
SquareMeters
FacePart
Definition
Astronomy
StaffMember
Body
Prisoner
Humidity
InformationProcessing
ReadingSkill
Educationalorganization
Issue
Anyuri
Prayer
Tree
Stalactite
Lyrics
Medal
WebDeveloper
GovernmentEntity
Routine
DigitalLiteracy
N8ca0438ee5f0405c84803fcf346123bbb4
Moon
Address
WakeUp
Punishment
N3abdb97a8d9d4511afd26eeee956452db1
Minor
Desk
Viewpoint
Economicconcept
Population
Seq
Bats
N4e8130ac0170445eae2683015c4785e3b1
Hair
Pollutant
QuestionCategory
Dinner
Landslide
Nose
Acter
Ned963e32258d4cdc9f9dee88e0432c79b1
Nee65374329444a1d9f62767ddcbde88ab3
Restaurant
ProgrammingLanguage
Furniture
Model
Type
Healthcondition
Geonamesfeature
Reporter
FactSource
Literature
Consequence
Thumb
Legislation
Nb05b6e3683674341805f13bb3b9b3ec4b1
Gospel
PostTraumaticCondition
Slavery
PoliticalIndependence
Causeeffect
ResearchQualification
Schoolschool
UndergroundRailroad
WritingSkill
Independence
Travel
PoliticalPower
Ncaf99f213f9f43fb885dc6fef0b494e3b1
Judgment
N9c60bb77ee764160bee8687aa0e6f628b1
Decade
InjuryType
Materialtype
Hasfriend
Nd52675bb2f2f4a4fa3deed365bcd185cb1
HeadPart
MORNING
Broker
Hasevent
Factor
Timestamp
Course
Husband
Article
Thing
TemporalUnit
Introduction
WorkArea
N1283ff7681a64ce5822eb63668931477b1
Convention
Firefighter
ForceType
Literal
Character
Believer
Provider
Instant
N8ca0438ee5f0405c84803fcf346123bbb1
Trade
Alphabet
Bill
Face
Toe
NameEntity
N2aab17e7ce23426c91bcafb9bf128f85b1
Entry
Administrativeregion
JobPosting
Carpenter
Integernumber
Treatment
AnswerEntity
Sacrament
PlayerMode
Court
Size
TradingPlatform
MealType
Seller
Politician
Neighbor
Physician
HealthCareProvider
Machine
Supplier
Entity
Couch
Mornings
Architecturalelement
EconomicIndependence
Access
Upholstery
FactDescription
Supply
Material
Grandfather
N8ca0438ee5f0405c84803fcf346123bbb7
Term
RelationshipType
Floatnumber
Colony
Water_Properties
Light
Era
FuneralDirector
Creativework
Symptom
Offender
Place
Help
Community
Methodology
IssueDateCreated
SubjectArea
Friendship
Week
Street
Post
Wedding
Godfather
Blacksmith
Nb1a34d8e9ab046da8d71d7b2bd1ff877b1
Order
Back
MentalHealth
ComputerSystem
IssueStatus
ServiceProvider
CapitalCity
Donation
TailorShop
Nee65374329444a1d9f62767ddcbde88ab1
StatutoryLaw
Classroom
DietRestriction
Nc0327303d0b9427fbc0bde474f20a665b2
Carriage
Reason
Library
Monument
Retiree
DigitalInformation
Damage
Century
Medium
Account
Nb264d2cc31194a64bfd5dcf9bb6bc55fb1
Website
Player
BirthDate
Fraction
Na17aa21561fa4878864ee13118c956b4b2
ServiceUser
Death
N4e52b9b4c1e34764a08b304b2a1f71cbb1
Purpose
N3f1fcd8fe7834504a1b4b47305dd5dc5b1
EducationalOrganization
End
Nd3d404c3d0fe4e05bfe67f9531eb5770b1
Image
Injury
Flower
Loss
Greeting
Database
Nighttimeactivity
Reading
InterestRate
BodiesOfWater
HumanBeing
Crowd
OperatingSystem
Degree
Legalcase
Baptism
CaseStatus
TimePart
GovernmentPolicy
IssueIdentifier
Ownership
List
Programmer
FactTopic
CivilWar
Courthouse
Ceremony
History
HumanBody
Fingers
WeldJoint
Early
FactCheck
Biography
Jurisdiction
Na3773eb7098347bbac15ca20ee75c694b1
Issuestatus
StormSurge
Reader
SubSystem
Physicalquantity
Anysimpletype
Speaker
Location
CauseEffect
MedicalField
Temporalentity
Subcomponent
ResearchPaper
Woman
BillOfSale
FoodItem
MembershipType
Event
HistoricalEvent
Bodypart
CountySeat
ConstructionMaterials
Spring
Bride
Groupmember
Food
N93cce6105e0b4d24bb5be2671f1034a6b4
Official
Photo
Assembly
SurfaceType
ChangeAgent
Sleep
PostalAddress
TraumaticEvent
Cuisine
InformationSecurity
AcademicStudy
LifeCycle
Shift
Acquisition
Breakfast
Ne43612cee6fb4c999e84afcb99c912a0b1
Timeofday
CommunityMember
Measure
Hour
CaseType
Period
Religiousactivity
Contract
Plan
Price
Tourist
Expertise
Species
Worker
Leg
DateOfBirth
Laborer
Gallery
RoomFunction
Enemy
People
Majority
Conflict
Petition
Instructor
AirCondition
Communication
Gday
DurationDescription
TimePosition
Race
Seamstress
Number
Na3773eb7098347bbac15ca20ee75c694b6
Continent
Scholar
PhysicalObject
ExchangeRate
EducationalService
CaseWorker
Teacher
Physicalsubstance
Citation
ForceUnit
LearningMaterial
CausalEvent
Wildfires
Physicalspace
PoliceDepartment
Architectural_element
Mission
Geometricobject
MentalHealthStatus
Destination
Congregation
Enslavement
Land
Book
Missionary
PurchaseOrder
Shape
MerchantStore
News
Ship
Physicalobject
Welder
EyePart
Anatomy
PartyType
PhenomenonFact
Salary
Quantitativevalue
Truth
LeasingStatus
Reproduction
Abolition
Daytime
Datetime
Party
Emergency
Influence
Temporal
Calendar
Raid
IssueSeverity
Wife
EnslavedPerson
Software
Department
Surname
ClothingItem
AbstractThing
Conversion
SideType
HistoricalTopic
Government
Transportation
PhysicalEntity
ExpertiseArea
Receiver
Cultural_Identity
Landspot
Pressure
Content
Na02b249382f24ea1aa0683a71eb84cd7b1
EyeDisease
PersonalInformation
Payment
Intelligence
Groom
FinancialBond
Level
CEO
Diseases
Invitation
Power
Review
PowerGenerator
Military
Lock
MorningActivity
SubjectField
Agent
SystemComponent
PhysicalThing
Team
ReturnPolicy
Time
SoftwareDeveloper
Town
Dish
N6575d1a5e5144dccb4939dfa85e606c9b1
Herb
Recollection
Platform
HistoryEvent
FireSource
Editor
BlogPost
Head
Unitoftime
Anatomicalstructure
N5cf3df7a2b5740c48d8e01924d30125ab1
LegalIssue
Effort
PartOfSpeechClass
Roof
Pensioner
Escape
SensoryOrgan
WordProperty
Back_Condition
Direction
Charge
Rebellion
Narrator
PoliticalIssue
ArtPeriod
Priest
Datatype
Regiment
Long
Park
Benefit
Element
Nd4a8cee1fde447c999e3f88be934a859b1
Data
Brigade
OnlineMerchant
Warehouse
Something
DayOfWeek
Chair
N1c93b68e14c547a9ad82d4c50942ee5eb3
GroupMember
FacialFeature
Lat
Topic
Merchant
Activities
Favor
Currency
Release
ConstructionWorker
Na02b249382f24ea1aa0683a71eb84cd7b2
Bishop
ActionEffect
Intensity
ReturnItem
EducationCourse
Capabilities
UnitSystem
MilitaryRank
Nc0327303d0b9427fbc0bde474f20a665b1
N517a9d207453411ba145ed6669f5127ab6
PublicationDate
WeatherCondition
Iris
Environmentalimpact
Biographer
Product
Handparts
OfficeEquipment
PedestrianPath
Transport
Man
Disorder
Illness
GroupLeader
Voter
Schoolgrade
Tool
ChemicalCompound
Timeline
Result
Subject
Option
Difficulty
PhysicalHealthStatus
FireAlarm
PensionPlan
Transaction
Cell
Arrestee
FamilyMember
Bank
Specialization
Argument
Floor
Solving
Form
Service
Category
Ancestor
HomePart
Manumission
Nationality
Daughter
Villain
Politicalleader
Ne1bda3da70704b05a03cd314f2618192b1
Grade
CampType
Sunrise
Ned9a1f3809314a4a9e7bb4c5a3d7f240b3
Na20871d4cee24edc99d33cff0ce65d10b1
Physicalconcept
Memorial
Legislature
Nation
WaterProperty
Descendant
Suffering
N5cf3df7a2b5740c48d8e01924d30125ab3
Manager
Backpain
Forehead
Path
ChangeType
Circumstance
Enslaver
Literacy
N99268126faf248afb7c7defbbb7a9a3eb1
IdeaOrActionOrTheory
N484938bb2d7e4360b7a7b7db78f3c280b1
TeamMember
Market
Na6c8faa1793241568387aff63ac2d7b4b2
GamePlatform
N2fc4409f5d8741aabdef801fbf90ce36b1
Boy
LegalEntity
Feature
Exercise
Auction
Anniversary
Arrival
ServiceConsumer
Fact
Academicactivity
Nd47b0ba34776481a845f76187fc4a6aab1
Duty
Eye
Foot
TemporalEntity
Arm
Dimension
EndLocation
Vision
Historicaltopic
Device
EventClass
Change
Dimensions
PopulationCensus
Presidency
HomelessPerson
Battles
Birth
Transfer
Bag
Z_coordinate
Page
TimeZone
Human
N6368b32855bb4934b0d678c8956ceef6b1
Money
Village
Scene
Flowering
Militia
Estate
Election
Diff
Coffee
TimeOfDeath
CulturalNorm
Law
Tutor
Attribute
PoliticalEntity
Dog
Participant
VolumeMeasurement
Meal
Process
Comment
ActOfKindness
Exchange
Crew
Framework
FireDepartment
N84af915885a24ef99a21e63c7ec3936fb1
TextInfo
Plaintiff
Locations
Cushion
Signatory
EducationalInstitution
Missions
Real
House
DomainArea
BirthPlace
Desire
SocialIssue
Employee
EnforcementBody
Acre
Purchase
WorkOfArt
N2fc4409f5d8741aabdef801fbf90ce36b3
GarmentType
Investor
Reward
N31c47115fe5c47c9bca04a884c5ab0c2b4
PoliticalPosition
Buildingcomponent
Method
Struggle
Academicsubject
DifficultyLevel
Rule
Earthquake
InstitutionLocation
Program
Guide
TigWelder
AcademicSubject
Blessing
Task
Skill
Residence
Crime
Activism
ReproductiveOrganism
ProblemType
Occasion
Nb5db0bf0382546febdc9e57a1d782fd7b6
DataType
Composition
Minute
Nf2b2a9998bbe48aea39bcc4fde01a0deb1
PoliceOfficer
PlaceOfDeath
ReasoningenType
Other
Pilgrimage
Res:truefalse
Fruit
President
EndEvent
Concept
DecisionMaker
Disease
Creator
N16101d8486ed4e8aab7370f30699e93cb1
ArtGenre
Guy
Road
N2b75fc6be8804b85a49d9004567a0c2eb1
Gas
Probability
ReligiousDenomination
Life
Master
Behalf
RiskAssessment
Hobby
Birthdate
Art
Country
World
Mother
WebSite
Physicalplace
Pollution
Status
CourtCase
Code
Facility
SpreadGospel
ContractType
ArrestReport
Drug
Reputation
Arrestor
Author
Sentence
Plantation
Expedition
AcademicInstitution
River
BloodVessel
LastName
Input
InfluenceFactor
InventoryItem
ResidenceType
Profession
Retina
Smoke
LeadershipPosition
Courtroom
Attack
Association
Ethnicity
Society
N1b318c35c92a45f984edc46b58ab6237b1
Unit
Pastor
System
ResearchInstitution
Figure
KidnappingEvent
Feeling
Family
SocialMovement
Automobile
HistoricalArtifact
Part
GeographicalEntity
Medicine
Night
Island
HourOfTime
Nbbdcaa839c5e49d4af2ba05033c56790b1
BackPain
Drink
Success
HealthRecord
Infant
Whole
Artery
ArrivingEntity
SlaveOwner
Nf39575439bc741078cab2d5916c663acb2
Room
Army
Substance
Pain
Overview
Vessel
Formulation
BodyType
Slaveholder
SkillLevel
Orientation
StudyTool
Space
IssueStatusEnum
Lawyer
GenderType
N152f29b4aa5841d69cbcac4e611774a4b5
N32dde6b843af4e6097e43944894402c3b1
Exhibit
ResearchInterest
Na6c8faa1793241568387aff63ac2d7b4b1
Schoolteacher
Commander
LifeForm
Question
Organ
Professor
Dialect
ActivismType
Word
PartyEvent
Customer
N7daede8dfec54e3784e36650d13b75e9b1
Parent
PartyActivity
Conversation
Movie
StateOfMatter
Weather
Coach
Chance
Hero
Window
Warrant
Principle
Faculty
Organization
Season
Painting
Investigation
Legislative
Origin
Duration
Background
Discrimination
Priesthood
Victim
X_coordinate
Integral
Adulthood
Information
SelfLove
HandPart
Journalist
Grave
ManufacturedPlace
Dessert
Religion
N484938bb2d7e4360b7a7b7db78f3c280b2
N517a9d207453411ba145ed6669f5127ab1
Policy
KindCategory
Film
Coordinates
ResearchField
AirPollution
Star
Governor
LegalSystem
Text
Knowledge
N7048638ddbe744ef92b7ef71d2bc54beb1
Applicability
Coin
Cabin
PlaceOfBirth
Recipe
Technique
N93cce6105e0b4d24bb5be2671f1034a6b1
ElectricPower
Registry
FieldOfStudy
Violence
Journal
Shop
Tavern
Ontology
ParkingLot
Wagon
SuperPower
Body_part
Patient
Plant
Church
Father
UnitOfMeasurement
SpecificTime
Day
SupplyItem
Relationship
FacultyMember
Publication
Dataelement
Conclusion
AirQuality
Priority
Computer
EffectOfAirPollution
TimeInterval
TextDocument
Manufacturer
Node
Lake
Responsibility
Fugitive
Funding
SpellingCorrector
Phrase
Others
Donor
Project
Air
Researcher
Educationalinstitution
Humanbeing
SkinType
Volunteer
Genius
Opportunity
Occupation
Right
Building
PageLayout
Clergyman
PublicService
Sport
Weapon
PollutedWater
Responses
Hand
Medication
Loveseat
MoonPhase
Contractor
Subsystem
Detail
Nf85cde7178e84accb0cd4a81578c936db1
Executive
Colour
Datetimestamp
Promise
Constellation
Thought
TeamLeague
Vote
Car
LungCancer
Battle
Prosecutor
Ned9a1f3809314a4a9e7bb4c5a3d7f240b1
Activity
N3abdb97a8d9d4511afd26eeee956452db2
Representation
SideEffect
Moment
User
N99268126faf248afb7c7defbbb7a9a3eb7
Cemetery
Anything
LegalEducation
Note
Respect
Ears
HealthCondition
Parcel
Water
Pilgrim
Camp
Verification
Circle
InjuryLocation
Langstring
PowerConcept
LawEnforcementAgency
GameReview
Unitminute
ResearchTopic
Ingredient
Grandparent
Truthvalue
Ned9a1f3809314a4a9e7bb4c5a3d7f240b2
