./all-together/patterns/grandfather_ekn.ttl
./all-together/patterns/cemetery_enslaved.ttl
./all-together/patterns/enslavedperson_ekn.ttl
./all-together/patterns/Power_csmodl.ttl
./all-together/patterns/enemy_enslaved.ttl
./all-together/patterns/Morning_csmodl.ttl
./all-together/patterns/kidnapping_enslaved.ttl
./all-together/patterns/relationship_ekn.ttl
./all-together/patterns/word_enslaved.ttl
./all-together/patterns/husband_ekn.ttl
./all-together/patterns/audiobook_enslaved.ttl
./all-together/patterns/supporter_enslaved.ttl
./all-together/patterns/owner_ekn.ttl
./all-together/patterns/struggle_enslaved.ttl
./all-together/patterns/Place_csmodl.ttl
./all-together/patterns/world_enslaved.ttl
./all-together/patterns/unit_enslaved.ttl
./all-together/patterns/enslavement_enslaved.ttl
./all-together/patterns/role_enslaved.ttl
./all-together/patterns/home_enslaved.ttl
./all-together/patterns/language_enslaved.ttl
./all-together/patterns/settlement_enslaved.ttl
./all-together/patterns/Health_csmodl.ttl
./all-together/patterns/place_enslaved.ttl
./all-together/patterns/surname_ekn.ttl
./all-together/patterns/abolitionism_enslaved.ttl
./all-together/patterns/interest_enslaved.ttl
./all-together/patterns/Area_csmodl.ttl
./all-together/patterns/thing_enslaved.ttl
./all-together/patterns/figure_enslaved.ttl
./all-together/patterns/event_enslaved.ttl
./all-together/patterns/paper_enslaved.ttl
./all-together/patterns/Fact_csmodl.ttl
./all-together/patterns/majority_enslaved.ttl
./all-together/patterns/prayer_enslaved.ttl
./all-together/patterns/pastor_enslaved.ttl
./all-together/patterns/descent_enslaved.ttl
./all-together/patterns/location_enslaved.ttl
./all-together/patterns/permission_enslaved.ttl
./all-together/patterns/War_csmodl.ttl
./all-together/patterns/abolition_enslaved.ttl
./all-together/patterns/possession_enslaved.ttl
./all-together/patterns/meal_enslaved.ttl
./all-together/patterns/audience_enslaved.ttl
./all-together/patterns/property_enslaved.ttl
./all-together/patterns/member_ekn.ttl
./all-together/patterns/Right_csmodl.ttl
./all-together/patterns/controversy_enslaved.ttl
./all-together/patterns/brother_enslaved.ttl
./all-together/patterns/earning_enslaved.ttl
./all-together/patterns/skill_enslaved.ttl
./all-together/patterns/charge_enslaved.ttl
./all-together/patterns/Level_csmodl.ttl
./all-together/patterns/household_enslaved.ttl
./all-together/patterns/owner_enslaved.ttl
./all-together/patterns/film_enslaved.ttl
./all-together/patterns/civilwar_ekn.ttl
./all-together/patterns/biography_enslaved.ttl
./all-together/patterns/cause_poknkn.ttl
./all-together/patterns/cave_enslaved.ttl
./all-together/patterns/island_enslaved.ttl
./all-together/patterns/wife_enslaved.ttl
./all-together/patterns/photo_enslaved.ttl
./all-together/patterns/couple_enslaved.ttl
./all-together/patterns/preacher_enslaved.ttl
./all-together/patterns/house_ekn.ttl
./all-together/patterns/movement_enslaved.ttl
./all-together/patterns/effort_enslaved.ttl
./all-together/patterns/plantation_ekn.ttl
./all-together/patterns/institution_enslaved.ttl
./all-together/patterns/speaker_enslaved.ttl
./all-together/patterns/hour_enslaved.ttl
./all-together/patterns/land_enslaved.ttl
./all-together/patterns/respect_enslaved.ttl
./all-together/patterns/Reason_csmodl.ttl
./all-together/patterns/Woman_csmodl.ttl
./all-together/patterns/arrival_enslaved.ttl
./all-together/patterns/region_enslaved.ttl
./all-together/patterns/Night_csmodl.ttl
./all-together/patterns/road_enslaved.ttl
./all-together/patterns/Information_csmodl.ttl
./all-together/patterns/circumstance_enslaved.ttl
./all-together/patterns/expertise_poknkn.ttl
./all-together/patterns/registry_ekn.ttl
./all-together/patterns/principle_enslaved.ttl
./all-together/patterns/tavern_enslaved.ttl
./all-together/patterns/foot_enslaved.ttl
./all-together/patterns/Student_csmodl.ttl
./all-together/patterns/health_enslaved.ttl
./all-together/patterns/overseer_enslaved.ttl
./all-together/patterns/damage_enslaved.ttl
./all-together/patterns/concept_poknkn.ttl
./all-together/patterns/publication_enslaved.ttl
./all-together/patterns/Air_csmodl.ttl
./all-together/patterns/relation_enslaved.ttl
./all-together/patterns/town_enslaved.ttl
./all-together/patterns/package_poknkn.ttl
./all-together/patterns/pilgrimage_enslaved.ttl
./all-together/patterns/discrimination_enslaved.ttl
./all-together/patterns/statement_enslaved.ttl
./all-together/patterns/man_enslaved.ttl
./all-together/patterns/prisoner_enslaved.ttl
./all-together/patterns/veteran_enslaved.ttl
./all-together/patterns/art_enslaved.ttl
./all-together/patterns/entities_poknkn.ttl
./all-together/patterns/decision_enslaved.ttl
./all-together/patterns/Couch_csmodl.ttl
./all-together/patterns/medium_enslaved.ttl
./all-together/patterns/manumission_enslaved.ttl
./all-together/patterns/person_ekn.ttl
./all-together/patterns/priest_enslaved.ttl
./all-together/patterns/institution_poknkn.ttl
./all-together/patterns/politic_enslaved.ttl
./all-together/patterns/rebel_enslaved.ttl
./all-together/patterns/strength_enslaved.ttl
./all-together/patterns/knowledge_enslaved.ttl
./all-together/patterns/crew_enslaved.ttl
./all-together/patterns/rebellion_enslaved.ttl
./all-together/patterns/Life_csmodl.ttl
./all-together/patterns/Back_csmodl.ttl
./all-together/patterns/pain_enslaved.ttl
./all-together/patterns/tour_enslaved.ttl
./all-together/patterns/opportunity_enslaved.ttl
./all-together/patterns/injury_enslaved.ttl
./all-together/patterns/statue_enslaved.ttl
./all-together/patterns/godfather_ekn.ttl
./all-together/patterns/airpollution_poknkn.ttl
./all-together/patterns/painting_enslaved.ttl
./all-together/patterns/sister_enslaved.ttl
./all-together/patterns/mean_enslaved.ttl
./all-together/patterns/neighbor_enslaved.ttl
./all-together/patterns/mother_enslaved.ttl
./all-together/patterns/transportation_enslaved.ttl
./all-together/patterns/portion_enslaved.ttl
./all-together/patterns/Others_csmodl.ttl
./all-together/patterns/class_enslaved.ttl
./all-together/patterns/head_enslaved.ttl
./all-together/patterns/scene_enslaved.ttl
./all-together/patterns/Problem_csmodl.ttl
./all-together/patterns/comment_enslaved.ttl
./all-together/patterns/citation_enslaved.ttl
./all-together/patterns/ground_enslaved.ttl
./all-together/patterns/cabin_enslaved.ttl
./all-together/patterns/Work_csmodl.ttl
./all-together/patterns/cotton_enslaved.ttl
./all-together/patterns/argument_enslaved.ttl
./all-together/patterns/Point_csmodl.ttl
./all-together/patterns/hazardevent_kwgkn.ttl
./all-together/patterns/grandfather_enslaved.ttl
./all-together/patterns/camp_enslaved.ttl
./all-together/patterns/gender_ekn.ttl
./all-together/patterns/Team_csmodl.ttl
./all-together/patterns/Name_csmodl.ttl
./all-together/patterns/release_enslaved.ttl
./all-together/patterns/coast_enslaved.ttl
./all-together/patterns/risk_enslaved.ttl
./all-together/patterns/text_enslaved.ttl
./all-together/patterns/issue_enslaved.ttl
./all-together/patterns/witness_enslaved.ttl
./all-together/patterns/diary_enslaved.ttl
./all-together/patterns/captain_enslaved.ttl
./all-together/patterns/Law_csmodl.ttl
./all-together/patterns/researcharea_poknkn.ttl
./all-together/patterns/year_enslaved.ttl
./all-together/patterns/hero_enslaved.ttl
./all-together/patterns/process_enslaved.ttl
./all-together/patterns/life_enslaved.ttl
./all-together/patterns/case_enslaved.ttl
./all-together/patterns/activist_enslaved.ttl
./all-together/patterns/data_kwgkn.ttl
./all-together/patterns/Teacher_csmodl.ttl
./all-together/patterns/Program_csmodl.ttl
./all-together/patterns/room_enslaved.ttl
./all-together/patterns/water_enslaved.ttl
./all-together/patterns/theme_enslaved.ttl
./all-together/patterns/State_csmodl.ttl
./all-together/patterns/ancestry_enslaved.ttl
./all-together/patterns/material_enslaved.ttl
./all-together/patterns/slavery_enslaved.ttl
./all-together/patterns/press_enslaved.ttl
./all-together/patterns/homeland_enslaved.ttl
./all-together/patterns/religion_ekn.ttl
./all-together/patterns/resident_enslaved.ttl
./all-together/patterns/isbn_enslaved.ttl
./all-together/patterns/Eye_csmodl.ttl
./all-together/patterns/infant_enslaved.ttl
./all-together/patterns/volume_enslaved.ttl
./all-together/patterns/nationality_ekn.ttl
./all-together/patterns/century_ekn.ttl
./all-together/patterns/sea_enslaved.ttl
./all-together/patterns/time_enslaved.ttl
./all-together/patterns/Child_csmodl.ttl
./all-together/patterns/Mother_csmodl.ttl
./all-together/patterns/trading_enslaved.ttl
./all-together/patterns/face_enslaved.ttl
./all-together/patterns/area_enslaved.ttl
./all-together/patterns/friendship_enslaved.ttl
./all-together/patterns/missionary_enslaved.ttl
./all-together/patterns/militia_enslaved.ttl
./all-together/patterns/son_ekn.ttl
./all-together/patterns/Face_csmodl.ttl
./all-together/patterns/promise_enslaved.ttl
./all-together/patterns/professor_enslaved.ttl
./all-together/patterns/baptism_enslaved.ttl
./all-together/patterns/framework_poknkn.ttl
./all-together/patterns/fugitive_enslaved.ttl
./all-together/patterns/death_ekn.ttl
./all-together/patterns/Study_csmodl.ttl
./all-together/patterns/authority_enslaved.ttl
./all-together/patterns/Government_csmodl.ttl
./all-together/patterns/story_enslaved.ttl
./all-together/patterns/Part_csmodl.ttl
./all-together/patterns/scholar_enslaved.ttl
./all-together/patterns/House_csmodl.ttl
./all-together/patterns/Business_csmodl.ttl
./all-together/patterns/intervention_poknkn.ttl
./all-together/patterns/article_enslaved.ttl
./all-together/patterns/escape_enslaved.ttl
./all-together/patterns/effect_enslaved.ttl
./all-together/patterns/building_enslaved.ttl
./all-together/patterns/store_enslaved.ttl
./all-together/patterns/blessing_enslaved.ttl
./all-together/patterns/change_enslaved.ttl
./all-together/patterns/student_enslaved.ttl
./all-together/patterns/position_enslaved.ttl
./all-together/patterns/truth_enslaved.ttl
./all-together/patterns/symbol_enslaved.ttl
./all-together/patterns/widow_enslaved.ttl
./all-together/patterns/contract_enslaved.ttl
./all-together/patterns/Kind_csmodl.ttl
./all-together/patterns/aerospacegradematerial_poknkn.ttl
./all-together/patterns/research_enslaved.ttl
./all-together/patterns/soldier_enslaved.ttl
./all-together/patterns/Friend_csmodl.ttl
./all-together/patterns/slave_ekn.ttl
./all-together/patterns/Side_csmodl.ttl
./all-together/patterns/travel_enslaved.ttl
./all-together/patterns/people_ekn.ttl
./all-together/patterns/Hour_csmodl.ttl
./all-together/patterns/race_enslaved.ttl
./all-together/patterns/birth_enslaved.ttl
./all-together/patterns/cause_enslaved.ttl
./all-together/patterns/ability_enslaved.ttl
./all-together/patterns/tale_enslaved.ttl
./all-together/patterns/World_csmodl.ttl
./all-together/patterns/branch_enslaved.ttl
./all-together/patterns/welder_poknkn.ttl
./all-together/patterns/justice_enslaved.ttl
./all-together/patterns/City_csmodl.ttl
./all-together/patterns/worker_enslaved.ttl
./all-together/patterns/trade_enslaved.ttl
./all-together/patterns/community_enslaved.ttl
./all-together/patterns/level_enslaved.ttl
./all-together/patterns/slaveholder_enslaved.ttl
./all-together/patterns/fire_enslaved.ttl
./all-together/patterns/fire_kwgkn.ttl
./all-together/patterns/thought_enslaved.ttl
./all-together/patterns/wedding_enslaved.ttl
./all-together/patterns/Body_csmodl.ttl
./all-together/patterns/organization_enslaved.ttl
./all-together/patterns/population_enslaved.ttl
./all-together/patterns/merchant_enslaved.ttl
./all-together/patterns/exchange_enslaved.ttl
./all-together/patterns/work_enslaved.ttl
./all-together/patterns/agent_enslaved.ttl
./all-together/patterns/wife_ekn.ttl
./all-together/patterns/bishop_enslaved.ttl
./all-together/patterns/literature_enslaved.ttl
./all-together/patterns/Group_csmodl.ttl
./all-together/patterns/lawyer_enslaved.ttl
./all-together/patterns/value_ekn.ttl
./all-together/patterns/crowd_enslaved.ttl
./all-together/patterns/Week_csmodl.ttl
./all-together/patterns/legislature_enslaved.ttl
./all-together/patterns/subject_enslaved.ttl
./all-together/patterns/pair_enslaved.ttl
./all-together/patterns/Family_csmodl.ttl
./all-together/patterns/support_enslaved.ttl
./all-together/patterns/Book_csmodl.ttl
./all-together/patterns/System_csmodl.ttl
./all-together/patterns/End_csmodl.ttl
./all-together/patterns/favor_enslaved.ttl
./all-together/patterns/counsel_enslaved.ttl
./all-together/patterns/decade_enslaved.ttl
./all-together/patterns/inventory_ekn.ttl
./all-together/patterns/Party_csmodl.ttl
./all-together/patterns/post-traumaticcondition_poknkn.ttl
./all-together/patterns/actor_enslaved.ttl
./all-together/patterns/Water_csmodl.ttl
./all-together/patterns/state_enslaved.ttl
./all-together/patterns/Service_csmodl.ttl
./all-together/patterns/result_enslaved.ttl
./all-together/patterns/piece_enslaved.ttl
./all-together/patterns/desire_enslaved.ttl
./all-together/patterns/autobiography_enslaved.ttl
./all-together/patterns/value_enslaved.ttl
./all-together/patterns/raid_enslaved.ttl
./all-together/patterns/meeting_enslaved.ttl
./all-together/patterns/purchase_enslaved.ttl
./all-together/patterns/rescue_enslaved.ttl
./all-together/patterns/county_enslaved.ttl
./all-together/patterns/laborer_enslaved.ttl
./all-together/patterns/girl_enslaved.ttl
./all-together/patterns/Change_csmodl.ttl
./all-together/patterns/Word_csmodl.ttl
./all-together/patterns/stormsurges_kwgkn.ttl
./all-together/patterns/Month_csmodl.ttl
./all-together/patterns/attack_enslaved.ttl
./all-together/patterns/place_ekn.ttl
./all-together/patterns/literacy_enslaved.ttl
./all-together/patterns/village_enslaved.ttl
./all-together/patterns/name_enslaved.ttl
./all-together/patterns/speech_enslaved.ttl
./all-together/patterns/material_poknkn.ttl
./all-together/patterns/money_enslaved.ttl
./all-together/patterns/newspaper_enslaved.ttl
./all-together/patterns/expertise_kwgkn.ttl
./all-together/patterns/land_kwgkn.ttl
./all-together/patterns/style_enslaved.ttl
./all-together/patterns/vote_enslaved.ttl
./all-together/patterns/monument_enslaved.ttl
./all-together/patterns/play_enslaved.ttl
./all-together/patterns/doctor_enslaved.ttl
./all-together/patterns/Girl_csmodl.ttl
./all-together/patterns/intelligence_enslaved.ttl
./all-together/patterns/ships_ekn.ttl
./all-together/patterns/Research_csmodl.ttl
./all-together/patterns/plantation_enslaved.ttl
./all-together/patterns/researcher_poknkn.ttl
./all-together/patterns/regiment_enslaved.ttl
./all-together/patterns/tigwelder_poknkn.ttl
./all-together/patterns/reader_enslaved.ttl
./all-together/patterns/convention_enslaved.ttl
./all-together/patterns/congregation_enslaved.ttl
./all-together/patterns/softwarelibrary_poknkn.ttl
./all-together/patterns/enslaver_enslaved.ttl
./all-together/patterns/School_csmodl.ttl
./all-together/patterns/week_ekn.ttl
./all-together/patterns/people_enslaved.ttl
./all-together/patterns/plaque_enslaved.ttl
./all-together/patterns/People_csmodl.ttl
./all-together/patterns/behalf_enslaved.ttl
./all-together/patterns/prison_enslaved.ttl
./all-together/patterns/detail_enslaved.ttl
./all-together/patterns/guard_enslaved.ttl
./all-together/patterns/half_enslaved.ttl
./all-together/patterns/eye_enslaved.ttl
./all-together/patterns/end_enslaved.ttl
./all-together/patterns/capabilities_poknkn.ttl
./all-together/patterns/shop_enslaved.ttl
./all-together/patterns/ceremony_enslaved.ttl
./all-together/patterns/acre_enslaved.ttl
./all-together/patterns/Father_csmodl.ttl
./all-together/patterns/Door_csmodl.ttl
./all-together/patterns/Parent_csmodl.ttl
./all-together/patterns/book_enslaved.ttl
./all-together/patterns/troop_enslaved.ttl
./all-together/patterns/carpenter_enslaved.ttl
./all-together/patterns/godparent_ekn.ttl
./all-together/patterns/aid_enslaved.ttl
./all-together/patterns/website_enslaved.ttl
./all-together/patterns/day_ekn.ttl
./all-together/patterns/job_ekn.ttl
./all-together/patterns/priesthood_enslaved.ttl
./all-together/patterns/activity_enslaved.ttl
./all-together/patterns/attribute_kwgkn.ttl
./all-together/patterns/activism_enslaved.ttl
./all-together/patterns/poem_enslaved.ttl
./all-together/patterns/request_enslaved.ttl
./all-together/patterns/force_enslaved.ttl
./all-together/patterns/conversation_enslaved.ttl
./all-together/patterns/wildfires_kwgkn.ttl
./all-together/patterns/manner_enslaved.ttl
./all-together/patterns/Issue_csmodl.ttl
./all-together/patterns/public_enslaved.ttl
./all-together/patterns/help_enslaved.ttl
./all-together/patterns/blacksmith_enslaved.ttl
./all-together/patterns/descendant_ekn.ttl
./all-together/patterns/Car_csmodl.ttl
./all-together/patterns/auction_enslaved.ttl
./all-together/patterns/individual_enslaved.ttl
./all-together/patterns/marriage_ekn.ttl
./all-together/patterns/box_enslaved.ttl
./all-together/patterns/company_enslaved.ttl
./all-together/patterns/clothing_enslaved.ttl
./all-together/patterns/ed_enslaved.ttl
./all-together/patterns/Country_csmodl.ttl
./all-together/patterns/abolitionist_enslaved.ttl
./all-together/patterns/law_enslaved.ttl
./all-together/patterns/manumission_ekn.ttl
./all-together/patterns/name_kwgkn.ttl
./all-together/patterns/course_enslaved.ttl
./all-together/patterns/situation_enslaved.ttl
./all-together/patterns/attorney_enslaved.ttl
./all-together/patterns/guest_enslaved.ttl
./all-together/patterns/name_ekn.ttl
./all-together/patterns/death_enslaved.ttl
./all-together/patterns/daughter_ekn.ttl
./all-together/patterns/member_enslaved.ttl
./all-together/patterns/Chair_csmodl.ttl
./all-together/patterns/loss_enslaved.ttl
./all-together/patterns/construction_enslaved.ttl
./all-together/patterns/event_poknkn.ttl
./all-together/patterns/Game_csmodl.ttl
./all-together/patterns/Time_csmodl.ttl
./all-together/patterns/teacher_enslaved.ttl
./all-together/patterns/researcher_enslaved.ttl
./all-together/patterns/Thing_csmodl.ttl
./all-together/patterns/Member_csmodl.ttl
./all-together/patterns/assistance_enslaved.ttl
./all-together/patterns/Company_csmodl.ttl
./all-together/patterns/history_enslaved.ttl
./all-together/patterns/order_enslaved.ttl
./all-together/patterns/additivemanufacturingcapabilities_poknkn.ttl
./all-together/patterns/uncle_enslaved.ttl
./all-together/patterns/godmother_ekn.ttl
./all-together/patterns/Question_csmodl.ttl
./all-together/patterns/boy_enslaved.ttl
./all-together/patterns/university_enslaved.ttl
./all-together/patterns/difficulty_enslaved.ttl
./all-together/patterns/politician_enslaved.ttl
./all-together/patterns/instance_enslaved.ttl
./all-together/patterns/earthquakes_kwgkn.ttl
./all-together/patterns/condition_enslaved.ttl
./all-together/patterns/reproduction_enslaved.ttl
./all-together/patterns/debt_enslaved.ttl
./all-together/patterns/arrival_ekn.ttl
./all-together/patterns/punishment_enslaved.ttl
./all-together/patterns/servant_enslaved.ttl
./all-together/patterns/memoir_enslaved.ttl
./all-together/patterns/Way_csmodl.ttl
./all-together/patterns/treatment_enslaved.ttl
./all-together/patterns/Office_csmodl.ttl
./all-together/patterns/duty_enslaved.ttl
./all-together/patterns/collection_enslaved.ttl
./all-together/patterns/Head_csmodl.ttl
./all-together/patterns/task_enslaved.ttl
./all-together/patterns/researchinterest_poknkn.ttl
./all-together/patterns/lungcancer_poknkn.ttl
./all-together/patterns/Community_csmodl.ttl
./all-together/patterns/return_enslaved.ttl
./all-together/patterns/jury_enslaved.ttl
./all-together/patterns/place_kwgkn.ttl
./all-together/patterns/colonist_enslaved.ttl
./all-together/patterns/assault_enslaved.ttl
./all-together/patterns/governor_enslaved.ttl
./all-together/patterns/memorial_enslaved.ttl
./all-together/patterns/Art_csmodl.ttl
./all-together/patterns/character_enslaved.ttl
./all-together/patterns/court_enslaved.ttl
./all-together/patterns/drug_poknkn.ttl
./all-together/patterns/part_enslaved.ttl
./all-together/patterns/occupation_ekn.ttl
./all-together/patterns/introduction_enslaved.ttl
./all-together/patterns/school_enslaved.ttl
./all-together/patterns/use_enslaved.ttl
./all-together/patterns/funeral_enslaved.ttl
./all-together/patterns/dinner_enslaved.ttl
./all-together/patterns/society_enslaved.ttl
./all-together/patterns/ethnicity_ekn.ttl
./all-together/patterns/instruction_enslaved.ttl
./all-together/patterns/Result_csmodl.ttl
./all-together/patterns/gift_enslaved.ttl
./all-together/patterns/exhibit_enslaved.ttl
./all-together/patterns/native_enslaved.ttl
./all-together/patterns/supply_enslaved.ttl
./all-together/patterns/river_enslaved.ttl
./all-together/patterns/service_enslaved.ttl
./all-together/patterns/pension_enslaved.ttl
./all-together/patterns/History_csmodl.ttl
./all-together/patterns/census_enslaved.ttl
./all-together/patterns/song_enslaved.ttl
./all-together/patterns/arrest_enslaved.ttl
./all-together/patterns/office_enslaved.ttl
./all-together/patterns/right_enslaved.ttl
./all-together/patterns/carriage_enslaved.ttl
./all-together/patterns/parent_enslaved.ttl
./all-together/patterns/body_enslaved.ttl
./all-together/patterns/ancestor_enslaved.ttl
./all-together/patterns/line_enslaved.ttl
./all-together/patterns/event_ekn.ttl
./all-together/patterns/Case_csmodl.ttl
./all-together/patterns/official_enslaved.ttl
./all-together/patterns/physician_enslaved.ttl
./all-together/patterns/expertisearea_kwgkn.ttl
./all-together/patterns/ship_enslaved.ttl
./all-together/patterns/clothe_enslaved.ttl
./all-together/patterns/plan_enslaved.ttl
./all-together/patterns/grandchild_enslaved.ttl
./all-together/patterns/editor_enslaved.ttl
./all-together/patterns/membership_ekn.ttl
./all-together/patterns/obituary_enslaved.ttl
./all-together/patterns/influence_enslaved.ttl
./all-together/patterns/Hand_csmodl.ttl
./all-together/patterns/success_enslaved.ttl
./all-together/patterns/president_enslaved.ttl
./all-together/patterns/Education_csmodl.ttl
./all-together/patterns/review_enslaved.ttl
./all-together/patterns/relationship_enslaved.ttl
./all-together/patterns/spring_enslaved.ttl
./all-together/patterns/baby_enslaved.ttl
./all-together/patterns/historian_enslaved.ttl
./all-together/patterns/Person_csmodl.ttl
./all-together/patterns/price_enslaved.ttl
./all-together/patterns/surname_enslaved.ttl
./all-together/patterns/sale_enslaved.ttl
./all-together/patterns/adulthood_enslaved.ttl
./all-together/patterns/courthouse_enslaved.ttl
./all-together/patterns/Loveseat_csmodl.ttl
./all-together/patterns/fact_enslaved.ttl
./all-together/patterns/nation_enslaved.ttl
./all-together/patterns/domain_enslaved.ttl
./all-together/patterns/landslide_kwgkn.ttl
./all-together/patterns/service_poknkn.ttl
./all-together/patterns/flood_kwgkn.ttl
./all-together/patterns/donation_enslaved.ttl
./all-together/patterns/chef_enslaved.ttl
./all-together/patterns/entity_kwgkn.ttl
./all-together/patterns/love_enslaved.ttl
./all-together/patterns/page_enslaved.ttl
./all-together/patterns/Job_csmodl.ttl
./all-together/patterns/belief_enslaved.ttl
./all-together/patterns/person_enslaved.ttl
./all-together/patterns/Idea_csmodl.ttl
./all-together/patterns/mail_enslaved.ttl
./all-together/patterns/Kid_csmodl.ttl
./all-together/patterns/practice_enslaved.ttl
./all-together/patterns/Year_csmodl.ttl
./all-together/patterns/condition_poknkn.ttl
./all-together/patterns/publisher_enslaved.ttl
./all-together/patterns/attempt_enslaved.ttl
./all-together/patterns/group_enslaved.ttl
./all-together/patterns/researchinstitution_poknkn.ttl
./all-together/patterns/trial_enslaved.ttl
./all-together/patterns/account_enslaved.ttl
./all-together/patterns/address_enslaved.ttl
./all-together/patterns/day_enslaved.ttl
./all-together/patterns/kindness_enslaved.ttl
./all-together/patterns/manuscript_enslaved.ttl
./all-together/patterns/Number_csmodl.ttl
./all-together/patterns/judge_enslaved.ttl
./all-together/patterns/battle_enslaved.ttl
./all-together/patterns/freedom_enslaved.ttl
./all-together/patterns/homelessperson_poknkn.ttl
./all-together/patterns/estate_enslaved.ttl
./all-together/patterns/vessel_enslaved.ttl
./all-together/patterns/reward_enslaved.ttl
./all-together/patterns/Sofa_csmodl.ttl
./all-together/patterns/ship_ekn.ttl
./all-together/patterns/disease_enslaved.ttl
./all-together/patterns/period_ekn.ttl
./all-together/patterns/study_enslaved.ttl
./all-together/patterns/reputation_enslaved.ttl
./all-together/patterns/slaveowner_ekn.ttl
./all-together/patterns/testimony_enslaved.ttl
./all-together/patterns/suffering_enslaved.ttl
./all-together/patterns/chair_csmodl.ttl
./all-together/patterns/expedition_enslaved.ttl
./all-together/patterns/occasion_enslaved.ttl
./all-together/patterns/lack_enslaved.ttl
./all-together/patterns/Line_csmodl.ttl
./all-together/patterns/Story_csmodl.ttl
./all-together/patterns/feeling_enslaved.ttl
./all-together/patterns/Guy_csmodl.ttl
./all-together/patterns/bibliography_enslaved.ttl
./all-together/patterns/biographer_enslaved.ttl
./all-together/patterns/recollection_enslaved.ttl
./all-together/patterns/woman_enslaved.ttl
./all-together/patterns/arter_enslaved.ttl
./all-together/patterns/food_enslaved.ttl
./all-together/patterns/church_enslaved.ttl
./all-together/patterns/system_enslaved.ttl
./all-together/patterns/black_enslaved.ttl
./all-together/patterns/resource_enslaved.ttl
./all-together/patterns/violence_enslaved.ttl
./all-together/patterns/petition_enslaved.ttl
./all-together/patterns/residence_enslaved.ttl
./all-together/patterns/Home_csmodl.ttl
./all-together/patterns/Money_csmodl.ttl
./all-together/patterns/novel_enslaved.ttl
./all-together/patterns/information_enslaved.ttl
./all-together/patterns/honor_enslaved.ttl
./all-together/patterns/total_enslaved.ttl
./all-together/patterns/genius_enslaved.ttl
./all-together/patterns/author_enslaved.ttl
./all-together/patterns/seamstress_enslaved.ttl
./all-together/patterns/idea_enslaved.ttl
./all-together/patterns/party_enslaved.ttl
./all-together/patterns/gospel_enslaved.ttl
./all-together/patterns/Minute_csmodl.ttl
./all-together/patterns/Man_csmodl.ttl
./all-together/patterns/response_enslaved.ttl
./all-together/patterns/independence_enslaved.ttl
./all-together/patterns/conversion_enslaved.ttl
./all-together/patterns/entry_enslaved.ttl
./all-together/patterns/Moment_csmodl.ttl
./all-together/patterns/association_enslaved.ttl
./all-together/patterns/preface_enslaved.ttl
./all-together/patterns/relative_enslaved.ttl
./all-together/patterns/image_enslaved.ttl
./all-together/patterns/marriage_enslaved.ttl
./all-together/patterns/list_enslaved.ttl
./all-together/patterns/bond_enslaved.ttl
./all-together/patterns/chance_enslaved.ttl
./all-together/patterns/point_enslaved.ttl
./all-together/patterns/anniversary_enslaved.ttl
./all-together/patterns/project_enslaved.ttl
./all-together/patterns/storm_kwgkn.ttl
./all-together/patterns/President_csmodl.ttl
./all-together/patterns/Lot_csmodl.ttl
./all-together/patterns/origin_enslaved.ttl
./all-together/patterns/wagon_enslaved.ttl
./all-together/patterns/document_enslaved.ttl
./all-together/patterns/example_enslaved.ttl
./all-together/patterns/view_enslaved.ttl
./all-together/patterns/appearance_enslaved.ttl
./all-together/patterns/precisionmachiningservice_poknkn.ttl
./all-together/patterns/status_enslaved.ttl
./all-together/patterns/interet_poknkn.ttl
./all-together/patterns/background_enslaved.ttl
./all-together/patterns/color_enslaved.ttl
./all-together/patterns/mission_enslaved.ttl
./all-together/patterns/passenger_enslaved.ttl
./all-together/patterns/star_enslaved.ttl
./all-together/patterns/Day_csmodl.ttl
./all-together/patterns/officer_enslaved.ttl
./all-together/patterns/action_ekn.ttl
./all-together/patterns/artist_enslaved.ttl
./all-together/patterns/period_enslaved.ttl
./all-together/patterns/Room_csmodl.ttl
./all-together/patterns/writing_enslaved.ttl
./all-together/patterns/Force_csmodl.ttl
./all-together/patterns/version_enslaved.ttl
./all-together/patterns/grandparents_ekn.ttl
./all-together/patterns/trader_enslaved.ttl
./all-together/patterns/report_enslaved.ttl
./all-together/patterns/country_enslaved.ttl
