MealComponent
RiskLevel
InfluencePower
ClothingType
Gift
Photographer
SecurityLevel
FirstLady
OfficialInstitution
Problem
Cyclone
Countries
Timepoint
Engine
Performance
Belief
Theme
Diagnosis
HumanEye
Geologicalplace
HomeOwner
N9832494bbc394d12b54840a7f84078c4b1
Force
Overseer
Owner
Architecturalstructure
FinalMoment
Sermon
N152f29b4aa5841d69cbcac4e611774a4b1
TimeInstant
Reference
Academic_Institution
Employer
MedicalCondition
Meeting
Script
Director
Chef
Authority
Institution
Idea
ReligiousRight
Literary_Genre
Expression
ResearchProject
CurrencyCode
MachiningService
FireSeverity
Preface
Colortype
Strength
Construction
Resource
Industry
Transition
EnactingBody
RiskFactor
Animal
Skin
Duties
Schoolstudent
Sea
LocatedIn
InformationRepresentation
Equipment
Offence
Controversy
Household
Ear
PresidentialTerm
Eventoutcome
FuelType
N22b89b7ccc754b57a7dc4fd05bd81ec7b1
EntityRole
RightHolder
Baby
Source
Native
Soldier
Component
Work
Widow
IssueDescription
TimeEvent
Supervisor
CauseOfAirPollution
PartyOrganiser
Assault
Membership
Portfolio
AirComposition
Major
N6e82713b336940008622e00652df59bfb1
N3958bad6ceaf4788b924b221d14c02a3b1
Ncbc19e54e6ff4dcd87266bab720beecbb2
QuestionTopic
SourceMaterial
Novel
Laws
FirstName
ShipType
CarMake
Child
Humanbody
Role
Arrest
StudyArea
Group
Nb5db0bf0382546febdc9e57a1d782fd7b1
Age
Hasmember
WaterSource
RescueTeam
Tour
Schoolsubject
Principal
Sunset
Member
Ncaf99f213f9f43fb885dc6fef0b494e3b5
RebelGroup
Public
Asset
AerospaceEquipment
Condition
Message
School
Nd47b0ba34776481a845f76187fc4a6aab6
Earning
Girl
DepartmentHead
Month
QuestionType
Output
University
HistoricalEra
Game
Assistance
Plane
Weapons
DesireSatisfaction
Specialty
Trial
PowerSource
SkillOwner
AudioBook
DoorMaterial
Physicalphenomenon
Couple
Jury
Pension
Sister
HazardEvent
Field_of_Study
Servant
ChemicalElement
N151dbb48d95b4a24ab0768191aa63adfb1
Appliance
Heat
Diploma
It
Distribution
Black
Paper
Blood
Lawenforcementagency
AbolitionistMovement
Case
Descent
Preacher
Homeland
Speech
ActionClaim
Candidate
Resolution
Identifier
PhysicalState
TourGuide
Constitution
Ocean
PrivateVehicle
Establishment
Health
Entertainment
Request
RealEstate
Risk
Scope
N1fbb52f8279840bcb8abe2928c0e799eb1
EndTime
PhysicalHealth
Item
Complex
MonumentType
GenderRatio
TimePeriod
Intervention
Abolitionism
Practice
Coast
KnowledgeArea
Diocese
Guest
ProjectTopic
Way
Audience
Leader
Kid
Belligerent
IssueResolution
Dataset
OfflineService
RewardType
Rank
Godmother
Metallurgy
Objective
Verse
Mountain
Witness
Obituary
Thesaurus
MissionaryActivity
DoorColor
Doctor
PartyMember
Integer
LifeSpan
HumanRight
Holder
AnatomicalStructure
GPA
Pair
Temporalunit
PhysicalPower
Answer
Experiment
Property
Decision
Style
Business
Palm
Research
Date
PartOfDay
AgeDistribution
Producer
Capital
Format
QuestionEntity
BuildingType
Person
Physicalentity
Officer
PoliticalParty
Gender
Collector
Cotton
Landmark
Daypart
Ne43612cee6fb4c999e84afcb99c912a0b2
Ticket
Store
Branch
LegalArea
Magnitude
PoliticalRight
GameDeveloper
Female
SoftwareLibrary
PhoneNumber
Pet
Community_Service
Occupant
Employment
Cause
FoodGroup
Test
Torso
Godparent
RiskManagement
RoomTypeEnumeration
Juror
BusinessPerson
Debt
TypeOfChange
Function
FinancialInstrument
AgentCausingChange
Bidder
GymMembership
Interest
Genre
LegalRule
ConceptualObject
N32fde1c5c0fb45e4a3ec8849897d55dcb1
Lot
Actor
Aid
ExpertiseLevel
Piece
EducationSystem
Media
Statute
Freedom
LawFirm
Exhibition
Interval
ArrivalEvent
Supporter
Domain
Diary
Ailment
Counsel
Troop
Color
Slave
Manner
Flood
WeldingProcess
AreaUnit
Originality
Timeperiod
Organizer
Class
IntervalTime
Medicalprofessional
TaxonomicRank
AuthorityArea
ServiceCost
TimeEntity
N32dde6b843af4e6097e43944894402c3b4
Side
N6fd89a71a44f46dab2a3aa8d52f58970b1
FuneralService
Manman
ElectricalPower
Programminglanguage
Inmate
View
Line
GovernmentSystem
Artwork
Report
ServiceType
Wheel
N31c47115fe5c47c9bca04a884c5ab0c2b1
State
Vehicle
Situation
Hospital
PublicTransport
Play
Ncbc19e54e6ff4dcd87266bab720beecbb1
Cave
Return
TemporalPosition
RectangularObject
Siunarise
Plaque
Legalentity
Point
Buyer
N31c47115fe5c47c9bca04a884c5ab0c2b2
Movement
Judge
GroupType
Revenue
Invoice
N47dbf12ea09b44e7837e9a0a478bc012b1
Client
Male
Attendee
CivilRight
TermPeriod
Value
PersonOrEvent
Company
Nf826053b807b4da7a85bb14d456890b1b1
Name
Double
Concern
Language
AreaOfResearch
Femalehuman
Dream
Application
Description
Hardware
Context
MailMerge
Job
Info
Setting
DateTimeDescription
Beneficiary
Education
Newspaper
Statue
LifeStage
Homework
BackPart
N05aaffae578e46e1bf0ef74db699036ab1
Spelling
Home
Field
Citizen
Adult
Grandchild
SlaveTrade
WaterForm
Artist
SquareArea
Key
Collection
ResearchArea
Office
Veteran
Instruction
Positiveinteger
Alarm
LegalRight
Captain
Temperature
Solution
TotalMinutes
Activist
Axle
ItemType
Funeral
Spouse
Version
ArtWork
GeographicalLocation
Second
Action
Intangible
Mouth
Symbol
AnyEntity
Functionality
NumberSet
CodingLanguage
Historian
Support
Limbs
Individual
Environment
Perception
ValueNumeric
Eyes
Statement
Nbb17d2cede1240a8adad1d8587390239b1
Periodofday
ServiceOrProduct
Marriage
Religiousleader
Effect
PlainLiteral
Treaty
Son
PersonArrival
MissionaryOrganization
Area
Impact
Sale
Defendant
Investigator
MomentProperty
Rebel
Deceased
MinuteOfTime
Alive
Cheek
Publisher
Culture
Student
Award
Response
String
Lens
BusinessInformation
Target
Colonist
Toy
LegalCase
EarlyMorning
Year
Museum
Use
Homosapien
MorningTime
N3c0a9d62a1d64b6b9c7ea7f0401a59ecb1
War
HistoricalFigure
HistoricalPeriod
MechanicalPart
RelationshipStatus
Position
Nca296b5ff4e94689b8b58a69b033fb4bb1
Honor
Appearance
Tale
Title
Possession
Morning
LegalSpecialization
IndividualIndependence
Guard
Organism
N3e77a9a39e704894af3d5867ca88d92bb1
RescueOperation
Developer
Fire
Story
SystemOrPractice
Consumer
TradeType
XMLLiteral
Friend
Resident
Mean
Writing
BusinessSector
TemporalInterval
Justice
County
PolygonArea
N0d5e305adf3b4a2da06b22287d484de3b1
Sofa
NutritionInfo
Attorney
Conflicts
SpringSeason
Gyear
Song
Nonnegativeinteger
Recipient
N99268126faf248afb7c7defbbb7a9a3eb8
Organisation
Finger
Attempt
BackDisease
CauseOfDeath
Mail
Storm
Timezone
Trader
TimePoint
Na17aa21561fa4878864ee13118c956b4b1
Parameter
Effects
PartOfSpeech
Combatant
Crop
Cornea
Plot
Kind
Configuration
Handpart
Box
Testimony
Causes
Quantity
FactCategory
Casualties
Suspect
Physicalhealth
Outcome
DateTime
N0d29d15ecbe642f980ed0a7ca64ba58ab1
Half
CarModel
Exam
AdditiveManufacturing
Ground
CreationDate
IssueTitle
Memoir
Meaning
Clothe
Sculpture
Bloodvessel
Object
PastoralCounseling
Originator
Poem
Absorbency
Nfd2d608153154bdfae3c4153c1c73b17b1
DayPart
Metadata
Package
Prison
Door
N6575d1a5e5144dccb4939dfa85e606c9b4
ServiceLocation
City
Premise
Issuer
Humanorgan
Study
WarPart
Passenger
FreedomConcept
Region
Permission
Nails
BodyPart
CommunityRole
Nbbc8d28a00714441ab43a52128d4ba8db1
Instance
Geographicalentity
FactType
ExpertiseField
Portion
Session
Document
BlessingType
ResearchMethod
Schoollocation
Y_coordinate
RoomType
Manuscript
ArtStyle
PracticeArea
Ability
SquareMeters
FacePart
Definition
Astronomy
StaffMember
Body
Prisoner
Humidity
InformationProcessing
ReadingSkill
Educationalorganization
Anyuri
Issue
Prayer
Routine
Stalactite
GovernmentEntity
Tree
Lyrics
Medal
WebDeveloper
DigitalLiteracy
N8ca0438ee5f0405c84803fcf346123bbb4
Moon
Address
WakeUp
N3abdb97a8d9d4511afd26eeee956452db1
Punishment
Minor
Desk
Viewpoint
Economicconcept
Population
Seq
N4e8130ac0170445eae2683015c4785e3b1
Bats
Hair
QuestionCategory
Pollutant
Dinner
Landslide
Nose
Acter
Ned963e32258d4cdc9f9dee88e0432c79b1
ProgrammingLanguage
Nee65374329444a1d9f62767ddcbde88ab3
Restaurant
Furniture
Model
Type
Healthcondition
Reporter
FactSource
Geonamesfeature
Literature
Consequence
Thumb
Legislation
Nb05b6e3683674341805f13bb3b9b3ec4b1
Gospel
PostTraumaticCondition
Slavery
PoliticalIndependence
Causeeffect
ResearchQualification
Schoolschool
UndergroundRailroad
WritingSkill
Independence
PoliticalPower
Travel
Ncaf99f213f9f43fb885dc6fef0b494e3b1
Judgment
N9c60bb77ee764160bee8687aa0e6f628b1
Decade
InjuryType
Materialtype
Hasfriend
Nd52675bb2f2f4a4fa3deed365bcd185cb1
HeadPart
MORNING
Broker
Hasevent
Timestamp
Factor
Course
Husband
Article
Thing
TemporalUnit
WorkArea
N1283ff7681a64ce5822eb63668931477b1
Introduction
Convention
Firefighter
ForceType
Literal
Character
Believer
Provider
Instant
N8ca0438ee5f0405c84803fcf346123bbb1
Trade
Alphabet
Bill
Face
NameEntity
Toe
N2aab17e7ce23426c91bcafb9bf128f85b1
JobPosting
Administrativeregion
Integernumber
Carpenter
Entry
Treatment
AnswerEntity
Sacrament
PlayerMode
Court
Size
TradingPlatform
MealType
Seller
Politician
Neighbor
HealthCareProvider
Physician
Machine
Couch
Entity
Mornings
Supplier
Architecturalelement
EconomicIndependence
Upholstery
Access
FactDescription
Supply
Material
Grandfather
N8ca0438ee5f0405c84803fcf346123bbb7
Term
RelationshipType
Floatnumber
Colony
Water_Properties
Light
Era
FuneralDirector
Symptom
Creativework
Offender
Place
Help
Community
Methodology
IssueDateCreated
SubjectArea
Friendship
Week
Post
Street
Wedding
Godfather
Blacksmith
Nb1a34d8e9ab046da8d71d7b2bd1ff877b1
Order
MentalHealth
Back
ComputerSystem
IssueStatus
ServiceProvider
CapitalCity
Donation
TailorShop
Nee65374329444a1d9f62767ddcbde88ab1
StatutoryLaw
DietRestriction
Classroom
Nc0327303d0b9427fbc0bde474f20a665b2
Carriage
Reason
Library
DigitalInformation
Monument
Retiree
Damage
Medium
Century
Account
Nb264d2cc31194a64bfd5dcf9bb6bc55fb1
Player
Website
BirthDate
Fraction
Na17aa21561fa4878864ee13118c956b4b2
ServiceUser
Death
N4e52b9b4c1e34764a08b304b2a1f71cbb1
Purpose
N3f1fcd8fe7834504a1b4b47305dd5dc5b1
EducationalOrganization
End
Nd3d404c3d0fe4e05bfe67f9531eb5770b1
Image
Injury
Flower
Loss
Greeting
Database
Nighttimeactivity
Reading
HumanBeing
InterestRate
BodiesOfWater
Crowd
OperatingSystem
Degree
Legalcase
Baptism
CaseStatus
TimePart
GovernmentPolicy
IssueIdentifier
Ownership
Programmer
List
FactTopic
CivilWar
Courthouse
Ceremony
History
HumanBody
Fingers
Early
WeldJoint
FactCheck
Biography
Jurisdiction
Na3773eb7098347bbac15ca20ee75c694b1
Issuestatus
StormSurge
Reader
SubSystem
Physicalquantity
Anysimpletype
Speaker
Location
CauseEffect
MedicalField
Temporalentity
Subcomponent
Woman
ResearchPaper
BillOfSale
FoodItem
MembershipType
Event
HistoricalEvent
Bodypart
CountySeat
ConstructionMaterials
Spring
Bride
Groupmember
Official
N93cce6105e0b4d24bb5be2671f1034a6b4
Food
Photo
Assembly
Sleep
SurfaceType
ChangeAgent
PostalAddress
TraumaticEvent
Cuisine
InformationSecurity
LifeCycle
AcademicStudy
Shift
Acquisition
Breakfast
Timeofday
Ne43612cee6fb4c999e84afcb99c912a0b1
CommunityMember
Measure
Hour
CaseType
Period
Religiousactivity
Contract
Plan
Price
Tourist
Expertise
Species
Worker
Leg
DateOfBirth
Laborer
Gallery
People
RoomFunction
Enemy
Majority
Conflict
Petition
Communication
Instructor
AirCondition
DurationDescription
Gday
TimePosition
Race
Number
Seamstress
Na3773eb7098347bbac15ca20ee75c694b6
Continent
Scholar
PhysicalObject
ExchangeRate
EducationalService
CaseWorker
Teacher
Physicalsubstance
Citation
ForceUnit
LearningMaterial
CausalEvent
Wildfires
Physicalspace
Architectural_element
PoliceDepartment
Mission
Geometricobject
MentalHealthStatus
Destination
Congregation
Enslavement
Land
Book
Missionary
PurchaseOrder
Shape
EyePart
Anatomy
PartyType
MerchantStore
News
Ship
Welder
Physicalobject
Salary
PhenomenonFact
Quantitativevalue
Truth
LeasingStatus
Reproduction
Abolition
Daytime
Datetime
Party
Emergency
Influence
Temporal
Calendar
Raid
IssueSeverity
Wife
EnslavedPerson
Software
Department
Surname
ClothingItem
AbstractThing
Conversion
SideType
HistoricalTopic
Government
Transportation
PhysicalEntity
ExpertiseArea
Receiver
Cultural_Identity
Landspot
Pressure
Content
Na02b249382f24ea1aa0683a71eb84cd7b1
EyeDisease
PersonalInformation
Payment
Intelligence
Groom
FinancialBond
Level
CEO
Diseases
Invitation
Power
Review
PowerGenerator
Military
Lock
MorningActivity
SubjectField
Agent
SystemComponent
PhysicalThing
Team
SoftwareDeveloper
Time
Dish
ReturnPolicy
Town
N6575d1a5e5144dccb4939dfa85e606c9b1
Herb
Recollection
Platform
HistoryEvent
FireSource
Editor
BlogPost
Head
Unitoftime
Anatomicalstructure
N5cf3df7a2b5740c48d8e01924d30125ab1
LegalIssue
Effort
PartOfSpeechClass
Roof
Pensioner
Escape
SensoryOrgan
WordProperty
Back_Condition
Direction
Charge
Rebellion
Narrator
PoliticalIssue
ArtPeriod
Datatype
Priest
Regiment
Long
Park
Benefit
Element
Nd4a8cee1fde447c999e3f88be934a859b1
Data
Brigade
OnlineMerchant
Warehouse
Something
DayOfWeek
Chair
N1c93b68e14c547a9ad82d4c50942ee5eb3
GroupMember
FacialFeature
Lat
Topic
Merchant
Activities
Favor
Currency
Na02b249382f24ea1aa0683a71eb84cd7b2
ConstructionWorker
Release
Bishop
ActionEffect
Intensity
EducationCourse
ReturnItem
Capabilities
UnitSystem
MilitaryRank
Nc0327303d0b9427fbc0bde474f20a665b1
N517a9d207453411ba145ed6669f5127ab6
WeatherCondition
Iris
PublicationDate
Environmentalimpact
Handparts
Product
Biographer
OfficeEquipment
PedestrianPath
Illness
Man
Disorder
Transport
GroupLeader
Timeline
Schoolgrade
Tool
ChemicalCompound
Voter
Result
Subject
Option
PhysicalHealthStatus
Difficulty
FireAlarm
PensionPlan
Transaction
Cell
Arrestee
FamilyMember
Bank
Specialization
Argument
Floor
Solving
Form
Service
Category
HomePart
Ancestor
Manumission
Nationality
Daughter
Villain
Politicalleader
Ne1bda3da70704b05a03cd314f2618192b1
Grade
CampType
Sunrise
Ned9a1f3809314a4a9e7bb4c5a3d7f240b3
Na20871d4cee24edc99d33cff0ce65d10b1
Physicalconcept
Memorial
N5cf3df7a2b5740c48d8e01924d30125ab3
Nation
WaterProperty
Descendant
Legislature
Suffering
Manager
Backpain
Forehead
Path
ChangeType
Circumstance
Enslaver
Literacy
N99268126faf248afb7c7defbbb7a9a3eb1
IdeaOrActionOrTheory
N484938bb2d7e4360b7a7b7db78f3c280b1
TeamMember
Market
Na6c8faa1793241568387aff63ac2d7b4b2
GamePlatform
N2fc4409f5d8741aabdef801fbf90ce36b1
LegalEntity
Exercise
Feature
Boy
Auction
Anniversary
Arrival
ServiceConsumer
Fact
Academicactivity
TemporalEntity
Eye
Nd47b0ba34776481a845f76187fc4a6aab1
Duty
Foot
Arm
Dimension
EndLocation
Vision
Historicaltopic
Device
EventClass
Dimensions
Change
Presidency
PopulationCensus
HomelessPerson
Battles
Birth
Transfer
Bag
Z_coordinate
Page
TimeZone
Human
N6368b32855bb4934b0d678c8956ceef6b1
Money
Village
Scene
Flowering
Militia
Diff
Coffee
Estate
Election
TimeOfDeath
CulturalNorm
Law
Tutor
Attribute
PoliticalEntity
Dog
Participant
VolumeMeasurement
Meal
Comment
Process
ActOfKindness
Exchange
Crew
Framework
FireDepartment
N84af915885a24ef99a21e63c7ec3936fb1
TextInfo
Plaintiff
Locations
Cushion
Signatory
EducationalInstitution
Missions
Real
House
EnforcementBody
BirthPlace
Desire
SocialIssue
Employee
DomainArea
Acre
Purchase
WorkOfArt
N2fc4409f5d8741aabdef801fbf90ce36b3
GarmentType
Investor
Reward
N31c47115fe5c47c9bca04a884c5ab0c2b4
PoliticalPosition
Buildingcomponent
Method
Struggle
Academicsubject
DifficultyLevel
Rule
Earthquake
InstitutionLocation
Program
Guide
TigWelder
AcademicSubject
Blessing
Task
Skill
Residence
Crime
Activism
ReproductiveOrganism
ProblemType
Occasion
Nb5db0bf0382546febdc9e57a1d782fd7b6
DataType
Composition
Minute
Nf2b2a9998bbe48aea39bcc4fde01a0deb1
PoliceOfficer
PlaceOfDeath
ReasoningenType
Other
Res:truefalse
Pilgrimage
Fruit
President
EndEvent
Concept
DecisionMaker
Disease
Creator
Guy
N16101d8486ed4e8aab7370f30699e93cb1
ArtGenre
Road
N2b75fc6be8804b85a49d9004567a0c2eb1
Gas
Probability
ReligiousDenomination
Life
Master
Behalf
RiskAssessment
Hobby
Birthdate
Art
Country
World
Mother
Physicalplace
WebSite
Pollution
Status
CourtCase
Code
Facility
SpreadGospel
ContractType
ArrestReport
Drug
Reputation
Arrestor
Author
Sentence
Plantation
Expedition
AcademicInstitution
River
BloodVessel
LastName
Input
InfluenceFactor
InventoryItem
ResidenceType
Profession
Retina
Smoke
LeadershipPosition
Courtroom
Attack
Association
Ethnicity
Society
N1b318c35c92a45f984edc46b58ab6237b1
Unit
Pastor
System
ResearchInstitution
Figure
KidnappingEvent
Feeling
Family
Automobile
SocialMovement
HistoricalArtifact
Part
GeographicalEntity
Medicine
Night
Island
HourOfTime
Nbbdcaa839c5e49d4af2ba05033c56790b1
BackPain
Drink
HealthRecord
Success
Infant
Whole
Artery
ArrivingEntity
SlaveOwner
Nf39575439bc741078cab2d5916c663acb2
Room
Army
Substance
Pain
Overview
Vessel
Formulation
BodyType
Slaveholder
SkillLevel
Orientation
StudyTool
Space
IssueStatusEnum
Lawyer
GenderType
N152f29b4aa5841d69cbcac4e611774a4b5
N32dde6b843af4e6097e43944894402c3b1
Exhibit
Na6c8faa1793241568387aff63ac2d7b4b1
ResearchInterest
Schoolteacher
Commander
LifeForm
Question
Organ
Professor
Dialect
ActivismType
Word
PartyEvent
N7daede8dfec54e3784e36650d13b75e9b1
Customer
Parent
PartyActivity
Conversation
Movie
StateOfMatter
Weather
Coach
Chance
Hero
Window
Warrant
Principle
Faculty
Organization
Season
Painting
Investigation
Legislative
Origin
Duration
Background
Discrimination
Priesthood
Victim
X_coordinate
Integral
Adulthood
Information
SelfLove
HandPart
Grave
Journalist
ManufacturedPlace
Dessert
Religion
Policy
N484938bb2d7e4360b7a7b7db78f3c280b2
N517a9d207453411ba145ed6669f5127ab1
KindCategory
Film
Coordinates
ResearchField
AirPollution
Star
Governor
LegalSystem
Text
Knowledge
Applicability
Coin
N7048638ddbe744ef92b7ef71d2bc54beb1
Cabin
PlaceOfBirth
Recipe
Technique
N93cce6105e0b4d24bb5be2671f1034a6b1
ElectricPower
Registry
FieldOfStudy
Violence
Journal
Shop
Tavern
Ontology
ParkingLot
Wagon
Body_part
SuperPower
Patient
Plant
Church
Father
UnitOfMeasurement
SpecificTime
Day
SupplyItem
Relationship
FacultyMember
Publication
Dataelement
Computer
Conclusion
Priority
AirQuality
EffectOfAirPollution
TimeInterval
TextDocument
Manufacturer
Node
Lake
Responsibility
Fugitive
Funding
SpellingCorrector
Phrase
Others
Donor
Project
Air
Educationalinstitution
Researcher
Humanbeing
SkinType
Volunteer
Genius
Opportunity
Occupation
Right
Hand
PageLayout
Building
PublicService
Medication
Sport
PollutedWater
Weapon
Loveseat
MoonPhase
Clergyman
Responses
Contractor
Executive
Subsystem
Nf85cde7178e84accb0cd4a81578c936db1
Detail
Colour
Datetimestamp
Promise
Constellation
Thought
TeamLeague
Vote
Car
LungCancer
Battle
Prosecutor
Activity
N3abdb97a8d9d4511afd26eeee956452db2
Ned9a1f3809314a4a9e7bb4c5a3d7f240b1
Representation
SideEffect
Moment
User
N99268126faf248afb7c7defbbb7a9a3eb7
Cemetery
Anything
LegalEducation
Note
Respect
Ears
HealthCondition
Parcel
Water
Pilgrim
Verification
Camp
Circle
InjuryLocation
Langstring
PowerConcept
LawEnforcementAgency
GameReview
Unitminute
ResearchTopic
Ingredient
Truthvalue
Grandparent
Ned9a1f3809314a4a9e7bb4c5a3d7f240b2
