MealComponent
RiskLevel
InfluencePower
ClothingType
Gift
Photographer
FirstLady
OfficialInstitution
SecurityLevel
Problem
Cyclone
Countries
Timepoint
Engine
Performance
Belief
Theme
N9832494bbc394d12b54840a7f84078c4b1
Force
Overseer
Owner
Architecturalstructure
FinalMoment
Sermon
N152f29b4aa5841d69cbcac4e611774a4b1
TimeInstant
Academic_Institution
Employer
MedicalCondition
Meeting
Script
Director
Chef
Authority
Institution
ReligiousRight
Idea
Literary_Genre
ResearchProject
CurrencyCode
MachiningService
Preface
Strength
Construction
Resource
RiskFactor
Animal
Duties
Schoolstudent
Sea
Equipment
Offence
Controversy
Household
PresidentialTerm
Eventoutcome
N22b89b7ccc754b57a7dc4fd05bd81ec7b1
RightHolder
Baby
Source
Native
Soldier
Component
Work
Widow
TimeEvent
Supervisor
PartyOrganiser
Assault
Membership
Portfolio
Major
N6e82713b336940008622e00652df59bfb1
N3958bad6ceaf4788b924b221d14c02a3b1
Ncbc19e54e6ff4dcd87266bab720beecbb2
QuestionTopic
SourceMaterial
Novel
ShipType
FirstName
Child
Role
Arrest
StudyArea
Group
Age
WaterSource
RescueTeam
Tour
Schoolsubject
Principal
Sunset
Member
Ncaf99f213f9f43fb885dc6fef0b494e3b5
RebelGroup
Public
Asset
AerospaceEquipment
Condition
Message
School
Nd47b0ba34776481a845f76187fc4a6aab6
Earning
Girl
DepartmentHead
Month
QuestionType
Output
University
Game
Assistance
Plane
Weapons
DesireSatisfaction
Specialty
Trial
PowerSource
SkillOwner
AudioBook
Couple
Jury
Sister
Pension
HazardEvent
Field_of_Study
Servant
ChemicalElement
Diploma
Distribution
Black
Paper
Blood
Lawenforcementagency
AbolitionistMovement
Case
Descent
Preacher
Homeland
Speech
ActionClaim
Candidate
Resolution
PhysicalState
TourGuide
Ocean
PrivateVehicle
Establishment
Request
RealEstate
Risk
Scope
N1fbb52f8279840bcb8abe2928c0e799eb1
Item
Complex
MonumentType
GenderRatio
TimePeriod
Intervention
Abolitionism
Practice
Coast
Diocese
Guest
ProjectTopic
Way
Audience
Belligerent
Dataset
OfflineService
RewardType
Rank
Godmother
Objective
Verse
Mountain
Witness
Obituary
Thesaurus
MissionaryActivity
Doctor
PartyMember
Integer
LifeSpan
HumanRight
Holder
GPA
Pair
Temporalunit
PhysicalPower
Answer
Experiment
Property
Decision
Style
Research
Date
AgeDistribution
Producer
QuestionEntity
BuildingType
Person
Officer
PoliticalParty
Gender
Collector
Cotton
Landmark
Daypart
Ne43612cee6fb4c999e84afcb99c912a0b2
Ticket
Store
Branch
LegalArea
PoliticalRight
Female
SoftwareLibrary
PhoneNumber
Pet
Occupant
Employment
Cause
FoodGroup
Test
Godparent
RiskManagement
RoomTypeEnumeration
Juror
Debt
Function
FinancialInstrument
Bidder
Interest
Genre
ConceptualObject
N32fde1c5c0fb45e4a3ec8849897d55dcb1
Lot
Actor
Aid
ExpertiseLevel
Piece
EducationSystem
Freedom
LawFirm
Interval
ArrivalEvent
Supporter
Domain
Diary
Counsel
Troop
Color
Slave
Manner
Flood
WeldingProcess
Timeperiod
Organizer
Class
IntervalTime
Medicalprofessional
TaxonomicRank
ServiceCost
TimeEntity
N32dde6b843af4e6097e43944894402c3b4
Side
FuneralService
Manman
ElectricalPower
Programminglanguage
Inmate
View
Line
Artwork
Report
ServiceType
Wheel
N31c47115fe5c47c9bca04a884c5ab0c2b1
State
Vehicle
Situation
Hospital
PublicTransport
Play
Ncbc19e54e6ff4dcd87266bab720beecbb1
Cave
Return
TemporalPosition
RectangularObject
Siunarise
Plaque
Point
Buyer
N31c47115fe5c47c9bca04a884c5ab0c2b2
Movement
Judge
Invoice
N47dbf12ea09b44e7837e9a0a478bc012b1
Attendee
CivilRight
TermPeriod
Value
PersonOrEvent
Company
Name
Nf826053b807b4da7a85bb14d456890b1b1
Double
Language
AreaOfResearch
Femalehuman
Dream
Application
Hardware
Context
MailMerge
Job
Setting
DateTimeDescription
Beneficiary
Statue
Homework
LifeStage
Spelling
Field
Home
Adult
SlaveTrade
WaterForm
Artist
ResearchArea
Collection
Office
Veteran
Instruction
Positiveinteger
Alarm
LegalRight
Captain
Temperature
Solution
TotalMinutes
Activist
Axle
ItemType
Funeral
Spouse
Version
Second
Action
Intangible
Symbol
Functionality
NumberSet
CodingLanguage
Historian
Support
Individual
Environment
Perception
ValueNumeric
Statement
Periodofday
Marriage
Religiousleader
Effect
PlainLiteral
Treaty
PersonArrival
MissionaryOrganization
Son
Area
Impact
Sale
Defendant
MomentProperty
Rebel
Deceased
MinuteOfTime
Publisher
Award
Student
Response
String
Target
Colonist
LegalCase
EarlyMorning
Year
Use
Homosapien
MorningTime
N3c0a9d62a1d64b6b9c7ea7f0401a59ecb1
War
MechanicalPart
HistoricalPeriod
RelationshipStatus
Position
Nca296b5ff4e94689b8b58a69b033fb4bb1
Honor
Appearance
Tale
Possession
Morning
LegalSpecialization
IndividualIndependence
Guard
Organism
RescueOperation
Developer
Fire
Story
SystemOrPractice
TradeType
Consumer
XMLLiteral
Resident
Mean
Writing
TemporalInterval
Justice
County
N0d5e305adf3b4a2da06b22287d484de3b1
Sofa
NutritionInfo
Attorney
Conflicts
SpringSeason
Gyear
Song
Nonnegativeinteger
Recipient
N99268126faf248afb7c7defbbb7a9a3eb8
Organisation
Attempt
CauseOfDeath
Mail
Storm
Timezone
Trader
TimePoint
Parameter
Effects
PartOfSpeech
Combatant
Crop
Plot
Configuration
Box
Testimony
Causes
Quantity
Casualties
Suspect
Physicalhealth
Outcome
DateTime
N0d29d15ecbe642f980ed0a7ca64ba58ab1
Half
Exam
AdditiveManufacturing
Ground
CreationDate
Clothe
Memoir
Meaning
Bloodvessel
Object
PastoralCounseling
Poem
Absorbency
Nfd2d608153154bdfae3c4153c1c73b17b1
Package
Prison
Door
N6575d1a5e5144dccb4939dfa85e606c9b4
ServiceLocation
City
Premise
Issuer
Study
WarPart
Passenger
FreedomConcept
Region
Permission
BodyPart
Nbbc8d28a00714441ab43a52128d4ba8db1
Instance
Geographicalentity
ExpertiseField
Portion
Session
Document
BlessingType
ResearchMethod
Schoollocation
Y_coordinate
RoomType
Manuscript
PracticeArea
Ability
Definition
Astronomy
StaffMember
Prisoner
ReadingSkill
Educationalorganization
Anyuri
Issue
Prayer
Routine
Stalactite
Tree
Lyrics
Medal
WebDeveloper
DigitalLiteracy
Moon
Address
WakeUp
Punishment
Minor
Desk
Viewpoint
Economicconcept
Population
Seq
N4e8130ac0170445eae2683015c4785e3b1
Bats
QuestionCategory
Dinner
Landslide
Acter
Ned963e32258d4cdc9f9dee88e0432c79b1
ProgrammingLanguage
Nee65374329444a1d9f62767ddcbde88ab3
Restaurant
Furniture
Type
Literature
Consequence
Nb05b6e3683674341805f13bb3b9b3ec4b1
Gospel
PostTraumaticCondition
Slavery
PoliticalIndependence
Causeeffect
ResearchQualification
Schoolschool
UndergroundRailroad
WritingSkill
Independence
PoliticalPower
Travel
Ncaf99f213f9f43fb885dc6fef0b494e3b1
Judgment
N9c60bb77ee764160bee8687aa0e6f628b1
Decade
Nd52675bb2f2f4a4fa3deed365bcd185cb1
MORNING
Broker
Hasevent
Timestamp
Factor
Course
Husband
Article
Thing
TemporalUnit
N1283ff7681a64ce5822eb63668931477b1
Introduction
Literal
Character
Believer
Provider
Instant
Trade
Alphabet
Bill
NameEntity
Toe
N2aab17e7ce23426c91bcafb9bf128f85b1
JobPosting
Administrativeregion
Integernumber
Carpenter
Entry
Treatment
AnswerEntity
Sacrament
Court
Size
TradingPlatform
MealType
Seller
Politician
Neighbor
Physician
Machine
Mornings
Entity
EconomicIndependence
Upholstery
Access
Material
Grandfather
Term
RelationshipType
Floatnumber
Colony
Water_Properties
FuneralDirector
Creativework
Symptom
Offender
Place
Help
Community
Methodology
SubjectArea
Friendship
Week
Street
Wedding
Godfather
Nb1a34d8e9ab046da8d71d7b2bd1ff877b1
Order
ComputerSystem
ServiceProvider
Donation
TailorShop
Nee65374329444a1d9f62767ddcbde88ab1
Classroom
Nc0327303d0b9427fbc0bde474f20a665b2
Carriage
Reason
Library
Monument
Retiree
Damage
Century
Medium
Account
Nb264d2cc31194a64bfd5dcf9bb6bc55fb1
Website
BirthDate
Fraction
ServiceUser
Death
N4e52b9b4c1e34764a08b304b2a1f71cbb1
Purpose
N3f1fcd8fe7834504a1b4b47305dd5dc5b1
End
Nd3d404c3d0fe4e05bfe67f9531eb5770b1
Image
Flower
Loss
Greeting
Database
Nighttimeactivity
Reading
HumanBeing
InterestRate
BodiesOfWater
Crowd
OperatingSystem
Degree
Baptism
TimePart
Ownership
Programmer
List
CivilWar
Courthouse
Ceremony
Early
WeldJoint
Biography
Jurisdiction
Na3773eb7098347bbac15ca20ee75c694b1
Issuestatus
StormSurge
Reader
SubSystem
Physicalquantity
Anysimpletype
Speaker
Location
CauseEffect
MedicalField
Temporalentity
Subcomponent
Woman
ResearchPaper
BillOfSale
FoodItem
MembershipType
Event
HistoricalEvent
CountySeat
ConstructionMaterials
Spring
Bride
Food
N93cce6105e0b4d24bb5be2671f1034a6b4
Official
Photo
Assembly
Sleep
SurfaceType
PostalAddress
TraumaticEvent
Cuisine
LifeCycle
AcademicStudy
Shift
Acquisition
Breakfast
Timeofday
Ne43612cee6fb4c999e84afcb99c912a0b1
Hour
Period
Religiousactivity
Contract
Plan
Price
Tourist
Expertise
Species
Worker
DateOfBirth
Laborer
People
RoomFunction
Enemy
Majority
Conflict
Petition
Instructor
DurationDescription
Gday
TimePosition
Race
Number
Seamstress
Na3773eb7098347bbac15ca20ee75c694b6
Continent
Scholar
PhysicalObject
ExchangeRate
EducationalService
Teacher
Citation
LearningMaterial
Wildfires
Physicalspace
PoliceDepartment
Mission
Geometricobject
Destination
Congregation
Enslavement
Land
Book
Missionary
PurchaseOrder
Shape
MerchantStore
News
PartyType
Ship
Welder
PhenomenonFact
Salary
Quantitativevalue
Truth
LeasingStatus
Reproduction
Abolition
Daytime
Datetime
Party
Emergency
Influence
Temporal
Raid
Wife
EnslavedPerson
Software
Department
Surname
ClothingItem
AbstractThing
Conversion
SideType
HistoricalTopic
Government
Transportation
ExpertiseArea
Receiver
Landspot
Content
Payment
Intelligence
Groom
FinancialBond
Level
Invitation
Power
Review
PowerGenerator
Military
MorningActivity
SubjectField
Agent
SystemComponent
PhysicalThing
Team
SoftwareDeveloper
Time
Dish
ReturnPolicy
Town
N6575d1a5e5144dccb4939dfa85e606c9b1
Herb
Recollection
Platform
Editor
BlogPost
Unitoftime
Head
Effort
PartOfSpeechClass
Pensioner
Escape
WordProperty
Direction
Charge
Rebellion
Narrator
PoliticalIssue
Datatype
Priest
Regiment
Long
Park
Element
Nd4a8cee1fde447c999e3f88be934a859b1
Data
Brigade
OnlineMerchant
Warehouse
Something
Chair
N1c93b68e14c547a9ad82d4c50942ee5eb3
Lat
Topic
Merchant
Favor
Currency
Release
ConstructionWorker
ActionEffect
Intensity
ReturnItem
Capabilities
UnitSystem
MilitaryRank
Nc0327303d0b9427fbc0bde474f20a665b1
WeatherCondition
PublicationDate
Biographer
Product
OfficeEquipment
PedestrianPath
Transport
Man
Voter
Schoolgrade
Tool
ChemicalCompound
Result
Subject
Option
Difficulty
PensionPlan
Transaction
Cell
Arrestee
Bank
Specialization
Argument
Floor
Solving
Form
Service
Category
Ancestor
Manumission
Nationality
Daughter
Villain
Politicalleader
Grade
CampType
Sunrise
Ned9a1f3809314a4a9e7bb4c5a3d7f240b3
Na20871d4cee24edc99d33cff0ce65d10b1
Memorial
Legislature
Nation
WaterProperty
Descendant
Suffering
Manager
Path
ChangeType
Circumstance
N99268126faf248afb7c7defbbb7a9a3eb1
Literacy
IdeaOrActionOrTheory
N484938bb2d7e4360b7a7b7db78f3c280b1
TeamMember
Market
N2fc4409f5d8741aabdef801fbf90ce36b1
Exercise
Boy
Feature
Auction
Anniversary
Arrival
ServiceConsumer
Academicactivity
Nd47b0ba34776481a845f76187fc4a6aab1
Duty
Eye
Foot
Dimension
Historicaltopic
Device
EventClass
Dimensions
Change
Presidency
PopulationCensus
HomelessPerson
Battles
Birth
Transfer
Bag
Z_coordinate
Page
Human
Money
Village
Scene
Flowering
Militia
Coffee
Estate
Election
TimeOfDeath
CulturalNorm
Law
Tutor
Attribute
PoliticalEntity
Dog
Participant
VolumeMeasurement
Meal
Process
Comment
ActOfKindness
Exchange
Crew
Plaintiff
Locations
Signatory
EducationalInstitution
Missions
Real
House
DomainArea
BirthPlace
Desire
SocialIssue
Employee
Purchase
N2fc4409f5d8741aabdef801fbf90ce36b3
GarmentType
Reward
N31c47115fe5c47c9bca04a884c5ab0c2b4
PoliticalPosition
Method
Struggle
Academicsubject
DifficultyLevel
Earthquake
InstitutionLocation
Program
Guide
TigWelder
AcademicSubject
Blessing
Task
Skill
Residence
Crime
ReproductiveOrganism
Activism
ProblemType
Occasion
Minute
Nf2b2a9998bbe48aea39bcc4fde01a0deb1
PoliceOfficer
PlaceOfDeath
ReasoningenType
Other
Pilgrimage
Fruit
President
Concept
DecisionMaker
Disease
Creator
N16101d8486ed4e8aab7370f30699e93cb1
Road
Probability
ReligiousDenomination
Life
Master
Behalf
RiskAssessment
Birthdate
Country
World
Mother
WebSite
Status
CourtCase
Code
Facility
SpreadGospel
ContractType
ArrestReport
Drug
Reputation
Arrestor
Author
Sentence
Plantation
Expedition
River
BloodVessel
LastName
Input
InfluenceFactor
InventoryItem
ResidenceType
Courtroom
Attack
Association
Ethnicity
Society
N1b318c35c92a45f984edc46b58ab6237b1
Unit
Pastor
System
ResearchInstitution
Figure
KidnappingEvent
Feeling
Family
Automobile
SocialMovement
Part
Night
Island
HourOfTime
Nbbdcaa839c5e49d4af2ba05033c56790b1
Drink
Success
Infant
Whole
Artery
ArrivingEntity
SlaveOwner
Nf39575439bc741078cab2d5916c663acb2
Room
Army
Substance
Overview
Vessel
Formulation
Slaveholder
SkillLevel
Orientation
StudyTool
GenderType
Lawyer
N152f29b4aa5841d69cbcac4e611774a4b5
N32dde6b843af4e6097e43944894402c3b1
Exhibit
ResearchInterest
Schoolteacher
Commander
LifeForm
Question
Professor
Dialect
ActivismType
Word
PartyEvent
Customer
Parent
PartyActivity
Conversation
Movie
StateOfMatter
Weather
Coach
Chance
Hero
Window
Warrant
Principle
Faculty
Organization
Season
Painting
Origin
Duration
Background
Discrimination
Priesthood
Victim
X_coordinate
Integral
Adulthood
Information
SelfLove
Journalist
Grave
ManufacturedPlace
Dessert
Religion
N484938bb2d7e4360b7a7b7db78f3c280b2
Film
Coordinates
ResearchField
Star
Governor
LegalSystem
Text
Coin
Knowledge
N7048638ddbe744ef92b7ef71d2bc54beb1
Cabin
PlaceOfBirth
Recipe
Technique
N93cce6105e0b4d24bb5be2671f1034a6b1
ElectricPower
Registry
FieldOfStudy
Violence
Journal
Shop
Tavern
Ontology
ParkingLot
Wagon
SuperPower
Plant
Patient
Church
Father
SpecificTime
Day
Relationship
FacultyMember
Publication
Dataelement
Computer
Conclusion
TimeInterval
TextDocument
Manufacturer
Lake
Responsibility
Fugitive
Funding
SpellingCorrector
Phrase
Others
Donor
Project
Researcher
Educationalinstitution
Humanbeing
Genius
Opportunity
Occupation
Right
Building
PageLayout
Clergyman
Sport
Weapon
PollutedWater
Loveseat
MoonPhase
Responses
Contractor
Subsystem
Detail
Nf85cde7178e84accb0cd4a81578c936db1
Colour
Datetimestamp
Promise
Constellation
Thought
TeamLeague
Vote
Car
LungCancer
Battle
Activity
Ned9a1f3809314a4a9e7bb4c5a3d7f240b1
Representation
Moment
N99268126faf248afb7c7defbbb7a9a3eb7
User
Cemetery
Anything
LegalEducation
Note
Respect
Parcel
Water
Pilgrim
Camp
PowerConcept
Langstring
LawEnforcementAgency
Unitminute
ResearchTopic
Ingredient
Grandparent
Ned9a1f3809314a4a9e7bb4c5a3d7f240b2
