MealComponent
RiskLevel
InfluencePower
ServiceProvider
Donation
TailorShop
Gift
Photographer
OfficialInstitution
SecurityLevel
Classroom
Nc0327303d0b9427fbc0bde474f20a665b2
Cyclone
Carriage
Monument
Retiree
Performance
Damage
Theme
Century
Medium
Website
Overseer
BirthDate
Fraction
Owner
FinalMoment
Sermon
N152f29b4aa5841d69cbcac4e611774a4b1
Death
Purpose
Employer
MedicalCondition
End
Nd3d404c3d0fe4e05bfe67f9531eb5770b1
Image
Meeting
N3f1fcd8fe7834504a1b4b47305dd5dc5b1
Script
Flower
Loss
Greeting
Database
Director
Chef
Authority
Institution
Idea
Reading
Literary_Genre
InterestRate
BodiesOfWater
MachiningService
Crowd
Preface
Degree
Strength
Baptism
Construction
Resource
Ownership
List
Animal
RiskFactor
Duties
Ceremony
Equipment
Offence
WeldJoint
Controversy
Biography
Household
Na3773eb7098347bbac15ca20ee75c694b1
Issuestatus
StormSurge
Reader
Anysimpletype
Speaker
Location
Baby
MedicalField
Source
Native
Soldier
Component
Work
Subcomponent
Woman
Widow
BillOfSale
FoodItem
Supervisor
Assault
Membership
Event
Portfolio
HistoricalEvent
Major
CountySeat
ConstructionMaterials
Spring
Bride
Food
Official
Photo
Ncbc19e54e6ff4dcd87266bab720beecbb2
SurfaceType
PostalAddress
TraumaticEvent
Novel
ShipType
FirstName
Cuisine
Child
Role
AcademicStudy
Group
Shift
Acquisition
Ne43612cee6fb4c999e84afcb99c912a0b1
WaterSource
RescueTeam
Tour
Hour
Period
Religiousactivity
Contract
Plan
Price
Tourist
Member
RebelGroup
Public
Expertise
Asset
Condition
Earning
School
Worker
Girl
Laborer
Output
Enemy
Majority
University
Petition
DesireSatisfaction
Specialty
Trial
Race
Seamstress
SkillOwner
Number
Na3773eb7098347bbac15ca20ee75c694b6
Continent
Couple
Jury
Scholar
Pension
ExchangeRate
HazardEvent
Sister
Teacher
Servant
Citation
Wildfires
Distribution
Paper
Preacher
Descent
Case
PoliceDepartment
Homeland
Speech
Mission
Candidate
Resolution
Destination
Congregation
TourGuide
Enslavement
Land
Book
Missionary
PurchaseOrder
Shape
MerchantStore
News
Ocean
Ship
Welder
Establishment
PrivateVehicle
Request
RealEstate
Risk
Quantitativevalue
Truth
LeasingStatus
Reproduction
Abolition
Datetime
Emergency
Item
Party
Influence
MonumentType
GenderRatio
TimePeriod
Intervention
Practice
Coast
Diocese
Wife
Guest
EnslavedPerson
ProjectTopic
Audience
Software
Department
Surname
Dataset
HistoricalTopic
Government
Transportation
ExpertiseArea
Rank
Godmother
Objective
Landspot
Verse
Content
Witness
Obituary
Intelligence
Groom
MissionaryActivity
FinancialBond
Level
Doctor
Invitation
Integer
Power
Holder
Review
GPA
Pair
Agent
Property
Style
ReturnPolicy
Time
Research
Town
AgeDistribution
Producer
BuildingType
Person
Officer
Herb
Gender
PoliticalParty
Cotton
Recollection
Ne43612cee6fb4c999e84afcb99c912a0b2
Ticket
Editor
Store
Branch
BlogPost
LegalArea
Head
Pet
Occupant
Effort
Cause
FoodGroup
Godparent
Pensioner
Escape
RiskManagement
Juror
Charge
Rebellion
PoliticalIssue
Priest
Regiment
Debt
FinancialInstrument
Data
Brigade
OnlineMerchant
Interest
Warehouse
Genre
Chair
Actor
ExpertiseLevel
Topic
Piece
EducationSystem
LawFirm
Merchant
Supporter
Favor
Currency
Diary
ConstructionWorker
Release
Counsel
Troop
Intensity
Color
ReturnItem
Slave
Capabilities
Manner
Flood
UnitSystem
WeldingProcess
MilitaryRank
Nc0327303d0b9427fbc0bde474f20a665b1
PublicationDate
Biographer
Timeperiod
Product
Organizer
Class
Medicalprofessional
Transport
Man
FuneralService
Voter
Tool
ChemicalCompound
Inmate
Result
Subject
View
PensionPlan
Transaction
Bank
Report
ServiceType
Specialization
Wheel
State
Service
Category
Vehicle
Manumission
Nationality
Villain
Situation
Hospital
PublicTransport
Play
Ncbc19e54e6ff4dcd87266bab720beecbb1
CampType
Cave
Return
Memorial
Plaque
Point
Legislature
Descendant
Nation
Buyer
Suffering
Movement
Judge
Manager
Circumstance
ChangeType
Invoice
N47dbf12ea09b44e7837e9a0a478bc012b1
Literacy
N99268126faf248afb7c7defbbb7a9a3eb1
N484938bb2d7e4360b7a7b7db78f3c280b1
Attendee
Market
Value
N2fc4409f5d8741aabdef801fbf90ce36b1
Boy
PersonOrEvent
Feature
Company
Nf826053b807b4da7a85bb14d456890b1b1
Name
Double
Foot
Duty
Language
Historicaltopic
EventClass
Hardware
Change
Job
PopulationCensus
HomelessPerson
Setting
Beneficiary
Birth
Page
Statue
Human
Money
Village
Scene
Flowering
Militia
Estate
Home
Election
Field
TimeOfDeath
Adult
SlaveTrade
Artist
CulturalNorm
ResearchArea
Office
Veteran
Instruction
Dog
Participant
VolumeMeasurement
Meal
LegalRight
Captain
Comment
ActOfKindness
Process
Exchange
Crew
Axle
Spouse
Funeral
Version
Plaintiff
Locations
Signatory
Missions
House
DomainArea
BirthPlace
Desire
Action
Employee
Purchase
N2fc4409f5d8741aabdef801fbf90ce36b3
GarmentType
PoliticalPosition
NumberSet
Historian
Support
Individual
ValueNumeric
Statement
Struggle
Marriage
Religiousleader
Effect
MissionaryOrganization
Son
Earthquake
Impact
Sale
Defendant
InstitutionLocation
Guide
TigWelder
Blessing
Task
Rebel
Skill
Residence
Deceased
ReproductiveOrganism
Occasion
Publisher
Student
Response
PlaceOfDeath
Pilgrimage
String
Fruit
Colonist
President
LegalCase
Year
Disease
Use
Creator
N3c0a9d62a1d64b6b9c7ea7f0401a59ecb1
War
HistoricalPeriod
Road
RelationshipStatus
Position
Probability
Nca296b5ff4e94689b8b58a69b033fb4bb1
ReligiousDenomination
Life
Master
Honor
Tale
RiskAssessment
Possession
Country
LegalSpecialization
Mother
IndividualIndependence
Guard
WebSite
Status
RescueOperation
SpreadGospel
Fire
Story
ContractType
Reputation
Drug
XMLLiteral
Consumer
Resident
Mean
TradeType
Author
Plantation
Writing
Expedition
Justice
River
County
LastName
NutritionInfo
Input
InfluenceFactor
SpringSeason
InventoryItem
Gyear
ResidenceType
Nonnegativeinteger
Song
N99268126faf248afb7c7defbbb7a9a3eb8
Attempt
CauseOfDeath
Mail
Storm
Timezone
Trader
Effects
Ethnicity
Society
Crop
Unit
Pastor
System
ResearchInstitution
Figure
KidnappingEvent
Feeling
Testimony
Quantity
Causes
Family
Part
Physicalhealth
Outcome
DateTime
Island
Half
Nbbdcaa839c5e49d4af2ba05033c56790b1
Drink
Success
Ground
Infant
Whole
Clothe
SlaveOwner
Memoir
Room
Object
PastoralCounseling
Overview
Poem
Vessel
Formulation
Prison
Slaveholder
SkillLevel
City
Issuer
StudyTool
Study
Passenger
Region
Lawyer
Permission
N152f29b4aa5841d69cbcac4e611774a4b5
Exhibit
ResearchInterest
Commander
Instance
Professor
ExpertiseField
Portion
Session
Document
BlessingType
Dialect
Word
RoomType
Customer
Parent
Manuscript
Weather
Prisoner
ReadingSkill
Lyrics
Anyuri
Issue
Prayer
Tree
Stalactite
WebDeveloper
Hero
Medal
DigitalLiteracy
Warrant
Principle
Faculty
Organization
Painting
Punishment
Origin
Duration
Minor
Viewpoint
Discrimination
Priesthood
Victim
Population
Seq
Bats
Information
SelfLove
Landslide
Grave
Ned963e32258d4cdc9f9dee88e0432c79b1
Journalist
Restaurant
ManufacturedPlace
Furniture
Dessert
Religion
N484938bb2d7e4360b7a7b7db78f3c280b2
Film
Coordinates
ResearchField
Literature
Star
Governor
LegalSystem
Gospel
PostTraumaticCondition
Text
Slavery
PoliticalIndependence
Knowledge
N7048638ddbe744ef92b7ef71d2bc54beb1
Cabin
ResearchQualification
UndergroundRailroad
Recipe
WritingSkill
Independence
Travel
Registry
FieldOfStudy
Judgment
Decade
Shop
Violence
Tavern
Ontology
Wagon
SuperPower
Broker
Factor
Patient
Plant
Course
Church
Father
Article
Day
Thing
Relationship
Introduction
Dataelement
Publication
Literal
Character
Conclusion
Provider
TimeInterval
Trade
Alphabet
Manufacturer
Bill
Toe
Responsibility
Fugitive
Funding
Entry
Carpenter
Project
Researcher
Treatment
Sacrament
Opportunity
Genius
Occupation
Court
TradingPlatform
MealType
Right
Seller
Politician
Building
Neighbor
Clergyman
Physician
Sport
Weapon
Responses
Machine
Entity
Contractor
Detail
EconomicIndependence
Access
Material
Promise
Constellation
Thought
Grandfather
Vote
RelationshipType
LungCancer
Colony
Activity
N99268126faf248afb7c7defbbb7a9a3eb7
User
Cemetery
FuneralDirector
Symptom
LegalEducation
Respect
Offender
Place
Parcel
Pilgrim
Water
Help
Camp
Friendship
Week
Street
Langstring
Wedding
Godfather
Ingredient
Grandparent
Order
Nb1a34d8e9ab046da8d71d7b2bd1ff877b1
