./all-together/patterns/grandfather_ekn.ttl
./all-together/patterns/cemetery_enslaved.ttl
./all-together/patterns/enslavedperson_ekn.ttl
./all-together/patterns/enemy_enslaved.ttl
./all-together/patterns/kidnapping_enslaved.ttl
./all-together/patterns/relationship_ekn.ttl
./all-together/patterns/word_enslaved.ttl
./all-together/patterns/husband_ekn.ttl
./all-together/patterns/supporter_enslaved.ttl
./all-together/patterns/owner_ekn.ttl
./all-together/patterns/struggle_enslaved.ttl
./all-together/patterns/unit_enslaved.ttl
./all-together/patterns/enslavement_enslaved.ttl
./all-together/patterns/role_enslaved.ttl
./all-together/patterns/home_enslaved.ttl
./all-together/patterns/language_enslaved.ttl
./all-together/patterns/settlement_enslaved.ttl
./all-together/patterns/place_enslaved.ttl
./all-together/patterns/surname_ekn.ttl
./all-together/patterns/interest_enslaved.ttl
./all-together/patterns/thing_enslaved.ttl
./all-together/patterns/figure_enslaved.ttl
./all-together/patterns/event_enslaved.ttl
./all-together/patterns/paper_enslaved.ttl
./all-together/patterns/majority_enslaved.ttl
./all-together/patterns/prayer_enslaved.ttl
./all-together/patterns/pastor_enslaved.ttl
./all-together/patterns/descent_enslaved.ttl
./all-together/patterns/location_enslaved.ttl
./all-together/patterns/permission_enslaved.ttl
./all-together/patterns/possession_enslaved.ttl
./all-together/patterns/meal_enslaved.ttl
./all-together/patterns/property_enslaved.ttl
./all-together/patterns/member_ekn.ttl
./all-together/patterns/controversy_enslaved.ttl
./all-together/patterns/brother_enslaved.ttl
./all-together/patterns/earning_enslaved.ttl
./all-together/patterns/skill_enslaved.ttl
./all-together/patterns/charge_enslaved.ttl
./all-together/patterns/household_enslaved.ttl
./all-together/patterns/owner_enslaved.ttl
./all-together/patterns/film_enslaved.ttl
./all-together/patterns/biography_enslaved.ttl
./all-together/patterns/cave_enslaved.ttl
./all-together/patterns/island_enslaved.ttl
./all-together/patterns/wife_enslaved.ttl
./all-together/patterns/photo_enslaved.ttl
./all-together/patterns/couple_enslaved.ttl
./all-together/patterns/preacher_enslaved.ttl
./all-together/patterns/house_ekn.ttl
./all-together/patterns/movement_enslaved.ttl
./all-together/patterns/effort_enslaved.ttl
./all-together/patterns/plantation_ekn.ttl
./all-together/patterns/institution_enslaved.ttl
./all-together/patterns/speaker_enslaved.ttl
./all-together/patterns/hour_enslaved.ttl
./all-together/patterns/land_enslaved.ttl
./all-together/patterns/respect_enslaved.ttl
./all-together/patterns/region_enslaved.ttl
./all-together/patterns/road_enslaved.ttl
./all-together/patterns/circumstance_enslaved.ttl
./all-together/patterns/expertise_poknkn.ttl
./all-together/patterns/registry_ekn.ttl
./all-together/patterns/principle_enslaved.ttl
./all-together/patterns/tavern_enslaved.ttl
./all-together/patterns/foot_enslaved.ttl
./all-together/patterns/health_enslaved.ttl
./all-together/patterns/overseer_enslaved.ttl
./all-together/patterns/damage_enslaved.ttl
./all-together/patterns/publication_enslaved.ttl
./all-together/patterns/relation_enslaved.ttl
./all-together/patterns/town_enslaved.ttl
./all-together/patterns/pilgrimage_enslaved.ttl
./all-together/patterns/discrimination_enslaved.ttl
./all-together/patterns/statement_enslaved.ttl
./all-together/patterns/man_enslaved.ttl
./all-together/patterns/prisoner_enslaved.ttl
./all-together/patterns/veteran_enslaved.ttl
./all-together/patterns/entities_poknkn.ttl
./all-together/patterns/medium_enslaved.ttl
./all-together/patterns/manumission_enslaved.ttl
./all-together/patterns/person_ekn.ttl
./all-together/patterns/priest_enslaved.ttl
./all-together/patterns/institution_poknkn.ttl
./all-together/patterns/politic_enslaved.ttl
./all-together/patterns/rebel_enslaved.ttl
./all-together/patterns/strength_enslaved.ttl
./all-together/patterns/knowledge_enslaved.ttl
./all-together/patterns/crew_enslaved.ttl
./all-together/patterns/rebellion_enslaved.ttl
./all-together/patterns/tour_enslaved.ttl
./all-together/patterns/opportunity_enslaved.ttl
./all-together/patterns/statue_enslaved.ttl
./all-together/patterns/godfather_ekn.ttl
./all-together/patterns/painting_enslaved.ttl
./all-together/patterns/sister_enslaved.ttl
./all-together/patterns/mean_enslaved.ttl
./all-together/patterns/neighbor_enslaved.ttl
./all-together/patterns/mother_enslaved.ttl
./all-together/patterns/transportation_enslaved.ttl
./all-together/patterns/portion_enslaved.ttl
./all-together/patterns/class_enslaved.ttl
./all-together/patterns/head_enslaved.ttl
./all-together/patterns/scene_enslaved.ttl
./all-together/patterns/comment_enslaved.ttl
./all-together/patterns/citation_enslaved.ttl
./all-together/patterns/ground_enslaved.ttl
./all-together/patterns/cabin_enslaved.ttl
./all-together/patterns/cotton_enslaved.ttl
./all-together/patterns/hazardevent_kwgkn.ttl
./all-together/patterns/grandfather_enslaved.ttl
./all-together/patterns/camp_enslaved.ttl
./all-together/patterns/gender_ekn.ttl
./all-together/patterns/release_enslaved.ttl
./all-together/patterns/coast_enslaved.ttl
./all-together/patterns/risk_enslaved.ttl
./all-together/patterns/text_enslaved.ttl
./all-together/patterns/captain_enslaved.ttl
./all-together/patterns/issue_enslaved.ttl
./all-together/patterns/diary_enslaved.ttl
./all-together/patterns/witness_enslaved.ttl
./all-together/patterns/researcharea_poknkn.ttl
./all-together/patterns/year_enslaved.ttl
./all-together/patterns/hero_enslaved.ttl
./all-together/patterns/process_enslaved.ttl
./all-together/patterns/life_enslaved.ttl
./all-together/patterns/data_kwgkn.ttl
./all-together/patterns/room_enslaved.ttl
./all-together/patterns/water_enslaved.ttl
./all-together/patterns/theme_enslaved.ttl
./all-together/patterns/material_enslaved.ttl
./all-together/patterns/slavery_enslaved.ttl
./all-together/patterns/press_enslaved.ttl
./all-together/patterns/homeland_enslaved.ttl
./all-together/patterns/religion_ekn.ttl
./all-together/patterns/resident_enslaved.ttl
./all-together/patterns/isbn_enslaved.ttl
./all-together/patterns/century_ekn.ttl
./all-together/patterns/infant_enslaved.ttl
./all-together/patterns/nationality_ekn.ttl
./all-together/patterns/volume_enslaved.ttl
./all-together/patterns/time_enslaved.ttl
./all-together/patterns/trading_enslaved.ttl
./all-together/patterns/friendship_enslaved.ttl
./all-together/patterns/missionary_enslaved.ttl
./all-together/patterns/militia_enslaved.ttl
./all-together/patterns/son_ekn.ttl
./all-together/patterns/promise_enslaved.ttl
./all-together/patterns/professor_enslaved.ttl
./all-together/patterns/baptism_enslaved.ttl
./all-together/patterns/fugitive_enslaved.ttl
./all-together/patterns/death_ekn.ttl
./all-together/patterns/authority_enslaved.ttl
./all-together/patterns/story_enslaved.ttl
./all-together/patterns/scholar_enslaved.ttl
./all-together/patterns/intervention_poknkn.ttl
./all-together/patterns/escape_enslaved.ttl
./all-together/patterns/effect_enslaved.ttl
./all-together/patterns/building_enslaved.ttl
./all-together/patterns/store_enslaved.ttl
./all-together/patterns/blessing_enslaved.ttl
./all-together/patterns/change_enslaved.ttl
./all-together/patterns/student_enslaved.ttl
./all-together/patterns/position_enslaved.ttl
./all-together/patterns/truth_enslaved.ttl
./all-together/patterns/widow_enslaved.ttl
./all-together/patterns/contract_enslaved.ttl
./all-together/patterns/research_enslaved.ttl
./all-together/patterns/soldier_enslaved.ttl
./all-together/patterns/slave_ekn.ttl
./all-together/patterns/travel_enslaved.ttl
./all-together/patterns/people_ekn.ttl
./all-together/patterns/race_enslaved.ttl
./all-together/patterns/birth_enslaved.ttl
./all-together/patterns/tale_enslaved.ttl
./all-together/patterns/branch_enslaved.ttl
./all-together/patterns/welder_poknkn.ttl
./all-together/patterns/justice_enslaved.ttl
./all-together/patterns/worker_enslaved.ttl
./all-together/patterns/trade_enslaved.ttl
./all-together/patterns/level_enslaved.ttl
./all-together/patterns/slaveholder_enslaved.ttl
./all-together/patterns/fire_kwgkn.ttl
./all-together/patterns/thought_enslaved.ttl
./all-together/patterns/wedding_enslaved.ttl
./all-together/patterns/organization_enslaved.ttl
./all-together/patterns/population_enslaved.ttl
./all-together/patterns/merchant_enslaved.ttl
./all-together/patterns/exchange_enslaved.ttl
./all-together/patterns/work_enslaved.ttl
./all-together/patterns/wife_ekn.ttl
./all-together/patterns/literature_enslaved.ttl
./all-together/patterns/lawyer_enslaved.ttl
./all-together/patterns/value_ekn.ttl
./all-together/patterns/crowd_enslaved.ttl
./all-together/patterns/legislature_enslaved.ttl
./all-together/patterns/subject_enslaved.ttl
./all-together/patterns/pair_enslaved.ttl
./all-together/patterns/support_enslaved.ttl
./all-together/patterns/favor_enslaved.ttl
./all-together/patterns/counsel_enslaved.ttl
./all-together/patterns/decade_enslaved.ttl
./all-together/patterns/inventory_ekn.ttl
./all-together/patterns/post-traumaticcondition_poknkn.ttl
./all-together/patterns/state_enslaved.ttl
./all-together/patterns/result_enslaved.ttl
./all-together/patterns/piece_enslaved.ttl
./all-together/patterns/desire_enslaved.ttl
./all-together/patterns/value_enslaved.ttl
./all-together/patterns/meeting_enslaved.ttl
./all-together/patterns/rescue_enslaved.ttl
./all-together/patterns/purchase_enslaved.ttl
./all-together/patterns/county_enslaved.ttl
./all-together/patterns/laborer_enslaved.ttl
./all-together/patterns/girl_enslaved.ttl
./all-together/patterns/stormsurges_kwgkn.ttl
./all-together/patterns/place_ekn.ttl
./all-together/patterns/literacy_enslaved.ttl
./all-together/patterns/village_enslaved.ttl
./all-together/patterns/name_enslaved.ttl
./all-together/patterns/speech_enslaved.ttl
./all-together/patterns/material_poknkn.ttl
./all-together/patterns/money_enslaved.ttl
./all-together/patterns/expertise_kwgkn.ttl
./all-together/patterns/land_kwgkn.ttl
./all-together/patterns/style_enslaved.ttl
./all-together/patterns/vote_enslaved.ttl
./all-together/patterns/monument_enslaved.ttl
./all-together/patterns/play_enslaved.ttl
./all-together/patterns/doctor_enslaved.ttl
./all-together/patterns/intelligence_enslaved.ttl
./all-together/patterns/ships_ekn.ttl
./all-together/patterns/plantation_enslaved.ttl
./all-together/patterns/researcher_poknkn.ttl
./all-together/patterns/regiment_enslaved.ttl
./all-together/patterns/tigwelder_poknkn.ttl
./all-together/patterns/reader_enslaved.ttl
./all-together/patterns/congregation_enslaved.ttl
./all-together/patterns/week_ekn.ttl
./all-together/patterns/people_enslaved.ttl
./all-together/patterns/plaque_enslaved.ttl
./all-together/patterns/prison_enslaved.ttl
./all-together/patterns/detail_enslaved.ttl
./all-together/patterns/guard_enslaved.ttl
./all-together/patterns/half_enslaved.ttl
./all-together/patterns/end_enslaved.ttl
./all-together/patterns/capabilities_poknkn.ttl
./all-together/patterns/shop_enslaved.ttl
./all-together/patterns/ceremony_enslaved.ttl
./all-together/patterns/book_enslaved.ttl
./all-together/patterns/troop_enslaved.ttl
./all-together/patterns/carpenter_enslaved.ttl
./all-together/patterns/godparent_ekn.ttl
./all-together/patterns/website_enslaved.ttl
./all-together/patterns/priesthood_enslaved.ttl
./all-together/patterns/poem_enslaved.ttl
./all-together/patterns/request_enslaved.ttl
./all-together/patterns/wildfires_kwgkn.ttl
./all-together/patterns/manner_enslaved.ttl
./all-together/patterns/public_enslaved.ttl
./all-together/patterns/help_enslaved.ttl
./all-together/patterns/descendant_ekn.ttl
./all-together/patterns/individual_enslaved.ttl
./all-together/patterns/marriage_ekn.ttl
./all-together/patterns/company_enslaved.ttl
./all-together/patterns/law_enslaved.ttl
./all-together/patterns/manumission_ekn.ttl
./all-together/patterns/name_kwgkn.ttl
./all-together/patterns/situation_enslaved.ttl
./all-together/patterns/guest_enslaved.ttl
./all-together/patterns/death_enslaved.ttl
./all-together/patterns/member_enslaved.ttl
./all-together/patterns/loss_enslaved.ttl
./all-together/patterns/construction_enslaved.ttl
./all-together/patterns/event_poknkn.ttl
./all-together/patterns/teacher_enslaved.ttl
./all-together/patterns/researcher_enslaved.ttl
./all-together/patterns/history_enslaved.ttl
./all-together/patterns/order_enslaved.ttl
./all-together/patterns/uncle_enslaved.ttl
./all-together/patterns/godmother_ekn.ttl
./all-together/patterns/boy_enslaved.ttl
./all-together/patterns/university_enslaved.ttl
./all-together/patterns/politician_enslaved.ttl
./all-together/patterns/instance_enslaved.ttl
./all-together/patterns/earthquakes_kwgkn.ttl
./all-together/patterns/condition_enslaved.ttl
./all-together/patterns/reproduction_enslaved.ttl
./all-together/patterns/debt_enslaved.ttl
./all-together/patterns/punishment_enslaved.ttl
./all-together/patterns/servant_enslaved.ttl
./all-together/patterns/memoir_enslaved.ttl
./all-together/patterns/treatment_enslaved.ttl
./all-together/patterns/duty_enslaved.ttl
./all-together/patterns/task_enslaved.ttl
./all-together/patterns/researchinterest_poknkn.ttl
./all-together/patterns/lungcancer_poknkn.ttl
./all-together/patterns/return_enslaved.ttl
./all-together/patterns/jury_enslaved.ttl
./all-together/patterns/place_kwgkn.ttl
./all-together/patterns/colonist_enslaved.ttl
./all-together/patterns/assault_enslaved.ttl
./all-together/patterns/governor_enslaved.ttl
./all-together/patterns/memorial_enslaved.ttl
./all-together/patterns/drug_poknkn.ttl
./all-together/patterns/part_enslaved.ttl
./all-together/patterns/occupation_ekn.ttl
./all-together/patterns/introduction_enslaved.ttl
./all-together/patterns/school_enslaved.ttl
./all-together/patterns/use_enslaved.ttl
./all-together/patterns/funeral_enslaved.ttl
./all-together/patterns/society_enslaved.ttl
./all-together/patterns/ethnicity_ekn.ttl
./all-together/patterns/instruction_enslaved.ttl
./all-together/patterns/gift_enslaved.ttl
./all-together/patterns/exhibit_enslaved.ttl
./all-together/patterns/native_enslaved.ttl
./all-together/patterns/river_enslaved.ttl
./all-together/patterns/service_enslaved.ttl
./all-together/patterns/pension_enslaved.ttl
./all-together/patterns/census_enslaved.ttl
./all-together/patterns/song_enslaved.ttl
./all-together/patterns/carriage_enslaved.ttl
./all-together/patterns/office_enslaved.ttl
./all-together/patterns/right_enslaved.ttl
./all-together/patterns/parent_enslaved.ttl
./all-together/patterns/event_ekn.ttl
./all-together/patterns/official_enslaved.ttl
./all-together/patterns/physician_enslaved.ttl
./all-together/patterns/expertisearea_kwgkn.ttl
./all-together/patterns/ship_enslaved.ttl
./all-together/patterns/clothe_enslaved.ttl
./all-together/patterns/plan_enslaved.ttl
./all-together/patterns/editor_enslaved.ttl
./all-together/patterns/membership_ekn.ttl
./all-together/patterns/obituary_enslaved.ttl
./all-together/patterns/influence_enslaved.ttl
./all-together/patterns/success_enslaved.ttl
./all-together/patterns/president_enslaved.ttl
./all-together/patterns/review_enslaved.ttl
./all-together/patterns/relationship_enslaved.ttl
./all-together/patterns/spring_enslaved.ttl
./all-together/patterns/baby_enslaved.ttl
./all-together/patterns/historian_enslaved.ttl
./all-together/patterns/price_enslaved.ttl
./all-together/patterns/surname_enslaved.ttl
./all-together/patterns/sale_enslaved.ttl
./all-together/patterns/nation_enslaved.ttl
./all-together/patterns/domain_enslaved.ttl
./all-together/patterns/landslide_kwgkn.ttl
./all-together/patterns/service_poknkn.ttl
./all-together/patterns/chef_enslaved.ttl
./all-together/patterns/donation_enslaved.ttl
./all-together/patterns/flood_kwgkn.ttl
./all-together/patterns/entity_kwgkn.ttl
./all-together/patterns/love_enslaved.ttl
./all-together/patterns/page_enslaved.ttl
./all-together/patterns/person_enslaved.ttl
./all-together/patterns/mail_enslaved.ttl
./all-together/patterns/practice_enslaved.ttl
./all-together/patterns/condition_poknkn.ttl
./all-together/patterns/publisher_enslaved.ttl
./all-together/patterns/attempt_enslaved.ttl
./all-together/patterns/group_enslaved.ttl
./all-together/patterns/researchinstitution_poknkn.ttl
./all-together/patterns/trial_enslaved.ttl
./all-together/patterns/kindness_enslaved.ttl
./all-together/patterns/manuscript_enslaved.ttl
./all-together/patterns/judge_enslaved.ttl
./all-together/patterns/homelessperson_poknkn.ttl
./all-together/patterns/estate_enslaved.ttl
./all-together/patterns/vessel_enslaved.ttl
./all-together/patterns/ship_ekn.ttl
./all-together/patterns/period_ekn.ttl
./all-together/patterns/study_enslaved.ttl
./all-together/patterns/reputation_enslaved.ttl
./all-together/patterns/slaveowner_ekn.ttl
./all-together/patterns/testimony_enslaved.ttl
./all-together/patterns/suffering_enslaved.ttl
./all-together/patterns/chair_csmodl.ttl
./all-together/patterns/expedition_enslaved.ttl
./all-together/patterns/occasion_enslaved.ttl
./all-together/patterns/lack_enslaved.ttl
./all-together/patterns/biographer_enslaved.ttl
./all-together/patterns/feeling_enslaved.ttl
./all-together/patterns/recollection_enslaved.ttl
./all-together/patterns/woman_enslaved.ttl
./all-together/patterns/food_enslaved.ttl
./all-together/patterns/church_enslaved.ttl
./all-together/patterns/system_enslaved.ttl
./all-together/patterns/resource_enslaved.ttl
./all-together/patterns/violence_enslaved.ttl
./all-together/patterns/petition_enslaved.ttl
./all-together/patterns/residence_enslaved.ttl
./all-together/patterns/novel_enslaved.ttl
./all-together/patterns/information_enslaved.ttl
./all-together/patterns/honor_enslaved.ttl
./all-together/patterns/total_enslaved.ttl
./all-together/patterns/genius_enslaved.ttl
./all-together/patterns/seamstress_enslaved.ttl
./all-together/patterns/idea_enslaved.ttl
./all-together/patterns/party_enslaved.ttl
./all-together/patterns/gospel_enslaved.ttl
./all-together/patterns/response_enslaved.ttl
./all-together/patterns/independence_enslaved.ttl
./all-together/patterns/entry_enslaved.ttl
./all-together/patterns/preface_enslaved.ttl
./all-together/patterns/relative_enslaved.ttl
./all-together/patterns/image_enslaved.ttl
./all-together/patterns/bond_enslaved.ttl
./all-together/patterns/list_enslaved.ttl
./all-together/patterns/marriage_enslaved.ttl
./all-together/patterns/point_enslaved.ttl
./all-together/patterns/project_enslaved.ttl
./all-together/patterns/storm_kwgkn.ttl
./all-together/patterns/origin_enslaved.ttl
./all-together/patterns/wagon_enslaved.ttl
./all-together/patterns/document_enslaved.ttl
./all-together/patterns/example_enslaved.ttl
./all-together/patterns/view_enslaved.ttl
./all-together/patterns/precisionmachiningservice_poknkn.ttl
./all-together/patterns/status_enslaved.ttl
./all-together/patterns/interet_poknkn.ttl
./all-together/patterns/mission_enslaved.ttl
./all-together/patterns/passenger_enslaved.ttl
./all-together/patterns/star_enslaved.ttl
./all-together/patterns/officer_enslaved.ttl
./all-together/patterns/period_enslaved.ttl
./all-together/patterns/writing_enslaved.ttl
./all-together/patterns/version_enslaved.ttl
./all-together/patterns/grandparents_ekn.ttl
./all-together/patterns/trader_enslaved.ttl
./all-together/patterns/report_enslaved.ttl
./all-together/patterns/country_enslaved.ttl
