DigitalLiteracy
Subcomponent
End
HistoricalPeriod
Suffering
Household
Obituary
Child
Company
Discrimination
Plaintiff
LegalEducation
Participant
Year
Organizer
Expedition
Tree
ExchangeRate
LeasingStatus
Strength
Warrant
Individual
LawFirm
Star
Village
Consumer
Marriage
PoliticalIndependence
Request
Defendant
Nation
BodiesOfWater
Wife
BlogPost
PrivateVehicle
Spring
Room
Timeperiod
Interest
Mean
Parent
Spouse
Bag
Wedding
Course
Street
Paper
Plaque
Probability
Verse
Native
PoliticalParty
Instruction
Event
Infant
Soldier
Setting
Foot
Attendee
Nc0327303d0b9427fbc0bde474f20a665b1
Artist
WritingSkill
Religiousactivity
Family
Manumission
Result
Flowering
Number
Nca296b5ff4e94689b8b58a69b033fb4bb1
Specialization
Feeling
Water
Travel
Anysimpletype
TimeOfDeath
Religiousleader
RiskFactor
River
Reproduction
Person
Language
Nonnegativeinteger
Retiree
Island
Principle
Herb
SpreadGospel
Duties
Duty
Character
Weather
PublicTransport
Passenger
TourGuide
Teacher
Name
Weapon
Enemy
Influence
Software
Favor
Ground
Cuisine
Office
UndergroundRailroad
Invoice
AbolitionistMovement
PoliticalIssue
Outcome
Mother
RealEstate
Dessert
SelfLove
Relationship
TimePeriod
Text
Inmate
PoliticalPosition
Occupation
Landspot
Offence
Slavery
Website
MissionaryOrganization
Image
Subject
Scene
Manuscript
Agent
Situation
Meeting
Order
Entity
DesireSatisfaction
Use
University
SlaveTrade
Memoir
Punishment
Research
Judgment
Song
Pension
Review
Intelligence
N99268126faf248afb7c7defbbb7a9a3eb7
String
N152f29b4aa5841d69cbcac4e611774a4b1
Practice
Cotton
Double
Justice
Violence
Nc0327303d0b9427fbc0bde474f20a665b2
WebDeveloper
Effect
Gender
N484938bb2d7e4360b7a7b7db78f3c280b1
SecurityLevel
Guide
Feature
Institution
Object
Vessel
BillOfSale
Establishment
Governor
Hardware
Guard
Furniture
RelationshipType
PurchaseOrder
Comment
Pair
PlaceOfDeath
Place
Slave
Party
Article
Speech
Ned963e32258d4cdc9f9dee88e0432c79b1
Photo
Major
WaterSource
MissionaryActivity
Buyer
Beneficiary
Introduction
Entry
Poem
Priest
Activist
Genre
Judge
SocialIssue
NumberSet
SlaveOwner
Plantation
Literacy
Impact
Woman
Controversy
Desire
Historicaltopic
LastName
Novel
Responsibility
Whole
Project
Datetime
Destination
Authority
Student
Photographer
GPA
Duration
Category
OnlineMerchant
Priesthood
Degree
Origin
ServiceProvider
Purpose
DomainArea
Field
DateTime
Disease
Skill
Group
Difficulty
Acquisition
Hour
Juror
State
Painting
View
EconomicIndependence
Locations
Patient
SystemOrPractice
Escape
Diocese
Drink
Ingredient
InfluencePower
Release
Servant
N152f29b4aa5841d69cbcac4e611774a4b5
Man
Respect
FinalMoment
Prison
Rebel
Job
Material
Honor
Coordinates
Pilgrimage
Scholar
Time
Director
KidnappingEvent
SurfaceType
Government
Owner
Statue
Fruit
MerchantStore
EducationSystem
Customer
Right
Book
Point
Currency
Widow
Veteran
Issuestatus
Integer
Treatment
Vote
MealType
Intensity
Study
Sale
Professor
Distribution
Exhibit
Enslavement
NutritionInfo
City
Country
Knowledge
Organization
Portfolio
Anyuri
Medium
Ticket
Response
Department
SkillOwner
Information
ManufacturedPlace
N7048638ddbe744ef92b7ef71d2bc54beb1
TradeType
Witness
Equipment
Continent
Theme
Issue
Mission
TimeInterval
N2fc4409f5d8741aabdef801fbf90ce36b3
Flower
Shift
Return
Testimony
Dialect
Recollection
Monument
Account
Nb1a34d8e9ab046da8d71d7b2bd1ff877b1
Recipe
Na3773eb7098347bbac15ca20ee75c694b6
Timezone
Master
Quantity
RiskAssessment
Possession
News
Film
Alphabet
Trade
InfluenceFactor
IndividualIndependence
Promise
TradingPlatform
Physicalhealth
Input
Item
Tour
XMLLiteral
Independence
Gift
Tourist
Laborer
Writing
ResidenceType
Public
Brigade
Jury
StudyTool
Seamstress
MonumentType
MedicalCondition
Thought
FoodItem
LegalCase
Ontology
Manager
Content
Activity
Sister
Nbbdcaa839c5e49d4af2ba05033c56790b1
Reading
Statement
Instance
Piece
List
Sermon
Meal
Wheel
Organisation
Trader
Prayer
Transport
President
Contract
Audience
Product
Component
Memorial
Commander
Invitation
Half
Truth
Supporter
Genius
Specialty
Decade
Exchange
RiskManagement
Food
Editor
School
Church
Medal
Gospel
Faculty
Permission
SpringSeason
SocialMovement
LegalSystem
Journalist
Store
Detail
ReturnItem
Thing
Resource
Official
Story
Rebellion
UnitSystem
Position
GarmentType
Cause
Word
Residence
N99268126faf248afb7c7defbbb7a9a3eb8
Seller
Report
Animal
Price
Abolitionism
Tale
N3c0a9d62a1d64b6b9c7ea7f0401a59ecb1
FirstName
LegalArea
Circumstance
Broker
ValueNumeric
Employee
CulturalNorm
Population
Parcel
Hospital
Ncbc19e54e6ff4dcd87266bab720beecbb2
Constellation
Life
Petition
Minor
Bride
FoodGroup
Race
Status
MedicalField
Ncbc19e54e6ff4dcd87266bab720beecbb1
RebelGroup
Case
Villain
Performance
Bank
Rank
Loss
Transportation
Century
Portion
Unit
ActOfKindness
Style
Debt
Manner
Building
Groom
Database
OfficialInstitution
ReturnPolicy
Conclusion
RiskLevel
Resolution
Human
N3f1fcd8fe7834504a1b4b47305dd5dc5b1
CauseOfDeath
Earning
Action
Literal
ReproductiveOrganism
Greeting
Condition
System
Version
LegalSpecialization
Movement
Role
Physician
WebSite
Overseer
Merchant
HistoricalTopic
Fugitive
Slaveholder
Script
Majority
Missionary
Resident
Topic
Ability
Worker
ReligiousDenomination
Politician
HistoricalEvent
Literature
Vehicle
Girl
Mail
RoomType
Process
Neighbor
Researcher
Donation
LegalRight
Diary
ReadingSkill
Location
Producer
Help
Dog
Missions
Court
Class
Historian
Election
Period
Actor
War
PensionPlan
Factor
Friendship
BirthPlace
Society
Town
Opportunity
Damage
Part
N47dbf12ea09b44e7837e9a0a478bc012b1
GenderRatio
Lyrics
Value
TailorShop
AgeDistribution
Power
Document
Doctor
N2fc4409f5d8741aabdef801fbf90ce36b1
Pensioner
Access
Struggle
Death
Home
Source
Ownership
Risk
Region
Pilgrim
ProjectTopic
SuperPower
Viewpoint
ContractType
Religion
Officer
Property
Shop
PoliceDepartment
Grandfather
Regiment
Publisher
Reader
N99268126faf248afb7c7defbbb7a9a3eb1
Publication
SkillLevel
Play
Candidate
Speaker
Market
Idea
Transaction
Signatory
Homeland
Wagon
N484938bb2d7e4360b7a7b7db78f3c280b2
Purchase
Effort
Task
InstitutionLocation
Axle
Money
Medicalprofessional
Voter
FieldOfStudy
Literary_Genre
Langstring
House
Funding
ActivismType
FinancialInstrument
MealComponent
Classroom
Data
Abolition
Plant
Level
Plan
Success
Troop
Hero
Road
Service
Descent
Activism
Fraction
Creator
Preacher
Nd3d404c3d0fe4e05bfe67f9531eb5770b1
Occasion
Asset
Page
Author
Lawyer
Na3773eb7098347bbac15ca20ee75c694b1
Preface
Tavern
Estate
Support
Overview
Symptom
Trial
MilitaryRank
Seq
Reputation
User
Provider
Output
Employer
Head
Prisoner
PersonOrEvent
AcademicStudy
Toe
Gyear
VolumeMeasurement
Guest
