N2fc4409f5d8741aabdef801fbf90ce36b3
Flower
Shift
DigitalLiteracy
Return
End
Dialect
Monument
HistoricalPeriod
Recollection
Suffering
Household
Obituary
Child
Account
Nb1a34d8e9ab046da8d71d7b2bd1ff877b1
Recipe
Na3773eb7098347bbac15ca20ee75c694b6
Timezone
Company
Plaintiff
LegalEducation
Participant
Master
Quantity
Year
Organizer
Possession
News
Expedition
Film
Alphabet
Tree
Trade
InfluenceFactor
LeasingStatus
IndividualIndependence
Strength
Warrant
Individual
Promise
TradingPlatform
LawFirm
Input
Star
Item
Tour
XMLLiteral
Independence
Gift
Village
Tourist
Laborer
Writing
ResidenceType
Consumer
Public
Brigade
Jury
Marriage
PoliticalIndependence
Request
Defendant
StudyTool
Seamstress
ClothingType
Nation
MonumentType
N93cce6105e0b4d24bb5be2671f1034a6b4
BodiesOfWater
Wife
PrivateVehicle
Thought
FoodItem
LegalCase
Ontology
Spring
Room
Timeperiod
Manager
Interest
Mean
Parent
Content
Spouse
Sister
Activity
Bag
Wedding
Nbbdcaa839c5e49d4af2ba05033c56790b1
Course
Reading
Statement
Street
Instance
Piece
Paper
Plaque
List
Movie
Anniversary
Sermon
Verse
Meal
Wheel
Native
Organisation
PoliticalParty
Trader
Instruction
Prayer
Transport
President
Audience
Black
Event
Infant
Product
Component
Memorial
Commander
Soldier
Setting
Foot
Invitation
Half
Truth
Supporter
Genius
Attendee
Artist
WritingSkill
Exchange
Religiousactivity
Family
Manumission
Food
School
Church
Result
Medal
Flowering
Number
Gospel
Nca296b5ff4e94689b8b58a69b033fb4bb1
N93cce6105e0b4d24bb5be2671f1034a6b1
Faculty
Feeling
Water
Permission
SpringSeason
SocialMovement
LegalSystem
Journalist
Anysimpletype
Travel
Award
Store
Religiousleader
River
Detail
ReturnItem
Reproduction
Thing
Resource
Official
Person
Language
Nonnegativeinteger
Retiree
Rebellion
Island
Story
UnitSystem
Position
GarmentType
Cause
Principle
Herb
N99268126faf248afb7c7defbbb7a9a3eb8
Residence
Seller
Word
SpreadGospel
Duties
Animal
Report
Price
Abolitionism
Duty
Tale
Character
Weather
PublicTransport
N3c0a9d62a1d64b6b9c7ea7f0401a59ecb1
FirstName
LegalArea
Passenger
TourGuide
Teacher
Broker
PlaceOfBirth
Name
ValueNumeric
Employee
Weapon
Influence
CulturalNorm
Software
Population
Cuisine
Office
Parcel
UndergroundRailroad
Invoice
AbolitionistMovement
Ncbc19e54e6ff4dcd87266bab720beecbb2
PoliticalIssue
Constellation
Life
Petition
Outcome
Minor
Bride
Mother
FoodGroup
Race
SelfLove
Status
Ncbc19e54e6ff4dcd87266bab720beecbb1
Relationship
Subcomponent
TimePeriod
RebelGroup
Text
Case
Villain
Performance
Inmate
PoliticalPosition
Rank
Loss
Transportation
Occupation
Landspot
Offence
Slavery
Portion
Website
MissionaryOrganization
Unit
ActOfKindness
Style
Ancestor
Image
Subject
Scene
Manuscript
Manner
Building
Groom
Agent
OfficialInstitution
Situation
ReturnPolicy
Meeting
Order
DesireSatisfaction
Entity
Conclusion
Resolution
Human
University
Use
N3f1fcd8fe7834504a1b4b47305dd5dc5b1
Action
SlaveTrade
Literal
Memoir
ReproductiveOrganism
Punishment
Research
Judgment
System
Song
LegalSpecialization
Version
Movement
Pension
Review
Role
Intelligence
N99268126faf248afb7c7defbbb7a9a3eb7
String
N152f29b4aa5841d69cbcac4e611774a4b1
Practice
WebSite
Overseer
Double
Merchant
HistoricalTopic
Justice
Violence
Fugitive
Slaveholder
WebDeveloper
Script
Gender
Majority
Missionary
N484938bb2d7e4360b7a7b7db78f3c280b1
SecurityLevel
Resident
Guide
Topic
Feature
Institution
Ability
Object
Worker
Vessel
BillOfSale
Establishment
ReligiousDenomination
Politician
Governor
Hardware
HistoricalEvent
Guard
Furniture
Literature
RelationshipType
Vehicle
PurchaseOrder
Comment
Girl
Employment
Mail
RoomType
Pair
Process
Place
Slave
Neighbor
Party
Article
Speech
Researcher
Ned963e32258d4cdc9f9dee88e0432c79b1
Photo
Major
WaterSource
MissionaryActivity
Appearance
LegalRight
ReadingSkill
Location
Beneficiary
Buyer
Producer
Help
Dog
Poem
Priest
Missions
Court
Class
Historian
Election
Genre
Activist
Judge
Actor
Period
PensionPlan
NumberSet
War
SocialIssue
SlaveOwner
Plantation
Friendship
Literacy
BirthPlace
Society
Woman
Town
Opportunity
Desire
Historicaltopic
LastName
Part
N47dbf12ea09b44e7837e9a0a478bc012b1
GenderRatio
Lyrics
Adulthood
Novel
Value
Responsibility
TailorShop
Whole
Project
AgeDistribution
Size
Datetime
Power
Destination
Authority
Student
N2fc4409f5d8741aabdef801fbf90ce36b1
Photographer
GPA
Duration
Category
Pensioner
OnlineMerchant
Color
Priesthood
Access
Degree
Origin
ServiceProvider
Purpose
Home
Source
DomainArea
Field
Ownership
Struggle
Testimony
DateTime
Descendant
Region
Pilgrim
Skill
ProjectTopic
Group
Acquisition
SuperPower
Viewpoint
Hour
Religion
Officer
Absorbency
Juror
PoliceDepartment
Property
State
Grandfather
Painting
Shop
View
Regiment
EconomicIndependence
Publisher
Locations
Reader
Publication
SkillLevel
Play
Shape
N99268126faf248afb7c7defbbb7a9a3eb1
Candidate
Speaker
Market
SystemOrPractice
Idea
Escape
Diocese
Figure
Homeland
Drink
Ingredient
InfluencePower
Release
Servant
N152f29b4aa5841d69cbcac4e611774a4b5
Wagon
Perception
Man
Respect
N484938bb2d7e4360b7a7b7db78f3c280b2
FinalMoment
Prison
Rebel
Purchase
Job
Material
Honor
Coordinates
Task
InstitutionLocation
Pilgrimage
Scholar
Axle
Voter
Environment
Time
Director
VolumeMeasurement
FieldOfStudy
KidnappingEvent
SurfaceType
Government
Literary_Genre
Owner
Langstring
Statue
House
MerchantStore
Funding
Fruit
FinancialInstrument
MealComponent
EducationSystem
Classroom
Customer
Abolition
ActivismType
Plant
Level
Book
Plan
Point
Right
Success
Troop
Hero
Road
Service
Widow
Veteran
Activism
Issuestatus
Integer
Fraction
Preacher
Creator
Nd3d404c3d0fe4e05bfe67f9531eb5770b1
MealType
Vote
Intensity
Occasion
ClothingItem
Study
Asset
Page
Author
Sale
Lawyer
Professor
Distribution
Na3773eb7098347bbac15ca20ee75c694b1
Preface
Tavern
Exhibit
Support
DateOfBirth
Enslavement
NutritionInfo
Trial
City
Country
Knowledge
Organization
Seq
MilitaryRank
Eye
Portfolio
Reputation
User
Anyuri
Provider
Medium
Output
Ticket
Response
Employer
Department
Head
SkillOwner
ManufacturedPlace
N7048638ddbe744ef92b7ef71d2bc54beb1
TradeType
Witness
Equipment
Continent
Prisoner
PersonOrEvent
AcademicStudy
Toe
Theme
Issue
Mission
TimeInterval
Guest
