Offence
AgeDistribution
TimeInterval
Baptism
Cause
Official
Request
Decision
Town
Ship
N2fc4409f5d8741aabdef801fbf90ce36b1
Branch
Attempt
Plaque
ReturnPolicy
War
ReligiousDenomination
Authority
Langstring
BodiesOfWater
Point
Patient
Troop
Village
Premise
Seamstress
Hero
Place
Earning
Diary
RealEstate
Street
Party
Customer
Travel
Principle
Decade
Newspaper
Assault
Monument
PoliticalParty
Stalactite
Knowledge
ConstructionMaterials
RiskManagement
Session
LegalRight
Auction
Militia
Scholar
Combatant
Tour
N16101d8486ed4e8aab7370f30699e93cb1
LastName
Figure
Factor
Condition
Na3773eb7098347bbac15ca20ee75c694b1
Book
Topic
Appearance
MissionaryOrganization
Project
Anysimpletype
Issuestatus
Feeling
EducationalInstitution
N3e77a9a39e704894af3d5867ca88d92bb1
Raid
Descent
Medium
Bloodvessel
MerchantStore
Employment
Novel
Hardware
Right
SlaveTrade
PostalAddress
Vehicle
Color
MedicalCondition
Funding
Box
Release
Comment
FinancialBond
InfluenceFactor
Road
Baby
Promise
Force
Institution
Opportunity
DesireSatisfaction
Pensioner
Equipment
Whole
PoliticalIssue
Photographer
UnitSystem
Theme
Page
Country
Establishment
Award
LeasingStatus
Origin
VolumeMeasurement
Skill
SystemOrPractice
Product
Period
Duties
SecurityLevel
Occasion
Purchase
Preacher
Currency
Guard
Difficulty
Black
Nca296b5ff4e94689b8b58a69b033fb4bb1
Journalist
Independence
Overseer
Quantity
ItemType
Colony
OnlineMerchant
Priesthood
Inmate
Speech
Government
N93cce6105e0b4d24bb5be2671f1034a6b4
Villain
Part
Pension
Witness
Access
Genius
Charge
Shop
Funeral
BillOfSale
Water
Friendship
Association
BirthDate
ReturnItem
Courthouse
School
Continent
Duty
RelationshipType
Success
Birth
Blood
Physician
Style
LegalCase
Line
Meal
Double
Recollection
Behalf
Community
RescueOperation
StudyTool
BuildingType
Groom
Object
Native
OfficialInstitution
Report
PoliceOfficer
Support
NumberSet
Ncbc19e54e6ff4dcd87266bab720beecbb2
Medal
Majority
Seq
SocialIssue
Biography
Justice
TailorShop
Favor
Construction
HistoricalTopic
Believer
N152f29b4aa5841d69cbcac4e611774a4b5
Coordinates
Lawyer
Na3773eb7098347bbac15ca20ee75c694b6
Mail
Nonnegativeinteger
Shift
SurfaceType
Man
Minor
Ocean
N484938bb2d7e4360b7a7b7db78f3c280b1
Viewpoint
InfluencePower
ActOfKindness
ActivismType
Movie
Child
Case
Help
Population
Axle
Historian
Bishop
Conclusion
Influence
Strength
Document
Arrestee
Software
Category
WebDeveloper
Subject
Restaurant
Furniture
President
N93cce6105e0b4d24bb5be2671f1034a6b1
Instructor
Power
Sermon
Slave
EducationSystem
Violence
Information
Director
Plant
InterestRate
Responsibility
Death
Pastor
Residence
Datetime
PastoralCounseling
InstitutionLocation
Attendee
Donation
PlaceOfDeath
PublicationDate
Instance
Audience
Blessing
ArrestReport
Exchange
Source
Star
Circumstance
Occupant
ConstructionWorker
Church
Voter
Interest
Tool
Editor
Anyuri
Artist
Drink
Activism
Risk
Consequence
Trader
Asset
Father
Article
FoodGroup
Memoir
Rebel
N99268126faf248afb7c7defbbb7a9a3eb8
Bats
Prisoner
Wheel
County
Bidder
Citation
Image
Candidate
Religiousactivity
Occupation
Result
Ncbc19e54e6ff4dcd87266bab720beecbb1
PoliticalPosition
Profession
Coast
PensionPlan
Size
Beneficiary
Century
Toe
Gift
PersonOrEvent
Message
Specialization
TradingPlatform
User
Time
Portion
ServiceProvider
Brigade
Company
Constellation
Physicalhealth
Island
LawEnforcementAgency
Punishment
Mission
Assistance
Issuer
Descendant
Feature
Clergyman
Classroom
DateOfBirth
Order
Convention
Historicaltopic
N3c0a9d62a1d64b6b9c7ea7f0401a59ecb1
Situation
Animal
Research
PracticeArea
Clothe
Servant
Truth
Nb1a34d8e9ab046da8d71d7b2bd1ff877b1
Homeland
FuneralDirector
Chef
Effect
Estate
Wife
CourtCase
Dessert
Overview
Component
Election
Reading
Passenger
ChangeType
AudioBook
Locations
Environment
Birthdate
Website
Court
TimePeriod
MealComponent
Ancestor
CulturalNorm
Teacher
GPA
Holder
Widow
Cave
Flower
Master
Mean
AuthorityArea
Property
PersonArrival
Status
Thing
Vessel
Grave
Timeperiod
Consumer
Herb
Entry
Student
Enslaver
LegalSpecialization
ReadingSkill
Job
Enemy
Ned963e32258d4cdc9f9dee88e0432c79b1
Employer
Photo
Nd3d404c3d0fe4e05bfe67f9531eb5770b1
Field
NutritionInfo
Missions
SkillOwner
Contractor
TimeOfDeath
Absorbency
Item
Eye
Buyer
Ownership
FirstName
Tale
Ontology
Life
Gyear
Exhibit
PoliticalIndependence
PublicTransport
UndergroundRailroad
PrivateVehicle
Guide
Judge
Family
Store
N7048638ddbe744ef92b7ef71d2bc54beb1
Name
River
Cemetery
Politician
EconomicIndependence
Response
Subcomponent
Intelligence
ClothingType
Specialty
TradeType
Blacksmith
N484938bb2d7e4360b7a7b7db78f3c280b2
BloodVessel
Head
ClothingItem
Course
Background
Ground
Collector
Retiree
Adulthood
Bank
Researcher
Tavern
Tourist
RebelGroup
Publication
DigitalLiteracy
Shape
Nc0327303d0b9427fbc0bde474f20a665b2
Pilgrim
Diocese
Writing
Society
Conversion
Camp
BodyPart
CampType
Reproduction
Content
Prison
Infant
Scene
Target
Landspot
Literacy
Receiver
Congregation
Perception
Collection
Outcome
Organizer
Creator
Statue
Market
State
AbolitionistMovement
Human
News
Officer
Manuscript
Meeting
Greeting
Text
MissionaryActivity
Narrator
Tree
Major
CreationDate
Guest
N2fc4409f5d8741aabdef801fbf90ce36b3
University
Manufacturer
Couple
Signatory
LegalSystem
Woman
MonumentType
Group
Literature
Data
Unit
Seller
Agent
Genre
Dog
Acter
Testimony
Publisher
Slavery
Fraction
N3f1fcd8fe7834504a1b4b47305dd5dc5b1
Prayer
Neighbor
Plan
Belief
Event
CauseOfDeath
Legislature
Organization
Change
Anniversary
Alphabet
Number
Acquisition
Film
DateTime
Biographer
Marriage
Invoice
Transport
Introduction
Suffering
Veteran
Ceremony
Desire
Grandfather
Entity
Input
Option
Organisation
Transportation
Literal
Pet
Commander
City
Food
Activist
Worker
SpringSeason
Verse
Piece
Loss
Version
Sale
Escape
Wedding
Service
WebSite
Struggle
GenderRatio
Vote
Ticket
Captain
ProjectTopic
Regiment
Jurisdiction
Nbbdcaa839c5e49d4af2ba05033c56790b1
WritingSkill
Counsel
Merchant
PoliceDepartment
Transaction
Artery
Recipe
Half
Sport
SocialMovement
Reader
Reason
Idea
Person
Dinner
Room
Trade
Practice
KidnappingEvent
End
Mother
Nation
LegalArea
Setting
FinalMoment
XMLLiteral
N99268126faf248afb7c7defbbb7a9a3eb1
Owner
Parent
Use
BlogPost
Attack
Metallurgy
Actor
Expedition
Sister
List
Cabin
Play
Doctor
SlaveOwner
Database
Memorial
Performance
Issue
Probability
Treatment
FieldOfStudy
Material
Role
Painting
Fugitive
Integer
Instruction
Pilgrimage
Output
Artwork
Detail
Account
House
ExchangeRate
Crime
Household
SelfLove
Intensity
Script
LegalEducation
N47dbf12ea09b44e7837e9a0a478bc012b1
Position
Religiousleader
ContractType
Portfolio
Task
PlaceOfBirth
Disease
Religion
HistoricalEvent
Pair
Girl
Resident
Argument
ReproductiveOrganism
PopulationCensus
N99268126faf248afb7c7defbbb7a9a3eb7
Soldier
Ability
Resolution
Story
Defendant
Controversy
Parcel
Arrival
Governor
Study
BirthPlace
Producer
Song
Supporter
Crowd
Activity
N152f29b4aa5841d69cbcac4e611774a4b1
RescueTeam
Cuisine
Class
LawFirm
Manner
FinancialInstrument
Distribution
Permission
Objective
RiskFactor
String
Review
Resource
Return
RoomType
Hospital
View
Offender
Poem
Department
Faculty
Rank
Hour
Dialect
Date
Cotton
Manager
Home
Carriage
Rebellion
Preface
Employee
Destination
Price
Paper
Statement
SkillLevel
Battle
Value
MilitaryRank
Spring
Broker
SpreadGospel
Participant
Bride
Plaintiff
Sacrament
Level
AcademicStudy
Foot
Fruit
Judgment
System
Damage
Gender
Juror
Effort
Degree
ManufacturedPlace
Relationship
Petition
Location
Possession
Movement
Process
Wagon
Character
Building
Nc0327303d0b9427fbc0bde474f20a665b1
Chance
Priest
FuneralService
SuperPower
Contract
Flowering
Honor
Spouse
Year
HistoricalPeriod
Victim
Word
Individual
Lyrics
TourGuide
Office
Provider
Laborer
Weather
Trial
Attorney
Discrimination
Manumission
GarmentType
Crew
Slaveholder
CountySeat
Speaker
Thought
Literary_Genre
Medicalprofessional
Duration
Courtroom
Timezone
Deceased
Weapon
Reputation
DecisionMaker
DomainArea
Boy
Carpenter
Purpose
WaterSource
MedicalField
Symptom
Conversation
Impact
Colonist
Bag
Respect
PurchaseOrder
Emergency
Member
Arrestor
FoodItem
Public
Missionary
IndividualIndependence
Warrant
Region
Lawenforcementagency
Bill
Enslavement
Ingredient
RiskAssessment
Dish
Invitation
ResidenceType
Professor
Race
Abolitionism
Gospel
Suspect
Money
RiskLevel
Action
Plantation
Language
Author
MealType
Obituary
Arrest
Jury
ValueNumeric
BlessingType
Debt
Abolition
