Offence
AgeDistribution
TimeInterval
Baptism
Cause
Official
Request
Town
Ship
N2fc4409f5d8741aabdef801fbf90ce36b1
Branch
Attempt
Plaque
ReturnPolicy
War
ReligiousDenomination
Authority
Langstring
BodiesOfWater
Point
Patient
Troop
Village
Seamstress
Hero
Place
Earning
Diary
RealEstate
Street
Party
Customer
Travel
Principle
Decade
Assault
Monument
PoliticalParty
Stalactite
Knowledge
ConstructionMaterials
RiskManagement
Session
LegalRight
Militia
Scholar
Tour
LastName
Figure
Factor
Condition
Na3773eb7098347bbac15ca20ee75c694b1
Book
Topic
MissionaryOrganization
Project
Anysimpletype
Issuestatus
Feeling
Descent
Medium
Bloodvessel
MerchantStore
Novel
Hardware
Right
SlaveTrade
PostalAddress
Vehicle
Color
MedicalCondition
Funding
Release
Comment
FinancialBond
InfluenceFactor
Road
Baby
Promise
Institution
Opportunity
DesireSatisfaction
Pensioner
Equipment
Whole
PoliticalIssue
Photographer
UnitSystem
Theme
Page
Country
Establishment
LeasingStatus
Origin
VolumeMeasurement
Skill
Product
Period
Duties
SecurityLevel
Occasion
Purchase
Preacher
Currency
Guard
Nca296b5ff4e94689b8b58a69b033fb4bb1
Journalist
Independence
Overseer
Quantity
Colony
OnlineMerchant
Priesthood
Inmate
Speech
Government
N93cce6105e0b4d24bb5be2671f1034a6b4
Villain
Part
Pension
Witness
Access
Genius
Charge
Shop
Funeral
BillOfSale
Water
Friendship
BirthDate
ReturnItem
School
Continent
Duty
RelationshipType
Success
Birth
Blood
Style
Physician
LegalCase
Meal
Double
Recollection
Behalf
RescueOperation
StudyTool
BuildingType
Groom
Object
Native
OfficialInstitution
Report
PoliceOfficer
Support
NumberSet
Ncbc19e54e6ff4dcd87266bab720beecbb2
Medal
Majority
Seq
SocialIssue
Biography
Justice
TailorShop
Favor
Construction
HistoricalTopic
N152f29b4aa5841d69cbcac4e611774a4b5
Coordinates
Lawyer
Na3773eb7098347bbac15ca20ee75c694b6
Mail
Nonnegativeinteger
Shift
SurfaceType
Man
Minor
Ocean
N484938bb2d7e4360b7a7b7db78f3c280b1
Viewpoint
InfluencePower
ActOfKindness
ActivismType
Child
Case
Help
Population
Axle
Historian
Conclusion
Influence
Debt
Strength
Document
Arrestee
Software
Category
WebDeveloper
Subject
Restaurant
Furniture
N93cce6105e0b4d24bb5be2671f1034a6b1
President
Power
Sermon
Slave
EducationSystem
Violence
Information
Director
Plant
InterestRate
Responsibility
Death
Pastor
Residence
Datetime
PastoralCounseling
InstitutionLocation
Attendee
Donation
PlaceOfDeath
PublicationDate
Instance
ArrestReport
Blessing
Audience
Exchange
Source
Star
Circumstance
Occupant
ConstructionWorker
Church
Voter
Interest
Tool
Editor
Anyuri
Artist
Drink
Activism
Risk
Trader
Asset
Father
Article
FoodGroup
Memoir
Rebel
N99268126faf248afb7c7defbbb7a9a3eb8
Bats
Prisoner
Wheel
County
Citation
Image
Candidate
Religiousactivity
Occupation
Result
Ncbc19e54e6ff4dcd87266bab720beecbb1
PoliticalPosition
Coast
PensionPlan
Beneficiary
Century
Toe
Gift
PersonOrEvent
Specialization
TradingPlatform
User
Time
Portion
ServiceProvider
Brigade
Company
Constellation
Physicalhealth
LawEnforcementAgency
Island
Punishment
Mission
Issuer
Descendant
Feature
Clergyman
Classroom
DateOfBirth
Order
Historicaltopic
N3c0a9d62a1d64b6b9c7ea7f0401a59ecb1
Situation
Animal
Research
Clothe
Servant
Truth
Nb1a34d8e9ab046da8d71d7b2bd1ff877b1
Homeland
FuneralDirector
Chef
Effect
Estate
Wife
Dessert
Overview
Component
Election
Reading
Passenger
ChangeType
Locations
Birthdate
Website
Court
TimePeriod
MealComponent
Ancestor
CulturalNorm
Teacher
GPA
Holder
Widow
Cave
Flower
Master
Mean
Property
PersonArrival
Status
Thing
Vessel
Grave
Timeperiod
Consumer
Herb
Entry
LegalSpecialization
ReadingSkill
Job
Enemy
Ned963e32258d4cdc9f9dee88e0432c79b1
Employer
Photo
Nd3d404c3d0fe4e05bfe67f9531eb5770b1
Field
NutritionInfo
Missions
SkillOwner
Contractor
TimeOfDeath
Item
Buyer
Ownership
FirstName
Tale
Ontology
Life
Gyear
Exhibit
PoliticalIndependence
PublicTransport
UndergroundRailroad
PrivateVehicle
Guide
Judge
Family
Store
N7048638ddbe744ef92b7ef71d2bc54beb1
Name
River
Cemetery
Politician
EconomicIndependence
Response
Subcomponent
Intelligence
Specialty
TradeType
N484938bb2d7e4360b7a7b7db78f3c280b2
BloodVessel
Head
Course
Ground
Retiree
Bank
Researcher
Tavern
Tourist
RebelGroup
Publication
DigitalLiteracy
Shape
Nc0327303d0b9427fbc0bde474f20a665b2
Pilgrim
Diocese
Writing
Society
Camp
BodyPart
CampType
Reproduction
Content
Prison
Infant
Scene
Landspot
Literacy
Congregation
Outcome
Organizer
Creator
Statue
Market
State
Human
News
Officer
Manuscript
Meeting
Greeting
Text
MissionaryActivity
Tree
Major
Guest
N2fc4409f5d8741aabdef801fbf90ce36b3
University
Manufacturer
Couple
Signatory
LegalSystem
Woman
MonumentType
Group
Literature
Data
Unit
Seller
Agent
Genre
Dog
Acter
Testimony
Publisher
Slavery
Fraction
N3f1fcd8fe7834504a1b4b47305dd5dc5b1
Prayer
Neighbor
Plan
Event
CauseOfDeath
Legislature
Organization
Change
Anniversary
Alphabet
Number
Acquisition
Film
DateTime
Biographer
Marriage
Invoice
Transport
Introduction
Suffering
Veteran
Ceremony
Desire
Grandfather
Entity
Organisation
Input
Transportation
Literal
Pet
Commander
City
Food
Activist
Worker
SpringSeason
Verse
Piece
Loss
Version
Sale
Escape
Wedding
Service
WebSite
Struggle
GenderRatio
Vote
Ticket
Captain
ProjectTopic
Regiment
Nbbdcaa839c5e49d4af2ba05033c56790b1
WritingSkill
Counsel
Merchant
PoliceDepartment
Transaction
Artery
Recipe
Half
Sport
Reader
Reason
Idea
Person
Room
Trade
Practice
KidnappingEvent
End
Mother
Nation
LegalArea
Setting
FinalMoment
XMLLiteral
N99268126faf248afb7c7defbbb7a9a3eb1
Owner
Parent
Use
BlogPost
Actor
Expedition
Sister
List
Cabin
Play
Doctor
SlaveOwner
Database
Memorial
Performance
Issue
Probability
Treatment
FieldOfStudy
Material
Role
Painting
Fugitive
Integer
Instruction
Pilgrimage
Output
Artwork
Detail
House
Crime
ExchangeRate
Household
SelfLove
Intensity
Script
LegalEducation
N47dbf12ea09b44e7837e9a0a478bc012b1
Position
Religiousleader
ContractType
Portfolio
Task
PlaceOfBirth
Disease
Religion
HistoricalEvent
Pair
Girl
Resident
ReproductiveOrganism
PopulationCensus
N99268126faf248afb7c7defbbb7a9a3eb7
Soldier
Resolution
Story
Defendant
Controversy
Parcel
Arrival
Governor
Study
BirthPlace
Producer
Song
Supporter
Crowd
Activity
N152f29b4aa5841d69cbcac4e611774a4b1
RescueTeam
Cuisine
Class
LawFirm
Manner
FinancialInstrument
Distribution
Permission
Objective
RiskFactor
String
Review
Resource
Return
RoomType
Hospital
View
Offender
Poem
Department
Faculty
Rank
Hour
Dialect
Date
Cotton
Manager
Home
Carriage
Rebellion
Preface
Employee
Destination
Price
Paper
Statement
SkillLevel
Value
MilitaryRank
Spring
Broker
SpreadGospel
Participant
Bride
Plaintiff
Sacrament
Level
AcademicStudy
Foot
Fruit
Judgment
System
Damage
Gender
Juror
Effort
Degree
ManufacturedPlace
Relationship
Petition
Location
Possession
Movement
Process
Wagon
Character
Building
Nc0327303d0b9427fbc0bde474f20a665b1
Priest
FuneralService
SuperPower
Contract
Flowering
Honor
Spouse
Year
HistoricalPeriod
Victim
Word
Individual
Lyrics
TourGuide
Office
Provider
Laborer
Weather
Trial
Discrimination
Manumission
GarmentType
Crew
Slaveholder
CountySeat
Speaker
Thought
Literary_Genre
Medicalprofessional
Duration
Timezone
Deceased
Weapon
Reputation
DomainArea
Boy
Carpenter
Purpose
WaterSource
MedicalField
Symptom
Impact
Bag
Colonist
Respect
PurchaseOrder
Emergency
Arrestor
Member
FoodItem
Public
Missionary
IndividualIndependence
Warrant
Region
Lawenforcementagency
Bill
Enslavement
Ingredient
RiskAssessment
ResidenceType
Invitation
Professor
Race
Gospel
Suspect
Money
RiskLevel
Action
Plantation
Language
Author
MealType
Obituary
Arrest
Jury
ValueNumeric
BlessingType
Student
Abolition
