Offence
AgeDistribution
TimeInterval
Baptism
Cause
Request
Official
Decision
Town
Ship
N2fc4409f5d8741aabdef801fbf90ce36b1
Branch
Attempt
Plaque
War
ReturnPolicy
ReligiousDenomination
Authority
Langstring
BodiesOfWater
Village
Patient
Troop
Point
Premise
Seamstress
Hero
Place
Earning
Diary
RealEstate
Street
Travel
Customer
Party
Principle
Decade
Newspaper
Assault
Monument
PoliticalParty
Stalactite
Knowledge
ConstructionMaterials
RiskManagement
Session
LegalRight
Auction
Militia
Scholar
Combatant
Tour
N16101d8486ed4e8aab7370f30699e93cb1
LastName
Figure
Factor
Condition
Na3773eb7098347bbac15ca20ee75c694b1
Book
Topic
Appearance
MissionaryOrganization
Project
Anysimpletype
Issuestatus
EducationalInstitution
Feeling
N3e77a9a39e704894af3d5867ca88d92bb1
Raid
Descent
Medium
Bloodvessel
MerchantStore
Employment
Novel
Hardware
Right
SlaveTrade
PostalAddress
Vehicle
Color
Box
MedicalCondition
Funding
Release
Comment
FinancialBond
InfluenceFactor
Road
Baby
Promise
Force
Institution
Opportunity
DesireSatisfaction
Pensioner
Equipment
Whole
PoliticalIssue
Photographer
UnitSystem
Theme
Page
Country
Establishment
Award
LeasingStatus
Origin
VolumeMeasurement
Skill
SystemOrPractice
Product
Period
Duties
SecurityLevel
Occasion
Purchase
Preacher
Currency
Guard
Difficulty
Black
Nca296b5ff4e94689b8b58a69b033fb4bb1
Journalist
Independence
Overseer
Quantity
ItemType
Colony
OnlineMerchant
Priesthood
Inmate
Speech
Government
N93cce6105e0b4d24bb5be2671f1034a6b4
Villain
Part
Pension
Witness
Access
Genius
Shop
Charge
Funeral
BillOfSale
Water
Association
Friendship
BirthDate
Courthouse
ReturnItem
School
Continent
Success
RelationshipType
Duty
Birth
Blood
Style
Physician
LegalCase
Line
Meal
Double
Recollection
Behalf
Community
RescueOperation
StudyTool
BuildingType
Groom
Object
Native
OfficialInstitution
Report
PoliceOfficer
Support
NumberSet
Ncbc19e54e6ff4dcd87266bab720beecbb2
Medal
Majority
Seq
SocialIssue
Biography
Justice
TailorShop
Favor
Construction
HistoricalTopic
Believer
N152f29b4aa5841d69cbcac4e611774a4b5
Coordinates
Lawyer
Na3773eb7098347bbac15ca20ee75c694b6
Mail
Nonnegativeinteger
Shift
SurfaceType
Man
Minor
Ocean
N484938bb2d7e4360b7a7b7db78f3c280b1
Viewpoint
InfluencePower
ActOfKindness
ActivismType
Movie
Child
Case
Help
Population
Axle
Historian
Bishop
Conclusion
Strength
Influence
Document
Arrestee
Software
Category
WebDeveloper
Subject
Furniture
Restaurant
N93cce6105e0b4d24bb5be2671f1034a6b1
President
Instructor
Power
Sermon
Slave
EducationSystem
Violence
Information
Director
Plant
InterestRate
Responsibility
Death
Pastor
Residence
Datetime
PastoralCounseling
InstitutionLocation
Attendee
Donation
PlaceOfDeath
PublicationDate
Instance
Audience
ArrestReport
Blessing
Exchange
Source
Star
Circumstance
Occupant
ConstructionWorker
Church
Voter
Interest
Tool
Editor
Anyuri
Artist
Drink
Activism
Consequence
Risk
Trader
Asset
Father
Article
FoodGroup
Memoir
Rebel
N99268126faf248afb7c7defbbb7a9a3eb8
Bats
Wheel
Prisoner
County
Bidder
Citation
Image
Candidate
Religiousactivity
Occupation
Result
Ncbc19e54e6ff4dcd87266bab720beecbb1
PoliticalPosition
Size
Coast
PensionPlan
Profession
Beneficiary
Message
Century
Toe
Gift
PersonOrEvent
Specialization
TradingPlatform
User
Time
Portion
ServiceProvider
Brigade
Constellation
Company
Physicalhealth
LawEnforcementAgency
Island
Punishment
Mission
Assistance
Issuer
Descendant
Feature
Classroom
Clergyman
DateOfBirth
Order
Convention
Historicaltopic
N3c0a9d62a1d64b6b9c7ea7f0401a59ecb1
Situation
Animal
Research
PracticeArea
Servant
Nb1a34d8e9ab046da8d71d7b2bd1ff877b1
Clothe
Truth
Homeland
FuneralDirector
Wife
Chef
Effect
Estate
CourtCase
Dessert
Overview
Component
Election
Reading
Passenger
ChangeType
AudioBook
Environment
Locations
Website
Birthdate
Court
TimePeriod
MealComponent
Ancestor
CulturalNorm
Teacher
GPA
Holder
Widow
Cave
Flower
Master
Mean
AuthorityArea
Property
PersonArrival
Status
Thing
Vessel
Grave
Timeperiod
Consumer
Enslaver
Entry
Student
Herb
LegalSpecialization
ReadingSkill
Job
Enemy
Ned963e32258d4cdc9f9dee88e0432c79b1
Employer
Photo
Nd3d404c3d0fe4e05bfe67f9531eb5770b1
Field
NutritionInfo
Missions
SkillOwner
Absorbency
Contractor
TimeOfDeath
Item
Eye
Buyer
Ownership
FirstName
Tale
Ontology
Life
Gyear
Exhibit
PoliticalIndependence
PublicTransport
UndergroundRailroad
PrivateVehicle
Guide
Judge
Family
Store
N7048638ddbe744ef92b7ef71d2bc54beb1
Name
River
Cemetery
Politician
EconomicIndependence
Response
Subcomponent
Intelligence
ClothingType
Specialty
TradeType
Blacksmith
N484938bb2d7e4360b7a7b7db78f3c280b2
BloodVessel
Head
ClothingItem
Course
Background
Ground
Collector
Adulthood
Retiree
Bank
Researcher
Tavern
Tourist
RebelGroup
Publication
DigitalLiteracy
Shape
Nc0327303d0b9427fbc0bde474f20a665b2
Pilgrim
Diocese
Society
Writing
Conversion
Camp
BodyPart
CampType
Reproduction
Content
Prison
Scene
Target
Infant
Landspot
Literacy
Receiver
Congregation
Perception
Collection
Outcome
Organizer
Creator
Statue
Market
State
AbolitionistMovement
Human
News
Officer
Manuscript
Meeting
Greeting
Text
MissionaryActivity
Narrator
Tree
Major
CreationDate
Guest
N2fc4409f5d8741aabdef801fbf90ce36b3
University
Manufacturer
Couple
Signatory
Woman
LegalSystem
MonumentType
Group
Literature
Data
Unit
Seller
Agent
Genre
Dog
Acter
Testimony
Publisher
Slavery
Fraction
N3f1fcd8fe7834504a1b4b47305dd5dc5b1
Prayer
Neighbor
Belief
Plan
Event
CauseOfDeath
Legislature
Organization
Change
Anniversary
Alphabet
Number
Acquisition
DateTime
Film
Biographer
Invoice
Transport
Veteran
Suffering
Introduction
Marriage
Ceremony
Desire
Grandfather
Entity
Organisation
Option
Input
Transportation
Literal
Commander
Pet
City
Food
Activist
Worker
SpringSeason
Verse
Piece
Loss
Version
Sale
Escape
Wedding
Service
WebSite
Struggle
Vote
GenderRatio
Ticket
ProjectTopic
Captain
Regiment
Jurisdiction
Nbbdcaa839c5e49d4af2ba05033c56790b1
WritingSkill
Counsel
Merchant
PoliceDepartment
Transaction
Artery
Recipe
Half
Sport
SocialMovement
Reader
Reason
Idea
Person
Dinner
Room
Trade
Practice
KidnappingEvent
End
Mother
Nation
LegalArea
Setting
FinalMoment
XMLLiteral
N99268126faf248afb7c7defbbb7a9a3eb1
Owner
Parent
Use
BlogPost
Attack
Metallurgy
Actor
Expedition
Sister
List
Cabin
Play
Doctor
SlaveOwner
Database
Memorial
Performance
Issue
Probability
Treatment
FieldOfStudy
Material
Role
Painting
Fugitive
Integer
Instruction
Pilgrimage
Output
Artwork
Detail
Account
House
Crime
ExchangeRate
Intensity
Household
SelfLove
N47dbf12ea09b44e7837e9a0a478bc012b1
Script
LegalEducation
Position
Religiousleader
Task
ContractType
Portfolio
PlaceOfBirth
Disease
Religion
HistoricalEvent
Pair
Resident
Girl
Argument
ReproductiveOrganism
Soldier
PopulationCensus
N99268126faf248afb7c7defbbb7a9a3eb7
Ability
Resolution
Story
Defendant
Controversy
Parcel
Arrival
Governor
Study
BirthPlace
Producer
Song
Supporter
Crowd
Activity
N152f29b4aa5841d69cbcac4e611774a4b1
RescueTeam
Cuisine
Class
LawFirm
Manner
FinancialInstrument
Distribution
Permission
Objective
RiskFactor
String
Review
Resource
Return
RoomType
Hospital
View
Faculty
Offender
Department
Poem
Rank
Hour
Dialect
Date
Cotton
Manager
Home
Carriage
Rebellion
Preface
Destination
Price
Employee
Paper
Statement
SkillLevel
Battle
Value
MilitaryRank
Spring
Broker
Participant
SpreadGospel
Bride
Plaintiff
AcademicStudy
Sacrament
Level
Foot
Fruit
Judgment
System
Damage
Gender
Juror
Degree
Effort
ManufacturedPlace
Relationship
Petition
Location
Possession
Wagon
Movement
Process
Character
Building
Nc0327303d0b9427fbc0bde474f20a665b1
Chance
Priest
FuneralService
SuperPower
Contract
Year
Honor
Spouse
Flowering
HistoricalPeriod
Victim
Word
Individual
Lyrics
TourGuide
Provider
Office
Laborer
Weather
Trial
Attorney
Discrimination
GarmentType
Manumission
Crew
Slaveholder
CountySeat
Speaker
Thought
Literary_Genre
Courtroom
Duration
Medicalprofessional
Timezone
Deceased
Weapon
DecisionMaker
Reputation
DomainArea
Boy
Carpenter
Purpose
WaterSource
MedicalField
Symptom
Conversation
Impact
Bag
Colonist
Respect
PurchaseOrder
Emergency
Arrestor
Member
FoodItem
Public
Missionary
Warrant
IndividualIndependence
Region
Lawenforcementagency
Bill
Enslavement
Ingredient
RiskAssessment
Dish
Invitation
ResidenceType
Professor
Race
Abolitionism
Gospel
Suspect
Money
RiskLevel
Action
Plantation
Language
Author
MealType
Obituary
Arrest
Jury
ValueNumeric
BlessingType
Debt
Abolition
