Movement
Customer
Descendant
Reason
BodyPart
Success
Location
Bloodvessel
Account
Arrestor
Award
Service
Suspect
Timezone
Activist
Blood
Genre
Actor
Integer
SocialIssue
TimePeriod
Bag
Resource
Person
Nonnegativeinteger
Gender
Movie
PersonArrival
Anniversary
BloodVessel
PoliceOfficer
Organisation
Adulthood
Ability
Ancestor
DateOfBirth
Arrest
Country
Datetime
Lawenforcementagency
Consumer
Victim
ArrestReport
User
Provider
Crime
Assistance
Receiver
Task
Artery
PlaceOfBirth
Assault
LawEnforcementAgency
Artist
Employment
N7048638ddbe744ef92b7ef71d2bc54beb1
Arrival
Offender
N93cce6105e0b4d24bb5be2671f1034a6b4
ServiceProvider
Arrestee
N93cce6105e0b4d24bb5be2671f1034a6b1
ActivismType
