DigitalLiteracy
Subcomponent
HistoricalPeriod
Suffering
Household
Obituary
Child
Battle
Company
Plaintiff
Participant
LegalEducation
Year
Organizer
Expedition
Tree
LeasingStatus
Strength
Warrant
Individual
LawFirm
Star
Village
Consumer
Marriage
PoliticalIndependence
Request
Defendant
Assistance
Assault
Nation
N93cce6105e0b4d24bb5be2671f1034a6b4
BodiesOfWater
Wife
PrivateVehicle
Spring
Room
Timeperiod
Interest
Mean
Parent
Spouse
Bag
Wedding
Date
Course
Street
Movie
Paper
Plaque
Verse
Native
PoliticalParty
Instruction
Event
Infant
Soldier
Setting
Foot
Attendee
Artist
WritingSkill
Religiousactivity
Family
Manumission
Result
Flowering
Number
Nca296b5ff4e94689b8b58a69b033fb4bb1
Feeling
Water
Travel
Anysimpletype
Religiousleader
Blood
River
Reproduction
Person
Language
Nonnegativeinteger
Retiree
Island
PersonArrival
PoliceOfficer
Principle
Herb
SpreadGospel
Duties
Duty
Character
Weather
PublicTransport
Passenger
TourGuide
Teacher
Name
Weapon
Influence
Arrival
Software
Cuisine
Office
UndergroundRailroad
Invoice
AbolitionistMovement
PoliticalIssue
Outcome
Mother
SelfLove
Relationship
TimePeriod
Text
Inmate
PoliticalPosition
Occupation
Landspot
Offence
Slavery
Website
MissionaryOrganization
Ancestor
Image
Subject
Scene
Manuscript
Agent
ArrestReport
Situation
Meeting
LawEnforcementAgency
Order
Entity
Use
University
SlaveTrade
Memoir
Punishment
Research
Judgment
Song
Pension
Review
Intelligence
N99268126faf248afb7c7defbbb7a9a3eb7
String
N152f29b4aa5841d69cbcac4e611774a4b1
Practice
Double
Justice
Violence
WebDeveloper
Effect
Gender
N484938bb2d7e4360b7a7b7db78f3c280b1
SecurityLevel
Guide
Feature
Institution
AudioBook
Narrator
Vessel
BillOfSale
Establishment
Governor
Hardware
Guard
Furniture
RelationshipType
Crime
PurchaseOrder
Comment
Artwork
Employment
Pair
Place
Slave
Party
Article
Speech
Ned963e32258d4cdc9f9dee88e0432c79b1
Photo
Major
WaterSource
MissionaryActivity
Buyer
Beneficiary
Poem
Priest
Activist
Genre
Judge
SocialIssue
NumberSet
SlaveOwner
Plantation
Literacy
Woman
Historicaltopic
LastName
Adulthood
Novel
Responsibility
Whole
Project
Datetime
Destination
Authority
Sacrament
Student
Photographer
GPA
Duration
Category
OnlineMerchant
Priesthood
Degree
Origin
ServiceProvider
Purpose
DomainArea
Field
DateTime
Bloodvessel
Skill
Group
Acquisition
Hour
Attorney
Juror
State
Painting
View
EconomicIndependence
Locations
SystemOrPractice
Escape
Diocese
Drink
Ingredient
InfluencePower
Release
Servant
N152f29b4aa5841d69cbcac4e611774a4b5
Combatant
Man
Respect
Prison
Victim
Rebel
Job
Material
Honor
Coordinates
Artery
Pilgrimage
Scholar
Time
Director
KidnappingEvent
SurfaceType
Government
Owner
Statue
Fruit
MerchantStore
EducationSystem
Customer
Right
Book
Point
Widow
Suspect
Veteran
Issuestatus
Integer
Vote
MealType
Intensity
Study
Sale
Professor
Distribution
Exhibit
Enslavement
NutritionInfo
City
Country
Knowledge
Organization
Lawenforcementagency
Portfolio
Anyuri
Medium
Ticket
Response
Department
SkillOwner
ManufacturedPlace
N7048638ddbe744ef92b7ef71d2bc54beb1
TradeType
Witness
Equipment
Continent
Theme
Issue
Mission
N2fc4409f5d8741aabdef801fbf90ce36b3
Flower
Shift
Return
Testimony
Dialect
Recollection
Monument
Account
Association
Nb1a34d8e9ab046da8d71d7b2bd1ff877b1
Recipe
Na3773eb7098347bbac15ca20ee75c694b6
Timezone
Master
Quantity
Possession
News
Alphabet
Trade
InfluenceFactor
IndividualIndependence
Promise
TradingPlatform
Input
Item
Tour
XMLLiteral
Independence
Gift
Tourist
Laborer
Writing
ResidenceType
Public
Brigade
Jury
StudyTool
Seamstress
MonumentType
Thought
FoodItem
LegalCase
Ontology
Manager
Content
Activity
Sister
Nbbdcaa839c5e49d4af2ba05033c56790b1
Reading
Statement
Guest
Instance
Piece
Anniversary
List
Sermon
Meal
Wheel
Organisation
Trader
Arrest
Prayer
Transport
President
Audience
Product
Component
Memorial
Commander
Invitation
Half
Truth
Supporter
Genius
Exchange
Food
Editor
School
Church
Medal
N93cce6105e0b4d24bb5be2671f1034a6b1
Gospel
Reason
Faculty
Permission
SpringSeason
SocialMovement
LegalSystem
Journalist
Award
Store
Detail
ReturnItem
Thing
Resource
Official
Story
Rebellion
UnitSystem
PracticeArea
Position
GarmentType
Cause
Conversation
Residence
N99268126faf248afb7c7defbbb7a9a3eb8
Seller
Word
Report
Animal
Price
Abolitionism
Tale
N3c0a9d62a1d64b6b9c7ea7f0401a59ecb1
FirstName
LegalArea
Receiver
Broker
PlaceOfBirth
ValueNumeric
Employee
CulturalNorm
Offender
Population
Parcel
BodyPart
Ncbc19e54e6ff4dcd87266bab720beecbb2
Constellation
Life
Petition
Minor
Bride
FoodGroup
Race
Status
Ncbc19e54e6ff4dcd87266bab720beecbb1
RebelGroup
Case
Villain
Performance
Rank
Loss
Transportation
Portion
Unit
ActOfKindness
Style
Manner
Building
Groom
OfficialInstitution
ReturnPolicy
Target
Resolution
Human
N3f1fcd8fe7834504a1b4b47305dd5dc5b1
Action
Literal
ReproductiveOrganism
System
Version
LegalSpecialization
Movement
Role
Background
Bidder
WebSite
Overseer
Merchant
HistoricalTopic
Fugitive
Slaveholder
Script
Majority
Missionary
Resident
Objective
Topic
Ability
Worker
Auction
ReligiousDenomination
Politician
HistoricalEvent
Literature
Vehicle
Girl
Mail
RoomType
Process
Neighbor
Researcher
LegalRight
ReadingSkill
Location
Producer
Help
Dog
Missions
Court
Class
Historian
Election
Period
Actor
War
PensionPlan
Friendship
BirthPlace
Society
Town
Opportunity
BloodVessel
Part
N47dbf12ea09b44e7837e9a0a478bc012b1
GenderRatio
Lyrics
Value
TailorShop
AgeDistribution
Power
Raid
N2fc4409f5d8741aabdef801fbf90ce36b1
Attempt
Pensioner
Access
Struggle
Home
Source
Ownership
Descendant
Region
Pilgrim
ProjectTopic
Arrestor
SuperPower
Viewpoint
Religion
Officer
Property
Shop
PoliceDepartment
Grandfather
Regiment
Publisher
Reader
N99268126faf248afb7c7defbbb7a9a3eb1
Publication
SkillLevel
Play
Candidate
Birthdate
Speaker
Market
Idea
Homeland
Attack
Wagon
N484938bb2d7e4360b7a7b7db78f3c280b2
Message
Purchase
Baptism
Effort
Task
InstitutionLocation
Axle
Environment
Voter
FieldOfStudy
Literary_Genre
Langstring
Arrestee
House
Funding
ActivismType
FinancialInstrument
MealComponent
Classroom
Abolition
Plant
Level
Plan
Success
Troop
Hero
Road
Service
Activism
Fraction
Preacher
Creator
Nd3d404c3d0fe4e05bfe67f9531eb5770b1
Occasion
Asset
Page
Author
Lawyer
Na3773eb7098347bbac15ca20ee75c694b1
Preface
Tavern
DateOfBirth
Support
Trial
MilitaryRank
Seq
Reputation
User
Provider
Output
Employer
Baby
Head
Prisoner
PersonOrEvent
AcademicStudy
Toe
VolumeMeasurement
Film
