Seamstress
Carpenter
Medicalprofessional
Researcher
Memorial
PoliticalPosition
Field
Offender
BloodVessel
Arrest
Manner
Part
Blessing
ClothingType
N3f1fcd8fe7834504a1b4b47305dd5dc5b1
Death
DomainArea
Marriage
Dialect
Quantity
InstitutionLocation
Provider
Level
Change
MealComponent
SecurityLevel
Plantation
Piece
Output
FinalMoment
Plaque
CountySeat
PublicationDate
Statement
Bride
Deceased
Enslavement
RoomType
Principle
Language
Gift
N99268126faf248afb7c7defbbb7a9a3eb1
Cotton
Consumer
Truth
SystemOrPractice
Chance
Prisoner
School
Donation
Line
NumberSet
Girl
LegalCase
Portfolio
LegalSystem
Life
Reader
Politician
Job
Auction
Native
Bidder
PlaceOfDeath
Publisher
Hardware
Religiousactivity
Public
Objective
SurfaceType
Activist
EducationalInstitution
Nc0327303d0b9427fbc0bde474f20a665b1
Item
Commander
SocialMovement
Transaction
Shift
PracticeArea
City
Year
Currency
Cuisine
Editor
Producer
Physician
N152f29b4aa5841d69cbcac4e611774a4b5
Practice
Star
Signatory
Baby
Information
RiskLevel
InfluenceFactor
Image
Acter
Component
Laborer
Audience
FoodGroup
GenderRatio
Battle
Shop
LegalArea
Strength
Mother
Argument
User
Product
Captain
Historicaltopic
Ground
Faculty
Birth
Pension
Report
Material
RelationshipType
Owner
Alphabet
Spring
Landspot
Human
Point
Judge
ChangeType
Permission
Market
State
Narrator
Desire
Portion
Clothe
Issuestatus
Professor
BlogPost
RiskManagement
Suffering
Scholar
TourGuide
Place
Origin
Pensioner
Courthouse
Trader
LawEnforcementAgency
Article
Candidate
Dessert
Page
Religiousleader
Branch
Newspaper
End
Coordinates
FirstName
Bishop
Session
LegalEducation
InfluencePower
Convention
Teacher
Ability
PensionPlan
LegalSpecialization
Lawenforcementagency
PostalAddress
TimePeriod
Input
ExchangeRate
PoliceOfficer
Artwork
Issuer
Destination
Home
LeasingStatus
Obituary
Feeling
Passenger
Entity
SlaveOwner
Content
Trade
Judgment
Arrestor
Flowering
Guard
Company
Locations
SkillLevel
StudyTool
Decade
ServiceProvider
ReturnPolicy
Monument
Greeting
Official
Play
Circumstance
Result
Belief
AbolitionistMovement
Anysimpletype
Biographer
House
Customer
Blood
Manuscript
Location
Funding
Thought
Bag
ResidenceType
TailorShop
Message
Patient
FuneralService
Fraction
Diary
Escape
Case
AuthorityArea
Master
Tavern
Biography
Movement
Time
HistoricalTopic
Constellation
University
Court
Source
Drink
TimeInterval
Earning
Child
Jury
Timezone
Preacher
Dog
Wedding
Grave
ClothingItem
Colonist
Region
N152f29b4aa5841d69cbcac4e611774a4b1
Chef
Controversy
Thing
DateTime
Project
Rebel
Event
Overseer
Rank
BuildingType
FuneralDirector
Feature
N3c0a9d62a1d64b6b9c7ea7f0401a59ecb1
Transport
PoliticalParty
Inmate
Literary_Genre
Half
Room
Collector
Knowledge
Wheel
Weather
CauseOfDeath
N3e77a9a39e704894af3d5867ca88d92bb1
Conversion
Tree
Herb
Damage
MilitaryRank
Occasion
Infant
String
Wagon
Course
Resolution
Duration
Artist
Holder
Song
MissionaryOrganization
Invitation
Memoir
Na3773eb7098347bbac15ca20ee75c694b6
Novel
Medium
Story
Software
PublicTransport
Enslaver
President
N2fc4409f5d8741aabdef801fbf90ce36b3
Descendant
FinancialInstrument
Meeting
River
Website
LegalRight
CourtCase
Script
Ticket
Father
BodyPart
Organizer
Furniture
Equipment
Tale
Juror
HistoricalEvent
Timeperiod
Literal
SocialIssue
Assault
Subject
Arrestee
Sacrament
Bill
Author
Baptism
Slavery
Weapon
GPA
Conclusion
Slave
Combatant
Activity
Vessel
MissionaryActivity
HistoricalPeriod
ProjectTopic
Pilgrim
Courtroom
Detail
Troop
Student
Seq
Adulthood
Option
Color
Axle
Painting
N2fc4409f5d8741aabdef801fbf90ce36b1
Witness
Influence
Restaurant
ContractType
RiskFactor
Action
Guide
Animal
Crime
Attorney
Attendee
N99268126faf248afb7c7defbbb7a9a3eb8
Jurisdiction
Genius
Order
Meal
Style
Parent
Veteran
Vehicle
Position
Physicalhealth
Head
Recipe
Comment
Degree
Hero
Ceremony
ActivismType
Widow
Success
Village
Plant
Database
Lawyer
N7048638ddbe744ef92b7ef71d2bc54beb1
Nbbdcaa839c5e49d4af2ba05033c56790b1
Black
Figure
Government
Possession
Target
SkillOwner
Legislature
Decision
Probability
Estate
Population
Country
Document
Risk
Absorbency
N47dbf12ea09b44e7837e9a0a478bc012b1
Gospel
County
Villain
Merchant
PrivateVehicle
Employment
Interest
Review
Unit
Theme
Travel
Name
Movie
Entry
Appearance
Pilgrimage
AgeDistribution
Major
Overview
Congregation
Homeland
Anniversary
Consequence
Citation
Recollection
Vote
Condition
Tour
Raid
Nca296b5ff4e94689b8b58a69b033fb4bb1
Regiment
Genre
Struggle
Nb1a34d8e9ab046da8d71d7b2bd1ff877b1
Version
Disease
ReturnItem
Purpose
Photographer
Department
WritingSkill
N99268126faf248afb7c7defbbb7a9a3eb7
Attempt
Minor
N484938bb2d7e4360b7a7b7db78f3c280b2
Eye
CreationDate
Foot
Institution
RealEstate
Officer
Honor
SpreadGospel
Century
Introduction
ReligiousDenomination
Medal
Relationship
Punishment
Access
DigitalLiteracy
Soldier
Skill
Flower
Specialty
MerchantStore
Ncbc19e54e6ff4dcd87266bab720beecbb1
Anyuri
Artery
Plaintiff
Asset
Invoice
Historian
DecisionMaker
Pair
PurchaseOrder
Status
Verse
Discrimination
Town
Character
Association
Grandfather
PopulationCensus
Organization
Person
Doctor
Manumission
Loss
SelfLove
Priesthood
Pastor
ActOfKindness
Store
Reputation
Mean
Supporter
Boy
Intensity
Pet
Suspect
Race
PoliticalIndependence
Statue
AcademicStudy
Setting
Continent
FinancialBond
PoliceDepartment
Manager
Research
Writing
PastoralCounseling
DateOfBirth
RescueTeam
WaterSource
Perception
Director
Word
Bats
Publication
Nonnegativeinteger
Spouse
Performance
Right
Topic
Background
Paper
Conversation
Trial
Actor
Wife
Creator
Clergyman
Cause
N484938bb2d7e4360b7a7b7db78f3c280b1
Priest
Occupation
Manufacturer
PersonOrEvent
Category
Gender
Church
LawFirm
Sale
Viewpoint
Period
Descent
Difficulty
BlessingType
Construction
Militia
Worker
Nc0327303d0b9427fbc0bde474f20a665b2
Request
MedicalCondition
Crew
Book
Religion
Effect
Toe
Household
UndergroundRailroad
Transportation
Instructor
PersonArrival
Resident
Individual
Langstring
Tool
MedicalField
Beneficiary
Speaker
Organisation
Environment
InterestRate
ConstructionWorker
SpringSeason
Subcomponent
Coast
Warrant
Stalactite
Integer
Servant
SlaveTrade
Camp
Respect
Opportunity
Abolitionism
Idea
Property
Nd3d404c3d0fe4e05bfe67f9531eb5770b1
Behalf
Datetime
BillOfSale
Offence
Establishment
Support
Enemy
TimeOfDeath
Money
Instance
Road
Assistance
Election
CampType
Testimony
TradingPlatform
Symptom
Award
Responsibility
AudioBook
Member
Employee
Prison
Society
Party
Exhibit
Guest
Charge
N93cce6105e0b4d24bb5be2671f1034a6b1
Instruction
Nation
Tourist
Situation
Factor
Response
Poem
Rebellion
Sport
Agent
Treatment
Help
View
Hour
Speech
Ship
Object
OfficialInstitution
Role
Groom
Contract
Parcel
Arrival
Mail
Water
Text
VolumeMeasurement
Shape
Na3773eb7098347bbac15ca20ee75c694b1
WebDeveloper
Account
MealType
Reproduction
Friendship
Promise
Prayer
Carriage
Film
Distribution
Duty
ReproductiveOrganism
WebSite
Violence
EconomicIndependence
Slaveholder
News
Ncbc19e54e6ff4dcd87266bab720beecbb2
Seller
ConstructionMaterials
Issue
Ownership
Task
ArrestReport
Journalist
Man
Box
Emergency
Sermon
Reading
Ned963e32258d4cdc9f9dee88e0432c79b1
Receiver
Occupant
Fugitive
ValueNumeric
Colony
BirthPlace
Neighbor
Counsel
Whole
Bloodvessel
Acquisition
Price
BirthDate
Literacy
Funeral
MonumentType
Debt
Family
Purchase
Class
SuperPower
Dinner
Premise
Force
DesireSatisfaction
Plan
GarmentType
Size
Missionary
Authority
Ingredient
Activism
TradeType
Gyear
Ancestor
PlaceOfBirth
Use
XMLLiteral
Double
Street
Abolition
Number
Return
Believer
Duties
Victim
Release
Dish
Value
Retiree
Voter
Preface
ReadingSkill
Effort
Intelligence
Food
Scene
Attack
RiskAssessment
Couple
Collection
Classroom
Exchange
Hospital
Study
RescueOperation
Service
Date
Process
Impact
System
Cemetery
Residence
IndividualIndependence
Power
Defendant
CulturalNorm
Crowd
KidnappingEvent
Reason
Ocean
Group
Photo
Missions
ItemType
Brigade
Governor
Birthdate
War
ManufacturedPlace
Fruit
Mission
FieldOfStudy
Favor
Petition
Data
UnitSystem
Woman
OnlineMerchant
LastName
Lyrics
Specialization
Buyer
EducationSystem
Employer
Independence
Building
Bank
Cave
Diocese
Resource
Island
RebelGroup
Literature
FoodItem
Participant
Cabin
NutritionInfo
List
Ontology
Broker
Outcome
BodiesOfWater
Sister
Contractor
Justice
Majority
N93cce6105e0b4d24bb5be2671f1034a6b4
PoliticalIssue
Expedition
Office
