Pastor
DigitalLiteracy
Subcomponent
End
HistoricalPeriod
Suffering
Household
Obituary
Child
PostalAddress
Battle
Company
Discrimination
Plaintiff
LegalEducation
Participant
Year
Organizer
Expedition
Colony
Tree
ExchangeRate
LeasingStatus
Strength
Warrant
Individual
LawFirm
Star
Village
Consumer
Marriage
PoliticalIndependence
Request
Defendant
Assistance
Assault
Nation
N93cce6105e0b4d24bb5be2671f1034a6b4
BodiesOfWater
Wife
BlogPost
PrivateVehicle
Spring
Room
Timeperiod
Interest
Mean
Parent
Spouse
Bag
Wedding
Date
Course
Militia
Street
Movie
Paper
Plaque
Probability
Verse
Native
PoliticalParty
Instruction
Event
Infant
Soldier
Setting
Foot
Member
Attendee
Nc0327303d0b9427fbc0bde474f20a665b1
Artist
Religiousactivity
Family
Manumission
Bill
Result
Flowering
Number
Nca296b5ff4e94689b8b58a69b033fb4bb1
Specialization
Feeling
Water
Acter
Travel
Anysimpletype
TimeOfDeath
Religiousleader
RiskFactor
Blood
River
Reproduction
Person
Language
Nonnegativeinteger
Retiree
Island
PersonArrival
PoliceOfficer
Principle
Herb
SpreadGospel
Duties
Duty
Character
Weather
PublicTransport
Passenger
TourGuide
Teacher
Name
Weapon
Enemy
Influence
Arrival
Software
Favor
Ground
Cuisine
Office
UndergroundRailroad
Invoice
AbolitionistMovement
County
PoliticalIssue
Legislature
Outcome
Biography
Mother
RealEstate
Dessert
SelfLove
Captain
Relationship
TimePeriod
Text
Inmate
PoliticalPosition
Occupation
Landspot
Offence
Slavery
Website
MissionaryOrganization
Couple
PastoralCounseling
Ancestor
Image
Subject
Scene
Manuscript
Agent
ArrestReport
Situation
Meeting
LawEnforcementAgency
Order
Entity
DesireSatisfaction
Use
University
SlaveTrade
Memoir
Punishment
Research
Judgment
Song
Pension
Review
Intelligence
N99268126faf248afb7c7defbbb7a9a3eb7
String
N152f29b4aa5841d69cbcac4e611774a4b1
Practice
Cotton
Double
Justice
Violence
Nc0327303d0b9427fbc0bde474f20a665b2
WebDeveloper
Effect
Gender
N484938bb2d7e4360b7a7b7db78f3c280b1
SecurityLevel
Guide
Feature
Institution
AudioBook
Narrator
Object
Vessel
BillOfSale
Establishment
Governor
Hardware
Guard
Furniture
RelationshipType
Crime
PurchaseOrder
Comment
Artwork
Employment
Pair
PlaceOfDeath
Place
Slave
Party
Article
Speech
Ned963e32258d4cdc9f9dee88e0432c79b1
Photo
Major
WaterSource
MissionaryActivity
Buyer
Beneficiary
Introduction
Entry
Poem
Priest
Activist
Genre
Judge
SocialIssue
NumberSet
Birth
SlaveOwner
Plantation
Literacy
Impact
Woman
Controversy
Desire
Historicaltopic
LastName
Adulthood
Novel
Responsibility
Whole
Project
Datetime
Destination
Congregation
Authority
Sacrament
Student
Photographer
GPA
Duration
Category
OnlineMerchant
Priesthood
Degree
Origin
ServiceProvider
Purpose
DomainArea
Field
DateTime
Disease
Bloodvessel
Skill
Group
Acquisition
Hour
Attorney
Juror
State
Painting
View
EconomicIndependence
Locations
Patient
SystemOrPractice
Escape
Diocese
Drink
Ingredient
InfluencePower
Release
Servant
N152f29b4aa5841d69cbcac4e611774a4b5
Combatant
Man
Respect
FinalMoment
Prison
Rebel
Victim
Job
Material
Honor
Coordinates
Artery
Pilgrimage
Scholar
Time
Director
KidnappingEvent
SurfaceType
Government
Owner
Statue
Fruit
MerchantStore
EducationSystem
Customer
Right
Book
Point
Currency
Widow
Suspect
Veteran
Issuestatus
Integer
Treatment
Vote
MealType
Intensity
Study
Sale
Professor
Distribution
Exhibit
Enslavement
NutritionInfo
City
AuthorityArea
Country
Organization
Knowledge
Lawenforcementagency
Portfolio
Anyuri
Medium
Ticket
Response
Department
SkillOwner
Information
ManufacturedPlace
N7048638ddbe744ef92b7ef71d2bc54beb1
TradeType
Witness
Continent
Equipment
Theme
Issue
Mission
TimeInterval
N2fc4409f5d8741aabdef801fbf90ce36b3
Flower
Shift
Return
Testimony
Dialect
Recollection
Monument
Account
Association
Nb1a34d8e9ab046da8d71d7b2bd1ff877b1
Recipe
Na3773eb7098347bbac15ca20ee75c694b6
Timezone
Master
Quantity
RiskAssessment
Possession
News
PublicationDate
Film
Alphabet
Trade
InfluenceFactor
IndividualIndependence
Promise
TradingPlatform
Physicalhealth
CountySeat
Input
Item
Tour
XMLLiteral
Independence
Gift
Ship
Tourist
Laborer
Writing
ResidenceType
Public
Session
Brigade
Jury
StudyTool
Seamstress
MonumentType
MedicalCondition
Thought
FoodItem
LegalCase
Ontology
Manager
Content
Activity
Sister
Nbbdcaa839c5e49d4af2ba05033c56790b1
Reading
Statement
Argument
Instance
Piece
Anniversary
List
Sermon
Meal
Wheel
Organisation
Trader
Arrest
Prayer
Transport
President
Contract
Audience
Product
Component
Memorial
Commander
Invitation
Half
Truth
Supporter
Genius
Specialty
Citation
Decade
Exchange
RiskManagement
Food
Editor
School
Church
Medal
N93cce6105e0b4d24bb5be2671f1034a6b1
Gospel
Reason
Faculty
Permission
SpringSeason
SocialMovement
LegalSystem
Journalist
Award
Store
Premise
Detail
ReturnItem
Thing
Resource
Official
Story
Rebellion
UnitSystem
Biographer
PracticeArea
Position
GarmentType
Cause
Word
Residence
N99268126faf248afb7c7defbbb7a9a3eb8
Seller
Crew
Report
Animal
Price
Abolitionism
Tale
N3c0a9d62a1d64b6b9c7ea7f0401a59ecb1
FirstName
LegalArea
Circumstance
Receiver
Broker
PlaceOfBirth
ValueNumeric
Employee
CulturalNorm
Offender
Population
Parcel
Hospital
Ncbc19e54e6ff4dcd87266bab720beecbb2
BodyPart
Constellation
Life
Petition
Minor
Bride
FoodGroup
Race
Status
MedicalField
Ncbc19e54e6ff4dcd87266bab720beecbb1
RebelGroup
Case
Villain
Performance
Bank
Rank
Loss
Transportation
Century
Portion
Unit
ActOfKindness
Style
Debt
Manner
Building
Groom
Believer
Database
OfficialInstitution
ReturnPolicy
Counsel
Conclusion
Target
RiskLevel
Resolution
Human
N3f1fcd8fe7834504a1b4b47305dd5dc5b1
CauseOfDeath
Earning
Action
Literal
ReproductiveOrganism
Greeting
Condition
System
Version
LegalSpecialization
Movement
Role
Colonist
Background
Physician
WebSite
Bidder
Overseer
Merchant
HistoricalTopic
Fugitive
Slaveholder
Script
Majority
Missionary
Resident
Objective
Topic
Ability
Worker
Auction
ReligiousDenomination
Politician
Behalf
HistoricalEvent
Literature
Vehicle
Girl
Mail
RoomType
Process
Neighbor
Researcher
Donation
LegalRight
Diary
ReadingSkill
Location
Producer
Help
Dog
Missions
Court
Class
Historian
Election
Period
Actor
War
PensionPlan
Factor
BirthDate
Friendship
BirthPlace
Society
Town
Opportunity
BloodVessel
Damage
Part
N47dbf12ea09b44e7837e9a0a478bc012b1
GenderRatio
Crowd
Lyrics
Value
TailorShop
AgeDistribution
Power
Document
Doctor
N2fc4409f5d8741aabdef801fbf90ce36b1
Father
Attempt
Pensioner
Access
Struggle
Death
Home
Source
Ownership
Risk
Descendant
Region
Pilgrim
ProjectTopic
Arrestor
SuperPower
Viewpoint
ContractType
Religion
Officer
Property
Shop
PoliceDepartment
Grandfather
Regiment
Publisher
Reader
N99268126faf248afb7c7defbbb7a9a3eb1
Publication
SkillLevel
Play
Candidate
Birthdate
Speaker
Market
Idea
Transaction
Signatory
Homeland
Attack
Wagon
N484938bb2d7e4360b7a7b7db78f3c280b2
Purchase
Baptism
Effort
Task
InstitutionLocation
Axle
Money
Medicalprofessional
Voter
Environment
VolumeMeasurement
FieldOfStudy
Literary_Genre
Langstring
Arrestee
House
Funding
ActivismType
FinancialInstrument
MealComponent
Classroom
Data
Abolition
Plant
Level
Plan
Success
Troop
Service
Hero
Road
Descent
Belief
Activism
Fraction
Creator
Preacher
Nd3d404c3d0fe4e05bfe67f9531eb5770b1
Bishop
Clergyman
Occasion
Asset
Page
Author
Lawyer
Na3773eb7098347bbac15ca20ee75c694b1
Preface
Tavern
Estate
Support
DateOfBirth
Overview
Symptom
Trial
MilitaryRank
Seq
Reputation
User
Provider
Output
Employer
Baby
Head
Prisoner
PersonOrEvent
AcademicStudy
Toe
Gyear
WritingSkill
Guest
