Flower
DigitalLiteracy
Return
Subcomponent
HistoricalPeriod
Recollection
Monument
Suffering
Testimony
Account
Association
Obituary
Child
Nb1a34d8e9ab046da8d71d7b2bd1ff877b1
Battle
Timezone
Company
Plaintiff
LegalEducation
Participant
Master
Quantity
Year
Organizer
Possession
PublicationDate
Tree
Trade
LeasingStatus
Strength
Individual
Promise
TradingPlatform
LawFirm
Input
Star
Item
Tour
Village
Tourist
Writing
ResidenceType
Consumer
Public
Brigade
Marriage
StudyTool
Request
Assistance
Defendant
Assault
Seamstress
Nation
MonumentType
N93cce6105e0b4d24bb5be2671f1034a6b4
BodiesOfWater
Artery
Wife
PrivateVehicle
Thought
CampType
LegalCase
Ontology
Spring
Room
Manager
Mean
Parent
Content
Spouse
Sister
Activity
Bag
Nbbdcaa839c5e49d4af2ba05033c56790b1
Course
Reading
Statement
Date
Street
Piece
Paper
Plaque
List
Movie
Anniversary
Sermon
Meal
Wheel
Native
Organisation
PoliticalParty
Trader
Prayer
Transport
Arrest
President
Audience
Product
Event
Component
Black
Memorial
Commander
Soldier
Setting
Truth
Supporter
Attendee
Sport
Artist
Religiousactivity
Family
Manumission
Food
Church
Result
School
Medal
Flowering
Number
N93cce6105e0b4d24bb5be2671f1034a6b1
Reason
Faculty
Water
Acter
Permission
SpringSeason
SocialMovement
LegalSystem
Anysimpletype
Travel
Award
Store
Religiousleader
Blood
River
ReturnItem
Detail
Reproduction
Thing
Resource
Official
Person
Language
Nonnegativeinteger
Retiree
Rebellion
Story
PersonArrival
UnitSystem
Biographer
PracticeArea
Position
GarmentType
PoliceOfficer
InterestRate
Boy
Principle
Herb
Courtroom
Cause
N99268126faf248afb7c7defbbb7a9a3eb8
Residence
Seller
SpreadGospel
Duties
Animal
Report
Price
Abolitionism
Tale
Character
Weather
PublicTransport
N3c0a9d62a1d64b6b9c7ea7f0401a59ecb1
FirstName
LegalArea
Passenger
TourGuide
Receiver
Teacher
Broker
PlaceOfBirth
Name
ValueNumeric
Weapon
CulturalNorm
Employee
Arrival
Offender
Software
Cuisine
Population
UndergroundRailroad
Invoice
AbolitionistMovement
Ncbc19e54e6ff4dcd87266bab720beecbb2
BodyPart
PoliticalIssue
Constellation
Life
Petition
Outcome
Minor
Biography
Mother
Arrestee
Race
SelfLove
Status
Captain
Ncbc19e54e6ff4dcd87266bab720beecbb1
Relationship
TimePeriod
Text
Case
Performance
Inmate
PoliticalPosition
Rank
Loss
Transportation
Occupation
Slavery
Offence
Camp
Portion
Website
MissionaryOrganization
Unit
ActOfKindness
Style
Ancestor
Subject
Scene
Manner
Building
Believer
Agent
ArrestReport
Situation
ReturnPolicy
Meeting
Issuer
LawEnforcementAgency
Order
Entity
Target
Human
University
Use
N3f1fcd8fe7834504a1b4b47305dd5dc5b1
Action
SlaveTrade
Literal
Memoir
ReproductiveOrganism
Punishment
Research
Judgment
System
Version
LegalSpecialization
Carriage
Movement
Pension
Review
Role
N99268126faf248afb7c7defbbb7a9a3eb7
Background
String
Practice
Bidder
WebSite
Tool
Pet
Overseer
Double
Merchant
Justice
Manufacturer
Violence
Slaveholder
WebDeveloper
Script
Gender
Majority
Missionary
N484938bb2d7e4360b7a7b7db78f3c280b1
SecurityLevel
Resident
Carpenter
Guide
Objective
Topic
Feature
Institution
Ability
Narrator
Worker
AudioBook
Vessel
Auction
BillOfSale
Establishment
ReligiousDenomination
Politician
Hardware
Behalf
Guard
Literature
RelationshipType
Furniture
Vehicle
PurchaseOrder
Crime
Artwork
Employment
Mail
Process
Pair
Place
Slave
Neighbor
Party
Speech
Researcher
Ned963e32258d4cdc9f9dee88e0432c79b1
Photo
Major
WaterSource
MissionaryActivity
LegalRight
CourtCase
BlessingType
ReadingSkill
Location
Beneficiary
Buyer
Producer
Dog
Poem
Priest
Missions
Court
FinancialBond
Class
Election
Genre
Activist
Judge
Period
Actor
PensionPlan
NumberSet
War
SocialIssue
SlaveOwner
BirthDate
Birth
Plantation
Literacy
BirthPlace
Society
BuildingType
Woman
Town
Opportunity
LastName
BloodVessel
Part
N47dbf12ea09b44e7837e9a0a478bc012b1
GenderRatio
Adulthood
Novel
Value
Responsibility
TailorShop
Whole
Project
AgeDistribution
Datetime
Cabin
Destination
Authority
Sacrament
Student
Photographer
Jurisdiction
GPA
Father
Attempt
Duration
Category
Pensioner
OnlineMerchant
Color
Priesthood
Access
Degree
Origin
ServiceProvider
Purpose
Struggle
Source
DomainArea
Field
Ownership
Holder
DateTime
Descendant
Region
Pilgrim
Bloodvessel
Skill
ProjectTopic
Acquisition
Group
Arrestor
Viewpoint
Religion
Attorney
Officer
Property
Shop
PoliceDepartment
Absorbency
State
View
Regiment
N99268126faf248afb7c7defbbb7a9a3eb1
Publisher
Locations
Reader
Publication
SkillLevel
Play
Candidate
Birthdate
Speaker
Market
SystemOrPractice
Diocese
Drink
Ingredient
Release
Servant
Attack
Combatant
Wagon
Man
Respect
N484938bb2d7e4360b7a7b7db78f3c280b2
Prison
Victim
Rebel
Purchase
Job
Material
Baptism
Box
Coordinates
Task
InstitutionLocation
Pilgrimage
Scholar
Axle
Voter
Environment
Time
Director
VolumeMeasurement
FieldOfStudy
KidnappingEvent
SurfaceType
Government
Literary_Genre
Langstring
Owner
Statue
House
MerchantStore
Funding
Fruit
FinancialInstrument
MealComponent
EducationSystem
Classroom
Customer
Abolition
ActivismType
Plant
Level
Plan
Point
Book
Right
Success
Troop
Road
Service
Widow
Suspect
Veteran
Belief
Activism
Integer
Preacher
Creator
Vote
MealType
Bishop
Intensity
Occasion
Study
Asset
Author
Sale
Lawyer
Professor
Distribution
Preface
Tavern
Word
Support
DateOfBirth
Blessing
Trial
City
Knowledge
Country
Organization
MilitaryRank
AuthorityArea
Lawenforcementagency
Portfolio
Reputation
User
Anyuri
Provider
Output
Employer
Ticket
Response
Baby
Department
SkillOwner
ManufacturedPlace
N7048638ddbe744ef92b7ef71d2bc54beb1
TradeType
Witness
Branch
Continent
Prisoner
Courthouse
PersonOrEvent
AcademicStudy
Theme
Gyear
Issue
Mission
WritingSkill
