Offence
AgeDistribution
TimeInterval
Cause
Official
Request
Town
Ship
N2fc4409f5d8741aabdef801fbf90ce36b1
Plaque
ReturnPolicy
War
ReligiousDenomination
Authority
Langstring
BodiesOfWater
Point
Patient
Troop
Village
Seamstress
Hero
Place
Earning
Diary
RealEstate
Street
Party
Customer
Travel
Principle
Decade
Monument
PoliticalParty
Knowledge
RiskManagement
Session
LegalRight
Militia
Scholar
Tour
LastName
Factor
Condition
Na3773eb7098347bbac15ca20ee75c694b1
Book
Topic
MissionaryOrganization
Project
Anysimpletype
Issuestatus
Feeling
Descent
Medium
MerchantStore
Novel
Hardware
Right
SlaveTrade
PostalAddress
Vehicle
MedicalCondition
Funding
Release
Comment
InfluenceFactor
Road
Promise
Institution
Opportunity
DesireSatisfaction
Pensioner
Equipment
Whole
PoliticalIssue
Photographer
UnitSystem
Theme
Page
Country
Establishment
LeasingStatus
Origin
VolumeMeasurement
Skill
Product
Period
Duties
SecurityLevel
Occasion
Purchase
Preacher
Currency
Guard
Nca296b5ff4e94689b8b58a69b033fb4bb1
Journalist
Independence
Overseer
Quantity
Colony
OnlineMerchant
Priesthood
Inmate
Speech
Government
Villain
Part
Pension
Witness
Access
Genius
Shop
BillOfSale
Water
Friendship
ReturnItem
School
Continent
Duty
RelationshipType
Success
Physician
Style
LegalCase
Meal
Double
Recollection
StudyTool
Groom
Object
Native
OfficialInstitution
Report
Support
NumberSet
Ncbc19e54e6ff4dcd87266bab720beecbb2
Medal
Majority
Seq
Justice
TailorShop
Favor
HistoricalTopic
N152f29b4aa5841d69cbcac4e611774a4b5
Coordinates
Lawyer
Na3773eb7098347bbac15ca20ee75c694b6
Mail
Nonnegativeinteger
Shift
SurfaceType
Man
Minor
N484938bb2d7e4360b7a7b7db78f3c280b1
Viewpoint
InfluencePower
ActOfKindness
Child
Case
Help
Population
Axle
Historian
Conclusion
Influence
Strength
Debt
Document
Software
Category
WebDeveloper
Subject
Furniture
President
Power
Sermon
Slave
EducationSystem
Violence
Information
Director
Plant
Responsibility
Death
Pastor
Residence
Datetime
PastoralCounseling
InstitutionLocation
Attendee
Donation
PlaceOfDeath
Instance
Audience
Exchange
Source
Star
Circumstance
Church
Voter
Interest
Editor
Anyuri
Artist
Drink
Consequence
Risk
Trader
Asset
Article
FoodGroup
Memoir
Rebel
N99268126faf248afb7c7defbbb7a9a3eb8
Prisoner
Wheel
County
Citation
Image
Candidate
Religiousactivity
Occupation
Result
Ncbc19e54e6ff4dcd87266bab720beecbb1
PoliticalPosition
PensionPlan
Beneficiary
Century
Toe
Gift
PersonOrEvent
Specialization
TradingPlatform
User
Time
Portion
ServiceProvider
Brigade
Company
Constellation
Physicalhealth
Island
Punishment
Mission
Feature
Clergyman
Classroom
Order
Historicaltopic
N3c0a9d62a1d64b6b9c7ea7f0401a59ecb1
Situation
Animal
Research
Servant
Truth
Nb1a34d8e9ab046da8d71d7b2bd1ff877b1
Homeland
Estate
Effect
Wife
Dessert
Overview
Component
Election
Reading
Passenger
ChangeType
Locations
Website
Court
TimePeriod
MealComponent
CulturalNorm
Teacher
GPA
Widow
Flower
Master
Mean
Property
Status
Thing
Vessel
Timeperiod
Consumer
Herb
Entry
LegalSpecialization
ReadingSkill
Job
Enemy
Ned963e32258d4cdc9f9dee88e0432c79b1
Employer
Photo
Nd3d404c3d0fe4e05bfe67f9531eb5770b1
Field
NutritionInfo
Missions
SkillOwner
TimeOfDeath
Item
Buyer
Ownership
FirstName
Tale
Ontology
Life
Gyear
Exhibit
PoliticalIndependence
PublicTransport
UndergroundRailroad
PrivateVehicle
Guide
Judge
Family
Store
N7048638ddbe744ef92b7ef71d2bc54beb1
Name
River
Politician
EconomicIndependence
Response
Subcomponent
Intelligence
Specialty
TradeType
N484938bb2d7e4360b7a7b7db78f3c280b2
Head
Course
Ground
Retiree
Bank
Researcher
Tavern
Tourist
RebelGroup
Publication
DigitalLiteracy
Nc0327303d0b9427fbc0bde474f20a665b2
Pilgrim
Diocese
Writing
Society
Reproduction
Content
Prison
Infant
Scene
Landspot
Literacy
Congregation
Outcome
Organizer
Creator
Statue
Market
State
Human
News
Officer
Manuscript
Meeting
Greeting
Text
MissionaryActivity
Tree
Major
Guest
N2fc4409f5d8741aabdef801fbf90ce36b3
University
Couple
Signatory
LegalSystem
Woman
MonumentType
Group
Literature
Data
Unit
Seller
Agent
Genre
Dog
Testimony
Publisher
Slavery
Fraction
N3f1fcd8fe7834504a1b4b47305dd5dc5b1
Prayer
Neighbor
Plan
Event
CauseOfDeath
Legislature
Organization
Change
Alphabet
Number
Acquisition
Film
DateTime
Marriage
Invoice
Transport
Introduction
Suffering
Veteran
Grandfather
Desire
Input
Entity
Transportation
Literal
Commander
City
Food
Worker
SpringSeason
Verse
Piece
Loss
Version
Sale
Escape
Wedding
Service
WebSite
Struggle
GenderRatio
Vote
Ticket
ProjectTopic
Captain
Regiment
Nbbdcaa839c5e49d4af2ba05033c56790b1
WritingSkill
Counsel
Merchant
PoliceDepartment
Transaction
Recipe
Half
Reader
Idea
Person
Room
Trade
Practice
KidnappingEvent
End
Mother
Nation
LegalArea
Setting
FinalMoment
XMLLiteral
N99268126faf248afb7c7defbbb7a9a3eb1
Owner
Parent
Use
BlogPost
Actor
Expedition
Sister
List
Play
Doctor
SlaveOwner
Database
Memorial
Performance
Issue
Probability
Treatment
FieldOfStudy
Material
Role
Painting
Fugitive
Integer
Instruction
Pilgrimage
Output
Detail
House
ExchangeRate
Household
SelfLove
Intensity
Script
LegalEducation
N47dbf12ea09b44e7837e9a0a478bc012b1
Position
Religiousleader
ContractType
Portfolio
Task
Disease
Religion
HistoricalEvent
Pair
Girl
Resident
ReproductiveOrganism
N99268126faf248afb7c7defbbb7a9a3eb7
Soldier
Resolution
Story
Defendant
Controversy
Parcel
Governor
Study
BirthPlace
Producer
Song
Supporter
Crowd
Activity
N152f29b4aa5841d69cbcac4e611774a4b1
Cuisine
Class
LawFirm
Manner
FinancialInstrument
Distribution
Permission
RiskFactor
String
Review
Resource
Return
RoomType
Hospital
View
Poem
Faculty
Department
Rank
Hour
Dialect
Cotton
Manager
Home
Rebellion
Preface
Employee
Destination
Price
Paper
Statement
SkillLevel
Value
MilitaryRank
Spring
Broker
SpreadGospel
Participant
Bride
Plaintiff
AcademicStudy
Level
Foot
Fruit
Judgment
System
Damage
Gender
Juror
Effort
Degree
ManufacturedPlace
Relationship
Petition
Location
Possession
Movement
Process
Wagon
Character
Nc0327303d0b9427fbc0bde474f20a665b1
Building
Chance
Priest
SuperPower
Contract
Flowering
Honor
Spouse
Year
HistoricalPeriod
Word
Individual
Lyrics
TourGuide
Office
Provider
Laborer
Weather
Trial
Discrimination
Manumission
GarmentType
Crew
Slaveholder
CountySeat
Speaker
Thought
Literary_Genre
Medicalprofessional
Duration
Timezone
Weapon
Reputation
DomainArea
Purpose
WaterSource
MedicalField
Symptom
Impact
Colonist
Respect
PurchaseOrder
Member
FoodItem
Public
Missionary
Warrant
IndividualIndependence
Region
Bill
Enslavement
Ingredient
RiskAssessment
Invitation
ResidenceType
Professor
Race
Gospel
Money
RiskLevel
Action
Plantation
Language
Author
MealType
Obituary
Jury
ValueNumeric
Student
Abolition
