Movement
Role
Background
Account
Practice
WebSite
Association
Tool
Pet
Nb1a34d8e9ab046da8d71d7b2bd1ff877b1
Double
Company
Ceremony
Manufacturer
Master
Violence
Slaveholder
WebDeveloper
Year
PublicationDate
Trade
Gender
Strength
Individual
Guide
TradingPlatform
Topic
Objective
Institution
Star
Tour
Worker
Ability
Vessel
Narrator
AudioBook
BillOfSale
Establishment
Village
Behalf
Tourist
Writing
StudyTool
Vehicle
PurchaseOrder
Crime
Assault
Seamstress
Artwork
Employment
ChangeType
Place
Slave
Speech
N93cce6105e0b4d24bb5be2671f1034a6b4
Researcher
Artery
WaterSource
Bats
Wife
BlessingType
Cave
Buyer
Location
PrivateVehicle
Beneficiary
CampType
FinancialBond
Class
Election
Genre
Activist
Actor
War
SocialIssue
Activity
Sister
BirthDate
Bag
Birth
Date
Course
Society
BirthPlace
BuildingType
Town
Woman
Movie
Anniversary
BloodVessel
Organisation
Wheel
Adulthood
Value
Trader
Arrest
Transport
TailorShop
Audience
Project
Stalactite
Product
Event
Datetime
Black
Cabin
Destination
Carpenter
Memorial
Commander
Soldier
Setting
Authority
Sacrament
Student
Supporter
Sport
Father
Artist
Attempt
Duration
Family
Color
Degree
Origin
School
Medal
Field
N93cce6105e0b4d24bb5be2671f1034a6b1
Holder
Number
Chance
DateTime
Reason
Faculty
Descendant
Water
Bloodvessel
Skill
Arrestor
Acter
SocialMovement
Award
Travel
Attorney
Property
Absorbency
State
Blood
Cemetery
Publisher
Candidate
Publication
Birthdate
Thing
Resource
Person
Speaker
Nonnegativeinteger
Story
Language
PopulationCensus
Market
SystemOrPractice
PersonArrival
Biographer
PracticeArea
Position
GarmentType
PoliceOfficer
InterestRate
Boy
Servant
Attack
Word
Cause
Seller
Wagon
Man
Price
Abolitionism
Victim
Tale
Character
PublicTransport
N3c0a9d62a1d64b6b9c7ea7f0401a59ecb1
Job
Material
TourGuide
Baptism
Box
Teacher
Broker
Task
Axle
ValueNumeric
Voter
Employee
Time
CulturalNorm
PlaceOfBirth
Arrival
Offender
Consequence
Literary_Genre
Statue
Langstring
Arrestee
ActivismType
FinancialInstrument
UndergroundRailroad
Abolition
AbolitionistMovement
BodyPart
Book
Troop
Constellation
Biography
Widow
Mother
Suspect
Veteran
Status
Belief
Activism
Captain
Integer
Creator
Text
Case
Vote
Study
Asset
Transportation
Slavery
Author
Camp
Professor
Website
Tavern
DateOfBirth
Style
Support
Ancestor
Subject
Trial
City
Country
Scene
Organization
MilitaryRank
Blessing
Lawenforcementagency
Building
Believer
Occupant
ArrestReport
User
Anyuri
Baby
Employer
Grave
Situation
SkillOwner
Department
Issuer
LawEnforcementAgency
Entity
TradeType
Target
Witness
University
N3f1fcd8fe7834504a1b4b47305dd5dc5b1
Human
Branch
Change
SlaveTrade
Literal
AcademicStudy
Theme
Gyear
Issue
Carriage
