Medicalprofessional
Carpenter
Seamstress
Researcher
Memorial
Offender
PoliticalPosition
Field
BloodVessel
Arrest
Manner
Part
Blessing
N3f1fcd8fe7834504a1b4b47305dd5dc5b1
Death
DomainArea
Marriage
Dialect
Quantity
InstitutionLocation
Provider
Level
Change
MealComponent
SecurityLevel
Plantation
Piece
Output
FinalMoment
Plaque
CountySeat
PublicationDate
Statement
Bride
Deceased
Enslavement
RoomType
Principle
Language
Gift
N99268126faf248afb7c7defbbb7a9a3eb1
Cotton
Consumer
Truth
SystemOrPractice
Donation
Chance
School
Prisoner
NumberSet
Girl
LegalCase
LegalSystem
Portfolio
Life
Reader
Politician
Job
Auction
Native
Bidder
PlaceOfDeath
Publisher
Hardware
Religiousactivity
Public
Objective
SurfaceType
Activist
Nc0327303d0b9427fbc0bde474f20a665b1
Item
Commander
SocialMovement
Transaction
Currency
Shift
City
PracticeArea
Year
Cuisine
Editor
Physician
Producer
N152f29b4aa5841d69cbcac4e611774a4b5
Practice
Star
Signatory
Baby
Information
RiskLevel
InfluenceFactor
Image
Acter
Component
Laborer
Audience
FoodGroup
Battle
GenderRatio
Shop
LegalArea
Strength
Mother
Argument
User
Product
Captain
Historicaltopic
Ground
Faculty
Birth
Pension
Report
Material
RelationshipType
Owner
Alphabet
Spring
Landspot
Human
Point
Judge
ChangeType
Permission
Market
State
Narrator
Desire
Portion
Clothe
BlogPost
Issuestatus
RiskManagement
Professor
Suffering
Scholar
TourGuide
Place
Courthouse
Origin
Pensioner
LawEnforcementAgency
Trader
Article
Candidate
Dessert
Page
Newspaper
Branch
Religiousleader
End
Coordinates
FirstName
Bishop
Session
LegalEducation
InfluencePower
Ability
Teacher
PensionPlan
LegalSpecialization
Lawenforcementagency
PostalAddress
TimePeriod
Input
ExchangeRate
PoliceOfficer
Artwork
Issuer
Destination
Home
LeasingStatus
Obituary
Feeling
Arrestor
Entity
SlaveOwner
Passenger
Content
Judgment
Trade
Flowering
Guard
Company
Locations
Greeting
SkillLevel
Decade
ServiceProvider
ReturnPolicy
Monument
StudyTool
Official
Play
Circumstance
AbolitionistMovement
Belief
Biographer
Anysimpletype
Result
House
Customer
Blood
Manuscript
Location
Funding
Thought
Bag
ResidenceType
Message
TailorShop
Patient
FuneralService
Fraction
Diary
Escape
Case
AuthorityArea
Master
Biography
Tavern
Movement
Time
HistoricalTopic
Constellation
University
Court
Source
Drink
TimeInterval
Earning
Child
Jury
Colonist
Wedding
Dog
Preacher
Grave
Timezone
Region
N152f29b4aa5841d69cbcac4e611774a4b1
Chef
Controversy
Thing
DateTime
Project
Rebel
Event
Overseer
Rank
BuildingType
FuneralDirector
Feature
N3c0a9d62a1d64b6b9c7ea7f0401a59ecb1
Transport
PoliticalParty
Inmate
Literary_Genre
Half
Room
Collector
Knowledge
CauseOfDeath
Weather
Wheel
N3e77a9a39e704894af3d5867ca88d92bb1
Tree
Herb
Damage
MilitaryRank
Occasion
Infant
String
Wagon
Course
Resolution
Duration
Artist
Holder
Song
MissionaryOrganization
Invitation
Memoir
Na3773eb7098347bbac15ca20ee75c694b6
Software
Medium
Novel
Story
PublicTransport
Enslaver
President
N2fc4409f5d8741aabdef801fbf90ce36b3
Descendant
FinancialInstrument
Meeting
River
Website
LegalRight
CourtCase
Script
Father
Ticket
BodyPart
Organizer
Furniture
Profession
Equipment
Tale
Juror
Timeperiod
HistoricalEvent
Literal
SocialIssue
Assault
Subject
Arrestee
Sacrament
Bill
Author
Baptism
Slavery
Weapon
GPA
Conclusion
Slave
Combatant
Activity
Vessel
MissionaryActivity
HistoricalPeriod
ProjectTopic
Pilgrim
Courtroom
Detail
Troop
Adulthood
Seq
Student
Color
Axle
Painting
N2fc4409f5d8741aabdef801fbf90ce36b1
Witness
Influence
Restaurant
ContractType
RiskFactor
Action
Guide
Animal
Crime
Attorney
Attendee
N99268126faf248afb7c7defbbb7a9a3eb8
Jurisdiction
Genius
Order
Meal
Style
Parent
Veteran
Vehicle
Position
Physicalhealth
Head
Recipe
Comment
Degree
Hero
Ceremony
ActivismType
Database
Success
Village
Plant
Widow
Lawyer
N7048638ddbe744ef92b7ef71d2bc54beb1
Nbbdcaa839c5e49d4af2ba05033c56790b1
Black
Figure
Government
Possession
Target
SkillOwner
Legislature
Probability
Estate
Population
Country
Document
Risk
Absorbency
N47dbf12ea09b44e7837e9a0a478bc012b1
Gospel
County
Villain
Employment
Merchant
PrivateVehicle
Interest
Review
Unit
Theme
Travel
Name
Movie
Entry
Pilgrimage
AgeDistribution
Major
Overview
Congregation
Homeland
Anniversary
Consequence
Citation
Raid
Recollection
Condition
Tour
Vote
Nca296b5ff4e94689b8b58a69b033fb4bb1
Regiment
Genre
Struggle
Nb1a34d8e9ab046da8d71d7b2bd1ff877b1
Version
Disease
Purpose
ReturnItem
Photographer
Department
WritingSkill
N99268126faf248afb7c7defbbb7a9a3eb7
Attempt
Minor
N484938bb2d7e4360b7a7b7db78f3c280b2
Eye
CreationDate
Foot
Institution
RealEstate
Officer
Century
Honor
Introduction
SpreadGospel
ReligiousDenomination
Medal
Relationship
Punishment
Access
DigitalLiteracy
Soldier
Skill
Flower
Specialty
MerchantStore
Artery
Anyuri
Ncbc19e54e6ff4dcd87266bab720beecbb1
Plaintiff
Asset
Invoice
Historian
Pair
PurchaseOrder
Status
Verse
Discrimination
Town
Character
Association
Grandfather
PopulationCensus
Organization
Person
Doctor
Manumission
Loss
SelfLove
Pastor
Priesthood
ActOfKindness
Store
Reputation
Mean
Boy
Supporter
Intensity
Pet
Suspect
Race
PoliticalIndependence
Statue
AcademicStudy
Setting
Continent
FinancialBond
PoliceDepartment
Manager
Research
Writing
PastoralCounseling
DateOfBirth
RescueTeam
WaterSource
Director
Perception
Bats
Word
Publication
Nonnegativeinteger
Spouse
Right
Background
Topic
Conversation
Paper
Performance
Trial
Actor
Wife
Creator
Clergyman
Cause
N484938bb2d7e4360b7a7b7db78f3c280b1
Priest
Occupation
Manufacturer
PersonOrEvent
Category
Gender
Church
LawFirm
Sale
Viewpoint
Difficulty
Descent
Period
BlessingType
Construction
Militia
Worker
Nc0327303d0b9427fbc0bde474f20a665b2
Request
Crew
MedicalCondition
Book
Religion
Effect
Toe
Household
UndergroundRailroad
Transportation
PersonArrival
Resident
Individual
Langstring
Tool
MedicalField
Organisation
Beneficiary
Speaker
Environment
InterestRate
ConstructionWorker
SpringSeason
Subcomponent
Coast
Warrant
Stalactite
Integer
Servant
Camp
SlaveTrade
Respect
Abolitionism
Opportunity
Idea
Property
Nd3d404c3d0fe4e05bfe67f9531eb5770b1
Behalf
Datetime
BillOfSale
Offence
Enemy
Support
Establishment
TimeOfDeath
Money
Instance
Road
CampType
Election
Testimony
TradingPlatform
Symptom
Award
Responsibility
AudioBook
Member
Employee
Prison
Society
Exhibit
Guest
Charge
Party
N93cce6105e0b4d24bb5be2671f1034a6b1
Instruction
Nation
Tourist
Situation
Factor
Response
Poem
Rebellion
Sport
Agent
Treatment
Help
View
Hour
Ship
Speech
Object
OfficialInstitution
Role
Groom
Blacksmith
Contract
Parcel
Community
Mail
Arrival
Water
Text
VolumeMeasurement
Shape
Na3773eb7098347bbac15ca20ee75c694b1
WebDeveloper
Account
MealType
Reproduction
Friendship
Promise
Prayer
Carriage
Film
Distribution
Duty
ReproductiveOrganism
WebSite
Violence
EconomicIndependence
Slaveholder
News
Ncbc19e54e6ff4dcd87266bab720beecbb2
ConstructionMaterials
Seller
Issue
Ownership
Task
ArrestReport
Journalist
Man
Box
Emergency
Sermon
Reading
Ned963e32258d4cdc9f9dee88e0432c79b1
Occupant
Fugitive
ValueNumeric
Colony
BirthPlace
Counsel
Neighbor
Whole
Bloodvessel
Acquisition
BirthDate
Price
Literacy
Funeral
MonumentType
Debt
Family
Purchase
Class
SuperPower
Force
Premise
Dinner
DesireSatisfaction
Plan
GarmentType
Missionary
Authority
Ingredient
Activism
TradeType
Gyear
Ancestor
PlaceOfBirth
Use
Double
XMLLiteral
Street
Abolition
Number
Return
Victim
Believer
Duties
Release
Dish
Value
Retiree
Voter
Preface
Effort
ReadingSkill
Intelligence
Food
Scene
N16101d8486ed4e8aab7370f30699e93cb1
Attack
Couple
RiskAssessment
Collection
Classroom
Exchange
Hospital
Study
RescueOperation
Service
Date
Process
Impact
System
Cemetery
Residence
IndividualIndependence
Crowd
Power
Defendant
CulturalNorm
KidnappingEvent
Ocean
Reason
Group
ItemType
Missions
Photo
Birthdate
Governor
Brigade
War
ManufacturedPlace
Fruit
Mission
FieldOfStudy
Favor
Petition
Data
UnitSystem
Woman
OnlineMerchant
LastName
Lyrics
Specialization
Buyer
EducationSystem
Employer
Independence
Building
Bank
Cave
Diocese
Resource
Island
RebelGroup
Metallurgy
Literature
FoodItem
Participant
Cabin
NutritionInfo
List
Ontology
Broker
Outcome
BodiesOfWater
Sister
Contractor
Justice
Majority
N93cce6105e0b4d24bb5be2671f1034a6b4
PoliticalIssue
Expedition
Office
