Pastor
Return
Testimony
Recollection
Account
Suffering
Association
Nb1a34d8e9ab046da8d71d7b2bd1ff877b1
Battle
PostalAddress
Timezone
Company
Ceremony
Master
Participant
Quantity
Year
Possession
PublicationDate
Tree
Colony
Trade
LeasingStatus
Strength
Promise
Individual
TradingPlatform
Star
Item
Tour
Village
Tourist
ResidenceType
Consumer
Writing
Public
Session
Brigade
StudyTool
Request
Assistance
Assault
Seamstress
ChangeType
N93cce6105e0b4d24bb5be2671f1034a6b4
BodiesOfWater
Bats
Wife
Restaurant
Cave
PrivateVehicle
Thought
CampType
Ontology
Spring
Room
Manager
Content
Activity
Sister
Bag
Date
Course
Statement
Militia
Piece
Movie
Anniversary
Sermon
Organisation
Wheel
PoliticalParty
Trader
Prayer
Transport
Arrest
Audience
Stalactite
Product
Event
Black
Chef
Memorial
Commander
Soldier
Setting
Member
Truth
Supporter
Sport
Artist
Citation
Religiousactivity
Family
Bill
Food
Church
Result
School
Medal
Flowering
Number
N93cce6105e0b4d24bb5be2671f1034a6b1
Chance
Reason
Faculty
Water
Acter
Permission
SpringSeason
SocialMovement
Travel
Anysimpletype
Award
Store
Religiousleader
Blood
River
Detail
ReturnItem
Thing
Resource
Person
Language
Nonnegativeinteger
Rebellion
Story
PersonArrival
UnitSystem
Biographer
PracticeArea
Position
ItemType
GarmentType
PoliceOfficer
InterestRate
Boy
Herb
Cause
Residence
Seller
Word
Duties
Report
Price
Abolitionism
Tale
Character
Weather
PublicTransport
N3c0a9d62a1d64b6b9c7ea7f0401a59ecb1
TourGuide
Receiver
Circumstance
Teacher
Broker
PlaceOfBirth
ValueNumeric
Weapon
CulturalNorm
Employee
Arrival
Offender
Software
Population
Cuisine
Invoice
UndergroundRailroad
AbolitionistMovement
Ncbc19e54e6ff4dcd87266bab720beecbb2
BodyPart
PoliticalIssue
Constellation
Legislature
Outcome
Minor
Biography
Mother
Race
Status
Captain
Ncbc19e54e6ff4dcd87266bab720beecbb1
Relationship
RebelGroup
TimePeriod
Text
Case
Inmate
PoliticalPosition
Rank
Transportation
Occupation
Slavery
Camp
Portion
Website
Unit
PastoralCounseling
Style
Ancestor
Subject
Scene
Building
Believer
Agent
Occupant
ArrestReport
Grave
Situation
ReturnPolicy
Issuer
LawEnforcementAgency
Collection
Entity
Target
Use
University
N3f1fcd8fe7834504a1b4b47305dd5dc5b1
Human
Action
SlaveTrade
Literal
Research
Version
Carriage
Movement
Review
Role
Colonist
Background
String
Practice
Bidder
WebSite
Tool
Pet
Double
Manufacturer
Ocean
Violence
Slaveholder
WebDeveloper
Charge
Gender
SecurityLevel
Resident
Carpenter
Guide
Objective
Topic
Feature
Institution
Ability
Narrator
Worker
AudioBook
Vessel
Auction
BillOfSale
Establishment
ReligiousDenomination
Politician
Behalf
Guard
Furniture
RelationshipType
Vehicle
PurchaseOrder
Crime
Comment
Community
Artwork
Employment
Place
Slave
Speech
Researcher
Major
WaterSource
BlessingType
Buyer
Location
Beneficiary
Producer
Poem
Priest
Clothe
FinancialBond
Class
Election
Genre
Activist
Actor
War
SocialIssue
BirthDate
Birth
Factor
Plantation
Society
BirthPlace
BuildingType
Impact
Town
Woman
BloodVessel
N47dbf12ea09b44e7837e9a0a478bc012b1
GenderRatio
Adulthood
Value
TailorShop
Whole
Project
AgeDistribution
Datetime
Cabin
Destination
Congregation
Authority
Sacrament
Student
GPA
Father
Attempt
Duration
Category
Color
Priesthood
Access
Degree
Origin
ServiceProvider
Struggle
Holder
Field
DateTime
Descendant
Region
Bloodvessel
Skill
ProjectTopic
Arrestor
Viewpoint
Religion
Attorney
Property
Shop
Absorbency
State
View
Regiment
Cemetery
Publisher
Reader
Candidate
Publication
Birthdate
Collector
Speaker
PopulationCensus
Market
SystemOrPractice
N16101d8486ed4e8aab7370f30699e93cb1
Diocese
Drink
Release
Servant
Attack
Combatant
Wagon
Man
Respect
Prison
Victim
Rebel
Purchase
Job
Material
Baptism
Box
Task
InstitutionLocation
Artery
Scholar
Axle
Voter
Environment
Time
Coast
FieldOfStudy
Consequence
SurfaceType
Literary_Genre
Langstring
Statue
Arrestee
Fruit
ActivismType
FinancialInstrument
EducationSystem
Classroom
Customer
Abolition
Plan
Book
Success
Troop
Service
Road
Widow
Suspect
Veteran
Belief
Activism
Integer
Preacher
Creator
Vote
Bishop
Clergyman
Intensity
Study
Asset
Author
Sale
Professor
Preface
Tavern
DateOfBirth
Support
CreationDate
Blessing
Trial
City
Country
MilitaryRank
Organization
AuthorityArea
Lawenforcementagency
Reputation
User
Anyuri
Provider
Baby
Employer
Response
Department
SkillOwner
TradeType
N7048638ddbe744ef92b7ef71d2bc54beb1
Witness
Branch
Change
Prisoner
AcademicStudy
Theme
Gyear
Issue
VolumeMeasurement
