Pastor
Return
Testimony
HistoricalPeriod
Recollection
Account
Suffering
Association
Nb1a34d8e9ab046da8d71d7b2bd1ff877b1
Battle
PostalAddress
Timezone
Company
Ceremony
Master
Participant
Quantity
Year
Possession
Organizer
PublicationDate
Tree
Colony
Trade
LeasingStatus
Strength
Promise
Individual
TradingPlatform
Input
Star
Item
Tour
Village
Tourist
ResidenceType
Consumer
Writing
Public
Brigade
StudyTool
Request
Assistance
Assault
Seamstress
ChangeType
N93cce6105e0b4d24bb5be2671f1034a6b4
BodiesOfWater
Bats
Wife
MedicalCondition
Restaurant
Cave
PrivateVehicle
Thought
CampType
Ontology
Spring
Room
Manager
Content
Activity
Sister
Bag
Date
Course
Statement
Piece
Plaque
Movie
Anniversary
Sermon
Organisation
Wheel
PoliticalParty
Trader
Prayer
Transport
Arrest
Audience
Contract
Stalactite
Product
Event
Black
Chef
Memorial
Commander
Soldier
Setting
Member
Truth
Supporter
Attendee
Sport
Nc0327303d0b9427fbc0bde474f20a665b1
Artist
Citation
Religiousactivity
Family
Construction
Food
ConstructionWorker
Church
Result
School
Medal
Flowering
Number
N93cce6105e0b4d24bb5be2671f1034a6b1
Chance
Reason
Convention
Faculty
Water
Acter
Permission
SpringSeason
SocialMovement
Travel
Anysimpletype
Award
Store
Religiousleader
Blood
River
Detail
ReturnItem
Thing
Resource
Person
Language
Nonnegativeinteger
Retiree
Rebellion
Story
PersonArrival
UnitSystem
Biographer
PracticeArea
Position
ItemType
GarmentType
PoliceOfficer
InterestRate
Boy
Herb
Cause
Residence
Seller
Word
Duties
Report
Price
Abolitionism
Tale
Character
Weather
PublicTransport
N3c0a9d62a1d64b6b9c7ea7f0401a59ecb1
Passenger
TourGuide
Receiver
Circumstance
Teacher
Broker
PlaceOfBirth
ValueNumeric
Weapon
CulturalNorm
Employee
Arrival
Offender
Software
Population
Cuisine
Invoice
UndergroundRailroad
AbolitionistMovement
Ncbc19e54e6ff4dcd87266bab720beecbb2
BodyPart
PoliticalIssue
Constellation
Petition
Outcome
Minor
Biography
Mother
Race
Status
ConstructionMaterials
Captain
Ncbc19e54e6ff4dcd87266bab720beecbb1
Relationship
TimePeriod
Text
Performance
Case
Inmate
PoliticalPosition
Rank
Transportation
Contractor
Occupation
Slavery
Camp
Portion
Website
Unit
Style
Ancestor
Subject
Scene
Building
Believer
Agent
Occupant
ArrestReport
Grave
Situation
ReturnPolicy
Issuer
LawEnforcementAgency
Collection
Entity
Target
Use
University
N3f1fcd8fe7834504a1b4b47305dd5dc5b1
Human
Action
SlaveTrade
Literal
Condition
Research
Version
Carriage
Pension
Review
Movement
Role
Colonist
Background
String
Practice
Bidder
WebSite
Tool
Pet
Double
Manufacturer
Ocean
Violence
Slaveholder
WebDeveloper
Nc0327303d0b9427fbc0bde474f20a665b2
Script
Charge
Gender
SecurityLevel
Resident
Carpenter
Guide
Objective
Topic
Feature
Institution
Ability
Narrator
Worker
AudioBook
Vessel
Auction
BillOfSale
Establishment
ReligiousDenomination
Politician
Behalf
Guard
Furniture
RelationshipType
Vehicle
PurchaseOrder
Crime
Comment
Artwork
Employment
Process
Place
Party
Slave
Speech
Researcher
Major
Photo
WaterSource
BlessingType
Buyer
Location
Beneficiary
Producer
Poem
Priest
Clothe
FinancialBond
Class
Election
Genre
Activist
Period
Actor
War
PensionPlan
SocialIssue
BirthDate
Birth
Factor
Plantation
Society
BirthPlace
BuildingType
Impact
Town
Woman
Controversy
BloodVessel
N47dbf12ea09b44e7837e9a0a478bc012b1
GenderRatio
Adulthood
Value
TailorShop
Whole
Project
AgeDistribution
Datetime
Cabin
Destination
Congregation
Authority
Sacrament
Student
Doctor
Photographer
GPA
Father
Attempt
Pensioner
Duration
Category
Color
Priesthood
Access
Degree
Origin
ServiceProvider
Struggle
Holder
Field
DateTime
Descendant
Region
Pilgrim
Bloodvessel
Skill
ProjectTopic
Arrestor
Viewpoint
ContractType
Religion
Attorney
Property
Shop
Absorbency
State
View
Regiment
Cemetery
Publisher
Reader
Candidate
Publication
Play
Birthdate
Collector
Speaker
PopulationCensus
Market
SystemOrPractice
Diocese
Signatory
Drink
Release
Servant
Attack
Combatant
Wagon
Man
Respect
Prison
Victim
Rebel
Purchase
Job
Material
Baptism
Box
Task
InstitutionLocation
Pilgrimage
Scholar
Axle
Voter
Environment
Time
Director
Artery
FieldOfStudy
Coast
Consequence
SurfaceType
Government
Literary_Genre
Langstring
Statue
Arrestee
Fruit
Funding
ActivismType
FinancialInstrument
EducationSystem
Classroom
Customer
Abolition
Plan
Book
Success
Troop
Road
Service
Widow
Suspect
Veteran
Belief
Activism
Integer
Treatment
Preacher
Creator
Vote
Bishop
Intensity
Study
Asset
Author
Sale
Professor
Preface
Tavern
DateOfBirth
Support
CreationDate
Blessing
Trial
City
Country
MilitaryRank
Organization
AuthorityArea
Symptom
Lawenforcementagency
Portfolio
Reputation
User
Anyuri
Provider
Output
Employer
Ticket
Response
Baby
Department
SkillOwner
TradeType
N7048638ddbe744ef92b7ef71d2bc54beb1
Witness
Branch
Change
Prisoner
AcademicStudy
Theme
Gyear
Issue
VolumeMeasurement
