Movement
Pastor
Role
Return
Testimony
Colonist
Account
Practice
Tool
Pet
PostalAddress
Battle
Company
Ceremony
Manufacturer
Ocean
Participant
Violence
Quantity
Year
Nc0327303d0b9427fbc0bde474f20a665b2
PublicationDate
Charge
Colony
Trade
Gender
TradingPlatform
Individual
Objective
Carpenter
Topic
Ability
Worker
Behalf
Crime
Vehicle
Comment
Assault
Employment
ChangeType
Place
N93cce6105e0b4d24bb5be2671f1034a6b4
WaterSource
Bats
Wife
MedicalCondition
BlessingType
Restaurant
Cave
Location
Beneficiary
Thought
Priest
CampType
Clothe
FinancialBond
Spring
Class
Election
Activist
Genre
Actor
SocialIssue
Activity
BirthDate
Birth
Bag
Factor
Date
Statement
BirthPlace
BuildingType
Impact
Woman
Movie
Anniversary
BloodVessel
Controversy
Conversion
Organisation
Adulthood
Trader
Arrest
Audience
Project
Stalactite
Chef
Event
Datetime
Cabin
Contract
Memorial
Congregation
Authority
Sacrament
Student
Member
Truth
Doctor
Sport
Father
Artist
Nc0327303d0b9427fbc0bde474f20a665b1
Attempt
Duration
Citation
Construction
ConstructionWorker
Holder
N93cce6105e0b4d24bb5be2671f1034a6b1
Result
Church
Flowering
Number
Chance
DateTime
Reason
Descendant
Water
Bloodvessel
Acter
Arrestor
SocialMovement
SpringSeason
Award
Anysimpletype
Viewpoint
ContractType
Attorney
Blood
View
ReturnItem
Cemetery
Candidate
Publication
Birthdate
Resource
Person
PopulationCensus
Nonnegativeinteger
Market
SystemOrPractice
UnitSystem
PersonArrival
PracticeArea
Position
Biographer
PoliceOfficer
Signatory
InterestRate
Boy
Attack
Word
Cause
Combatant
Conversation
Condition
Man
Abolitionism
Victim
Message
Weather
Job
Baptism
Material
Circumstance
Task
Broker
PlaceOfBirth
Artery
Teacher
Voter
Employee
Time
Coast
Arrival
Offender
Consequence
Langstring
Cuisine
Arrestee
ActivismType
FinancialInstrument
Abolition
AbolitionistMovement
BodyPart
Book
Biography
Service
Widow
Mother
Suspect
Activism
ConstructionMaterials
Captain
Integer
Treatment
Vote
Case
Text
Asset
Contractor
Camp
Author
Unit
DateOfBirth
Ancestor
Subject
Trial
Blessing
Country
City
Organization
Symptom
Lawenforcementagency
Building
Occupant
ArrestReport
User
Anyuri
Baby
Grave
Issuer
ReturnPolicy
LawEnforcementAgency
Entity
Target
Use
Human
Branch
Change
Literal
Gyear
Issue
VolumeMeasurement
Carriage
