Movement
Pastor
Role
Colonist
Account
Practice
Tool
Pet
PostalAddress
Double
Cotton
Company
Ceremony
Manufacturer
Ocean
Violence
Year
Nc0327303d0b9427fbc0bde474f20a665b2
PublicationDate
Charge
Colony
Trade
Gender
TradingPlatform
Individual
Objective
Carpenter
Institution
Ability
CountySeat
Worker
Vessel
BillOfSale
Village
Behalf
Vehicle
PurchaseOrder
Crime
Comment
Assault
Employment
ChangeType
Place
N93cce6105e0b4d24bb5be2671f1034a6b4
Major
WaterSource
Bats
Wife
MedicalCondition
BlessingType
Restaurant
Cave
Buyer
PrivateVehicle
Location
Beneficiary
Priest
CampType
Clothe
FinancialBond
Class
Election
Activist
Genre
Actor
War
SocialIssue
Activity
BirthDate
Birth
Bag
Factor
Date
Course
BirthPlace
BuildingType
Impact
Town
Woman
Movie
Anniversary
BloodVessel
Controversy
Organisation
Wheel
Adulthood
Trader
Arrest
Audience
Project
Stalactite
Product
Event
Datetime
Cabin
Chef
Memorial
Contract
Commander
Soldier
Authority
Congregation
Sacrament
Student
Member
Doctor
GPA
Father
Artist
Sport
Attempt
Duration
Citation
Nc0327303d0b9427fbc0bde474f20a665b1
Construction
Degree
ConstructionWorker
School
N93cce6105e0b4d24bb5be2671f1034a6b1
Medal
Holder
Church
Number
Chance
DateTime
Reason
Faculty
Descendant
Water
Bloodvessel
Acter
Arrestor
SocialMovement
Award
ContractType
Attorney
State
Blood
Cemetery
Candidate
Publication
Birthdate
Resource
Person
PopulationCensus
Nonnegativeinteger
Market
SystemOrPractice
PersonArrival
Biographer
PracticeArea
Position
PoliceOfficer
Signatory
InterestRate
Boy
Attack
Word
Cause
Seller
Wagon
Man
Condition
Price
Abolitionism
Victim
PublicTransport
Job
Baptism
Material
Box
Circumstance
Teacher
Broker
Task
Axle
PlaceOfBirth
Voter
Employee
Artery
Time
Coast
Arrival
Offender
Consequence
Langstring
Cuisine
Arrestee
ActivismType
FinancialInstrument
Abolition
AbolitionistMovement
BodyPart
Book
County
Troop
Minor
Biography
Service
Widow
Mother
Suspect
Veteran
Activism
ConstructionMaterials
Captain
Integer
Treatment
Vote
Case
Text
Asset
Transportation
Contractor
Camp
Author
Professor
DateOfBirth
Couple
Ancestor
Subject
Trial
Blessing
Country
MilitaryRank
Organization
City
Symptom
Lawenforcementagency
Instructor
Building
Occupant
ArrestReport
User
Anyuri
Baby
Grave
Department
Issuer
LawEnforcementAgency
Counsel
Entity
TradeType
Target
Human
University
Branch
Change
Continent
EducationalInstitution
Literal
Gyear
Issue
Carriage
