Pastor
DigitalLiteracy
Subcomponent
HistoricalPeriod
Suffering
Obituary
Child
PostalAddress
Battle
Company
Ceremony
Plaintiff
LegalEducation
Participant
Year
Organizer
Tree
Colony
LeasingStatus
Strength
Individual
LawFirm
Star
Village
Consumer
Marriage
Request
Assistance
Defendant
Assault
Nation
N93cce6105e0b4d24bb5be2671f1034a6b4
BodiesOfWater
Bats
Wife
Restaurant
PrivateVehicle
Spring
Room
Mean
Parent
Spouse
Bag
Date
Course
Street
Movie
Paper
Plaque
Conversion
Native
PoliticalParty
Chef
Event
Soldier
Setting
Member
Attendee
Sport
Nc0327303d0b9427fbc0bde474f20a665b1
Artist
WritingSkill
Religiousactivity
Family
Construction
Manumission
Result
Flowering
Number
Chance
Water
Acter
Travel
Anysimpletype
Religiousleader
Blood
River
Reproduction
Person
Language
Nonnegativeinteger
Retiree
PersonArrival
ItemType
PoliceOfficer
Boy
Principle
Herb
SpreadGospel
Duties
Character
Weather
PublicTransport
Passenger
TourGuide
Teacher
Name
Weapon
Arrival
Software
Cuisine
UndergroundRailroad
Invoice
AbolitionistMovement
County
PoliticalIssue
Outcome
Biography
Mother
SelfLove
ConstructionMaterials
Captain
Relationship
TimePeriod
Text
Inmate
PoliticalPosition
Contractor
Occupation
Slavery
Offence
Website
MissionaryOrganization
Couple
Ancestor
Subject
Scene
Agent
ArrestReport
Grave
Situation
Issuer
Meeting
LawEnforcementAgency
Order
Collection
Entity
Use
University
SlaveTrade
Memoir
Punishment
Research
Judgment
Carriage
Pension
Review
N99268126faf248afb7c7defbbb7a9a3eb7
String
Practice
Pet
Double
Cotton
Justice
Manufacturer
Violence
WebDeveloper
Nc0327303d0b9427fbc0bde474f20a665b2
Charge
Gender
N484938bb2d7e4360b7a7b7db78f3c280b1
SecurityLevel
Guide
Feature
Institution
AudioBook
Narrator
Vessel
BillOfSale
Establishment
Hardware
Guard
Furniture
RelationshipType
Crime
PurchaseOrder
Comment
Artwork
Employment
Pair
Place
Slave
Party
Speech
Ned963e32258d4cdc9f9dee88e0432c79b1
Photo
Major
WaterSource
MissionaryActivity
Buyer
Beneficiary
Poem
Priest
Clothe
FinancialBond
Activist
Genre
Judge
SocialIssue
NumberSet
Birth
SlaveOwner
Plantation
Literacy
BuildingType
Impact
Woman
Controversy
LastName
Adulthood
Novel
Responsibility
Whole
Project
Datetime
Destination
Congregation
Authority
Sacrament
Student
Photographer
Jurisdiction
GPA
Duration
Category
OnlineMerchant
Color
Priesthood
Degree
Origin
ServiceProvider
Purpose
DomainArea
Holder
Field
DateTime
Bloodvessel
Skill
Acquisition
Group
Attorney
Absorbency
State
View
Cemetery
Locations
Collector
PopulationCensus
SystemOrPractice
Diocese
Drink
Ingredient
Release
Servant
Combatant
Man
Respect
Prison
Victim
Rebel
Job
Material
Coordinates
Artery
Pilgrimage
Scholar
Time
Director
Coast
KidnappingEvent
SurfaceType
Government
Owner
Statue
Fruit
MerchantStore
EducationSystem
Customer
Right
Book
Point
Widow
Suspect
Veteran
Integer
Treatment
Vote
MealType
Intensity
Study
Sale
Professor
Distribution
CreationDate
Blessing
City
Knowledge
Country
Organization
AuthorityArea
Lawenforcementagency
Instructor
Portfolio
Anyuri
Ticket
Response
Department
SkillOwner
ManufacturedPlace
N7048638ddbe744ef92b7ef71d2bc54beb1
TradeType
Witness
Continent
Courthouse
Theme
Issue
Mission
Flower
Return
Testimony
Recollection
Monument
Account
Association
Nb1a34d8e9ab046da8d71d7b2bd1ff877b1
Timezone
Master
Quantity
Possession
PublicationDate
Trade
Promise
TradingPlatform
Input
CountySeat
Item
Tour
Tourist
Writing
ResidenceType
Public
Brigade
StudyTool
Seamstress
ChangeType
MonumentType
MedicalCondition
Cave
Thought
CampType
LegalCase
Ontology
Manager
Content
Activity
Sister
Nbbdcaa839c5e49d4af2ba05033c56790b1
Reading
Statement
Piece
Anniversary
List
Sermon
Meal
Wheel
Organisation
Trader
Arrest
Prayer
Transport
President
Audience
Stalactite
Product
Component
Black
Contract
Memorial
Commander
Truth
Supporter
Citation
Food
ConstructionWorker
Church
School
Medal
N93cce6105e0b4d24bb5be2671f1034a6b1
Reason
Faculty
Convention
Permission
SpringSeason
SocialMovement
LegalSystem
Award
Store
ReturnItem
Detail
Thing
Resource
Official
Story
Rebellion
UnitSystem
Biographer
PracticeArea
Position
GarmentType
InterestRate
Cause
Word
Courtroom
N99268126faf248afb7c7defbbb7a9a3eb8
Residence
Seller
Conversation
Report
Animal
Price
Abolitionism
Tale
N3c0a9d62a1d64b6b9c7ea7f0401a59ecb1
FirstName
LegalArea
Receiver
Circumstance
Broker
PlaceOfBirth
ValueNumeric
Employee
CulturalNorm
Offender
Population
BodyPart
Ncbc19e54e6ff4dcd87266bab720beecbb2
Constellation
Life
Petition
Minor
Race
Status
Ncbc19e54e6ff4dcd87266bab720beecbb1
Case
Performance
Rank
Loss
Transportation
Camp
Portion
Unit
ActOfKindness
Style
Manner
Building
Believer
Occupant
ReturnPolicy
Counsel
Target
Human
N3f1fcd8fe7834504a1b4b47305dd5dc5b1
Action
Literal
ReproductiveOrganism
Condition
System
Version
LegalSpecialization
Movement
Role
Colonist
Background
Bidder
WebSite
Tool
Overseer
Merchant
Ocean
Slaveholder
Script
Majority
Missionary
Resident
Carpenter
Objective
Topic
Ability
Worker
Auction
ReligiousDenomination
Politician
Behalf
Literature
Vehicle
Mail
Process
Neighbor
Researcher
LegalRight
BlessingType
CourtCase
ReadingSkill
Location
Producer
Dog
Missions
Court
Class
Election
Period
Actor
War
PensionPlan
BirthDate
Factor
Society
BirthPlace
Town
Opportunity
BloodVessel
Part
N47dbf12ea09b44e7837e9a0a478bc012b1
GenderRatio
Value
TailorShop
AgeDistribution
Cabin
Doctor
Father
Attempt
Pensioner
Access
Struggle
Source
Ownership
Descendant
Region
Pilgrim
ProjectTopic
Arrestor
Viewpoint
ContractType
Religion
Officer
Property
Shop
PoliceDepartment
Regiment
N99268126faf248afb7c7defbbb7a9a3eb1
Publisher
Reader
Publication
SkillLevel
Play
Candidate
Birthdate
Speaker
Market
Signatory
Attack
Wagon
N484938bb2d7e4360b7a7b7db78f3c280b2
Message
Purchase
Baptism
Box
Task
InstitutionLocation
Axle
Environment
Voter
FieldOfStudy
Consequence
Literary_Genre
Langstring
Arrestee
House
Funding
ActivismType
FinancialInstrument
MealComponent
Classroom
Abolition
Plant
Level
Plan
Success
Troop
Road
Service
Belief
Activism
Preacher
Creator
Bishop
Occasion
Asset
Author
Lawyer
Preface
Tavern
DateOfBirth
Support
Symptom
Trial
MilitaryRank
Reputation
User
Provider
Output
Employer
Baby
Branch
Change
Prisoner
PersonOrEvent
AcademicStudy
Gyear
VolumeMeasurement
