Pastor
Account
Suffering
Association
Nb1a34d8e9ab046da8d71d7b2bd1ff877b1
PostalAddress
Company
Ceremony
Master
Participant
Plaintiff
Year
PublicationDate
Colony
Trade
Strength
Individual
TradingPlatform
Star
CountySeat
Tour
Village
Tourist
ResidenceType
Writing
Brigade
StudyTool
Defendant
Assault
Seamstress
ChangeType
N93cce6105e0b4d24bb5be2671f1034a6b4
BodiesOfWater
Bats
Wife
MedicalCondition
Restaurant
Cave
PrivateVehicle
CampType
Ontology
Room
Timeperiod
Activity
Sister
Bag
Date
Course
Movie
Anniversary
Organisation
Wheel
Trader
Arrest
Transport
Audience
Contract
Stalactite
Product
Event
Black
Chef
Memorial
Commander
Soldier
Setting
Member
Supporter
Sport
Nc0327303d0b9427fbc0bde474f20a665b1
Artist
Citation
Decade
Family
Construction
ConstructionWorker
School
Medal
N93cce6105e0b4d24bb5be2671f1034a6b1
Church
Number
Chance
Reason
Faculty
Water
Acter
SocialMovement
Award
Travel
TimeOfDeath
Store
Blood
River
Thing
Resource
Person
Language
Nonnegativeinteger
Rebellion
Story
PersonArrival
Biographer
PracticeArea
Position
GarmentType
PoliceOfficer
InterestRate
Boy
Cause
Word
Residence
Seller
Conversation
Courtroom
Crew
Price
Abolitionism
Tale
Character
PublicTransport
N3c0a9d62a1d64b6b9c7ea7f0401a59ecb1
TourGuide
Circumstance
Teacher
Broker
PlaceOfBirth
ValueNumeric
Weapon
CulturalNorm
Employee
Arrival
Offender
Software
Cuisine
UndergroundRailroad
AbolitionistMovement
BodyPart
County
Constellation
Outcome
Minor
Biography
Mother
Status
ConstructionMaterials
Captain
Relationship
Text
Case
Rank
Transportation
Contractor
Slavery
Camp
Century
Website
Couple
Style
Ancestor
Debt
Subject
Scene
Building
Believer
Agent
Occupant
ArrestReport
Grave
Situation
Issuer
LawEnforcementAgency
Counsel
Entity
Target
Human
University
N3f1fcd8fe7834504a1b4b47305dd5dc5b1
CauseOfDeath
Action
SlaveTrade
Literal
Condition
Version
Carriage
Movement
Review
Role
Colonist
Background
Practice
WebSite
Tool
Pet
Double
Cotton
Manufacturer
Ocean
Violence
Slaveholder
WebDeveloper
Nc0327303d0b9427fbc0bde474f20a665b2
Charge
Gender
Resident
Carpenter
Guide
Objective
Topic
Feature
Institution
Ability
Narrator
Worker
AudioBook
Vessel
BillOfSale
Establishment
Behalf
Gyear
Furniture
RelationshipType
Vehicle
PurchaseOrder
Crime
Comment
Artwork
Employment
PlaceOfDeath
Place
Slave
Speech
Researcher
Major
WaterSource
BlessingType
CourtCase
Buyer
Location
Beneficiary
Priest
Clothe
FinancialBond
Court
Class
Election
Genre
Activist
Judge
Actor
War
SocialIssue
BirthDate
Birth
Factor
Society
BirthPlace
BuildingType
Impact
Town
Woman
Controversy
BloodVessel
Damage
N47dbf12ea09b44e7837e9a0a478bc012b1
Crowd
Adulthood
Value
TailorShop
Project
Datetime
Cabin
Destination
Congregation
Authority
Sacrament
Student
Doctor
GPA
Father
Jurisdiction
Attempt
Duration
Category
Color
Degree
Origin
Death
Holder
Field
DateTime
Descendant
Region
Bloodvessel
Skill
Arrestor
ContractType
Attorney
Option
Property
Shop
Absorbency
State
Regiment
Cemetery
Publisher
Candidate
Publication
Birthdate
Speaker
PopulationCensus
Market
SystemOrPractice
Signatory
Servant
Attack
Wagon
Man
Respect
Decision
Victim
Rebel
Message
Job
Baptism
Material
Box
Artery
Task
Scholar
Axle
Voter
Environment
Time
Coast
FieldOfStudy
Consequence
SurfaceType
Literary_Genre
Statue
Langstring
Arrestee
ActivismType
FinancialInstrument
EducationSystem
Classroom
Abolition
Book
Troop
Road
Service
Widow
Suspect
Veteran
Belief
Activism
Integer
Treatment
Creator
Vote
Intensity
Study
Asset
Author
Lawyer
Professor
Tavern
DateOfBirth
Support
Blessing
Trial
City
Country
MilitaryRank
Organization
Symptom
Lawenforcementagency
Instructor
User
Anyuri
Baby
Employer
Response
Department
SkillOwner
TradeType
Witness
Branch
Change
Continent
Courthouse
AcademicStudy
Theme
DecisionMaker
Issue
