Pastor
DigitalLiteracy
Subcomponent
End
HistoricalPeriod
Suffering
Household
Obituary
Child
PostalAddress
Battle
Company
Ceremony
Discrimination
Plaintiff
LegalEducation
Participant
Year
Organizer
Expedition
Tree
Colony
ExchangeRate
LeasingStatus
Strength
Warrant
Individual
LawFirm
Star
Village
Consumer
Marriage
PoliticalIndependence
Request
Defendant
Assistance
Assault
Nation
N93cce6105e0b4d24bb5be2671f1034a6b4
BodiesOfWater
Bats
Wife
BlogPost
Restaurant
PrivateVehicle
Dinner
Spring
Room
Timeperiod
Interest
Mean
Parent
Spouse
Bag
Wedding
Date
Course
Street
Movie
Paper
Plaque
Verse
Conversion
Native
PoliticalParty
Instruction
Chef
Event
Infant
Soldier
Setting
Foot
Member
Attendee
Sport
Nc0327303d0b9427fbc0bde474f20a665b1
Artist
WritingSkill
Religiousactivity
Family
Construction
Manumission
Result
Flowering
Number
Nca296b5ff4e94689b8b58a69b033fb4bb1
Chance
Feeling
Water
Acter
Travel
Anysimpletype
TimeOfDeath
Religiousleader
Blood
River
Reproduction
Person
Language
Nonnegativeinteger
Retiree
Island
PersonArrival
ItemType
PoliceOfficer
Boy
Principle
Herb
SpreadGospel
Duties
Duty
Character
Weather
PublicTransport
Passenger
TourGuide
Teacher
Name
Weapon
Enemy
Influence
Arrival
Software
Favor
Cuisine
Office
UndergroundRailroad
Invoice
AbolitionistMovement
County
PoliticalIssue
Outcome
Biography
Mother
RealEstate
Dessert
SelfLove
ConstructionMaterials
Captain
Relationship
TimePeriod
Text
Inmate
PoliticalPosition
Contractor
Occupation
Landspot
Offence
Slavery
Website
MissionaryOrganization
Couple
Ancestor
Image
Subject
Scene
Manuscript
Agent
ArrestReport
Grave
Situation
Issuer
Meeting
LawEnforcementAgency
Order
Collection
DesireSatisfaction
Entity
Use
University
SlaveTrade
Memoir
Punishment
Research
Judgment
Song
Carriage
Pension
Review
Intelligence
N99268126faf248afb7c7defbbb7a9a3eb7
String
N152f29b4aa5841d69cbcac4e611774a4b1
Practice
Pet
Double
Cotton
Justice
Manufacturer
Violence
WebDeveloper
Nc0327303d0b9427fbc0bde474f20a665b2
Effect
Charge
Gender
N484938bb2d7e4360b7a7b7db78f3c280b1
SecurityLevel
Guide
Feature
Institution
AudioBook
Narrator
Object
Vessel
BillOfSale
Establishment
Governor
Hardware
Guard
Furniture
RelationshipType
Crime
PurchaseOrder
Comment
Artwork
Employment
Pair
PlaceOfDeath
Place
Slave
Party
Article
Speech
Ned963e32258d4cdc9f9dee88e0432c79b1
Photo
Major
WaterSource
MissionaryActivity
Buyer
Beneficiary
Introduction
Entry
Poem
Priest
Clothe
FinancialBond
Activist
Genre
Judge
SocialIssue
NumberSet
Birth
SlaveOwner
Plantation
Literacy
BuildingType
Impact
Woman
Controversy
Desire
Historicaltopic
LastName
Adulthood
Novel
Responsibility
Whole
Project
Datetime
Destination
Congregation
Authority
Sacrament
Student
Photographer
GPA
Jurisdiction
Duration
Category
OnlineMerchant
Color
Priesthood
Degree
Origin
ServiceProvider
Purpose
DomainArea
Holder
Field
DateTime
Bloodvessel
Skill
Group
Acquisition
Difficulty
Hour
Attorney
Option
Juror
Absorbency
State
Painting
View
EconomicIndependence
Cemetery
Locations
Collector
PopulationCensus
SystemOrPractice
Escape
Diocese
Drink
Ingredient
InfluencePower
Release
Servant
N152f29b4aa5841d69cbcac4e611774a4b5
Combatant
Man
Respect
Decision
FinalMoment
Prison
Rebel
Victim
Job
Material
Honor
Coordinates
Artery
Pilgrimage
Scholar
Time
Director
Coast
KidnappingEvent
SurfaceType
Government
Owner
Statue
Fruit
MerchantStore
EducationSystem
Customer
Right
Book
Point
Currency
Widow
Suspect
Veteran
Issuestatus
Integer
Treatment
Vote
MealType
Intensity
Study
Sale
Professor
Distribution
Exhibit
Enslavement
NutritionInfo
CreationDate
Blessing
City
Country
Knowledge
Organization
AuthorityArea
Lawenforcementagency
Instructor
Portfolio
Anyuri
Medium
Ticket
Response
Department
SkillOwner
Information
ManufacturedPlace
N7048638ddbe744ef92b7ef71d2bc54beb1
TradeType
Witness
Equipment
Continent
Courthouse
Theme
Issue
Mission
TimeInterval
N2fc4409f5d8741aabdef801fbf90ce36b3
Flower
Shift
Return
Testimony
Dialect
Recollection
Monument
Account
Association
Nb1a34d8e9ab046da8d71d7b2bd1ff877b1
Recipe
Na3773eb7098347bbac15ca20ee75c694b6
Timezone
Master
Quantity
Dish
Possession
News
PublicationDate
Film
Alphabet
Trade
InfluenceFactor
IndividualIndependence
Promise
TradingPlatform
Input
CountySeat
Item
Tour
XMLLiteral
Independence
Gift
Tourist
Laborer
Writing
ResidenceType
Public
Brigade
Jury
StudyTool
Seamstress
ChangeType
MonumentType
MedicalCondition
Cave
Thought
CampType
FoodItem
LegalCase
Ontology
Manager
Content
Activity
Sister
Nbbdcaa839c5e49d4af2ba05033c56790b1
Reading
Statement
Argument
Instance
Piece
Anniversary
List
Sermon
Meal
Wheel
Organisation
Trader
Arrest
Prayer
Transport
President
Audience
Stalactite
Product
Component
Black
Contract
Memorial
Commander
Invitation
Half
Truth
Supporter
Genius
Citation
Decade
Exchange
Food
ConstructionWorker
Editor
School
Church
Medal
N93cce6105e0b4d24bb5be2671f1034a6b1
Gospel
Reason
Faculty
Convention
Permission
SpringSeason
SocialMovement
LegalSystem
Journalist
Award
Store
Premise
Detail
ReturnItem
Thing
Resource
Official
Story
Rebellion
UnitSystem
Biographer
PracticeArea
Position
GarmentType
InterestRate
Cause
Word
Residence
N99268126faf248afb7c7defbbb7a9a3eb8
Seller
Conversation
Courtroom
Crew
Report
Animal
Price
Abolitionism
Tale
N3c0a9d62a1d64b6b9c7ea7f0401a59ecb1
FirstName
LegalArea
Receiver
Circumstance
Broker
PlaceOfBirth
ValueNumeric
Employee
CulturalNorm
Offender
Population
Parcel
BodyPart
Ncbc19e54e6ff4dcd87266bab720beecbb2
Hospital
Constellation
Life
Petition
Minor
Bride
FoodGroup
Race
Status
MedicalField
Ncbc19e54e6ff4dcd87266bab720beecbb1
RebelGroup
Case
Villain
Performance
Bank
Rank
Loss
Transportation
Camp
Century
Portion
Unit
ActOfKindness
Style
Debt
Manner
Building
Groom
Believer
DecisionMaker
Occupant
Database
OfficialInstitution
ReturnPolicy
Counsel
Conclusion
Target
Resolution
Human
N3f1fcd8fe7834504a1b4b47305dd5dc5b1
CauseOfDeath
Earning
Action
Literal
ReproductiveOrganism
Greeting
Condition
System
Version
LegalSpecialization
Movement
Role
Colonist
Background
Bidder
WebSite
Tool
Overseer
Merchant
HistoricalTopic
Ocean
Fugitive
Slaveholder
Script
Majority
Missionary
Resident
Carpenter
Objective
Topic
Ability
Worker
Auction
ReligiousDenomination
Politician
Behalf
HistoricalEvent
Literature
Vehicle
Girl
Mail
RoomType
Process
Neighbor
Researcher
Donation
LegalRight
BlessingType
CourtCase
Diary
ReadingSkill
Location
Producer
Help
Dog
Missions
Court
Class
Historian
Election
Period
Actor
War
PensionPlan
BirthDate
Factor
Friendship
BirthPlace
Society
Town
Opportunity
BloodVessel
Damage
Part
N47dbf12ea09b44e7837e9a0a478bc012b1
GenderRatio
Lyrics
Crowd
Value
TailorShop
AgeDistribution
Power
Cabin
Document
Doctor
N2fc4409f5d8741aabdef801fbf90ce36b1
Father
Attempt
Pensioner
Access
Struggle
Death
Home
Source
Ownership
Descendant
Region
Pilgrim
ProjectTopic
Arrestor
SuperPower
Viewpoint
ContractType
Religion
Officer
Property
Shop
PoliceDepartment
Grandfather
Regiment
Publisher
Reader
N99268126faf248afb7c7defbbb7a9a3eb1
Publication
SkillLevel
Play
Candidate
Birthdate
Speaker
Market
Idea
Transaction
Homeland
Signatory
Attack
Wagon
N484938bb2d7e4360b7a7b7db78f3c280b2
Message
Purchase
Baptism
Box
Effort
Task
InstitutionLocation
Axle
Money
Voter
Environment
Medicalprofessional
FieldOfStudy
Consequence
Literary_Genre
Langstring
Arrestee
House
Funding
ActivismType
FinancialInstrument
MealComponent
Classroom
Data
Abolition
Plant
Level
Plan
Success
Troop
Hero
Road
Service
Descent
Belief
Activism
Fraction
Creator
Preacher
Nd3d404c3d0fe4e05bfe67f9531eb5770b1
Bishop
Occasion
Asset
Page
Author
Lawyer
Na3773eb7098347bbac15ca20ee75c694b1
Preface
Tavern
Estate
Support
DateOfBirth
Overview
Symptom
Trial
MilitaryRank
Seq
Reputation
User
Provider
Output
Employer
Baby
Head
Branch
Change
Prisoner
PersonOrEvent
AcademicStudy
Toe
Gyear
VolumeMeasurement
Guest
