./enslaved-modl/patterns/trading.ttl
./enslaved-modl/patterns/troop.ttl
./enslaved-modl/patterns/vote.ttl
./enslaved-modl/patterns/violence.ttl
./enslaved-modl/patterns/wife.ttl
./enslaved-modl/patterns/veteran.ttl
./enslaved-modl/patterns/town.ttl
./enslaved-modl/patterns/student.ttl
./enslaved-modl/patterns/uncle.ttl
./enslaved-modl/patterns/work.ttl
./enslaved-modl/patterns/subject.ttl
./enslaved-modl/patterns/widow.ttl
./enslaved-modl/patterns/trade.ttl
./enslaved-modl/patterns/year.ttl
./enslaved-modl/patterns/transportation.ttl
./enslaved-modl/patterns/university.ttl
./enslaved-modl/patterns/vessel.ttl
./enslaved-modl/patterns/worker.ttl
./enslaved-modl/patterns/teacher.ttl
./enslaved-modl/patterns/village.ttl
./enslaved-modl/patterns/trial.ttl
./enslaved-modl/patterns/ed.ttl
./enslaved-modl/patterns/trader.ttl
./enslaved-modl/patterns/course.ttl
./enslaved-modl/patterns/wagon.ttl
./enslaved-modl/patterns/woman.ttl
./enslaved-modl/patterns/word.ttl
./enslaved-modl/patterns/water.ttl
