Pastor
Return
Testimony
TimeInterval
HistoricalPeriod
Recollection
Monument
Suffering
Account
Association
End
Obituary
Child
Nb1a34d8e9ab046da8d71d7b2bd1ff877b1
Battle
PostalAddress
Timezone
Company
Ceremony
Master
Participant
Plaintiff
Discrimination
Quantity
Year
Dish
Possession
Organizer
PublicationDate
Tree
Colony
Trade
LeasingStatus
Strength
Promise
Individual
TradingPlatform
Input
Star
CountySeat
Item
Tour
Village
Tourist
ResidenceType
Consumer
Writing
Public
Brigade
StudyTool
Request
Assistance
Defendant
Assault
Seamstress
Nation
ChangeType
MonumentType
N93cce6105e0b4d24bb5be2671f1034a6b4
BodiesOfWater
Bats
Wife
MedicalCondition
Restaurant
Cave
PrivateVehicle
N3e77a9a39e704894af3d5867ca88d92bb1
Thought
CampType
Ontology
Spring
Dinner
Room
Timeperiod
Manager
Parent
Content
Activity
Sister
Bag
Nbbdcaa839c5e49d4af2ba05033c56790b1
Course
Statement
Date
Street
Piece
Paper
Plaque
Movie
Anniversary
Sermon
Organisation
Wheel
Native
Conversion
Meal
PoliticalParty
Trader
Prayer
Transport
Arrest
President
Audience
Stalactite
Product
Event
Black
Chef
Contract
Memorial
Commander
Soldier
Setting
Member
Truth
Supporter
Attendee
Sport
Nc0327303d0b9427fbc0bde474f20a665b1
Artist
Citation
Decade
Religiousactivity
Family
Construction
Manumission
Food
ConstructionWorker
Editor
Church
Result
School
Medal
Flowering
Number
N93cce6105e0b4d24bb5be2671f1034a6b1
Chance
Reason
Faculty
Convention
Water
Acter
Permission
SpringSeason
SocialMovement
Travel
Anysimpletype
Award
TimeOfDeath
Store
Religiousleader
Blood
River
Detail
ReturnItem
Official
Resource
Thing
Person
Language
Nonnegativeinteger
Retiree
Rebellion
Story
PersonArrival
UnitSystem
Biographer
PracticeArea
Position
ItemType
GarmentType
PoliceOfficer
InterestRate
Boy
Herb
Cause
Residence
Seller
Word
Conversation
Courtroom
SpreadGospel
Duties
Report
Crew
Price
Abolitionism
Duty
Tale
Character
Weather
PublicTransport
N3c0a9d62a1d64b6b9c7ea7f0401a59ecb1
Passenger
TourGuide
Receiver
Circumstance
Teacher
Broker
PlaceOfBirth
ValueNumeric
Weapon
CulturalNorm
Employee
Enemy
Arrival
Offender
Software
Population
Cuisine
UndergroundRailroad
Invoice
AbolitionistMovement
Ncbc19e54e6ff4dcd87266bab720beecbb2
BodyPart
County
Hospital
PoliticalIssue
Constellation
Petition
Outcome
Minor
Biography
Mother
Race
Status
MedicalField
ConstructionMaterials
Captain
Ncbc19e54e6ff4dcd87266bab720beecbb1
Relationship
TimePeriod
Text
Performance
Case
Inmate
PoliticalPosition
Rank
Transportation
Contractor
Occupation
Slavery
Camp
Century
Portion
Website
MissionaryOrganization
Unit
Couple
Style
Ancestor
Debt
Subject
Scene
Building
Believer
Agent
Occupant
DecisionMaker
ArrestReport
Grave
Situation
ReturnPolicy
Meeting
Issuer
LawEnforcementAgency
Collection
Counsel
Entity
DesireSatisfaction
Conclusion
Target
Human
University
Use
N3f1fcd8fe7834504a1b4b47305dd5dc5b1
CauseOfDeath
Action
SlaveTrade
Literal
Earning
Memoir
Condition
Research
Version
Carriage
Movement
Pension
Review
Role
Colonist
Background
String
Practice
Bidder
WebSite
Tool
Pet
Overseer
Double
Cotton
Manufacturer
Ocean
Violence
Slaveholder
WebDeveloper
Nc0327303d0b9427fbc0bde474f20a665b2
Script
Effect
Charge
Gender
Missionary
N484938bb2d7e4360b7a7b7db78f3c280b1
SecurityLevel
Resident
Enslaver
Carpenter
Guide
Objective
Topic
Feature
Institution
Ability
Narrator
Worker
AudioBook
Vessel
Object
Auction
BillOfSale
Establishment
ReligiousDenomination
Politician
Behalf
Guard
Literature
RelationshipType
Furniture
Vehicle
PurchaseOrder
Crime
Comment
Artwork
Employment
Process
Pair
PlaceOfDeath
Place
Slave
Neighbor
Party
Speech
Researcher
Ned963e32258d4cdc9f9dee88e0432c79b1
Photo
Major
WaterSource
Donation
MissionaryActivity
LegalRight
BlessingType
CourtCase
Diary
Buyer
Location
Beneficiary
Producer
Entry
Poem
Priest
Clothe
FinancialBond
Court
Class
Election
Genre
Activist
Period
Actor
War
PensionPlan
SocialIssue
BirthDate
Birth
SlaveOwner
Factor
Judge
Plantation
Society
BirthPlace
BuildingType
Impact
Woman
Town
Opportunity
BloodVessel
Controversy
Desire
Part
Damage
N47dbf12ea09b44e7837e9a0a478bc012b1
GenderRatio
Crowd
Adulthood
Novel
Value
Responsibility
TailorShop
Whole
Project
AgeDistribution
Datetime
Cabin
Destination
Congregation
Authority
Document
Sacrament
Student
Doctor
Photographer
GPA
Father
Jurisdiction
Attempt
Pensioner
Duration
Category
Color
Priesthood
Access
Degree
Origin
ServiceProvider
Struggle
Death
Holder
Field
Ownership
DateTime
Descendant
Region
Pilgrim
Bloodvessel
Skill
ProjectTopic
Arrestor
Difficulty
Viewpoint
ContractType
Religion
Attorney
Officer
Property
Shop
PoliceDepartment
Absorbency
State
Option
View
Regiment
Cemetery
Publisher
Locations
Reader
Publication
Play
Candidate
Birthdate
Collector
Speaker
PopulationCensus
Market
SystemOrPractice
Diocese
Signatory
Drink
Ingredient
Release
Servant
Attack
Combatant
Wagon
Man
Respect
Decision
N484938bb2d7e4360b7a7b7db78f3c280b2
Prison
Victim
Rebel
Message
FinalMoment
Purchase
Job
Material
Baptism
Box
Effort
Task
InstitutionLocation
Pilgrimage
Scholar
Axle
Voter
Environment
Time
Director
Artery
FieldOfStudy
Coast
Medicalprofessional
Consequence
SurfaceType
Government
Literary_Genre
Owner
Langstring
Statue
House
Funding
Fruit
ActivismType
FinancialInstrument
EducationSystem
Arrestee
Classroom
Customer
Abolition
Plan
Book
Point
Right
Success
Troop
Currency
Road
Service
Widow
Descent
Suspect
Veteran
Belief
Activism
Integer
Treatment
Preacher
Creator
Vote
Bishop
Intensity
Occasion
Study
Asset
Author
Sale
Lawyer
Professor
Preface
Tavern
DateOfBirth
Support
Enslavement
CreationDate
Blessing
Trial
City
Country
MilitaryRank
Organization
AuthorityArea
Symptom
Lawenforcementagency
Instructor
Portfolio
Reputation
User
Anyuri
Provider
Output
Employer
Ticket
Response
Baby
Department
SkillOwner
ManufacturedPlace
N7048638ddbe744ef92b7ef71d2bc54beb1
TradeType
Witness
Branch
Continent
Prisoner
Change
Courthouse
PersonOrEvent
EducationalInstitution
AcademicStudy
Theme
Gyear
Issue
VolumeMeasurement
