Pastor
DigitalLiteracy
Subcomponent
HistoricalPeriod
End
Suffering
Obituary
Child
PostalAddress
Battle
Company
Ceremony
Discrimination
Plaintiff
LegalEducation
Participant
Year
Organizer
Tree
Colony
Expedition
LeasingStatus
Strength
Individual
LawFirm
Star
Village
Consumer
Marriage
PoliticalIndependence
Request
Defendant
Assistance
Assault
Nation
N93cce6105e0b4d24bb5be2671f1034a6b4
BodiesOfWater
Bats
Wife
BlogPost
Restaurant
PrivateVehicle
N3e77a9a39e704894af3d5867ca88d92bb1
Dinner
Spring
Room
Timeperiod
Interest
Mean
Parent
Spouse
Bag
Date
Course
Street
Movie
Paper
Plaque
Conversion
Native
PoliticalParty
Instruction
Chef
Event
Infant
Soldier
Setting
Foot
Member
Attendee
Sport
Nc0327303d0b9427fbc0bde474f20a665b1
Artist
WritingSkill
Religiousactivity
Family
Construction
Manumission
Result
Flowering
Number
Chance
Feeling
Water
Acter
Travel
Anysimpletype
TimeOfDeath
Religiousleader
Blood
River
Reproduction
Person
Language
Nonnegativeinteger
Retiree
Island
PersonArrival
ItemType
PoliceOfficer
Boy
Principle
Herb
SpreadGospel
Duties
Duty
Character
Weather
PublicTransport
Passenger
TourGuide
Teacher
Name
Weapon
Enemy
Arrival
Software
Favor
Cuisine
UndergroundRailroad
Invoice
AbolitionistMovement
County
PoliticalIssue
Outcome
Biography
Mother
RealEstate
Dessert
SelfLove
ConstructionMaterials
Captain
Relationship
TimePeriod
Text
Inmate
PoliticalPosition
Contractor
Occupation
Landspot
Offence
Slavery
Website
MissionaryOrganization
Couple
Ancestor
Image
Subject
Scene
Agent
ArrestReport
Grave
Situation
Issuer
Meeting
LawEnforcementAgency
Order
Collection
Entity
DesireSatisfaction
Use
University
SlaveTrade
Memoir
Punishment
Research
Judgment
Song
Carriage
Pension
Review
Intelligence
N99268126faf248afb7c7defbbb7a9a3eb7
String
N152f29b4aa5841d69cbcac4e611774a4b1
Practice
Pet
Double
Cotton
Justice
Manufacturer
Violence
WebDeveloper
Nc0327303d0b9427fbc0bde474f20a665b2
Effect
Charge
Gender
N484938bb2d7e4360b7a7b7db78f3c280b1
SecurityLevel
Guide
Feature
Institution
AudioBook
Narrator
Object
Vessel
BillOfSale
Establishment
Hardware
Guard
Furniture
RelationshipType
Crime
PurchaseOrder
Comment
Artwork
Employment
Pair
PlaceOfDeath
Place
Slave
Party
Speech
Ned963e32258d4cdc9f9dee88e0432c79b1
Photo
Major
WaterSource
MissionaryActivity
Buyer
Beneficiary
Entry
Poem
Priest
Clothe
FinancialBond
Activist
Genre
Judge
SocialIssue
NumberSet
Birth
SlaveOwner
Plantation
Literacy
BuildingType
Impact
Woman
Controversy
LastName
Desire
Adulthood
Novel
Responsibility
Project
Whole
Datetime
Destination
Congregation
Authority
Sacrament
Student
Photographer
GPA
Jurisdiction
Duration
Category
OnlineMerchant
Color
Priesthood
Degree
Origin
ServiceProvider
Purpose
DomainArea
Holder
Field
DateTime
Bloodvessel
Skill
Acquisition
Group
Difficulty
Attorney
Option
Juror
Absorbency
State
Painting
View
EconomicIndependence
Cemetery
Locations
Collector
PopulationCensus
SystemOrPractice
Escape
Diocese
Drink
Ingredient
Release
Servant
N152f29b4aa5841d69cbcac4e611774a4b5
Combatant
Man
Respect
Decision
Prison
Victim
Rebel
FinalMoment
Job
Material
Coordinates
Artery
Pilgrimage
Scholar
Time
Director
Coast
KidnappingEvent
SurfaceType
Government
Owner
Statue
Fruit
MerchantStore
EducationSystem
Customer
Right
Book
Point
Currency
Widow
Suspect
Veteran
Issuestatus
Integer
Treatment
Vote
MealType
Intensity
Study
Sale
Professor
Distribution
Exhibit
Enslavement
NutritionInfo
CreationDate
Blessing
City
Country
Knowledge
Organization
AuthorityArea
Lawenforcementagency
Instructor
Portfolio
Anyuri
Medium
Ticket
Response
Department
SkillOwner
ManufacturedPlace
N7048638ddbe744ef92b7ef71d2bc54beb1
TradeType
Witness
Continent
Courthouse
Theme
Issue
Mission
TimeInterval
N2fc4409f5d8741aabdef801fbf90ce36b3
Flower
Return
Testimony
Recollection
Monument
Account
Association
Nb1a34d8e9ab046da8d71d7b2bd1ff877b1
Recipe
Timezone
Master
Quantity
Dish
Possession
PublicationDate
Trade
IndividualIndependence
Promise
TradingPlatform
Input
CountySeat
Item
Tour
XMLLiteral
Independence
Tourist
Laborer
Writing
ResidenceType
Public
Brigade
Jury
StudyTool
Seamstress
ChangeType
MonumentType
MedicalCondition
Cave
Thought
CampType
FoodItem
LegalCase
Ontology
Manager
Content
Activity
Sister
Nbbdcaa839c5e49d4af2ba05033c56790b1
Reading
Statement
Instance
Piece
Anniversary
List
Sermon
Meal
Wheel
Organisation
Trader
Arrest
Prayer
Transport
President
Audience
Stalactite
Product
Component
Black
Contract
Memorial
Commander
Truth
Supporter
Citation
Decade
Exchange
Food
ConstructionWorker
Editor
Church
School
Medal
N93cce6105e0b4d24bb5be2671f1034a6b1
Reason
Faculty
Convention
Permission
SpringSeason
SocialMovement
LegalSystem
Award
Store
Detail
ReturnItem
Thing
Resource
Official
Story
Rebellion
UnitSystem
Biographer
PracticeArea
Position
GarmentType
InterestRate
Cause
Word
Residence
N99268126faf248afb7c7defbbb7a9a3eb8
Seller
Conversation
Courtroom
Crew
Report
Animal
Price
Abolitionism
Tale
N3c0a9d62a1d64b6b9c7ea7f0401a59ecb1
FirstName
LegalArea
Receiver
Circumstance
Broker
PlaceOfBirth
ValueNumeric
Employee
CulturalNorm
Offender
Population
Parcel
BodyPart
Ncbc19e54e6ff4dcd87266bab720beecbb2
Hospital
Constellation
Life
Petition
Minor
FoodGroup
Race
Status
MedicalField
Ncbc19e54e6ff4dcd87266bab720beecbb1
RebelGroup
Case
Performance
Rank
Loss
Transportation
Camp
Century
Portion
Unit
ActOfKindness
Style
Debt
Manner
Building
Believer
DecisionMaker
Occupant
Database
ReturnPolicy
Counsel
Conclusion
Target
Resolution
Human
N3f1fcd8fe7834504a1b4b47305dd5dc5b1
CauseOfDeath
Action
Earning
Literal
ReproductiveOrganism
Condition
System
Version
LegalSpecialization
Movement
Role
Colonist
Background
Bidder
WebSite
Tool
Force
Overseer
Merchant
Ocean
Slaveholder
Script
Majority
Missionary
Resident
Enslaver
Carpenter
Objective
Topic
Ability
Worker
Auction
ReligiousDenomination
Politician
Behalf
Literature
Vehicle
Mail
Process
Neighbor
Researcher
Donation
LegalRight
BlessingType
CourtCase
Diary
ReadingSkill
Location
Producer
Dog
Missions
Court
Class
Election
Period
Actor
War
PensionPlan
BirthDate
Factor
Society
BirthPlace
Town
Opportunity
BloodVessel
Part
Damage
N47dbf12ea09b44e7837e9a0a478bc012b1
GenderRatio
Lyrics
Crowd
Value
TailorShop
AgeDistribution
Cabin
Document
Doctor
N2fc4409f5d8741aabdef801fbf90ce36b1
Father
Attempt
Pensioner
Access
Struggle
Death
Source
Ownership
Descendant
Region
Pilgrim
ProjectTopic
Arrestor
Viewpoint
ContractType
Religion
Officer
Property
Shop
PoliceDepartment
Regiment
N99268126faf248afb7c7defbbb7a9a3eb1
Publisher
Reader
Publication
SkillLevel
Play
Candidate
Birthdate
Shape
Speaker
Market
Idea
Figure
Signatory
Attack
Wagon
Perception
N484938bb2d7e4360b7a7b7db78f3c280b2
Message
Purchase
Baptism
Box
Effort
Task
InstitutionLocation
Axle
Environment
Voter
Medicalprofessional
FieldOfStudy
Consequence
Literary_Genre
Langstring
Arrestee
House
Funding
ActivismType
FinancialInstrument
MealComponent
Classroom
Abolition
Plant
Level
Plan
Success
Troop
Road
Service
Descent
Belief
Activism
Preacher
Creator
Bishop
Occasion
Asset
Author
Lawyer
Preface
Tavern
DateOfBirth
Support
Estate
Symptom
Trial
MilitaryRank
Seq
Eye
Reputation
User
Provider
Output
Employer
Baby
Branch
Change
Prisoner
PersonOrEvent
EducationalInstitution
AcademicStudy
Toe
Gyear
VolumeMeasurement
Film
