./enslaved-modl/patterns/troop.ttl
./enslaved-modl/patterns/writing.ttl
./enslaved-modl/patterns/system.ttl
./enslaved-modl/patterns/town.ttl
./enslaved-modl/patterns/literacy.ttl
./enslaved-modl/patterns/cause.ttl
./enslaved-modl/patterns/estate.ttl
./enslaved-modl/patterns/state.ttl
./enslaved-modl/patterns/year.ttl
./enslaved-modl/patterns/regiment.ttl
./enslaved-modl/patterns/vessel.ttl
./enslaved-modl/patterns/document.ttl
./enslaved-modl/patterns/census.ttl
./enslaved-modl/patterns/poem.ttl
./enslaved-modl/patterns/politic.ttl
./enslaved-modl/patterns/level.ttl
./enslaved-modl/patterns/law.ttl
./enslaved-modl/patterns/process.ttl
./enslaved-modl/patterns/eye.ttl
./enslaved-modl/patterns/exchange.ttl
./enslaved-modl/patterns/scholar.ttl
./enslaved-modl/patterns/gift.ttl
./enslaved-modl/patterns/issue.ttl
./enslaved-modl/patterns/cemetery.ttl
./enslaved-modl/patterns/cotton.ttl
./enslaved-modl/patterns/region.ttl
./enslaved-modl/patterns/belief.ttl
./enslaved-modl/patterns/figure.ttl
./enslaved-modl/patterns/uncle.ttl
./enslaved-modl/patterns/river.ttl
./enslaved-modl/patterns/trade.ttl
./enslaved-modl/patterns/rebellion.ttl
./enslaved-modl/patterns/ancestry.ttl
./enslaved-modl/patterns/obituary.ttl
./enslaved-modl/patterns/seamstress.ttl
./enslaved-modl/patterns/memorial.ttl
./enslaved-modl/patterns/servant.ttl
./enslaved-modl/patterns/art.ttl
./enslaved-modl/patterns/institution.ttl
./enslaved-modl/patterns/trader.ttl
./enslaved-modl/patterns/ship.ttl
./enslaved-modl/patterns/petition.ttl
./enslaved-modl/patterns/conversion.ttl
./enslaved-modl/patterns/material.ttl
./enslaved-modl/patterns/statue.ttl
./enslaved-modl/patterns/enemy.ttl
./enslaved-modl/patterns/colonist.ttl
./enslaved-modl/patterns/use.ttl
./enslaved-modl/patterns/monument.ttl
./enslaved-modl/patterns/neighbor.ttl
./enslaved-modl/patterns/reproduction.ttl
./enslaved-modl/patterns/newspaper.ttl
./enslaved-modl/patterns/counsel.ttl
./enslaved-modl/patterns/society.ttl
./enslaved-modl/patterns/overseer.ttl
./enslaved-modl/patterns/violence.ttl
./enslaved-modl/patterns/spring.ttl
./enslaved-modl/patterns/help.ttl
./enslaved-modl/patterns/author.ttl
./enslaved-modl/patterns/researcher.ttl
./enslaved-modl/patterns/memoir.ttl
./enslaved-modl/patterns/legislature.ttl
./enslaved-modl/patterns/prison.ttl
./enslaved-modl/patterns/thing.ttl
./enslaved-modl/patterns/principle.ttl
./enslaved-modl/patterns/domain.ttl
./enslaved-modl/patterns/land.ttl
./enslaved-modl/patterns/conversation.ttl
./enslaved-modl/patterns/controversy.ttl
./enslaved-modl/patterns/entry.ttl
./enslaved-modl/patterns/slavery.ttl
./enslaved-modl/patterns/bond.ttl
./enslaved-modl/patterns/independence.ttl
./enslaved-modl/patterns/color.ttl
./enslaved-modl/patterns/congregation.ttl
./enslaved-modl/patterns/view.ttl
./enslaved-modl/patterns/resource.ttl
./enslaved-modl/patterns/literature.ttl
./enslaved-modl/patterns/account.ttl
./enslaved-modl/patterns/duty.ttl
./enslaved-modl/patterns/class.ttl
./enslaved-modl/patterns/language.ttl
./enslaved-modl/patterns/relative.ttl
./enslaved-modl/patterns/clothe.ttl
./enslaved-modl/patterns/meal.ttl
./enslaved-modl/patterns/friendship.ttl
./enslaved-modl/patterns/settlement.ttl
./enslaved-modl/patterns/speaker.ttl
./enslaved-modl/patterns/doctor.ttl
./enslaved-modl/patterns/influence.ttl
./enslaved-modl/patterns/movement.ttl
./enslaved-modl/patterns/girl.ttl
./enslaved-modl/patterns/pension.ttl
./enslaved-modl/patterns/piece.ttl
./enslaved-modl/patterns/effort.ttl
./enslaved-modl/patterns/research.ttl
./enslaved-modl/patterns/place.ttl
./enslaved-modl/patterns/justice.ttl
./enslaved-modl/patterns/village.ttl
./enslaved-modl/patterns/trial.ttl
./enslaved-modl/patterns/collection.ttl
./enslaved-modl/patterns/ed.ttl
./enslaved-modl/patterns/review.ttl
./enslaved-modl/patterns/race.ttl
./enslaved-modl/patterns/carriage.ttl
./enslaved-modl/patterns/citation.ttl
./enslaved-modl/patterns/price.ttl
./enslaved-modl/patterns/ground.ttl
./enslaved-modl/patterns/activist.ttl
./enslaved-modl/patterns/plaque.ttl
./enslaved-modl/patterns/physician.ttl
./enslaved-modl/patterns/actor.ttl
./enslaved-modl/patterns/abolition.ttl
./enslaved-modl/patterns/blessing.ttl
./enslaved-modl/patterns/surname.ttl
./enslaved-modl/patterns/exhibit.ttl
./enslaved-modl/patterns/release.ttl
./enslaved-modl/patterns/vote.ttl
./enslaved-modl/patterns/veteran.ttl
./enslaved-modl/patterns/home.ttl
./enslaved-modl/patterns/feeling.ttl
./enslaved-modl/patterns/escape.ttl
./enslaved-modl/patterns/descent.ttl
./enslaved-modl/patterns/construction.ttl
./enslaved-modl/patterns/travel.ttl
./enslaved-modl/patterns/struggle.ttl
./enslaved-modl/patterns/page.ttl
./enslaved-modl/patterns/county.ttl
./enslaved-modl/patterns/majority.ttl
./enslaved-modl/patterns/line.ttl
./enslaved-modl/patterns/hero.ttl
./enslaved-modl/patterns/example.ttl
./enslaved-modl/patterns/biographer.ttl
./enslaved-modl/patterns/baptism.ttl
./enslaved-modl/patterns/idea.ttl
./enslaved-modl/patterns/text.ttl
./enslaved-modl/patterns/agent.ttl
./enslaved-modl/patterns/charge.ttl
./enslaved-modl/patterns/activity.ttl
./enslaved-modl/patterns/occasion.ttl
./enslaved-modl/patterns/food.ttl
./enslaved-modl/patterns/skill.ttl
./enslaved-modl/patterns/debt.ttl
./enslaved-modl/patterns/money.ttl
./enslaved-modl/patterns/slaveholder.ttl
./enslaved-modl/patterns/official.ttl
./enslaved-modl/patterns/road.ttl
./enslaved-modl/patterns/witness.ttl
./enslaved-modl/patterns/abolitionist.ttl
./enslaved-modl/patterns/opportunity.ttl
./enslaved-modl/patterns/article.ttl
./enslaved-modl/patterns/love.ttl
./enslaved-modl/patterns/shop.ttl
./enslaved-modl/patterns/novel.ttl
./enslaved-modl/patterns/tale.ttl
./enslaved-modl/patterns/recollection.ttl
./enslaved-modl/patterns/instruction.ttl
./enslaved-modl/patterns/artist.ttl
./enslaved-modl/patterns/information.ttl
./enslaved-modl/patterns/manuscript.ttl
./enslaved-modl/patterns/character.ttl
./enslaved-modl/patterns/strength.ttl
./enslaved-modl/patterns/lawyer.ttl
./enslaved-modl/patterns/audiobook.ttl
./enslaved-modl/patterns/parent.ttl
./enslaved-modl/patterns/behalf.ttl
./enslaved-modl/patterns/arrival.ttl
./enslaved-modl/patterns/arter.ttl
./enslaved-modl/patterns/website.ttl
./enslaved-modl/patterns/testimony.ttl
./enslaved-modl/patterns/life.ttl
./enslaved-modl/patterns/song.ttl
./enslaved-modl/patterns/end.ttl
./enslaved-modl/patterns/loss.ttl
./enslaved-modl/patterns/judge.ttl
./enslaved-modl/patterns/coast.ttl
./enslaved-modl/patterns/boy.ttl
./enslaved-modl/patterns/mail.ttl
./enslaved-modl/patterns/owner.ttl
./enslaved-modl/patterns/native.ttl
./enslaved-modl/patterns/decision.ttl
./enslaved-modl/patterns/possession.ttl
./enslaved-modl/patterns/trading.ttl
./enslaved-modl/patterns/contract.ttl
./enslaved-modl/patterns/film.ttl
./enslaved-modl/patterns/man.ttl
./enslaved-modl/patterns/role.ttl
./enslaved-modl/patterns/activism.ttl
./enslaved-modl/patterns/speech.ttl
./enslaved-modl/patterns/ancestor.ttl
./enslaved-modl/patterns/press.ttl
./enslaved-modl/patterns/value.ttl
./enslaved-modl/patterns/dinner.ttl
./enslaved-modl/patterns/disease.ttl
./enslaved-modl/patterns/lack.ttl
./enslaved-modl/patterns/anniversary.ttl
./enslaved-modl/patterns/reputation.ttl
./enslaved-modl/patterns/thought.ttl
./enslaved-modl/patterns/pastor.ttl
./enslaved-modl/patterns/residence.ttl
./enslaved-modl/patterns/enslavement.ttl
./enslaved-modl/patterns/guard.ttl
./enslaved-modl/patterns/statement.ttl
./enslaved-modl/patterns/interest.ttl
./enslaved-modl/patterns/black.ttl
./enslaved-modl/patterns/gospel.ttl
./enslaved-modl/patterns/image.ttl
./enslaved-modl/patterns/tour.ttl
./enslaved-modl/patterns/pilgrimage.ttl
./enslaved-modl/patterns/head.ttl
./enslaved-modl/patterns/relation.ttl
./enslaved-modl/patterns/governor.ttl
./enslaved-modl/patterns/office.ttl
./enslaved-modl/patterns/widow.ttl
./enslaved-modl/patterns/argument.ttl
./enslaved-modl/patterns/practice.ttl
./enslaved-modl/patterns/point.ttl
./enslaved-modl/patterns/editor.ttl
./enslaved-modl/patterns/effect.ttl
./enslaved-modl/patterns/fugitive.ttl
./enslaved-modl/patterns/star.ttl
./enslaved-modl/patterns/risk.ttl
./enslaved-modl/patterns/member.ttl
./enslaved-modl/patterns/comment.ttl
./enslaved-modl/patterns/treatment.ttl
./enslaved-modl/patterns/funeral.ttl
./enslaved-modl/patterns/assistance.ttl
./enslaved-modl/patterns/couple.ttl
./enslaved-modl/patterns/merchant.ttl
./enslaved-modl/patterns/intelligence.ttl
./enslaved-modl/patterns/meeting.ttl
./enslaved-modl/patterns/painting.ttl
./enslaved-modl/patterns/story.ttl
./enslaved-modl/patterns/household.ttl
./enslaved-modl/patterns/version.ttl
./enslaved-modl/patterns/background.ttl
./enslaved-modl/patterns/honor.ttl
./enslaved-modl/patterns/church.ttl
./enslaved-modl/patterns/half.ttl
./enslaved-modl/patterns/relationship.ttl
./enslaved-modl/patterns/blacksmith.ttl
./enslaved-modl/patterns/tavern.ttl
./enslaved-modl/patterns/sister.ttl
./enslaved-modl/patterns/baby.ttl
./enslaved-modl/patterns/order.ttl
./enslaved-modl/patterns/portion.ttl
./enslaved-modl/patterns/part.ttl
./enslaved-modl/patterns/biography.ttl
./enslaved-modl/patterns/wedding.ttl
./enslaved-modl/patterns/public.ttl
./enslaved-modl/patterns/decade.ttl
./enslaved-modl/patterns/history.ttl
./enslaved-modl/patterns/autobiography.ttl
./enslaved-modl/patterns/origin.ttl
./enslaved-modl/patterns/nation.ttl
./enslaved-modl/patterns/rebel.ttl
./enslaved-modl/patterns/position.ttl
./enslaved-modl/patterns/assault.ttl
./enslaved-modl/patterns/person.ttl
./enslaved-modl/patterns/box.ttl
./enslaved-modl/patterns/student.ttl
./enslaved-modl/patterns/change.ttl
./enslaved-modl/patterns/permission.ttl
./enslaved-modl/patterns/marriage.ttl
./enslaved-modl/patterns/scene.ttl
./enslaved-modl/patterns/request.ttl
./enslaved-modl/patterns/individual.ttl
./enslaved-modl/patterns/instance.ttl
./enslaved-modl/patterns/desire.ttl
./enslaved-modl/patterns/health.ttl
./enslaved-modl/patterns/manner.ttl
./enslaved-modl/patterns/militia.ttl
./enslaved-modl/patterns/hour.ttl
./enslaved-modl/patterns/suffering.ttl
./enslaved-modl/patterns/punishment.ttl
./enslaved-modl/patterns/mother.ttl
./enslaved-modl/patterns/plantation.ttl
./enslaved-modl/patterns/return.ttl
./enslaved-modl/patterns/wagon.ttl
./enslaved-modl/patterns/support.ttl
./enslaved-modl/patterns/paper.ttl
./enslaved-modl/patterns/people.ttl
./enslaved-modl/patterns/woman.ttl
./enslaved-modl/patterns/arrest.ttl
./enslaved-modl/patterns/preacher.ttl
./enslaved-modl/patterns/audience.ttl
./enslaved-modl/patterns/name.ttl
./enslaved-modl/patterns/politician.ttl
./enslaved-modl/patterns/bibliography.ttl
./enslaved-modl/patterns/adulthood.ttl
./enslaved-modl/patterns/medium.ttl
./enslaved-modl/patterns/raid.ttl
./enslaved-modl/patterns/earning.ttl
./enslaved-modl/patterns/prisoner.ttl
./enslaved-modl/patterns/discrimination.ttl
./enslaved-modl/patterns/chance.ttl
./enslaved-modl/patterns/play.ttl
./enslaved-modl/patterns/respect.ttl
./enslaved-modl/patterns/party.ttl
./enslaved-modl/patterns/force.ttl
./enslaved-modl/patterns/battle.ttl
./enslaved-modl/patterns/style.ttl
./enslaved-modl/patterns/word.ttl
./enslaved-modl/patterns/chef.ttl
./enslaved-modl/patterns/difficulty.ttl
./enslaved-modl/patterns/bishop.ttl
./enslaved-modl/patterns/convention.ttl
./enslaved-modl/patterns/result.ttl
./enslaved-modl/patterns/attempt.ttl
./enslaved-modl/patterns/genius.ttl
./enslaved-modl/patterns/task.ttl
./enslaved-modl/patterns/soldier.ttl
./enslaved-modl/patterns/group.ttl
./enslaved-modl/patterns/guest.ttl
./enslaved-modl/patterns/publication.ttl
./enslaved-modl/patterns/abolitionism.ttl
./enslaved-modl/patterns/work.ttl
./enslaved-modl/patterns/supporter.ttl
./enslaved-modl/patterns/truth.ttl
./enslaved-modl/patterns/expedition.ttl
./enslaved-modl/patterns/publisher.ttl
./enslaved-modl/patterns/donation.ttl
./enslaved-modl/patterns/historian.ttl
./enslaved-modl/patterns/case.ttl
./enslaved-modl/patterns/brother.ttl
./enslaved-modl/patterns/death.ttl
./enslaved-modl/patterns/plan.ttl
./enslaved-modl/patterns/event.ttl
./enslaved-modl/patterns/photo.ttl
./enslaved-modl/patterns/course.ttl
./enslaved-modl/patterns/president.ttl
./enslaved-modl/patterns/response.ttl
./enslaved-modl/patterns/theme.ttl
./enslaved-modl/patterns/clothing.ttl
./enslaved-modl/patterns/status.ttl
./enslaved-modl/patterns/enslaver.ttl
./enslaved-modl/patterns/volume.ttl
./enslaved-modl/patterns/reader.ttl
./enslaved-modl/patterns/ceremony.ttl
./enslaved-modl/patterns/crowd.ttl
./enslaved-modl/patterns/total.ttl
./enslaved-modl/patterns/store.ttl
./enslaved-modl/patterns/project.ttl
./enslaved-modl/patterns/authority.ttl
./enslaved-modl/patterns/foot.ttl
./enslaved-modl/patterns/condition.ttl
./enslaved-modl/patterns/location.ttl
./enslaved-modl/patterns/kindness.ttl
./enslaved-modl/patterns/auction.ttl
./enslaved-modl/patterns/kidnapping.ttl
./enslaved-modl/patterns/prayer.ttl
./enslaved-modl/patterns/country.ttl
./enslaved-modl/patterns/subject.ttl
./enslaved-modl/patterns/priesthood.ttl
./enslaved-modl/patterns/success.ttl
./enslaved-modl/patterns/passenger.ttl
./enslaved-modl/patterns/introduction.ttl
./enslaved-modl/patterns/list.ttl
./enslaved-modl/patterns/circumstance.ttl
./enslaved-modl/patterns/detail.ttl
./enslaved-modl/patterns/resident.ttl
./enslaved-modl/patterns/organization.ttl
./enslaved-modl/patterns/report.ttl
./enslaved-modl/patterns/missionary.ttl
./enslaved-modl/patterns/community.ttl
./enslaved-modl/patterns/company.ttl
./enslaved-modl/patterns/preface.ttl
./enslaved-modl/patterns/manumission.ttl
./enslaved-modl/patterns/professor.ttl
./enslaved-modl/patterns/pair.ttl
./enslaved-modl/patterns/infant.ttl
./enslaved-modl/patterns/water.ttl
./enslaved-modl/patterns/mean.ttl
./enslaved-modl/patterns/courthouse.ttl
./enslaved-modl/patterns/island.ttl
./enslaved-modl/patterns/wife.ttl
./enslaved-modl/patterns/service.ttl
./enslaved-modl/patterns/ability.ttl
./enslaved-modl/patterns/room.ttl
./enslaved-modl/patterns/diary.ttl
./enslaved-modl/patterns/grandfather.ttl
./enslaved-modl/patterns/book.ttl
./enslaved-modl/patterns/crew.ttl
./enslaved-modl/patterns/priest.ttl
./enslaved-modl/patterns/attorney.ttl
./enslaved-modl/patterns/university.ttl
./enslaved-modl/patterns/association.ttl
./enslaved-modl/patterns/promise.ttl
./enslaved-modl/patterns/time.ttl
./enslaved-modl/patterns/captain.ttl
./enslaved-modl/patterns/favor.ttl
./enslaved-modl/patterns/population.ttl
./enslaved-modl/patterns/appearance.ttl
./enslaved-modl/patterns/officer.ttl
./enslaved-modl/patterns/period.ttl
./enslaved-modl/patterns/purchase.ttl
./enslaved-modl/patterns/knowledge.ttl
./enslaved-modl/patterns/study.ttl
./enslaved-modl/patterns/sale.ttl
./enslaved-modl/patterns/damage.ttl
./enslaved-modl/patterns/situation.ttl
./enslaved-modl/patterns/rescue.ttl
./enslaved-modl/patterns/jury.ttl
./enslaved-modl/patterns/birth.ttl
./enslaved-modl/patterns/branch.ttl
./enslaved-modl/patterns/homeland.ttl
./enslaved-modl/patterns/transportation.ttl
./enslaved-modl/patterns/unit.ttl
./enslaved-modl/patterns/court.ttl
./enslaved-modl/patterns/worker.ttl
./enslaved-modl/patterns/teacher.ttl
./enslaved-modl/patterns/mission.ttl
./enslaved-modl/patterns/property.ttl
./enslaved-modl/patterns/right.ttl
./enslaved-modl/patterns/laborer.ttl
./enslaved-modl/patterns/cabin.ttl
./enslaved-modl/patterns/building.ttl
./enslaved-modl/patterns/school.ttl
./enslaved-modl/patterns/cave.ttl
./enslaved-modl/patterns/carpenter.ttl
./enslaved-modl/patterns/camp.ttl
./enslaved-modl/patterns/isbn.ttl
./enslaved-modl/patterns/attack.ttl
