Pastor
End
Suffering
Household
PostalAddress
Battle
Company
Ceremony
Discrimination
Plaintiff
Participant
LegalEducation
Year
Tree
Colony
Expedition
LeasingStatus
Strength
Warrant
Individual
LawFirm
Star
Village
Consumer
Request
Assistance
Defendant
PoliticalIndependence
Assault
N93cce6105e0b4d24bb5be2671f1034a6b4
BodiesOfWater
Bats
Wife
BlogPost
Restaurant
PrivateVehicle
N3e77a9a39e704894af3d5867ca88d92bb1
Dinner
Spring
Room
Timeperiod
Interest
Bag
Date
Course
Militia
Movie
Verse
Conversion
PoliticalParty
Instruction
Chef
Event
Infant
Soldier
Setting
Foot
Member
Sport
Nc0327303d0b9427fbc0bde474f20a665b1
Artist
Religiousactivity
Family
Construction
Bill
Result
Flowering
Number
Chance
Nca296b5ff4e94689b8b58a69b033fb4bb1
Feeling
Water
Acter
Travel
Anysimpletype
TimeOfDeath
Religiousleader
Blood
River
Person
Language
Nonnegativeinteger
Island
PersonArrival
ItemType
PoliceOfficer
Boy
Herb
Principle
Duties
Duty
Character
Weather
PublicTransport
TourGuide
Teacher
Weapon
Enemy
Influence
Arrival
Software
Favor
Ground
Cuisine
Invoice
UndergroundRailroad
AbolitionistMovement
County
PoliticalIssue
Legislature
Outcome
Biography
Mother
RealEstate
Dessert
ConstructionMaterials
Captain
Relationship
TimePeriod
Text
Inmate
PoliticalPosition
Contractor
Occupation
Slavery
Landspot
Website
Couple
PastoralCounseling
Ancestor
Image
Subject
Scene
Agent
ArrestReport
Grave
FuneralService
Situation
Issuer
LawEnforcementAgency
Collection
Entity
DesireSatisfaction
Use
University
SlaveTrade
Research
Judgment
Carriage
Review
Intelligence
String
Practice
N152f29b4aa5841d69cbcac4e611774a4b1
Pet
Double
Cotton
Funeral
Manufacturer
Justice
Violence
WebDeveloper
Nc0327303d0b9427fbc0bde474f20a665b2
Effect
Charge
Gender
SecurityLevel
Guide
Feature
Institution
AudioBook
Narrator
Object
Vessel
BillOfSale
Establishment
Governor
Guard
Furniture
RelationshipType
Crime
PurchaseOrder
Comment
Community
Artwork
Employment
PlaceOfDeath
Place
Slave
Speech
Major
WaterSource
Buyer
Beneficiary
Introduction
Entry
Poem
Priest
Clothe
FinancialBond
Activist
Genre
Judge
SocialIssue
Birth
Plantation
BuildingType
Impact
Woman
Controversy
Desire
Historicaltopic
Adulthood
Whole
Project
Datetime
Destination
Congregation
Authority
Sacrament
Student
GPA
Jurisdiction
Duration
Category
Color
Priesthood
Degree
Origin
ServiceProvider
DomainArea
Holder
Field
DateTime
Disease
Bloodvessel
Skill
Group
Difficulty
Acquisition
Attorney
Option
Hour
Absorbency
Juror
State
View
EconomicIndependence
Cemetery
Collector
PopulationCensus
Patient
SystemOrPractice
Escape
Diocese
Drink
Ingredient
InfluencePower
Release
Servant
N152f29b4aa5841d69cbcac4e611774a4b5
Combatant
FuneralDirector
Man
Respect
Decision
Prison
Victim
Rebel
FinalMoment
Job
Material
Honor
Artery
Scholar
Time
Coast
Director
KidnappingEvent
SurfaceType
Statue
Owner
Fruit
EducationSystem
Customer
Book
Currency
Widow
Suspect
Veteran
Issuestatus
Integer
Treatment
Vote
Intensity
Study
Sale
Professor
Distribution
Exhibit
Enslavement
NutritionInfo
CreationDate
Blessing
City
Country
AuthorityArea
Organization
Knowledge
Lawenforcementagency
Instructor
Anyuri
Medium
Response
Department
SkillOwner
Information
TradeType
N7048638ddbe744ef92b7ef71d2bc54beb1
Witness
Continent
Equipment
Courthouse
Theme
Issue
TimeInterval
Return
Testimony
Shift
Dialect
Recollection
Account
Association
Nb1a34d8e9ab046da8d71d7b2bd1ff877b1
Recipe
Timezone
Na3773eb7098347bbac15ca20ee75c694b6
Master
Quantity
Dish
Possession
PublicationDate
Film
Alphabet
Trade
InfluenceFactor
IndividualIndependence
Promise
TradingPlatform
Physicalhealth
CountySeat
Item
Tour
XMLLiteral
Independence
Gift
Tourist
Laborer
ResidenceType
Writing
Public
Session
Brigade
StudyTool
Jury
Seamstress
ChangeType
MedicalCondition
Cave
Thought
CampType
FoodItem
LegalCase
Ontology
Manager
Content
Activity
Sister
Statement
Instance
Piece
Anniversary
Sermon
Organisation
Wheel
Meal
Trader
Arrest
Prayer
Transport
Audience
Contract
Stalactite
Product
Black
Memorial
Commander
Invitation
Half
Truth
Supporter
Genius
Citation
Decade
Exchange
Food
ConstructionWorker
Editor
Church
School
Medal
N93cce6105e0b4d24bb5be2671f1034a6b1
Gospel
Reason
Faculty
Permission
SpringSeason
SocialMovement
Award
LegalSystem
Store
Detail
ReturnItem
Thing
Resource
Story
Rebellion
UnitSystem
Biographer
PracticeArea
Position
GarmentType
InterestRate
Cause
Word
Residence
Seller
Conversation
Courtroom
Crew
Deceased
Report
Price
Abolitionism
Tale
N3c0a9d62a1d64b6b9c7ea7f0401a59ecb1
LegalArea
Receiver
Circumstance
Broker
PlaceOfBirth
ValueNumeric
Employee
CulturalNorm
Offender
Population
Parcel
BodyPart
Ncbc19e54e6ff4dcd87266bab720beecbb2
Hospital
Constellation
Minor
FoodGroup
Race
Status
MedicalField
Ncbc19e54e6ff4dcd87266bab720beecbb1
RebelGroup
Case
Villain
Rank
Transportation
Camp
Century
Portion
Unit
ActOfKindness
Style
Debt
Building
Believer
Occupant
Database
OfficialInstitution
ReturnPolicy
Counsel
Conclusion
Target
Resolution
Human
N3f1fcd8fe7834504a1b4b47305dd5dc5b1
CauseOfDeath
Action
Earning
Literal
Condition
Greeting
Version
LegalSpecialization
Movement
Role
Colonist
Background
Bidder
WebSite
Tool
HistoricalTopic
Ocean
Fugitive
Slaveholder
Script
Resident
Enslaver
Carpenter
Objective
Topic
Ability
Worker
Auction
ReligiousDenomination
Politician
Behalf
HistoricalEvent
Gyear
Vehicle
Girl
RoomType
Researcher
Donation
BlessingType
CourtCase
Diary
Location
Producer
Help
Court
Class
Historian
Election
Actor
War
BirthDate
Factor
Society
BirthPlace
Friendship
Town
BloodVessel
Damage
Part
N47dbf12ea09b44e7837e9a0a478bc012b1
GenderRatio
Crowd
Value
TailorShop
AgeDistribution
Cabin
Power
Document
Doctor
Father
Attempt
Access
Struggle
Death
Home
Source
Descendant
Region
ProjectTopic
Arrestor
SuperPower
Viewpoint
ContractType
Religion
Property
Shop
Grandfather
Regiment
Publisher
Reader
Candidate
Publication
Birthdate
Shape
Speaker
Market
N16101d8486ed4e8aab7370f30699e93cb1
Idea
Figure
Signatory
Homeland
Attack
Wagon
Perception
Message
Purchase
Baptism
Box
Effort
Task
InstitutionLocation
Axle
Environment
Voter
Medicalprofessional
FieldOfStudy
Consequence
Literary_Genre
Langstring
Arrestee
House
ActivismType
FinancialInstrument
Classroom
Abolition
Data
Plan
Level
Success
Troop
Service
Road
Hero
Descent
Belief
Activism
Preacher
Creator
Fraction
Nd3d404c3d0fe4e05bfe67f9531eb5770b1
Bishop
Clergyman
Asset
Author
Lawyer
Na3773eb7098347bbac15ca20ee75c694b1
Preface
Tavern
DateOfBirth
Support
Estate
Overview
Symptom
Trial
MilitaryRank
Seq
Eye
Reputation
User
Provider
Baby
Employer
Head
Branch
Change
Prisoner
EducationalInstitution
AcademicStudy
Toe
DecisionMaker
VolumeMeasurement
Guest
