Pastor
Flower
Shift
End
Recollection
Account
Suffering
Association
Dialect
Household
Nb1a34d8e9ab046da8d71d7b2bd1ff877b1
PostalAddress
Recipe
Timezone
Company
Ceremony
Master
Participant
Plaintiff
Discrimination
Na3773eb7098347bbac15ca20ee75c694b6
LegalEducation
Year
PublicationDate
Expedition
Colony
Alphabet
Trade
Strength
InfluenceFactor
IndividualIndependence
Warrant
Individual
TradingPlatform
Physicalhealth
Star
CountySeat
Item
Tour
LawFirm
XMLLiteral
Independence
Gift
Village
Tourist
Laborer
ResidenceType
Consumer
Writing
Session
Brigade
StudyTool
Jury
Request
Assistance
Defendant
PoliticalIndependence
Assault
Seamstress
ChangeType
N93cce6105e0b4d24bb5be2671f1034a6b4
BodiesOfWater
Bats
Wife
MedicalCondition
BlogPost
Restaurant
Cave
PrivateVehicle
N3e77a9a39e704894af3d5867ca88d92bb1
CampType
FoodItem
LegalCase
Ontology
Room
Timeperiod
Interest
Activity
Sister
Bag
Date
Course
Guest
Instance
Movie
Anniversary
Verse
Organisation
Wheel
Trader
Arrest
Transport
Instruction
Audience
Contract
Stalactite
Product
Event
Black
Chef
Infant
Memorial
Commander
Soldier
Setting
Foot
Invitation
Member
Half
Supporter
Genius
Sport
Nc0327303d0b9427fbc0bde474f20a665b1
Artist
Citation
Decade
Exchange
Family
Construction
Food
Bill
ConstructionWorker
Editor
School
Medal
N93cce6105e0b4d24bb5be2671f1034a6b1
Church
Number
Chance
Gospel
Reason
Faculty
Feeling
Water
Nca296b5ff4e94689b8b58a69b033fb4bb1
Acter
SocialMovement
Award
Travel
LegalSystem
TimeOfDeath
Store
Blood
River
Detail
Thing
Resource
Person
Language
Nonnegativeinteger
Rebellion
Story
Island
PersonArrival
Biographer
ItemType
PracticeArea
Position
GarmentType
PoliceOfficer
InterestRate
Boy
Cause
Word
Residence
Seller
Conversation
Courtroom
Crew
Deceased
Principle
Animal
Price
Abolitionism
Duty
Tale
Character
PublicTransport
N3c0a9d62a1d64b6b9c7ea7f0401a59ecb1
LegalArea
TourGuide
Receiver
Circumstance
Teacher
Broker
PlaceOfBirth
ValueNumeric
Weapon
CulturalNorm
Employee
Enemy
Arrival
Offender
Software
Favor
Ground
Influence
Cuisine
Population
Parcel
UndergroundRailroad
Invoice
AbolitionistMovement
BodyPart
Hospital
County
Constellation
Legislature
Life
Outcome
Minor
Biography
Mother
FoodGroup
RealEstate
Status
Dessert
MedicalField
ConstructionMaterials
Captain
Relationship
TimePeriod
Text
Case
Villain
Rank
Transportation
Contractor
Slavery
Camp
Landspot
Century
Website
Couple
ActOfKindness
Style
Ancestor
Debt
Image
Subject
Scene
Building
Believer
Agent
Line
Occupant
ArrestReport
DecisionMaker
Grave
Database
FuneralService
Situation
Issuer
OfficialInstitution
LawEnforcementAgency
Collection
Counsel
Entity
DesireSatisfaction
Conclusion
Target
Resolution
Human
University
N3f1fcd8fe7834504a1b4b47305dd5dc5b1
CauseOfDeath
Action
SlaveTrade
Literal
Earning
Condition
Greeting
Judgment
Version
Carriage
LegalSpecialization
Movement
Review
Role
Intelligence
Colonist
Background
String
Practice
Bidder
WebSite
Tool
N152f29b4aa5841d69cbcac4e611774a4b1
Pet
Double
Cotton
Funeral
HistoricalTopic
Manufacturer
Ocean
Violence
Fugitive
Justice
Slaveholder
WebDeveloper
Nc0327303d0b9427fbc0bde474f20a665b2
Script
Effect
Charge
Gender
Resident
Enslaver
Carpenter
Guide
Objective
Topic
Feature
Institution
Ability
Narrator
Worker
AudioBook
Vessel
Object
Auction
BillOfSale
Establishment
Behalf
Politician
Governor
HistoricalEvent
Guard
Furniture
RelationshipType
Vehicle
PurchaseOrder
Crime
Comment
Artwork
Girl
Employment
RoomType
PlaceOfDeath
Place
Slave
Speech
Researcher
Major
WaterSource
Donation
BlessingType
CourtCase
Diary
Buyer
Location
Beneficiary
Producer
Introduction
Entry
Help
Dog
Priest
Clothe
FinancialBond
Court
Class
Historian
Election
Genre
Activist
Judge
Actor
War
SocialIssue
BirthDate
Birth
Factor
Society
BirthPlace
BuildingType
Impact
Town
Woman
Friendship
Controversy
BloodVessel
Desire
Historicaltopic
Damage
Part
N47dbf12ea09b44e7837e9a0a478bc012b1
Crowd
Adulthood
Value
TailorShop
Project
Datetime
Cabin
Power
Destination
Congregation
Authority
Document
Sacrament
Student
Doctor
GPA
Father
Jurisdiction
Attempt
Duration
Category
Color
Degree
Origin
ServiceProvider
Struggle
Death
Home
Holder
Field
Source
DomainArea
DateTime
Descendant
Disease
Region
Bloodvessel
Skill
Arrestor
Group
Difficulty
SuperPower
Acquisition
ContractType
Attorney
Option
Hour
Property
Shop
Absorbency
Juror
State
Grandfather
Regiment
EconomicIndependence
Cemetery
Publisher
Reader
Candidate
Publication
Birthdate
SkillLevel
Shape
Collector
Speaker
PopulationCensus
Patient
Market
SystemOrPractice
Idea
Escape
Figure
Signatory
Homeland
Ingredient
InfluencePower
Release
Servant
Attack
N152f29b4aa5841d69cbcac4e611774a4b5
Wagon
FuneralDirector
Man
Respect
Decision
Perception
FinalMoment
Victim
Rebel
Message
Purchase
Job
Material
Baptism
Box
Effort
Honor
Artery
Task
Scholar
Axle
Voter
Environment
Time
Coast
Medicalprofessional
FieldOfStudy
Director
KidnappingEvent
Consequence
SurfaceType
Literary_Genre
Statue
Langstring
Arrestee
Owner
House
ActivismType
FinancialInstrument
EducationSystem
Classroom
Customer
Abolition
Data
Plant
Book
Point
Success
Level
Troop
Currency
Road
Service
Widow
Hero
Descent
Suspect
Veteran
Belief
Activism
Issuestatus
Integer
Treatment
Fraction
Creator
Vote
Nd3d404c3d0fe4e05bfe67f9531eb5770b1
Intensity
Study
Asset
Author
Sale
Lawyer
Professor
Distribution
Na3773eb7098347bbac15ca20ee75c694b1
Tavern
DateOfBirth
Support
Estate
Exhibit
Enslavement
NutritionInfo
CreationDate
Overview
Blessing
Trial
City
Country
MilitaryRank
Organization
Symptom
Seq
Lawenforcementagency
Instructor
Eye
Knowledge
User
Anyuri
Provider
Baby
Employer
Medium
Response
Department
SkillOwner
Head
Information
TradeType
N7048638ddbe744ef92b7ef71d2bc54beb1
Witness
Branch
Change
Continent
Equipment
Courthouse
EducationalInstitution
AcademicStudy
Theme
Gyear
Issue
Toe
TimeInterval
Film
