Medicalprofessional
Carpenter
Seamstress
Researcher
Memorial
PoliticalPosition
Field
Blessing
Part
Manner
N3f1fcd8fe7834504a1b4b47305dd5dc5b1
Death
DomainArea
Marriage
Dialect
Quantity
InstitutionLocation
Provider
Level
Change
MealComponent
SecurityLevel
Plantation
Piece
Output
FinalMoment
Plaque
CountySeat
PublicationDate
Statement
Bride
Deceased
Enslavement
RoomType
Principle
Language
Gift
Cotton
N99268126faf248afb7c7defbbb7a9a3eb1
Consumer
Truth
Donation
Prisoner
School
NumberSet
Girl
LegalCase
LegalSystem
Portfolio
Life
Reader
Politician
Job
Native
PlaceOfDeath
Publisher
Hardware
Religiousactivity
Public
SurfaceType
Nc0327303d0b9427fbc0bde474f20a665b1
Item
Commander
Transaction
Currency
Shift
City
Year
Cuisine
Editor
Physician
Producer
N152f29b4aa5841d69cbcac4e611774a4b5
Practice
Star
Signatory
Information
RiskLevel
InfluenceFactor
Image
Component
Laborer
Audience
FoodGroup
GenderRatio
Shop
LegalArea
Strength
Mother
User
Product
Captain
Historicaltopic
Ground
Faculty
Birth
Pension
Report
Material
RelationshipType
Owner
Alphabet
Spring
Landspot
Human
Point
Judge
ChangeType
Permission
Market
Narrator
State
Desire
Portion
Clothe
BlogPost
Issuestatus
Professor
RiskManagement
Suffering
Scholar
TourGuide
Place
Origin
Pensioner
Trader
Article
Candidate
Dessert
Page
Religiousleader
Branch
End
Coordinates
FirstName
Session
LegalEducation
InfluencePower
Teacher
PensionPlan
LegalSpecialization
PostalAddress
TimePeriod
Input
ExchangeRate
Artwork
Destination
Home
LeasingStatus
Obituary
Feeling
Passenger
Entity
SlaveOwner
Content
Trade
Judgment
Flowering
Guard
Company
Locations
Greeting
SkillLevel
Decade
ServiceProvider
ReturnPolicy
Monument
StudyTool
Official
Play
Circumstance
Result
Biographer
Anysimpletype
House
Customer
Manuscript
Location
Funding
Thought
ResidenceType
TailorShop
Patient
FuneralService
Fraction
Diary
Escape
Case
Master
Biography
Tavern
Time
Movement
HistoricalTopic
Constellation
University
Court
Source
Drink
TimeInterval
Earning
Child
Jury
Colonist
Preacher
Dog
Timezone
Grave
Wedding
Region
N152f29b4aa5841d69cbcac4e611774a4b1
Chef
Controversy
Thing
DateTime
Project
Rebel
Event
Overseer
Rank
BuildingType
FuneralDirector
Feature
N3c0a9d62a1d64b6b9c7ea7f0401a59ecb1
Transport
PoliticalParty
Inmate
Literary_Genre
Half
Room
Knowledge
CauseOfDeath
Weather
Wheel
Tree
Herb
Damage
MilitaryRank
Occasion
Infant
String
Wagon
Course
Resolution
Duration
Artist
Song
MissionaryOrganization
Invitation
Memoir
Na3773eb7098347bbac15ca20ee75c694b6
Novel
Medium
Story
Software
PublicTransport
President
N2fc4409f5d8741aabdef801fbf90ce36b3
FinancialInstrument
Meeting
River
Website
LegalRight
Script
Father
Ticket
Organizer
Furniture
Equipment
Tale
Juror
Timeperiod
HistoricalEvent
Literal
Sacrament
Subject
Bill
Author
Baptism
Slavery
Weapon
GPA
Conclusion
Slave
Activity
Vessel
MissionaryActivity
HistoricalPeriod
ProjectTopic
Pilgrim
Detail
Troop
Student
Seq
Color
Axle
Painting
N2fc4409f5d8741aabdef801fbf90ce36b1
Witness
Restaurant
Influence
ContractType
RiskFactor
Action
Guide
Animal
Attendee
N99268126faf248afb7c7defbbb7a9a3eb8
Genius
Style
Meal
Order
Parent
Veteran
Vehicle
Position
Physicalhealth
Head
Comment
Recipe
Degree
Hero
Database
Success
Village
Plant
Widow
Lawyer
N7048638ddbe744ef92b7ef71d2bc54beb1
Nbbdcaa839c5e49d4af2ba05033c56790b1
Figure
Government
Possession
SkillOwner
Legislature
Probability
Estate
Population
Country
Document
Risk
N47dbf12ea09b44e7837e9a0a478bc012b1
Gospel
County
Villain
Merchant
PrivateVehicle
Interest
Review
Unit
Theme
Travel
Name
Entry
Pilgrimage
AgeDistribution
Major
Overview
Congregation
Homeland
Citation
Recollection
Vote
Condition
Tour
Nca296b5ff4e94689b8b58a69b033fb4bb1
Regiment
Genre
Struggle
Nb1a34d8e9ab046da8d71d7b2bd1ff877b1
Version
Disease
ReturnItem
Purpose
Photographer
Department
WritingSkill
N99268126faf248afb7c7defbbb7a9a3eb7
Minor
N484938bb2d7e4360b7a7b7db78f3c280b2
Foot
Institution
RealEstate
Officer
Century
Honor
Introduction
SpreadGospel
ReligiousDenomination
Medal
Relationship
Punishment
Access
DigitalLiteracy
Soldier
Skill
Flower
Specialty
MerchantStore
Ncbc19e54e6ff4dcd87266bab720beecbb1
Anyuri
Plaintiff
Asset
Invoice
Historian
Pair
PurchaseOrder
Status
Verse
Discrimination
Town
Character
Grandfather
PopulationCensus
Organization
Person
Doctor
Pastor
Loss
SelfLove
Manumission
Priesthood
ActOfKindness
Store
Reputation
Mean
Boy
Supporter
Intensity
Pet
Race
PoliticalIndependence
Statue
AcademicStudy
Setting
Continent
PoliceDepartment
Manager
Research
Writing
PastoralCounseling
WaterSource
Director
Bats
Word
Publication
Nonnegativeinteger
Spouse
Performance
Right
Topic
Paper
Trial
Actor
Wife
Creator
Clergyman
Cause
N484938bb2d7e4360b7a7b7db78f3c280b1
Priest
Occupation
Manufacturer
PersonOrEvent
Category
Gender
Church
LawFirm
Sale
Viewpoint
Period
Descent
BlessingType
Construction
Militia
Worker
Nc0327303d0b9427fbc0bde474f20a665b2
Request
MedicalCondition
Crew
Book
Religion
Effect
Toe
Household
UndergroundRailroad
Transportation
Resident
Individual
Langstring
Tool
MedicalField
Beneficiary
Speaker
ConstructionWorker
SpringSeason
Subcomponent
Coast
Stalactite
Warrant
Integer
Servant
Camp
SlaveTrade
Respect
Opportunity
Idea
Property
Nd3d404c3d0fe4e05bfe67f9531eb5770b1
Datetime
BillOfSale
Offence
Enemy
Support
Establishment
TimeOfDeath
Money
Instance
Road
CampType
Election
Testimony
TradingPlatform
Symptom
Responsibility
AudioBook
Member
Employee
Prison
Society
Exhibit
Guest
Charge
Party
Instruction
Nation
Tourist
Situation
Factor
Response
Poem
Rebellion
Sport
Agent
Treatment
Help
View
Hour
Ship
Speech
Object
OfficialInstitution
Role
Groom
Contract
Parcel
Mail
Water
Text
VolumeMeasurement
Shape
Na3773eb7098347bbac15ca20ee75c694b1
WebDeveloper
MealType
Reproduction
Friendship
Promise
Prayer
Carriage
Film
Distribution
Duty
ReproductiveOrganism
WebSite
Violence
EconomicIndependence
Slaveholder
News
Ncbc19e54e6ff4dcd87266bab720beecbb2
ConstructionMaterials
Seller
Issue
Ownership
Task
Journalist
Man
Sermon
Reading
Ned963e32258d4cdc9f9dee88e0432c79b1
Occupant
Fugitive
ValueNumeric
Colony
BirthPlace
Counsel
Neighbor
Whole
BirthDate
Acquisition
Price
Literacy
Funeral
MonumentType
Debt
Family
Purchase
Class
SuperPower
DesireSatisfaction
Plan
GarmentType
Missionary
Authority
Ingredient
TradeType
Gyear
Use
Double
XMLLiteral
Street
Abolition
Number
Return
Duties
Release
Value
Retiree
Voter
Preface
Effort
ReadingSkill
Intelligence
Food
Scene
RiskAssessment
Couple
Classroom
Exchange
Hospital
Study
Service
Date
Process
Impact
System
Cemetery
Residence
IndividualIndependence
Crowd
Power
Defendant
CulturalNorm
KidnappingEvent
Ocean
Group
Photo
Missions
Birthdate
Governor
Brigade
War
ManufacturedPlace
Fruit
Mission
FieldOfStudy
Favor
Petition
Data
UnitSystem
Woman
OnlineMerchant
LastName
Lyrics
Specialization
Buyer
EducationSystem
Employer
Independence
Building
Bank
Cave
Diocese
Resource
Island
RebelGroup
Literature
FoodItem
Participant
Cabin
NutritionInfo
List
Ontology
Broker
Outcome
BodiesOfWater
Sister
Contractor
Justice
Majority
PoliticalIssue
Expedition
Office
