Pastor
DigitalLiteracy
End
Suffering
Household
Child
PostalAddress
Company
Ceremony
Discrimination
Plaintiff
Participant
LegalEducation
Year
Expedition
Colony
ExchangeRate
Strength
Warrant
Individual
LawFirm
Star
Village
Consumer
Marriage
Request
Assistance
Defendant
PoliticalIndependence
Assault
Nation
N93cce6105e0b4d24bb5be2671f1034a6b4
Newspaper
BodiesOfWater
Bats
Wife
BlogPost
Restaurant
PrivateVehicle
N3e77a9a39e704894af3d5867ca88d92bb1
Room
Timeperiod
Interest
Mean
Parent
Spouse
Bag
Date
Course
Militia
Street
Movie
Verse
Native
Instruction
Chef
Event
Infant
Soldier
Setting
Foot
Member
Sport
Nc0327303d0b9427fbc0bde474f20a665b1
Artist
Family
Construction
Manumission
Bill
Number
Chance
Nca296b5ff4e94689b8b58a69b033fb4bb1
Feeling
Water
Acter
Travel
TimeOfDeath
Blood
River
Person
Language
Nonnegativeinteger
Island
PersonArrival
ItemType
PoliceOfficer
Boy
Principle
SpreadGospel
Duty
Character
PublicTransport
TourGuide
Teacher
Name
Weapon
Enemy
Influence
Arrival
Software
Favor
Ground
Cuisine
UndergroundRailroad
Invoice
AbolitionistMovement
County
Legislature
Outcome
Biography
Mother
RealEstate
Dessert
SelfLove
ConstructionMaterials
Captain
Relationship
TimePeriod
Text
Contractor
Slavery
Landspot
Website
MissionaryOrganization
Couple
Ancestor
Image
Subject
Scene
Manuscript
Agent
ArrestReport
Grave
FuneralService
Situation
Issuer
Meeting
LawEnforcementAgency
Collection
Entity
DesireSatisfaction
University
SlaveTrade
Memoir
Research
Judgment
Carriage
Review
Intelligence
String
Practice
N152f29b4aa5841d69cbcac4e611774a4b1
Pet
Double
Cotton
Funeral
Manufacturer
Justice
Violence
WebDeveloper
Nc0327303d0b9427fbc0bde474f20a665b2
Effect
Charge
Gender
Guide
Feature
Institution
AudioBook
Narrator
Object
Vessel
BillOfSale
Establishment
Governor
Guard
Furniture
RelationshipType
Crime
PurchaseOrder
Comment
Artwork
Employment
PlaceOfDeath
Place
Article
Slave
Speech
Major
WaterSource
MissionaryActivity
Buyer
Beneficiary
Introduction
Entry
Priest
Clothe
FinancialBond
Activist
Genre
Judge
SocialIssue
NumberSet
Birth
SlaveOwner
Literacy
BuildingType
Impact
Woman
Controversy
Desire
Historicaltopic
LastName
Adulthood
Project
Datetime
Destination
Congregation
Authority
Sacrament
Student
GPA
Jurisdiction
Duration
Category
OnlineMerchant
Color
Degree
Origin
ServiceProvider
Purpose
DomainArea
Holder
Field
DateTime
Disease
Bloodvessel
Skill
Group
Difficulty
Acquisition
Attorney
Option
Hour
Absorbency
Juror
State
EconomicIndependence
Cemetery
Locations
Collector
PopulationCensus
Patient
SystemOrPractice
Escape
Ingredient
InfluencePower
Release
Servant
N152f29b4aa5841d69cbcac4e611774a4b5
FuneralDirector
Man
Respect
Decision
FinalMoment
Victim
Rebel
Job
Material
Honor
Coordinates
Artery
Scholar
Time
Coast
Director
KidnappingEvent
SurfaceType
Statue
Owner
MerchantStore
EducationSystem
Customer
Book
Currency
Widow
Suspect
Veteran
Issuestatus
Integer
Treatment
Vote
MealType
Intensity
Study
Sale
Professor
Distribution
Exhibit
Enslavement
NutritionInfo
CreationDate
Blessing
City
Country
Knowledge
Organization
Lawenforcementagency
Instructor
Anyuri
Medium
Response
Department
SkillOwner
Information
TradeType
N7048638ddbe744ef92b7ef71d2bc54beb1
Witness
Continent
Equipment
Courthouse
Theme
Issue
Mission
TimeInterval
Flower
Shift
Dialect
Recollection
Account
Monument
Association
Nb1a34d8e9ab046da8d71d7b2bd1ff877b1
Recipe
Timezone
Na3773eb7098347bbac15ca20ee75c694b6
Master
News
PublicationDate
Film
Alphabet
Trade
InfluenceFactor
IndividualIndependence
TradingPlatform
Physicalhealth
CountySeat
Item
Tour
XMLLiteral
Independence
Gift
Tourist
Laborer
ResidenceType
Writing
Session
Brigade
StudyTool
Jury
Seamstress
ChangeType
MonumentType
MedicalCondition
Cave
CampType
FoodItem
LegalCase
Ontology
Activity
Sister
Reading
Instance
Anniversary
List
Organisation
Wheel
Meal
Trader
Arrest
Transport
Prayer
Audience
Contract
Stalactite
Product
Black
Memorial
Commander
Invitation
Half
Supporter
Genius
Citation
Decade
Exchange
Food
ConstructionWorker
Editor
School
Medal
N93cce6105e0b4d24bb5be2671f1034a6b1
Church
Gospel
Reason
Faculty
SocialMovement
Award
Journalist
LegalSystem
Store
Detail
Thing
Resource
Story
Rebellion
Biographer
PracticeArea
Position
GarmentType
InterestRate
Cause
Word
Residence
Seller
Conversation
Courtroom
Crew
Deceased
Animal
Price
Abolitionism
Tale
N3c0a9d62a1d64b6b9c7ea7f0401a59ecb1
FirstName
LegalArea
Receiver
Circumstance
Broker
PlaceOfBirth
ValueNumeric
Employee
CulturalNorm
Offender
Population
Parcel
BodyPart
Hospital
Constellation
Life
Minor
FoodGroup
Race
Status
MedicalField
Case
Villain
Bank
Rank
Transportation
Loss
Camp
Century
ActOfKindness
Style
Debt
Manner
Building
Believer
Occupant
Database
OfficialInstitution
Counsel
Conclusion
Target
Resolution
Human
N3f1fcd8fe7834504a1b4b47305dd5dc5b1
CauseOfDeath
Action
Earning
Literal
Condition
Greeting
Version
LegalSpecialization
Movement
Role
Colonist
Background
Bidder
WebSite
Tool
Merchant
HistoricalTopic
Ocean
Fugitive
Slaveholder
Script
Majority
Resident
Missionary
Enslaver
Carpenter
Objective
Topic
Ability
Worker
Auction
Behalf
Politician
HistoricalEvent
Gyear
Literature
Vehicle
Girl
Mail
RoomType
Neighbor
Researcher
Donation
BlessingType
CourtCase
Diary
ReadingSkill
Location
Producer
Help
Dog
Missions
Court
Class
Historian
Election
Actor
War
BirthDate
Factor
Society
BirthPlace
Friendship
Town
BloodVessel
Damage
Part
N47dbf12ea09b44e7837e9a0a478bc012b1
Crowd
Value
TailorShop
Cabin
Power
Document
Doctor
Father
Attempt
Struggle
Death
Home
Source
Descendant
Region
ProjectTopic
Arrestor
SuperPower
ContractType
Property
Shop
Grandfather
Regiment
Publisher
Reader
Candidate
Publication
Birthdate
SkillLevel
Shape
Speaker
Market
Idea
Figure
Transaction
Signatory
Homeland
Attack
Wagon
Perception
Message
Purchase
Baptism
Box
Effort
InstitutionLocation
Task
Axle
Environment
Voter
Medicalprofessional
Money
FieldOfStudy
Consequence
Literary_Genre
Langstring
Arrestee
House
ActivismType
FinancialInstrument
MealComponent
Classroom
Abolition
Data
Plant
Level
Success
Troop
Road
Service
Hero
Descent
Belief
Activism
Fraction
Creator
Nd3d404c3d0fe4e05bfe67f9531eb5770b1
Asset
Author
Lawyer
Na3773eb7098347bbac15ca20ee75c694b1
Tavern
DateOfBirth
Support
Estate
Overview
Symptom
Trial
MilitaryRank
Seq
Eye
User
Provider
Baby
Employer
Head
Branch
Change
EducationalInstitution
PersonOrEvent
AcademicStudy
Toe
DecisionMaker
WritingSkill
Guest
