Seamstress
Department
WritingSkill
N99268126faf248afb7c7defbbb7a9a3eb7
Researcher
Memorial
PoliticalPosition
Field
Manner
Part
Minor
N3f1fcd8fe7834504a1b4b47305dd5dc5b1
N484938bb2d7e4360b7a7b7db78f3c280b2
DomainArea
Marriage
Institution
Quantity
InstitutionLocation
Provider
Officer
SpreadGospel
Level
ReligiousDenomination
Medal
Relationship
Punishment
Access
DigitalLiteracy
MealComponent
SecurityLevel
Soldier
Plantation
Flower
Skill
Piece
Output
MerchantStore
Ncbc19e54e6ff4dcd87266bab720beecbb1
Anyuri
Plaque
Plaintiff
Asset
Invoice
Statement
Pair
Principle
PurchaseOrder
Language
Status
N99268126faf248afb7c7defbbb7a9a3eb1
Consumer
Truth
Town
Character
Prisoner
School
Organization
NumberSet
LegalCase
LegalSystem
Reader
Person
Life
Politician
Portfolio
Job
Manumission
Loss
SelfLove
Native
Priesthood
ActOfKindness
Store
Reputation
Mean
Publisher
Supporter
Intensity
Hardware
Religiousactivity
Public
Race
SurfaceType
PoliticalIndependence
Statue
Item
AcademicStudy
Continent
Setting
Commander
PoliceDepartment
City
Year
Cuisine
Producer
Manager
Research
Writing
N152f29b4aa5841d69cbcac4e611774a4b5
Practice
Star
WaterSource
Director
Word
Image
Publication
Nonnegativeinteger
Component
Laborer
Spouse
Audience
Performance
Right
GenderRatio
Topic
Paper
Shop
Nb1a34d8e9ab046da8d71d7b2bd1ff877b1
Trial
Actor
Wife
LegalArea
Creator
Cause
Mother
N484938bb2d7e4360b7a7b7db78f3c280b1
Priest
Occupation
User
Strength
PersonOrEvent
Product
Gender
Category
Church
LawFirm
Sale
Faculty
Viewpoint
Period
Pension
Report
Material
RelationshipType
Worker
Owner
Spring
Request
Landspot
Human
Point
Judge
Religion
Book
Permission
Household
State
Market
UndergroundRailroad
Transportation
Portion
Resident
Issuestatus
Individual
Langstring
Professor
Suffering
Scholar
Beneficiary
Speaker
TourGuide
Place
Origin
Pensioner
Trader
Candidate
Religiousleader
SpringSeason
Subcomponent
Coordinates
FirstName
LegalEducation
Integer
Servant
SlaveTrade
Respect
Opportunity
Teacher
Idea
PensionPlan
Property
LegalSpecialization
TimePeriod
Datetime
Input
BillOfSale
Offence
Destination
Establishment
LeasingStatus
Obituary
Support
Passenger
Entity
SlaveOwner
Content
Trade
Judgment
Flowering
Instance
Guard
Company
Road
Locations
SkillLevel
Election
StudyTool
ServiceProvider
ReturnPolicy
Monument
Testimony
Official
Responsibility
Play
ReturnItem
TradingPlatform
Result
Anysimpletype
House
Employee
Customer
Funding
Location
Prison
Thought
ResidenceType
Society
TailorShop
Office
Party
Instruction
Nation
Case
Tourist
Situation
Master
Response
Tavern
Poem
Movement
Time
Rebellion
Constellation
University
Court
Source
Drink
Agent
Child
Jury
Timezone
Preacher
Dog
View
N152f29b4aa5841d69cbcac4e611774a4b1
Region
Speech
Role
Thing
DateTime
Project
Parcel
Rebel
Event
Mail
Overseer
Rank
Water
Feature
N3c0a9d62a1d64b6b9c7ea7f0401a59ecb1
Text
Transport
VolumeMeasurement
PoliticalParty
Na3773eb7098347bbac15ca20ee75c694b1
Inmate
Literary_Genre
WebDeveloper
Room
Knowledge
MealType
Reproduction
Wheel
Weather
Promise
Prayer
Version
Distribution
Tree
Herb
ReproductiveOrganism
MilitaryRank
Violence
WebSite
EconomicIndependence
Occasion
Slaveholder
Ncbc19e54e6ff4dcd87266bab720beecbb2
Infant
String
Seller
Course
Resolution
Wagon
Duration
Issue
Ownership
Artist
Task
Song
MissionaryOrganization
Memoir
Na3773eb7098347bbac15ca20ee75c694b6
Novel
Medium
Story
Man
Software
PublicTransport
President
N2fc4409f5d8741aabdef801fbf90ce36b3
Sermon
FinancialInstrument
Meeting
River
Reading
Ned963e32258d4cdc9f9dee88e0432c79b1
Website
ValueNumeric
LegalRight
BirthPlace
Ticket
Script
Neighbor
Organizer
Whole
Furniture
Acquisition
Price
Tale
Literacy
Juror
MonumentType
Literal
Family
Purchase
Class
Subject
Plan
Author
Slavery
GarmentType
Weapon
Missionary
Authority
Ingredient
Slave
GPA
TradeType
Activity
Vessel
Use
MissionaryActivity
XMLLiteral
Double
Street
HistoricalPeriod
Pilgrim
ProjectTopic
Detail
Abolition
Student
Seq
Return
Number
Troop
Axle
Painting
N2fc4409f5d8741aabdef801fbf90ce36b1
Duties
Witness
Release
Value
Retiree
Voter
Preface
ReadingSkill
Action
Guide
Intelligence
Animal
Food
Scene
Attendee
N99268126faf248afb7c7defbbb7a9a3eb8
Classroom
Order
Style
Meal
Parent
Study
Service
Veteran
Vehicle
Position
Process
Comment
Degree
System
Residence
IndividualIndependence
Defendant
CulturalNorm
Success
Plant
Village
Widow
Lawyer
N7048638ddbe744ef92b7ef71d2bc54beb1
KidnappingEvent
Nbbdcaa839c5e49d4af2ba05033c56790b1
Group
Photo
Missions
Government
Brigade
Possession
War
SkillOwner
ManufacturedPlace
Fruit
Mission
Population
Country
FieldOfStudy
Petition
UnitSystem
Woman
OnlineMerchant
LastName
N47dbf12ea09b44e7837e9a0a478bc012b1
Lyrics
Buyer
EducationSystem
Merchant
PrivateVehicle
Interest
Review
Unit
Theme
Independence
Building
Name
Employer
Travel
Diocese
Resource
Island
Pilgrimage
AgeDistribution
RebelGroup
Literature
Major
Participant
List
Recollection
Ontology
Vote
Tour
Outcome
BodiesOfWater
Regiment
Sister
Broker
Justice
Majority
Genre
Struggle
PoliticalIssue
Purpose
Photographer
