N2fc4409f5d8741aabdef801fbf90ce36b3
Flower
Shift
DigitalLiteracy
Dialect
HistoricalPeriod
Monument
Household
Obituary
Child
Recipe
Na3773eb7098347bbac15ca20ee75c694b6
Discrimination
Plaintiff
LegalEducation
Organizer
Expedition
Alphabet
ExchangeRate
InfluenceFactor
IndividualIndependence
Warrant
Individual
Physicalhealth
LawFirm
Item
XMLLiteral
Independence
Gift
Laborer
Writing
Jury
Marriage
PoliticalIndependence
Defendant
Nation
MonumentType
MedicalCondition
BlogPost
FoodItem
LegalCase
Room
Timeperiod
Interest
Mean
Parent
Spouse
Nbbdcaa839c5e49d4af2ba05033c56790b1
Reading
Guest
Street
Instance
Paper
List
Verse
Meal
Native
Instruction
Prayer
Product
Event
Infant
Memorial
Foot
Invitation
Half
Specialty
Genius
Attendee
Artist
Exchange
Manumission
Food
Editor
School
Nca296b5ff4e94689b8b58a69b033fb4bb1
Specialization
Gospel
Feeling
Permission
LegalSystem
Thing
Resource
Official
Person
Language
Retiree
Island
Position
Cause
Principle
SpreadGospel
Animal
Duty
FirstName
LegalArea
Passenger
Name
Employee
Enemy
Influence
Favor
Population
Cuisine
Office
Parcel
Hospital
Life
Petition
Mother
FoodGroup
Dessert
SelfLove
MedicalField
TimePeriod
Case
Villain
Bank
Loss
Landspot
MissionaryOrganization
ActOfKindness
Debt
Image
Subject
Manuscript
Manner
Agent
Database
OfficialInstitution
Meeting
Order
Entity
Resolution
Human
University
Earning
Action
Memoir
Condition
Greeting
Judgment
LegalSpecialization
Movement
Pension
Role
Intelligence
String
N152f29b4aa5841d69cbcac4e611774a4b1
Physician
Overseer
Double
Merchant
HistoricalTopic
Justice
Fugitive
Script
Effect
Gender
Majority
Missionary
N484938bb2d7e4360b7a7b7db78f3c280b1
Topic
Feature
Institution
Politician
Governor
HistoricalEvent
Guard
Furniture
Literature
Vehicle
Comment
Girl
Mail
RoomType
Pair
Place
Slave
Neighbor
Party
Ned963e32258d4cdc9f9dee88e0432c79b1
Photo
Donation
MissionaryActivity
ReadingSkill
Location
Beneficiary
Introduction
Entry
Help
Dog
Missions
Court
Class
Historian
Genre
Judge
Actor
Period
PensionPlan
NumberSet
SlaveOwner
Friendship
Literacy
BirthPlace
Woman
Opportunity
Historicaltopic
LastName
Part
Novel
Responsibility
Datetime
Power
Destination
Document
Doctor
N2fc4409f5d8741aabdef801fbf90ce36b1
Photographer
Duration
Category
Pensioner
OnlineMerchant
Access
Origin
Purpose
Home
Source
DomainArea
Ownership
Disease
Region
Group
Acquisition
SuperPower
Hour
Officer
Juror
PoliceDepartment
State
Grandfather
Painting
EconomicIndependence
Publisher
Locations
Publication
SkillLevel
Patient
Idea
Escape
Transaction
Homeland
Ingredient
InfluencePower
N152f29b4aa5841d69cbcac4e611774a4b5
Man
N484938bb2d7e4360b7a7b7db78f3c280b2
Material
Effort
Honor
Coordinates
Money
Medicalprofessional
Director
KidnappingEvent
Owner
Langstring
House
MerchantStore
Funding
MealComponent
Data
Plant
Book
Level
Currency
Hero
Issuestatus
Integer
Treatment
Fraction
Creator
Nd3d404c3d0fe4e05bfe67f9531eb5770b1
MealType
Occasion
Page
Author
Lawyer
Distribution
Na3773eb7098347bbac15ca20ee75c694b1
Exhibit
Enslavement
NutritionInfo
Overview
Symptom
City
Country
Knowledge
Organization
Seq
Portfolio
User
Medium
Ticket
Department
Head
Information
ManufacturedPlace
Equipment
Continent
PersonOrEvent
Toe
Theme
Issue
Mission
WritingSkill
Film
