Pastor
DigitalLiteracy
Subcomponent
End
HistoricalPeriod
Suffering
Household
Obituary
Child
PostalAddress
Battle
Ceremony
Company
Discrimination
Plaintiff
LegalEducation
Participant
Year
Organizer
Expedition
Colony
Tree
ExchangeRate
LeasingStatus
Strength
Warrant
Individual
LawFirm
Star
Village
Consumer
Marriage
PoliticalIndependence
Request
Defendant
Assistance
Assault
Nation
N93cce6105e0b4d24bb5be2671f1034a6b4
Newspaper
BodiesOfWater
Bats
Wife
BlogPost
Restaurant
PrivateVehicle
N3e77a9a39e704894af3d5867ca88d92bb1
Dinner
Spring
Room
Timeperiod
Interest
Mean
Parent
Spouse
Bag
Wedding
Date
Course
Militia
Street
Movie
Paper
Plaque
Probability
Verse
Conversion
Native
PoliticalParty
Instruction
Chef
Event
Infant
Soldier
Setting
Foot
Member
Attendee
Sport
Nc0327303d0b9427fbc0bde474f20a665b1
Artist
Religiousactivity
Family
Construction
Manumission
Bill
Result
Flowering
Number
Nca296b5ff4e94689b8b58a69b033fb4bb1
Specialization
Chance
Feeling
Water
Acter
RescueOperation
Travel
Anysimpletype
TimeOfDeath
Religiousleader
Blood
RiskFactor
River
Reproduction
Person
Language
Nonnegativeinteger
Retiree
Island
PersonArrival
ItemType
PoliceOfficer
Boy
Principle
Herb
SpreadGospel
Duties
Duty
Character
Weather
PublicTransport
Passenger
TourGuide
Teacher
Name
Weapon
Enemy
Influence
Arrival
Software
Favor
Ground
Cuisine
Office
UndergroundRailroad
Invoice
AbolitionistMovement
County
PoliticalIssue
Legislature
Biography
Outcome
Mother
RealEstate
Dessert
SelfLove
ConstructionMaterials
Captain
Relationship
TimePeriod
Text
Inmate
PoliticalPosition
Contractor
Occupation
Landspot
Offence
Slavery
Website
MissionaryOrganization
Couple
Ancestor
PastoralCounseling
Image
Subject
Scene
Manuscript
Agent
ArrestReport
Grave
FuneralService
Issuer
Situation
Meeting
LawEnforcementAgency
Order
Collection
Entity
DesireSatisfaction
Use
University
SlaveTrade
Memoir
Punishment
Research
Judgment
Song
Carriage
Pension
Review
Intelligence
N99268126faf248afb7c7defbbb7a9a3eb7
String
Practice
N152f29b4aa5841d69cbcac4e611774a4b1
Pet
Cotton
Double
Funeral
Manufacturer
Justice
Violence
Nc0327303d0b9427fbc0bde474f20a665b2
WebDeveloper
Effect
Charge
Gender
N484938bb2d7e4360b7a7b7db78f3c280b1
SecurityLevel
Guide
Feature
Institution
AudioBook
Narrator
Object
RescueTeam
Vessel
BillOfSale
Establishment
Governor
Hardware
Guard
Furniture
RelationshipType
Crime
PurchaseOrder
Comment
Community
Artwork
Employment
Pair
PlaceOfDeath
Place
Slave
Party
Article
Speech
Ned963e32258d4cdc9f9dee88e0432c79b1
Photo
Major
WaterSource
MissionaryActivity
Buyer
Beneficiary
Introduction
Entry
Poem
Priest
Clothe
FinancialBond
Activist
Genre
Judge
SocialIssue
NumberSet
Birth
SlaveOwner
Plantation
Literacy
BuildingType
Impact
Woman
Controversy
Desire
Historicaltopic
LastName
Adulthood
Novel
Responsibility
Project
Whole
Datetime
Size
Destination
Metallurgy
Congregation
Authority
Sacrament
Student
Photographer
GPA
Jurisdiction
Duration
Category
OnlineMerchant
Color
Priesthood
Degree
Origin
ServiceProvider
Purpose
DomainArea
Holder
Emergency
Field
DateTime
Disease
Bloodvessel
Skill
Group
Acquisition
Difficulty
Hour
Attorney
Option
Juror
Absorbency
State
Painting
View
EconomicIndependence
Cemetery
Locations
Collector
PopulationCensus
Patient
SystemOrPractice
Escape
Diocese
Drink
Ingredient
InfluencePower
Release
Servant
N152f29b4aa5841d69cbcac4e611774a4b5
Combatant
FuneralDirector
Man
Respect
Decision
FinalMoment
Victim
Prison
Rebel
Job
Material
Honor
Coordinates
Artery
Pilgrimage
Scholar
Time
Coast
Director
KidnappingEvent
SurfaceType
Government
Owner
Statue
Fruit
MerchantStore
EducationSystem
Customer
Right
Book
Point
Currency
Widow
Suspect
Veteran
Issuestatus
Integer
Treatment
Vote
MealType
Intensity
Study
ClothingItem
Sale
Professor
Distribution
Exhibit
Enslavement
NutritionInfo
CreationDate
Blessing
City
AuthorityArea
Country
Organization
Knowledge
Lawenforcementagency
Instructor
Portfolio
Anyuri
Medium
Ticket
Response
Department
SkillOwner
Information
ManufacturedPlace
N7048638ddbe744ef92b7ef71d2bc54beb1
TradeType
Witness
Continent
Equipment
Courthouse
Theme
Issue
Mission
TimeInterval
N2fc4409f5d8741aabdef801fbf90ce36b3
Flower
Shift
Return
Testimony
Dialect
Account
Monument
Recollection
Association
Nb1a34d8e9ab046da8d71d7b2bd1ff877b1
Recipe
Na3773eb7098347bbac15ca20ee75c694b6
Timezone
Master
Quantity
RiskAssessment
Dish
Possession
News
PublicationDate
Alphabet
Trade
InfluenceFactor
IndividualIndependence
Promise
TradingPlatform
Physicalhealth
CountySeat
Input
Item
Tour
XMLLiteral
Independence
Gift
Ship
Tourist
Laborer
Writing
ResidenceType
Public
Session
Brigade
Jury
StudyTool
Seamstress
ClothingType
ChangeType
MonumentType
MedicalCondition
Cave
Thought
CampType
FoodItem
LegalCase
Ontology
Manager
Content
Activity
Sister
Nbbdcaa839c5e49d4af2ba05033c56790b1
Reading
Guest
Statement
Argument
Instance
Piece
Anniversary
List
Sermon
Organisation
Meal
Wheel
Trader
Arrest
Prayer
Transport
President
Contract
Stalactite
Product
Audience
Component
Black
Memorial
Commander
Invitation
Half
Truth
Supporter
Genius
Specialty
Citation
Decade
Exchange
RiskManagement
Food
ConstructionWorker
Editor
Church
N93cce6105e0b4d24bb5be2671f1034a6b1
School
Medal
Gospel
Reason
Faculty
Convention
SocialMovement
Permission
SpringSeason
LegalSystem
Journalist
Award
Store
Premise
Detail
ReturnItem
Thing
Resource
Official
Story
Rebellion
Biographer
UnitSystem
PracticeArea
Position
GarmentType
InterestRate
Deceased
Cause
Residence
N99268126faf248afb7c7defbbb7a9a3eb8
Seller
Word
Crew
Conversation
Report
Animal
Courtroom
Price
Abolitionism
Tale
N3c0a9d62a1d64b6b9c7ea7f0401a59ecb1
FirstName
LegalArea
Circumstance
Receiver
Broker
PlaceOfBirth
Blacksmith
ValueNumeric
Employee
CulturalNorm
Offender
Population
Parcel
BodyPart
Hospital
Ncbc19e54e6ff4dcd87266bab720beecbb2
Constellation
Life
Petition
Minor
Bride
FoodGroup
Race
Status
MedicalField
Ncbc19e54e6ff4dcd87266bab720beecbb1
RebelGroup
Case
Villain
Performance
Bank
Rank
Loss
Transportation
Camp
Century
Portion
Unit
ActOfKindness
Style
Debt
Manner
Building
Groom
Believer
DecisionMaker
Occupant
Line
Database
OfficialInstitution
ReturnPolicy
Counsel
Conclusion
Target
RiskLevel
Resolution
Human
N3f1fcd8fe7834504a1b4b47305dd5dc5b1
CauseOfDeath
Earning
Action
Literal
ReproductiveOrganism
Condition
Greeting
System
Version
LegalSpecialization
Movement
Role
Colonist
Background
Physician
Tool
WebSite
Bidder
Force
Overseer
Merchant
HistoricalTopic
Ocean
Fugitive
Slaveholder
Script
Majority
Missionary
Resident
Enslaver
Carpenter
Objective
Topic
Ability
Worker
Auction
Behalf
Politician
ReligiousDenomination
HistoricalEvent
Literature
Vehicle
Girl
Mail
RoomType
Process
Neighbor
Researcher
Donation
BlessingType
LegalRight
Appearance
CourtCase
Diary
ReadingSkill
Location
Producer
Help
Dog
Missions
Court
Class
Historian
Election
Period
Actor
War
PensionPlan
BirthDate
Factor
Friendship
BirthPlace
Society
Town
Opportunity
BloodVessel
Damage
Part
N47dbf12ea09b44e7837e9a0a478bc012b1
GenderRatio
Crowd
Lyrics
Value
TailorShop
AgeDistribution
Cabin
Power
Document
Doctor
N2fc4409f5d8741aabdef801fbf90ce36b1
Father
Attempt
Pensioner
Access
Struggle
Death
Home
Source
Ownership
Risk
Descendant
Region
Pilgrim
Arrestor
ProjectTopic
SuperPower
Viewpoint
ContractType
Religion
Officer
Property
Shop
PoliceDepartment
Grandfather
Regiment
Publisher
Reader
N99268126faf248afb7c7defbbb7a9a3eb1
Publication
Birthdate
SkillLevel
Shape
Play
Candidate
Speaker
Market
Idea
N16101d8486ed4e8aab7370f30699e93cb1
Figure
Transaction
Signatory
Homeland
Attack
Wagon
Perception
N484938bb2d7e4360b7a7b7db78f3c280b2
Message
Purchase
Baptism
Box
Effort
Task
InstitutionLocation
Axle
Money
Medicalprofessional
Voter
Environment
VolumeMeasurement
FieldOfStudy
Consequence
Literary_Genre
Langstring
Arrestee
House
Funding
ActivismType
FinancialInstrument
MealComponent
Classroom
Data
Abolition
Plant
Level
Plan
Success
Troop
Service
Hero
Road
Descent
Belief
Activism
Profession
Preacher
Fraction
Creator
Nd3d404c3d0fe4e05bfe67f9531eb5770b1
Bishop
Clergyman
Occasion
Asset
Page
Author
Lawyer
Na3773eb7098347bbac15ca20ee75c694b1
Preface
DateOfBirth
Estate
Support
Tavern
Overview
Symptom
Trial
MilitaryRank
Seq
Eye
Reputation
User
Baby
Output
Employer
Provider
Head
Branch
Change
Prisoner
PersonOrEvent
EducationalInstitution
AcademicStudy
Toe
Gyear
WritingSkill
Film
