Pastor
DigitalLiteracy
HistoricalPeriod
End
Suffering
Household
Obituary
Child
PostalAddress
Battle
Company
Ceremony
Discrimination
Plaintiff
Participant
LegalEducation
Year
Organizer
Tree
Colony
Expedition
ExchangeRate
LeasingStatus
Strength
Warrant
Individual
LawFirm
Star
Village
Consumer
Marriage
Request
Assistance
Defendant
PoliticalIndependence
Assault
Nation
N93cce6105e0b4d24bb5be2671f1034a6b4
BodiesOfWater
Bats
Wife
BlogPost
Restaurant
PrivateVehicle
N3e77a9a39e704894af3d5867ca88d92bb1
Dinner
Spring
Room
Timeperiod
Interest
Mean
Parent
Spouse
Bag
Date
Course
Militia
Street
Movie
Paper
Plaque
Verse
Conversion
Native
PoliticalParty
Instruction
Chef
Event
Infant
Soldier
Setting
Foot
Member
Attendee
Sport
Nc0327303d0b9427fbc0bde474f20a665b1
Artist
WritingSkill
Religiousactivity
Family
Construction
Manumission
Bill
Result
Flowering
Number
Chance
Nca296b5ff4e94689b8b58a69b033fb4bb1
Specialization
Feeling
Water
Acter
RescueOperation
Travel
Anysimpletype
TimeOfDeath
Religiousleader
Blood
River
Reproduction
Person
Language
Nonnegativeinteger
Retiree
Island
PersonArrival
ItemType
PoliceOfficer
Boy
Herb
Principle
SpreadGospel
Duties
Duty
Character
Weather
PublicTransport
Passenger
TourGuide
Teacher
Name
Weapon
Enemy
Influence
Arrival
Software
Favor
Ground
Cuisine
Office
UndergroundRailroad
Invoice
AbolitionistMovement
County
PoliticalIssue
Legislature
Outcome
Biography
Mother
RealEstate
Dessert
SelfLove
ConstructionMaterials
Captain
Relationship
TimePeriod
Text
Inmate
PoliticalPosition
Contractor
Occupation
Slavery
Offence
Landspot
Website
MissionaryOrganization
Couple
Ancestor
PastoralCounseling
Image
Subject
Scene
Manuscript
Agent
ArrestReport
Grave
FuneralService
Situation
Issuer
Meeting
LawEnforcementAgency
Collection
Order
Entity
DesireSatisfaction
Use
University
SlaveTrade
Memoir
Punishment
Research
Judgment
Carriage
Pension
Review
Intelligence
N99268126faf248afb7c7defbbb7a9a3eb7
String
Practice
N152f29b4aa5841d69cbcac4e611774a4b1
Pet
Double
Cotton
Funeral
Manufacturer
Justice
Violence
WebDeveloper
Nc0327303d0b9427fbc0bde474f20a665b2
Effect
Charge
Gender
N484938bb2d7e4360b7a7b7db78f3c280b1
SecurityLevel
Guide
Feature
Institution
AudioBook
Narrator
Object
Deceased
Vessel
RescueTeam
BillOfSale
Establishment
Governor
Guard
Furniture
RelationshipType
Crime
PurchaseOrder
Comment
Artwork
Employment
Pair
PlaceOfDeath
Place
Slave
Party
Speech
Article
Ned963e32258d4cdc9f9dee88e0432c79b1
Photo
Major
WaterSource
MissionaryActivity
Buyer
Beneficiary
Introduction
Entry
Poem
Priest
Clothe
FinancialBond
Activist
Genre
Judge
SocialIssue
NumberSet
Birth
SlaveOwner
Plantation
Literacy
BuildingType
Impact
Woman
Controversy
LastName
Desire
Historicaltopic
Adulthood
Novel
Responsibility
Whole
Project
Datetime
Destination
Congregation
Authority
Sacrament
Student
Photographer
GPA
Jurisdiction
Duration
Category
OnlineMerchant
Color
Priesthood
Degree
Origin
ServiceProvider
Purpose
DomainArea
Holder
Field
Emergency
DateTime
Disease
Bloodvessel
Skill
Group
Difficulty
Acquisition
Attorney
Option
Hour
Absorbency
Juror
State
Painting
View
EconomicIndependence
Cemetery
Locations
Collector
PopulationCensus
Patient
SystemOrPractice
Escape
Diocese
Drink
Ingredient
InfluencePower
Release
Servant
N152f29b4aa5841d69cbcac4e611774a4b5
Combatant
FuneralDirector
Man
Respect
Decision
Prison
Victim
Rebel
FinalMoment
Job
Material
Honor
Coordinates
Artery
Pilgrimage
Scholar
Time
Director
Coast
KidnappingEvent
SurfaceType
Government
Owner
Statue
Fruit
MerchantStore
EducationSystem
Customer
Right
Book
Point
Currency
Widow
Suspect
Veteran
Issuestatus
Integer
Treatment
Vote
MealType
Intensity
Study
Sale
Professor
Distribution
Exhibit
Enslavement
NutritionInfo
CreationDate
Blessing
City
Country
AuthorityArea
Organization
Knowledge
Lawenforcementagency
Instructor
Portfolio
Anyuri
Medium
Ticket
Response
Department
SkillOwner
Information
ManufacturedPlace
N7048638ddbe744ef92b7ef71d2bc54beb1
TradeType
Witness
Continent
Equipment
Courthouse
Theme
Issue
Mission
TimeInterval
N2fc4409f5d8741aabdef801fbf90ce36b3
Flower
Return
Testimony
Shift
Dialect
Recollection
Monument
Account
Association
Nb1a34d8e9ab046da8d71d7b2bd1ff877b1
Recipe
Timezone
Na3773eb7098347bbac15ca20ee75c694b6
Master
Quantity
Dish
Possession
News
PublicationDate
Alphabet
Trade
InfluenceFactor
IndividualIndependence
Promise
TradingPlatform
Input
CountySeat
Physicalhealth
Item
Tour
XMLLiteral
Independence
Gift
Tourist
Laborer
ResidenceType
Writing
Public
Session
Brigade
StudyTool
Jury
Seamstress
ChangeType
MonumentType
MedicalCondition
Cave
Thought
CampType
FoodItem
LegalCase
Ontology
Manager
Content
Activity
Sister
Nbbdcaa839c5e49d4af2ba05033c56790b1
Statement
Guest
Reading
Instance
Piece
Anniversary
List
Sermon
Organisation
Wheel
Meal
Trader
Arrest
Prayer
Transport
President
Audience
Stalactite
Product
Black
Contract
Memorial
Commander
Invitation
Half
Truth
Supporter
Genius
Specialty
Citation
Decade
Exchange
Food
ConstructionWorker
Editor
Church
School
Medal
N93cce6105e0b4d24bb5be2671f1034a6b1
Gospel
Reason
Faculty
Convention
Permission
SpringSeason
SocialMovement
Award
LegalSystem
Journalist
Store
ReturnItem
Detail
Thing
Resource
Official
Story
Rebellion
UnitSystem
Biographer
PracticeArea
Position
GarmentType
InterestRate
Cause
Word
Courtroom
Residence
N99268126faf248afb7c7defbbb7a9a3eb8
Seller
Conversation
Crew
Report
Animal
Price
Abolitionism
Tale
N3c0a9d62a1d64b6b9c7ea7f0401a59ecb1
FirstName
LegalArea
Receiver
Circumstance
Broker
PlaceOfBirth
ValueNumeric
Employee
CulturalNorm
Offender
Population
Parcel
BodyPart
Ncbc19e54e6ff4dcd87266bab720beecbb2
Hospital
Constellation
Life
Petition
Minor
FoodGroup
Race
Status
MedicalField
Ncbc19e54e6ff4dcd87266bab720beecbb1
RebelGroup
Performance
Case
Villain
Bank
Rank
Loss
Transportation
Camp
Century
Portion
Unit
ActOfKindness
Style
Debt
Manner
Building
Believer
Occupant
Line
Database
OfficialInstitution
ReturnPolicy
Counsel
Conclusion
Target
Resolution
Human
N3f1fcd8fe7834504a1b4b47305dd5dc5b1
CauseOfDeath
Action
Earning
Literal
ReproductiveOrganism
Condition
Greeting
System
Version
LegalSpecialization
Movement
Role
Colonist
Background
Bidder
WebSite
Tool
Physician
Overseer
Merchant
HistoricalTopic
Ocean
Fugitive
Slaveholder
Script
Majority
Missionary
Resident
Enslaver
Carpenter
Objective
Topic
Ability
Worker
Auction
ReligiousDenomination
Politician
Behalf
HistoricalEvent
Gyear
Literature
Vehicle
Girl
Mail
Process
RoomType
Neighbor
Researcher
Donation
LegalRight
BlessingType
CourtCase
Diary
ReadingSkill
Location
Producer
Help
Dog
Missions
Court
Class
Historian
Election
Period
Actor
War
PensionPlan
BirthDate
Factor
Society
BirthPlace
Friendship
Town
Opportunity
BloodVessel
Part
Damage
N47dbf12ea09b44e7837e9a0a478bc012b1
GenderRatio
Crowd
Value
TailorShop
AgeDistribution
Cabin
Power
Document
Doctor
Raid
N2fc4409f5d8741aabdef801fbf90ce36b1
Father
Attempt
Pensioner
Access
Struggle
Death
Home
Source
Ownership
Descendant
Region
Pilgrim
ProjectTopic
Arrestor
SuperPower
Viewpoint
ContractType
Religion
Officer
Property
Shop
PoliceDepartment
Grandfather
Regiment
Publisher
Reader
N99268126faf248afb7c7defbbb7a9a3eb1
Publication
Play
Candidate
Birthdate
Shape
SkillLevel
Speaker
Market
Idea
Figure
Transaction
Signatory
Homeland
Attack
Wagon
Perception
N484938bb2d7e4360b7a7b7db78f3c280b2
Message
Purchase
Baptism
Box
Effort
Task
InstitutionLocation
Axle
Environment
Voter
Medicalprofessional
Money
FieldOfStudy
Consequence
Literary_Genre
Langstring
Arrestee
House
Funding
ActivismType
FinancialInstrument
MealComponent
Classroom
Abolition
Data
Plant
Plan
Success
Level
Troop
Road
Service
Hero
Descent
Belief
Activism
Preacher
Creator
Fraction
Nd3d404c3d0fe4e05bfe67f9531eb5770b1
Bishop
Clergyman
Occasion
Asset
Page
Author
Lawyer
Na3773eb7098347bbac15ca20ee75c694b1
Preface
Tavern
DateOfBirth
Support
Estate
Overview
Symptom
Trial
MilitaryRank
Seq
Eye
Reputation
User
Provider
Output
Employer
Baby
Head
Branch
Change
Prisoner
PersonOrEvent
EducationalInstitution
AcademicStudy
Toe
DecisionMaker
VolumeMeasurement
Film
