Pastor
DigitalLiteracy
End
HistoricalPeriod
Household
Obituary
Child
PostalAddress
Company
Ceremony
Discrimination
Plaintiff
Participant
LegalEducation
Year
Organizer
Expedition
Colony
Tree
ExchangeRate
Strength
LeasingStatus
Warrant
Individual
LawFirm
Star
Village
Consumer
Marriage
PoliticalIndependence
Request
Defendant
Assault
Nation
N93cce6105e0b4d24bb5be2671f1034a6b4
BodiesOfWater
Bats
Wife
BlogPost
Restaurant
PrivateVehicle
N3e77a9a39e704894af3d5867ca88d92bb1
Room
Timeperiod
Interest
Mean
Parent
Spouse
Bag
Date
Course
Militia
Street
Movie
Paper
Plaque
Probability
Verse
Native
PoliticalParty
Instruction
Chef
Event
Infant
Soldier
Setting
Foot
Member
Attendee
Sport
Nc0327303d0b9427fbc0bde474f20a665b1
Artist
Religiousactivity
Family
Construction
Manumission
Bill
Result
Number
Chance
Nca296b5ff4e94689b8b58a69b033fb4bb1
Specialization
Feeling
Water
Acter
RescueOperation
Travel
Anysimpletype
TimeOfDeath
Religiousleader
Blood
RiskFactor
River
Reproduction
Person
Language
Nonnegativeinteger
Retiree
Island
PersonArrival
PoliceOfficer
Boy
Principle
Herb
SpreadGospel
Duties
Duty
Character
PublicTransport
TourGuide
Passenger
Teacher
Name
Weapon
Enemy
Influence
Arrival
Favor
Ground
Cuisine
Office
UndergroundRailroad
AbolitionistMovement
County
PoliticalIssue
Legislature
Biography
Outcome
Mother
RealEstate
Dessert
SelfLove
ConstructionMaterials
Captain
Relationship
TimePeriod
Text
Inmate
PoliticalPosition
Contractor
Slavery
Landspot
Occupation
Offence
Website
MissionaryOrganization
Couple
Ancestor
PastoralCounseling
Image
Subject
Scene
Manuscript
Agent
ArrestReport
Grave
FuneralService
Situation
Issuer
Meeting
LawEnforcementAgency
Order
Entity
DesireSatisfaction
University
SlaveTrade
Memoir
Punishment
Research
Judgment
Carriage
Pension
Review
Intelligence
N99268126faf248afb7c7defbbb7a9a3eb7
String
Practice
N152f29b4aa5841d69cbcac4e611774a4b1
Pet
Double
Cotton
Funeral
Manufacturer
Justice
Violence
WebDeveloper
Nc0327303d0b9427fbc0bde474f20a665b2
Effect
Charge
Gender
N484938bb2d7e4360b7a7b7db78f3c280b1
SecurityLevel
Guide
AudioBook
Institution
Feature
Narrator
Object
RescueTeam
Vessel
BillOfSale
Establishment
Governor
Guard
Furniture
RelationshipType
Crime
PurchaseOrder
Comment
Artwork
Employment
Pair
PlaceOfDeath
Place
Slave
Speech
Party
Article
Ned963e32258d4cdc9f9dee88e0432c79b1
WaterSource
Photo
MissionaryActivity
Buyer
Beneficiary
Introduction
Entry
Poem
Priest
Clothe
FinancialBond
Activist
Genre
Judge
SocialIssue
NumberSet
Birth
SlaveOwner
Plantation
Literacy
BuildingType
Impact
Woman
Controversy
Desire
Historicaltopic
LastName
Adulthood
Novel
Responsibility
Project
Whole
Datetime
Destination
Congregation
Authority
Sacrament
Student
Photographer
Jurisdiction
Duration
Category
OnlineMerchant
Color
Priesthood
Degree
Origin
ServiceProvider
Purpose
DomainArea
Holder
Field
Emergency
DateTime
Disease
Bloodvessel
Skill
Group
Difficulty
Acquisition
Attorney
Hour
Absorbency
Juror
State
Painting
EconomicIndependence
Cemetery
Locations
PopulationCensus
Patient
SystemOrPractice
Escape
Diocese
Drink
Ingredient
InfluencePower
Servant
Release
N152f29b4aa5841d69cbcac4e611774a4b5
FuneralDirector
Man
Respect
FinalMoment
Victim
Prison
Rebel
Job
Material
Honor
Coordinates
Artery
Pilgrimage
Scholar
Time
Coast
Director
KidnappingEvent
SurfaceType
Government
Statue
Owner
Fruit
MerchantStore
EducationSystem
Customer
Right
Book
Point
Currency
Widow
Suspect
Veteran
Issuestatus
Integer
Treatment
Vote
MealType
Study
Sale
Professor
Distribution
Exhibit
Enslavement
NutritionInfo
Blessing
City
Country
Knowledge
Organization
Lawenforcementagency
Instructor
Portfolio
Anyuri
Medium
Ticket
Response
Department
SkillOwner
Information
TradeType
ManufacturedPlace
Continent
Equipment
Courthouse
Theme
Issue
Mission
TimeInterval
N2fc4409f5d8741aabdef801fbf90ce36b3
Flower
Shift
Return
Dialect
Account
Monument
Recollection
Association
Nb1a34d8e9ab046da8d71d7b2bd1ff877b1
Recipe
Na3773eb7098347bbac15ca20ee75c694b6
Master
Quantity
RiskAssessment
Possession
News
PublicationDate
Film
Alphabet
Trade
InfluenceFactor
IndividualIndependence
TradingPlatform
Promise
Physicalhealth
CountySeat
Input
Tour
Item
XMLLiteral
Independence
Gift
Ship
Tourist
Laborer
Writing
ResidenceType
Public
Session
StudyTool
Jury
Brigade
Seamstress
ChangeType
MonumentType
MedicalCondition
Cave
CampType
FoodItem
LegalCase
Ontology
Manager
Content
Activity
Sister
Nbbdcaa839c5e49d4af2ba05033c56790b1
Reading
Instance
Piece
Anniversary
List
Sermon
Organisation
Wheel
Meal
Trader
Arrest
Transport
Prayer
Audience
Contract
Stalactite
Product
Black
President
Memorial
Commander
Invitation
Half
Supporter
Genius
Specialty
Citation
Decade
Exchange
RiskManagement
Food
ConstructionWorker
Editor
School
Medal
N93cce6105e0b4d24bb5be2671f1034a6b1
Church
Gospel
Reason
Faculty
SocialMovement
Award
Permission
LegalSystem
Journalist
Detail
ReturnItem
Thing
Resource
Official
Story
Rebellion
Biographer
PracticeArea
Position
GarmentType
InterestRate
Word
Cause
Conversation
Seller
Courtroom
Deceased
Crew
N99268126faf248afb7c7defbbb7a9a3eb8
Report
Animal
Residence
Price
Abolitionism
Tale
N3c0a9d62a1d64b6b9c7ea7f0401a59ecb1
FirstName
LegalArea
Circumstance
Broker
PlaceOfBirth
ValueNumeric
Employee
CulturalNorm
Offender
Population
Parcel
BodyPart
Hospital
Ncbc19e54e6ff4dcd87266bab720beecbb2
Constellation
Life
Petition
FoodGroup
Status
Race
MedicalField
Ncbc19e54e6ff4dcd87266bab720beecbb1
RebelGroup
Case
Villain
Performance
Bank
Transportation
Loss
Camp
Century
Portion
Unit
ActOfKindness
Style
Debt
Manner
Building
Believer
Occupant
Database
OfficialInstitution
ReturnPolicy
Counsel
Conclusion
Target
RiskLevel
Resolution
Human
N3f1fcd8fe7834504a1b4b47305dd5dc5b1
CauseOfDeath
Earning
Action
Literal
ReproductiveOrganism
Condition
Greeting
System
LegalSpecialization
Movement
Role
Colonist
Background
Physician
WebSite
Tool
Overseer
Merchant
HistoricalTopic
Ocean
Fugitive
Slaveholder
Script
Majority
Missionary
Resident
Enslaver
Carpenter
Objective
Topic
Ability
Worker
Behalf
Politician
ReligiousDenomination
HistoricalEvent
Literature
Vehicle
Girl
Mail
RoomType
Process
Neighbor
Researcher
Donation
BlessingType
LegalRight
CourtCase
Diary
ReadingSkill
Location
Producer
Help
Dog
Missions
Court
Class
Historian
Election
Period
Actor
War
PensionPlan
BirthDate
Factor
Society
BirthPlace
Friendship
Town
Opportunity
BloodVessel
Damage
Part
N47dbf12ea09b44e7837e9a0a478bc012b1
GenderRatio
Crowd
Value
TailorShop
AgeDistribution
Cabin
Power
Document
Doctor
Raid
N2fc4409f5d8741aabdef801fbf90ce36b1
Father
Attempt
Pensioner
Access
Death
Home
Source
Ownership
Risk
Descendant
Region
Pilgrim
ProjectTopic
Arrestor
SuperPower
ContractType
Religion
Officer
Property
Shop
PoliceDepartment
Grandfather
Regiment
Publisher
Candidate
Reader
Publication
SkillLevel
Birthdate
Shape
Play
N99268126faf248afb7c7defbbb7a9a3eb1
Speaker
Market
Idea
Figure
Transaction
Signatory
Homeland
Attack
Wagon
Perception
N484938bb2d7e4360b7a7b7db78f3c280b2
Message
Purchase
Baptism
Box
Effort
Task
InstitutionLocation
Axle
Money
Voter
Medicalprofessional
FieldOfStudy
Consequence
Literary_Genre
Langstring
Arrestee
House
Funding
ActivismType
FinancialInstrument
MealComponent
Abolition
Data
Classroom
Plant
Level
Plan
Troop
Service
Hero
Road
Descent
Belief
Activism
Fraction
Creator
Preacher
Nd3d404c3d0fe4e05bfe67f9531eb5770b1
Clergyman
Occasion
Asset
Page
Author
Lawyer
Na3773eb7098347bbac15ca20ee75c694b1
Preface
Tavern
DateOfBirth
Support
Estate
Overview
Symptom
Trial
MilitaryRank
Seq
Eye
Reputation
User
Baby
Output
Employer
Provider
Head
Branch
Change
Prisoner
EducationalInstitution
PersonOrEvent
AcademicStudy
Toe
Gyear
WritingSkill
Guest
