N2fc4409f5d8741aabdef801fbf90ce36b3
Flower
Subcomponent
DigitalLiteracy
Return
HistoricalPeriod
Recollection
Monument
Suffering
Obituary
Child
Plaintiff
LegalEducation
Participant
Master
Quantity
Organizer
Possession
Tree
LeasingStatus
Strength
Individual
Promise
LawFirm
Input
Star
Item
Laborer
Writing
ResidenceType
Consumer
Public
Brigade
Jury
Marriage
Request
StudyTool
Defendant
Seamstress
Nation
MonumentType
BodiesOfWater
Ontology
Spring
Room
Manager
Mean
Parent
Content
Spouse
Sister
Nbbdcaa839c5e49d4af2ba05033c56790b1
Course
Reading
Statement
Street
Piece
Paper
Plaque
List
Sermon
Meal
Native
PoliticalParty
Prayer
President
Audience
Component
Product
Event
Memorial
Soldier
Supporter
Attendee
Artist
Religiousactivity
Family
Manumission
Food
Church
Result
School
Flowering
Permission
SpringSeason
LegalSystem
Anysimpletype
Store
Religiousleader
River
Detail
ReturnItem
Reproduction
Thing
Resource
Official
Person
Language
Nonnegativeinteger
Retiree
Rebellion
Island
Story
Position
GarmentType
Principle
Cause
Herb
N99268126faf248afb7c7defbbb7a9a3eb8
Residence
SpreadGospel
Duties
Animal
Report
Price
Character
Weather
FirstName
LegalArea
Passenger
Teacher
Name
Weapon
CulturalNorm
Software
Cuisine
Population
Parcel
UndergroundRailroad
Ncbc19e54e6ff4dcd87266bab720beecbb2
PoliticalIssue
Constellation
Life
Petition
Outcome
Minor
Mother
Race
SelfLove
Status
Ncbc19e54e6ff4dcd87266bab720beecbb1
Relationship
RebelGroup
Case
Performance
Inmate
PoliticalPosition
Rank
Loss
Occupation
Landspot
Offence
Slavery
Portion
MissionaryOrganization
Unit
ActOfKindness
Style
Subject
Scene
Manner
Building
Agent
Situation
ReturnPolicy
Meeting
Order
Entity
Resolution
Human
University
Action
SlaveTrade
Memoir
ReproductiveOrganism
Punishment
Research
System
Version
LegalSpecialization
Song
Movement
Pension
Review
Role
N99268126faf248afb7c7defbbb7a9a3eb7
String
Practice
Overseer
Double
Merchant
Justice
Slaveholder
Script
Majority
Missionary
N484938bb2d7e4360b7a7b7db78f3c280b1
SecurityLevel
Resident
Topic
Feature
Institution
ReligiousDenomination
Politician
Hardware
Guard
Literature
RelationshipType
Furniture
Vehicle
Comment
Mail
Process
Pair
Place
Slave
Neighbor
Party
Speech
Researcher
Ned963e32258d4cdc9f9dee88e0432c79b1
Photo
Major
MissionaryActivity
LegalRight
ReadingSkill
Location
Beneficiary
Buyer
Producer
Dog
Poem
Priest
Missions
Court
Class
Election
Genre
Judge
Period
Actor
PensionPlan
NumberSet
War
SlaveOwner
Plantation
Literacy
BirthPlace
Society
Woman
Opportunity
LastName
Part
N47dbf12ea09b44e7837e9a0a478bc012b1
GenderRatio
Lyrics
Novel
Value
Responsibility
TailorShop
Whole
Project
AgeDistribution
Datetime
Destination
Authority
Student
N2fc4409f5d8741aabdef801fbf90ce36b1
Photographer
GPA
Duration
Category
Pensioner
OnlineMerchant
Priesthood
Access
Origin
ServiceProvider
Purpose
Struggle
DomainArea
Source
Field
Ownership
Region
Pilgrim
Skill
ProjectTopic
Acquisition
Group
Religion
Officer
Juror
Property
PoliceDepartment
Shop
State
Painting
Regiment
N99268126faf248afb7c7defbbb7a9a3eb1
Publisher
Locations
Reader
Publication
SkillLevel
Play
Speaker
Diocese
Drink
Ingredient
Release
Servant
Man
Respect
N484938bb2d7e4360b7a7b7db78f3c280b2
Prison
Rebel
Purchase
Material
Coordinates
Task
InstitutionLocation
Pilgrimage
Scholar
Time
Director
FieldOfStudy
KidnappingEvent
SurfaceType
Government
Langstring
Owner
Statue
House
MerchantStore
Funding
Fruit
MealComponent
EducationSystem
Classroom
Customer
Abolition
Plant
Level
Plan
Point
Book
Right
Success
Road
Service
Issuestatus
Integer
Preacher
Creator
MealType
Intensity
Occasion
Study
Author
Sale
Lawyer
Professor
Distribution
Preface
Support
City
Country
Knowledge
Organization
Seq
Portfolio
Reputation
User
Provider
Medium
Output
Ticket
Response
Employer
Department
SkillOwner
ManufacturedPlace
Continent
Prisoner
PersonOrEvent
AcademicStudy
Theme
Issue
Mission
WritingSkill
