Medicalprofessional
Seamstress
Researcher
Memorial
PoliticalPosition
Field
Manner
Part
N3f1fcd8fe7834504a1b4b47305dd5dc5b1
Death
DomainArea
Marriage
Dialect
Quantity
InstitutionLocation
Provider
Level
MealComponent
SecurityLevel
Plantation
Piece
Output
FinalMoment
Plaque
Statement
Bride
Enslavement
RoomType
Principle
Language
Gift
Cotton
N99268126faf248afb7c7defbbb7a9a3eb1
Consumer
Truth
Donation
Prisoner
School
NumberSet
Girl
LegalCase
LegalSystem
Portfolio
Life
Reader
Politician
Job
Native
PlaceOfDeath
Publisher
Hardware
Religiousactivity
Public
SurfaceType
Nc0327303d0b9427fbc0bde474f20a665b1
Item
Commander
Transaction
Currency
Shift
City
Year
Cuisine
Editor
Physician
Producer
N152f29b4aa5841d69cbcac4e611774a4b5
Practice
Star
Signatory
Information
RiskLevel
InfluenceFactor
Image
Component
Laborer
Audience
FoodGroup
GenderRatio
Shop
LegalArea
Strength
Mother
User
Product
Historicaltopic
Ground
Faculty
Pension
Report
Material
RelationshipType
Owner
Alphabet
Spring
Landspot
Human
Point
Judge
Permission
Market
State
Desire
Portion
BlogPost
Issuestatus
Professor
RiskManagement
Suffering
Scholar
TourGuide
Place
Origin
Pensioner
Trader
Article
Candidate
Dessert
Page
Religiousleader
End
Coordinates
FirstName
LegalEducation
InfluencePower
Teacher
PensionPlan
LegalSpecialization
TimePeriod
Input
ExchangeRate
Destination
Home
LeasingStatus
Obituary
Feeling
Passenger
Entity
SlaveOwner
Content
Trade
Judgment
Flowering
Guard
Company
Locations
Greeting
SkillLevel
Decade
StudyTool
ReturnPolicy
Monument
ServiceProvider
Official
Play
Circumstance
Result
Anysimpletype
House
Customer
Manuscript
Location
Funding
Thought
ResidenceType
TailorShop
Patient
Fraction
Diary
Escape
Case
Master
Tavern
Movement
Time
HistoricalTopic
Constellation
University
Court
Source
Drink
TimeInterval
Earning
Child
Jury
Timezone
Preacher
Dog
Wedding
Region
N152f29b4aa5841d69cbcac4e611774a4b1
Controversy
Thing
DateTime
Project
Rebel
Event
Overseer
Rank
Feature
Transport
N3c0a9d62a1d64b6b9c7ea7f0401a59ecb1
PoliticalParty
Inmate
Literary_Genre
Half
Room
Knowledge
CauseOfDeath
Weather
Wheel
Tree
Herb
Damage
MilitaryRank
Occasion
Infant
String
Wagon
Course
Resolution
Duration
Artist
Song
MissionaryOrganization
Invitation
Memoir
Na3773eb7098347bbac15ca20ee75c694b6
Novel
Medium
Story
Software
PublicTransport
President
N2fc4409f5d8741aabdef801fbf90ce36b3
FinancialInstrument
Meeting
River
Website
LegalRight
Script
Ticket
Organizer
Furniture
Equipment
Tale
Juror
Timeperiod
HistoricalEvent
Literal
Subject
Author
Slavery
Weapon
GPA
Conclusion
Slave
Activity
Vessel
MissionaryActivity
HistoricalPeriod
ProjectTopic
Pilgrim
Detail
Troop
Student
Seq
Axle
Painting
N2fc4409f5d8741aabdef801fbf90ce36b1
Witness
Influence
ContractType
RiskFactor
Action
Guide
Animal
Attendee
N99268126faf248afb7c7defbbb7a9a3eb8
Genius
Order
Meal
Style
Parent
Veteran
Vehicle
Position
Physicalhealth
Head
Comment
Recipe
Degree
Hero
Database
Success
Village
Plant
Widow
Lawyer
N7048638ddbe744ef92b7ef71d2bc54beb1
Nbbdcaa839c5e49d4af2ba05033c56790b1
Government
Possession
SkillOwner
Probability
Estate
Population
Country
Document
Risk
N47dbf12ea09b44e7837e9a0a478bc012b1
Gospel
Villain
Merchant
PrivateVehicle
Interest
Review
Unit
Theme
Travel
Name
Entry
Pilgrimage
AgeDistribution
Major
Overview
Homeland
Recollection
Vote
Condition
Tour
Nca296b5ff4e94689b8b58a69b033fb4bb1
Regiment
Genre
Struggle
Nb1a34d8e9ab046da8d71d7b2bd1ff877b1
Version
Disease
ReturnItem
Purpose
Photographer
Department
WritingSkill
N99268126faf248afb7c7defbbb7a9a3eb7
Minor
N484938bb2d7e4360b7a7b7db78f3c280b2
Foot
Institution
RealEstate
Officer
Century
Honor
Introduction
SpreadGospel
ReligiousDenomination
Medal
Relationship
Punishment
Access
DigitalLiteracy
Soldier
Skill
Flower
Specialty
MerchantStore
Ncbc19e54e6ff4dcd87266bab720beecbb1
Anyuri
Plaintiff
Asset
Invoice
Historian
Pair
PurchaseOrder
Status
Verse
Discrimination
Town
Character
Grandfather
Organization
Doctor
Person
Manumission
Loss
SelfLove
Priesthood
ActOfKindness
Store
Reputation
Mean
Supporter
Intensity
Race
PoliticalIndependence
Statue
AcademicStudy
Setting
Continent
PoliceDepartment
Manager
Research
Writing
WaterSource
Director
Word
Publication
Nonnegativeinteger
Spouse
Performance
Right
Topic
Paper
Trial
Actor
Wife
Creator
Cause
N484938bb2d7e4360b7a7b7db78f3c280b1
Priest
Occupation
PersonOrEvent
Category
Gender
Church
LawFirm
Sale
Viewpoint
Difficulty
Descent
Period
Worker
Nc0327303d0b9427fbc0bde474f20a665b2
Request
MedicalCondition
Book
Religion
Effect
Toe
Household
UndergroundRailroad
Transportation
Resident
Individual
Langstring
MedicalField
Beneficiary
Speaker
SpringSeason
Subcomponent
Warrant
Integer
Servant
SlaveTrade
Respect
Opportunity
Idea
Property
Nd3d404c3d0fe4e05bfe67f9531eb5770b1
Datetime
BillOfSale
Offence
Enemy
Support
Establishment
TimeOfDeath
Money
Instance
Road
Election
Testimony
TradingPlatform
Symptom
Responsibility
Employee
Prison
Society
Exhibit
Guest
Party
Instruction
Nation
Tourist
Situation
Factor
Response
Poem
Rebellion
Agent
Treatment
Help
View
Hour
Speech
Object
OfficialInstitution
Role
Groom
Contract
Parcel
Mail
Water
Text
VolumeMeasurement
Na3773eb7098347bbac15ca20ee75c694b1
WebDeveloper
MealType
Reproduction
Friendship
Promise
Prayer
Film
Distribution
Duty
ReproductiveOrganism
WebSite
Violence
EconomicIndependence
Slaveholder
News
Ncbc19e54e6ff4dcd87266bab720beecbb2
Seller
Issue
Ownership
Task
Journalist
Man
Sermon
Reading
Ned963e32258d4cdc9f9dee88e0432c79b1
Fugitive
ValueNumeric
BirthPlace
Neighbor
Whole
Acquisition
Price
Literacy
MonumentType
Debt
Family
Purchase
Class
SuperPower
DesireSatisfaction
Plan
GarmentType
Missionary
Authority
Ingredient
TradeType
Gyear
Use
Double
XMLLiteral
Street
Abolition
Number
Return
Duties
Release
Value
Retiree
Voter
Preface
Effort
ReadingSkill
Intelligence
Food
Scene
RiskAssessment
Classroom
Exchange
Hospital
Study
Service
Process
Impact
System
Residence
IndividualIndependence
Power
Defendant
CulturalNorm
KidnappingEvent
Group
Photo
Missions
Brigade
Governor
War
ManufacturedPlace
Fruit
Mission
FieldOfStudy
Favor
Petition
Data
UnitSystem
Woman
OnlineMerchant
LastName
Lyrics
Specialization
Buyer
EducationSystem
Employer
Independence
Building
Bank
Diocese
Resource
Island
RebelGroup
Literature
FoodItem
Participant
NutritionInfo
List
Ontology
Broker
Outcome
BodiesOfWater
Sister
Justice
Majority
PoliticalIssue
Expedition
Office
