Pastor
DigitalLiteracy
Subcomponent
End
HistoricalPeriod
Suffering
Household
Obituary
Child
PostalAddress
Company
Ceremony
Discrimination
Plaintiff
LegalEducation
Participant
Year
Organizer
Expedition
Colony
Tree
ExchangeRate
LeasingStatus
Strength
Warrant
Individual
LawFirm
Star
Consumer
Marriage
PoliticalIndependence
Request
Defendant
Assault
Nation
N93cce6105e0b4d24bb5be2671f1034a6b4
BodiesOfWater
Bats
Wife
BlogPost
Restaurant
PrivateVehicle
Spring
Room
Timeperiod
Interest
Mean
Parent
Spouse
Bag
Date
Course
Militia
Street
Movie
Paper
Plaque
Probability
Verse
Native
PoliticalParty
Instruction
Chef
Event
Infant
Soldier
Setting
Foot
Member
Attendee
Sport
Nc0327303d0b9427fbc0bde474f20a665b1
Artist
Religiousactivity
Family
Construction
Manumission
Bill
Result
Flowering
Number
Chance
Nca296b5ff4e94689b8b58a69b033fb4bb1
Specialization
Feeling
Water
Acter
RescueOperation
Travel
Anysimpletype
TimeOfDeath
Religiousleader
Blood
RiskFactor
River
Reproduction
Person
Language
Nonnegativeinteger
Retiree
Island
PersonArrival
PoliceOfficer
Boy
Principle
Herb
SpreadGospel
Duties
Duty
Character
Weather
PublicTransport
Passenger
TourGuide
Teacher
Name
Weapon
Enemy
Influence
Arrival
Software
Favor
Ground
Cuisine
Office
UndergroundRailroad
Invoice
AbolitionistMovement
County
PoliticalIssue
Legislature
Biography
Outcome
Mother
RealEstate
Dessert
SelfLove
ConstructionMaterials
Captain
Relationship
TimePeriod
Text
Inmate
PoliticalPosition
Contractor
Occupation
Landspot
Offence
Slavery
Website
MissionaryOrganization
Couple
Ancestor
PastoralCounseling
Image
Subject
Scene
Manuscript
Agent
ArrestReport
Grave
FuneralService
Issuer
Situation
Meeting
LawEnforcementAgency
Order
Entity
DesireSatisfaction
Use
University
SlaveTrade
Memoir
Punishment
Research
Judgment
Song
Carriage
Pension
Review
Intelligence
N99268126faf248afb7c7defbbb7a9a3eb7
String
Practice
N152f29b4aa5841d69cbcac4e611774a4b1
Pet
Cotton
Double
Funeral
Manufacturer
Justice
Nc0327303d0b9427fbc0bde474f20a665b2
Effect
Charge
Gender
N484938bb2d7e4360b7a7b7db78f3c280b1
SecurityLevel
Guide
Feature
Institution
Object
RescueTeam
BillOfSale
Establishment
Governor
Hardware
Guard
Furniture
RelationshipType
Crime
PurchaseOrder
Comment
Employment
Pair
PlaceOfDeath
Place
Slave
Party
Article
Speech
Ned963e32258d4cdc9f9dee88e0432c79b1
WaterSource
Photo
Major
MissionaryActivity
Buyer
Beneficiary
Introduction
Entry
Poem
Priest
Clothe
FinancialBond
Activist
Genre
Judge
SocialIssue
NumberSet
Birth
SlaveOwner
Plantation
Literacy
BuildingType
Impact
Woman
Controversy
Desire
Historicaltopic
LastName
Adulthood
Novel
Responsibility
Project
Whole
Datetime
Destination
Congregation
Authority
Sacrament
Student
Photographer
GPA
Duration
Category
OnlineMerchant
Color
Priesthood
Degree
Origin
ServiceProvider
Purpose
DomainArea
Holder
Emergency
Field
Disease
Bloodvessel
Skill
Group
Difficulty
Acquisition
Attorney
Hour
Juror
State
Painting
View
EconomicIndependence
Cemetery
Locations
PopulationCensus
Patient
SystemOrPractice
Escape
Diocese
Drink
Ingredient
InfluencePower
Release
Servant
N152f29b4aa5841d69cbcac4e611774a4b5
FuneralDirector
Man
Respect
FinalMoment
Victim
Prison
Rebel
Job
Material
Honor
Coordinates
Artery
Pilgrimage
Scholar
Time
Coast
Director
KidnappingEvent
SurfaceType
Government
Owner
Statue
Fruit
MerchantStore
EducationSystem
Customer
Right
Book
Point
Currency
Widow
Suspect
Issuestatus
Integer
Treatment
Vote
MealType
Intensity
Study
Sale
Professor
Distribution
Exhibit
Enslavement
NutritionInfo
Blessing
City
Country
Knowledge
Organization
Lawenforcementagency
Portfolio
Anyuri
Medium
Ticket
Response
Department
SkillOwner
Information
ManufacturedPlace
N7048638ddbe744ef92b7ef71d2bc54beb1
TradeType
Continent
Equipment
Theme
Issue
Mission
TimeInterval
N2fc4409f5d8741aabdef801fbf90ce36b3
Flower
Testimony
Shift
Return
Dialect
Account
Monument
Recollection
Recipe
Na3773eb7098347bbac15ca20ee75c694b6
Timezone
Master
Quantity
RiskAssessment
Possession
News
PublicationDate
Alphabet
Trade
InfluenceFactor
IndividualIndependence
Promise
TradingPlatform
Physicalhealth
CountySeat
Input
Item
Tour
XMLLiteral
Independence
Gift
Ship
Tourist
Laborer
Writing
ResidenceType
Public
Session
Brigade
Jury
StudyTool
Seamstress
ChangeType
MonumentType
MedicalCondition
Cave
Thought
CampType
FoodItem
LegalCase
Ontology
Manager
Content
Activity
Sister
Nbbdcaa839c5e49d4af2ba05033c56790b1
Statement
Reading
Guest
Instance
Piece
Anniversary
List
Sermon
Organisation
Meal
Trader
Arrest
Prayer
Transport
Audience
Contract
Stalactite
Product
President
Component
Memorial
Commander
Invitation
Half
Truth
Supporter
Genius
Specialty
Citation
Decade
Exchange
RiskManagement
Food
ConstructionWorker
Editor
Church
N93cce6105e0b4d24bb5be2671f1034a6b1
School
Gospel
Reason
SocialMovement
Award
Permission
LegalSystem
Journalist
SpringSeason
Store
Detail
ReturnItem
Thing
Resource
Official
Story
Rebellion
Biographer
PracticeArea
Position
GarmentType
InterestRate
Word
Cause
Deceased
N99268126faf248afb7c7defbbb7a9a3eb8
Residence
Seller
Crew
Report
Animal
Price
Abolitionism
Tale
N3c0a9d62a1d64b6b9c7ea7f0401a59ecb1
FirstName
LegalArea
Circumstance
Broker
PlaceOfBirth
Employee
CulturalNorm
Offender
Population
Parcel
BodyPart
Hospital
Ncbc19e54e6ff4dcd87266bab720beecbb2
Constellation
Life
Petition
Minor
FoodGroup
Race
Status
MedicalField
Ncbc19e54e6ff4dcd87266bab720beecbb1
RebelGroup
Case
Villain
Performance
Bank
Rank
Loss
Transportation
Camp
Century
Portion
Unit
ActOfKindness
Style
Debt
Manner
Building
Occupant
Database
OfficialInstitution
ReturnPolicy
Counsel
Conclusion
Target
RiskLevel
Resolution
Human
CauseOfDeath
Earning
Action
Literal
ReproductiveOrganism
Condition
Greeting
System
LegalSpecialization
Movement
Role
Colonist
Physician
Tool
Overseer
Merchant
HistoricalTopic
Ocean
Fugitive
Slaveholder
Script
Majority
Missionary
Resident
Carpenter
Objective
Topic
Ability
Worker
Behalf
Politician
ReligiousDenomination
HistoricalEvent
Literature
Vehicle
Girl
Mail
RoomType
Process
Neighbor
Researcher
Donation
BlessingType
LegalRight
Diary
ReadingSkill
Location
Producer
Help
Dog
Missions
Court
Class
Historian
Election
Period
Actor
War
PensionPlan
BirthDate
Factor
Friendship
BirthPlace
Society
Town
Opportunity
BloodVessel
Damage
Part
N47dbf12ea09b44e7837e9a0a478bc012b1
GenderRatio
Crowd
Lyrics
Value
TailorShop
AgeDistribution
Cabin
Power
Document
Doctor
Raid
N2fc4409f5d8741aabdef801fbf90ce36b1
Father
Attempt
Pensioner
Access
Struggle
Death
Home
Source
Ownership
Risk
Descendant
Region
Pilgrim
Arrestor
ProjectTopic
SuperPower
Viewpoint
ContractType
Religion
Officer
Property
Shop
PoliceDepartment
Grandfather
Regiment
N99268126faf248afb7c7defbbb7a9a3eb1
Publisher
Candidate
Publication
Birthdate
SkillLevel
Shape
Play
Reader
Speaker
Market
Idea
Figure
Transaction
Signatory
Homeland
Attack
N484938bb2d7e4360b7a7b7db78f3c280b2
Purchase
Baptism
Effort
Task
InstitutionLocation
Money
Voter
Medicalprofessional
FieldOfStudy
Consequence
Literary_Genre
Langstring
Arrestee
House
Funding
ActivismType
FinancialInstrument
MealComponent
Abolition
Data
Classroom
Plant
Level
Plan
Success
Troop
Service
Hero
Road
Descent
Fraction
Creator
Preacher
Nd3d404c3d0fe4e05bfe67f9531eb5770b1
Clergyman
Occasion
Asset
Page
Author
Lawyer
Na3773eb7098347bbac15ca20ee75c694b1
Preface
DateOfBirth
Estate
Support
Tavern
Overview
Symptom
Trial
Seq
Reputation
User
Baby
Output
Employer
Provider
Head
Branch
Change
Prisoner
PersonOrEvent
AcademicStudy
Toe
Gyear
WritingSkill
Film
