belongsToFamily
causes
during
hasBook
hasCapital
hasCause
hasCost
hasCustomer
hasDensity
hasDepartment
hasDuration
hasEffect
hasEndTime
hasFaculty
hasFirstName
hasISBN
hasInterest
hasLastName
hasLocation
hasMember
hasName
hasPart
hasParticipant
hasPopulation
hasProvider
hasPublicationDate
hasSeverity
hasStartTime
hasStatus
hasStudent
hasTime
hasTitle
hasValue
hasWeatherCondition
hourValue
isAbout
isMadeOf
isPartOf
locatedIn
manages
occursAt
participatesIn
presidesOver
produces
receivesService
writtenBy
