Author
Book
Case
CaseStatus
Cause
City
Condition
Continent
Country
Court
Customer
Day
Department
Dialect
Duration
Effect
Entity
Event
FacultyMember
Fire
FirstName
Heat
Hour
Instant
Institution
Interest
Interval
Island
Journal
Judge
Language
LastName
LegalCase
Library
Location
Material
MedicalCondition
Member
Morning
Mountain
Name
Night
Organization
Person
Place
ProgrammingLanguage
Provider
Publication
Region
Researcher
River
Road
School
Service
Smoke
State
Student
Time
Topic
Town
University
Village
WeatherCondition
