Ability
Abolition
Abolitionism
Abolitionist
AbolitionistMovement
Absorbency
AcademicStudy
Access
Account
Acquisition
Acre
ActOfKindness
Acter
Action
Activism
ActivismType
Activist
Activity
Actor
Address
Adulthood
AgeDistribution
Agent
Aid
Alphabet
Ancestor
Animal
Anniversary
AntislaveryMovement
Antislaverypublication
Anysimpletype
Anyuri
Appearance
Area
AreaUnit
Argument
Arm
Arrest
ArrestReport
Arrestee
Arrestor
Arrival
Artery
Article
Artist
Artwork
Assault
Asset
Assistance
Association
AstronomicalNight
Attack
Attempt
Attendee
Attention
Attorney
Auction
Audience
AudioBook
Author
Authority
AuthorityArea
Award
Axle
Baby
Background
Bag
Bank
Baptism
Baseball
Basis
Bats
Battle
Behalf
Belief
Believer
Beneficiary
Bidder
Bill
BillOfSale
Biographer
Biography
Birth
BirthDate
BirthPlace
Birthdate
Bishop
Black
Blacksmith
Blessing
BlessingType
BlogPost
Blood
BloodVessel
BodiesOfWater
BodyPart
Bondage
Book
Box
Boy
Branch
Bride
Brigade
Broker
Building
BuildingType
Buyer
Cabin
Camp
CampType
Candidate
Captain
Captive
Care
CareActivity
CareLocation
CareProvider
CareRecipient
Carpenter
Carriage
Case
Castle
Catcher
Category
Cause
CauseOfDeath
Causes
Cave
Cemetery
Century
Ceremony
Chance
Change
ChangeType
Character
Charge
Chef
Child
Church
Circumstance
Citation
City
CivilNight
Class
Classroom
Clothe
ClothingItem
ClothingType
Coast
Collection
Collector
Colonist
Colony
Color
Combatant
Commander
Comment
Community
Company
Component
Conclusion
Condition
Congregation
Consequence
Constellation
Construction
ConstructionMaterials
ConstructionWorker
Consumer
Content
Context
Continent
Contract
ContractType
Contractor
Contribution
Controversy
Convention
Conversation
Conversion
Coordinates
Cotton
Counsel
Country
County
CountySeat
Couple
Course
Court
CourtCase
Courthouse
Courtroom
CreationDate
Creator
Crew
Crime
Crowd
Cuisine
CulturalNorm
Currency
Customer
Damage
Data
Database
DateOfBirth
DateTime
Datetime
Day
Death
Debt
Decade
Deceased
Decision
DecisionMaker
Defendant
Degree
Department
Descendant
Desire
DesireSatisfaction
Dessert
Destination
Detail
Dialect
Diary
Difficulty
DigitalLiteracy
Dimension
Dinner
Diocese
Director
Discrimination
Disease
Dish
Distribution
Doctor
Document
Dog
DomainArea
Donation
Donor
Double
Drag
DragCostume
DragMakeup
DragShow
Dress
Drink
Duration
Duties
Duty
Earning
EconomicIndependence
Editor
EducationSystem
EducationalInstitution
Effect
Effort
Election
Emancipation
Emergency
Employee
Employer
Employment
End
Enemy
Energy
Enslavement
Enslaver
Entity
Entry
Environment
Equipment
Eradication
Escape
Estate
Event
Exchange
ExchangeRate
Exhibit
Expedition
Eye
Fabric
Face
FacialFeature
Fact
Factor
Faculty
Family
Fate
Father
Favor
Fear
Feature
Feeling
Field
FieldOfStudy
Figure
Film
FinalMoment
FinancialBond
FinancialInstrument
Fire
FireAlarm
FireDepartment
FireSeverity
FireSource
Firefighter
FirstName
Flower
Flowering
Focus
Food
FoodGroup
FoodItem
Foot
Force
Fraction
Freedom
FreedomConcept
Frequency
Friendship
Fruit
Fugitive
FullMoonNight
Fund
Funding
Funeral
FuneralDirector
FuneralService
Furniture
GPA
GarmentType
Gender
GenderRatio
Genius
Genre
Gift
Girl
Gospel
Government
Governor
Grandchild
Grandfather
Grandparent
Grave
Greeting
Groom
Ground
Group
Guard
Guest
Guide
Gyear
Half
Hardware
Head
HealthcareProfessional
Heat
Help
Heming
Herb
Hero
Historian
HistoricalEvent
HistoricalPeriod
HistoricalTopic
Holder
Home
Homeland
Honor
Horse
Hospital
Hour
House
Household
Human
Idea
Image
Impact
Independence
Individual
IndividualIndependence
Infant
Influence
InfluenceFactor
InfluencePower
Information
Ingredient
Injury
InjuryLocation
InjuryType
Ink
Inmate
Input
Instance
Institution
InstitutionLocation
Instruction
Instructor
Integer
Intelligence
Intensity
Interest
InterestRate
Introduction
Investment
Invitation
Invoice
Island
Issue
Issuer
Issuestatus
Item
ItemType
Job
Journalist
Judge
Judgment
Jurisdiction
Juror
Jury
Justice
KidnappingEvent
King
Kingdom
Knowledge
Laborer
Landspot
Langstring
Language
LastName
LawEnforcementAgency
LawFirm
Lawyer
LeasingStatus
LegalArea
LegalCase
LegalEducation
LegalRight
LegalSpecialization
LegalSystem
Legislature
Level
Liberty
Life
Light
LightPollution
Line
List
Literacy
Literary_Genre
Location
Locations
Loss
Lyrics
Mail
Major
Majority
Man
Manager
Manner
ManufacturedPlace
Manufacturer
Manumission
Manuscript
Marker
Market
Marriage
Master
Material
Meal
MealComponent
MealType
Mean
Medal
MedicalCondition
MedicalField
Medium
Meeting
Member
Memoir
Memorial
Memory
MemoryType
Merchant
MerchantStore
Message
Metallurgy
MilitaryRank
Militia
Minor
Mission
Missionary
MissionaryActivity
MissionaryOrganization
Missions
Money
Monument
MonumentType
Mother
Movement
Movie
N152f29b4aa5841d69cbcac4e611774a4b1
N152f29b4aa5841d69cbcac4e611774a4b5
N16101d8486ed4e8aab7370f30699e93cb1
N3e77a9a39e704894af3d5867ca88d92bb1
N3f1fcd8fe7834504a1b4b47305dd5dc5b1
N7048638ddbe744ef92b7ef71d2bc54beb1
N93cce6105e0b4d24bb5be2671f1034a6b1
N93cce6105e0b4d24bb5be2671f1034a6b4
N99268126faf248afb7c7defbbb7a9a3eb1
Na3773eb7098347bbac15ca20ee75c694b1
Na3773eb7098347bbac15ca20ee75c694b6
Narrator
Nation
Native
Nb1a34d8e9ab046da8d71d7b2bd1ff877b1
Nd3d404c3d0fe4e05bfe67f9531eb5770b1
Ned963e32258d4cdc9f9dee88e0432c79b1
Neighbor
News
Newspaper
Nfd2d608153154bdfae3c4153c1c73b17b1
NonNegativeInteger
Nonnegativeinteger
Novel
Number
NumberSet
NutritionInfo
Obituary
Object
Objective
Occasion
Occupant
Occupation
Ocean
Offence
Offender
Office
Officer
Official
OfficialInstitution
OnlineMerchant
Ontology
Opportunity
Option
Order
Organisation
Organization
Organizer
Origin
Outcome
Output
Overseer
Overview
Owner
Ownership
Page
Pain
Painter
Painting
PaintingStyle
Pair
Paper
Parcel
Parent
Part
Participant
Party
Passenger
Pastor
PastoralCounseling
Patient
Pension
PensionPlan
Pensioner
Perception
Performance
Period
Permission
Person
PersonArrival
PersonOrEvent
Pet
Petition
Photo
Photographer
Physician
Piece
Pilgrim
Pilgrimage
Place
PlaceOfBirth
PlaceOfDeath
Plaintiff
Plan
Plant
Plantation
Planter
Plaque
Play
Poem
Point
PoliceDepartment
PoliceOfficer
PoliticalIndependence
PoliticalIssue
PoliticalParty
PoliticalPosition
Politician
Population
PopulationCensus
Portfolio
Portion
Position
Possession
PostalAddress
Power
PowerEntity
PowerLine
PowerPlant
Practice
PracticeArea
Practitioner
Prayer
Preacher
Preface
Premise
President
Price
Priest
Prince
Princess
Principle
PrintJob
Printer
Prison
Prisoner
PrivateVehicle
Probability
Process
Producer
Product
Professor
Project
ProjectTopic
Promise
Property
Protection
Provider
Public
PublicTransport
Publication
PublicationDate
Publisher
Punishment
Purchase
PurchaseOrder
Purpose
Quantity
Queen
Queen_Consort
Race
Raid
RailLine
Railroad
RailroadTrack
Rank
Reader
Reading
ReadingSkill
RealEstate
Reason
Rebel
RebelGroup
Rebellion
Receiver
Recipe
Recipient
Recollection
Record
Regiment
Region
Relationship
RelationshipType
Release
Religion
ReligiousDenomination
Report
Representation
Reproduction
ReproductiveOrganism
Reputation
Request
RescueOperation
RescueTeam
Research
Researcher
Residence
ResidenceType
Resident
Resolution
Resource
Respect
Response
Responsibility
Rest
Restaurant
RestingIndividual
Result
Retiree
Return
ReturnItem
ReturnPolicy
Review
Reward
RewardType
Right
Risk
RiskAssessment
RiskFactor
RiskLevel
RiskManagement
River
Road
Role
Room
RoomType
RoyalFamily
Sale
Scene
Scholar
School
Script
Sea
Seamstress
SecurityLevel
SecuritySystem
SelfLove
Seller
Seq
Sermon
Servant
Service
ServiceProvider
Session
Setting
Sewingmachine
Shape
Shift
Ship
Shop
Signatory
Sister
Situation
Size
Skill
SkillLevel
SkillOwner
Slave
SlaveOwner
SlaveTrade
Slaveholder
Slavery
Smallpox
Smoke
SocialIssue
SocialMovement
Society
Software
Soldier
Song
Source
SourceOfFear
Speaker
Specialization
Specialty
Speech
Sport
Spouse
SpreadGospel
Spring
SpringSeason
Stalactite
Star
StarryNight
State
StateOfCaptivity
Statement
Station
Statue
Status
Store
Story
Street
Strength
String
Struggle
Student
Study
StudyTool
Style
Subcomponent
Subject
Success
Suffering
Suit
SuperPower
Supplier
SupplyItem
Support
Supporter
SurfaceType
Suspect
Symbol
Symptom
System
SystemOrPractice
TailorShop
Tale
Target
Task
Tavern
Teacher
Testimony
Text
Theme
Thing
Thought
Thousand
Ticket
Time
TimeInterval
TimeOfDeath
TimePart
TimePeriod
Timezone
Toe
Tool
Topic
Torso
Tour
TourGuide
Tourist
Town
Trade
TradeType
Trader
TradingPlatform
Train
Transaction
Transport
Transportation
Travel
Treatment
Tree
Trial
Troop
Truth
Type
TypeOfBondage
UndergroundRailroad
Unit
UnitSystem
University
Use
User
Vaccine
Value
ValueNumeric
VariolaVirus
Vehicle
Verse
Version
Vessel
Veteran
Victim
View
Viewpoint
Village
Villain
Violence
VolumeCapacity
VolumeMeasurement
Vote
Voter
Wage
Wagon
War
Warrant
Water
WaterSource
Weapon
Weather
WebDeveloper
WebSite
Website
Wedding
WeightCapacity
Wheel
Whole
Widow
Wife
Witness
Woman
Word
Worker
World
Writing
WritingSkill
XMLLiteral
Year
