1820s
1830s
AFFECTS
Assays
CAUSES
COEXISTS_WITH
CollabNext
Com
Competency
Cost
Counting
Disaster
Dollar
DreamKG
EVENT
Earthquakes
Endpoint
Enslaved
Events
Expertise
Experts
Find
Finds
Fires
Floods
Get
HBCUs
Hazards
Hours
Housing
Hurricane
IJP
Identify
Indicate
Information
Justice
List
Look
METHOD_OF
MSIs
MTBS
Manufacturing
Modifies
None
Number
Places
Predicate
Pro
Queries
Query
Querying
Relief
Retrieve
SPOKE
SUDOKN
Show
Struts
TV
Target
Unemployment
Use
Warehouse
X
actions
activity
actor
added
administrator
advisor
advisors
advocate
aerospace
affect
affected
affectedAreasInAcres
age
agency
aimed
aims
air
align
altered
analogs
ancestor
answer
apologize
appear
applying
apprenticed
area
areas
arrival
arrived
ash
aspects
assays
associated
attributes
auction
audience
baptism
baptized
become
blacks
blood
born
breakdown
brought
build
built
calculated
called
came
cancer
capabilities
capitol
captured
carry
cases
cause
caused
cells
census
century
chains
characteristics
chemicals
children
church
class
climate
coexist
collaborations
collaborators
colleagues
colony
come
comparing
compensated
compensation
composition
concepts
conditions
conference
connected
construction
contact
contribute
corresponds
counteract
counts
county
court
crime
crops
curate
damage
damageToCropsInDollars
damageToInfrastructureInDollars
data
dataset
datasets
date
death
defined
depend
descended
deserts
determine
diabetes
did
discover
dispatch
documented
dollarDamageOfFloodsImpactingPlace2021
dollarDamageOfHurricanesImpactingPlace2021
dos
downtown
drugs
earthquakes
editor
effect
efforts
emancipated
emancipation
emerging
employed
end
endpoint
engage
enslave
enslaved
entities
entity
estate
ethnicity
ethnonym
event
events
existence
existing
experience
experiences
expertise
experts
explore
export
expose
extent
extract
extracted
facilitate
factors
faculty
fall
family
fates
father
find
fire
fires
flood
focus
focused
following
food
format
found
framework
freed
gaps
gave
gender
gene
girl
given
gives
goal
godparents
government
grade
graduate
grandfather
grandmother
grandparents
graph
group
groups
growing
had
half
happen
happened
has
hasNumberOfHouseHolds
hasPopulation
have
hazard
hazards
healer
health
hearing
help
history
hoping
house
housing
hurricane
hurricanes
husband
identified
identify
identifying
impact
impacted
incident
include
included
individuals
industry
inferred
information
institution
institutions
interest
interests
interventions
inventory
investigator
involved
issues
journal
judges
know
knowledge
known
labels
laborers
landed
lands
landslide
languages
lead
lettuce
libraries
library
life
like
likelihood
listed
live
lived
lives
living
location
look
looking
lookup
lore
loss
lots
lung
machining
made
manumission
map
marriages
married
marrying
master
material
maximumMonthlyTemperatureInCelsius
members
men
methods
minimize
missions
mistress
mother
motherhood
mulatto
name
named
names
nation
network
networks
node
nodes
non
north
number
numberOfDeaths
numberOfFloodsImpactingPlace2021
numberOfTornadoesImpactingPlace2021
object
observed
occur
occurring
occurs
officer
olds
ontology
orbit
organizer
others
outcomes
owned
owner
owners
ownership
package
packages
pair
panel
paper
parents
partner
partners
partnerships
patriot
pattern
people
percentBelowPovertyLine
percentObese
percentage
period
periods
person
persons
place
places
plantation
plantations
plumes
point
pollution
port
poverty
pre
precision
preventing
prevention
prevents
problem
problems
produced
product
professions
program
properties
provide
providers
provides
published
purchased
quality
quantity
query
querying
question
race
radiation
ran
ratio
ratios
read
rebel
rebellion
recorded
records
regions
registered
registry
relate
related
relationship
relationships
relative
relatives
representation
represents
research
researchers
researching
resemble
resourced
resources
response
responses
retrieves
reviewers
rights
says
scale
see
selected
sent
series
serve
service
services
sets
ship
ships
shortages
show
shows
skills
slave
slavery
smoke
smokers
software
sold
son
source
sources
space
spaceflight
specialize
sponsoring
start
state
states
storm
story
strengthen
student
submissions
sugar
suicide
suppliers
supply
surges
surname
target
teacher
team
tell
terms
test
tested
textbook
time
tornado
tornadoes
trace
tract
traders
transported
trying
type
types
uncle
understand
unemployment
unit
units
value
values
version
victim
view
visualize
vulnerabilities
vulnerability
want
way
website
weekend
welders
wellbeing
wife
wildfires
women
wound
write
year
years
yrs