1820s
1830s
AFFECTS
Assays
CAUSES
COEXISTS_WITH
CollabNext
Com
Competency
Cost
Disaster
Dollar
DreamKG
EVENT
Earthquakes
Endpoint
Events
Expertise
Experts
Fires
Floods
HBCUs
Hazards
Hours
Housing
Hurricane
Information
Justice
List
METHOD_OF
MSIs
MTBS
Manufacturing
Modifies
None
Number
Places
Predicate
Pro
Queries
Query
Relief
Retrieve
SPOKE
SUDOKN
Struts
TV
Unemployment
Warehouse
X
actions
activity
actor
administrator
advisor
advisors
aerospace
affectedAreasInAcres
age
agency
air
analogs
ancestor
area
areas
arrival
ash
aspects
assays
attributes
auction
audience
baptism
blacks
blood
breakdown
cancer
capabilities
capitol
cases
cells
census
century
chains
characteristics
chemicals
children
church
class
climate
collaborations
collaborators
colleagues
colony
compensation
composition
concepts
conditions
conference
construction
contact
counts
county
court
crime
crops
damage
damageToCropsInDollars
damageToInfrastructureInDollars
data
dataset
datasets
date
death
deserts
diabetes
dispatch
dollarDamageOfFloodsImpactingPlace2021
downtown
drugs
earthquakes
editor
effect
efforts
emancipation
end
endpoint
entities
entity
estate
ethnicity
ethnonym
event
events
existence
experience
experiences
expertise
experts
extent
factors
faculty
fall
family
fates
father
fire
fires
flood
food
format
framework
gaps
gender
gene
girl
goal
godparents
government
grade
graduate
grandfather
grandmother
grandparents
graph
group
groups
half
hasPopulation
hazard
hazards
healer
health
hearing
history
house
housing
hurricane
hurricanes
husband
impact
incident
individuals
industry
information
institution
institutions
interest
interests
interventions
inventory
investigator
issues
journal
judges
knowledge
laborers
lands
landslide
languages
lettuce
libraries
library
life
likelihood
lives
location
lookup
lore
loss
lots
lung
machining
manumission
map
marriages
master
material
maximumMonthlyTemperatureInCelsius
members
men
methods
missions
mistress
mother
motherhood
mulatto
name
names
nation
network
networks
node
nodes
non
north
number
numberOfDeaths
numberOfFloodsImpactingPlace2021
numberOfTornadoesImpactingPlace2021
object
officer
olds
ontology
orbit
organizer
others
outcomes
owner
owners
ownership
package
packages
pair
panel
paper
parents
partner
partners
partnerships
patriot
pattern
people
percentBelowPovertyLine
percentObese
percentage
period
periods
person
persons
place
places
plantation
plantations
plumes
point
pollution
port
poverty
precision
prevention
problem
problems
product
professions
program
properties
providers
quality
quantity
query
question
race
radiation
ratio
ratios
rebellion
records
regions
registry
relationship
relationships
relative
relatives
representation
research
researchers
resources
response
responses
reviewers
rights
scale
series
service
services
sets
ship
ships
shortages
skills
slave
slavery
smoke
smokers
software
son
source
sources
space
spaceflight
start
state
states
storm
story
student
submissions
sugar
suicide
suppliers
supply
surges
surname
target
teacher
team
terms
test
textbook
time
tornado
tornadoes
tract
traders
type
types
uncle
unemployment
unit
units
value
values
version
victim
view
vulnerabilities
vulnerability
way
website
weekend
welders
wellbeing
wife
wildfires
women
wound
year
years
yrs