abbreviation
abolishedSlavery
abolitionActivity
accuses
acquires
activeSince
activismType
activityHasDifficulty
activityLocation
activityName
activityTime
activityType
actsIn
actsOnBehalfOf
address
advocateFor
affectedBy
affectedObject
affects
affiliation
age
aidType
amount
amplifies
applies
appliesPrinciple
appointedBy
appointmentDate
area
areaInSquareKm
areaSize
arrestRecord
arrestedBy
artist
asexualReproduction
assignedTo
assistanceProvider
assistanceReceiver
assistanceType
associatedWith
atDate
atLocation
attendees
attends
attendsCourt
auntOf
author
authoredBy
authors
awardsReceived
baptisedBy
baptisedPerson
baptismDate
baptismLocation
beginsAtTime
believerOf
belongToCentury
belongs
belongsChurch
belongsCountry
belongsGroup
belongsIn
belongsTo
belongsToDomain
belongsToFamily
belongsToGenre
bestFriend
bestowAuthority
birthCountry
birthDate
birthYear
birthdate
blessingType
body
bookTitle
born
bornIn
branchAddress
branchID
branchManager
brand
breed
broker
brother
burialDate
calculateArea
calories
campCapacity
campId
campLocation
campType
campaignsFor
canPerform
capacity
capital
captivityState
carpenter
carries
caseID
caseName
caseStatus
casualties
catcherPosition
cause
causeOfAbolition
causeOfDeath
causedBy
causes
causesSupported
celebratedBy
chargedWith
choice
city
classIn
closingDate
collectorName
color
combatant
commemorates
commentary
commenter
companyName
completed
componentType
comprisingOf
computationMethod
concerns
conductedBy
conductedIn
conductsService
connectsStation
connectsTo
consistsOf
consults
containedIn
contains
containsFact
containsFat
containsGraves
containsIngredient
containsItem
containsJuror
containsOxygen
containsPhoto
content
contradicts
contributedBy
contributor
conversionFactor
coordinate
cost
country
countryOfOrigin
courseDescription
courseId
courseName
courses
courtCase
cousinOf
createdBy
createdOn
creationDate
creativity
creditor
crime
cuisine
curator
currency
customerId
customerName
date
dateGranted
dateOccurred
dateOfBirth
dateOfBurial
dateOfDeath
dateOfDonation
dateOfImprisonment
dateOfManumission
dateOfMarriage
dateOfPurchase
dateOfRelease
dateOfSale
deadline
dealsDamage
dealsWith
deathDate
debtor
deceased
defeats
defendant
defends
delta
depth
description
desireIntensity
desireObject
destinations
diagnosedBy
diagnosedWith
died
digitalLiteracyLevel
diocese
directedBy
direction
dischargesInto
discussesBill
dish
displayHonor
distance
distributes
documentedBy
domain
donates
donationAmount
donor
donorName
drainageBasin
dueDate
dueTo
duration
durationOfEnslavement
durationOfPossession
durationOfRest
earner
earns
edits
effectOfAbolition
effortInvested
effortUnit
elicitsFear
email
employedBy
employedIn
employeeName
employeeNumber
employer
endDate
endOfYear
endPoint
endTime
endYear
endsAt
endsAtTime
endsIn
endsOn
endureStruggle
enrolledIn
enrolls
entry
entryAuthor
entryDate
eradicatedBy
established
establishedOn
evaluate
evaluateResult
eventEnd
eventHasChance
experience
facilitatesActivity
fatherOf
featureDescription
featureName
field
fightsFor
firstName
firstOrdained
flowsThrough
focus
focusDuration
focusIntensity
forCandidate
forEmergency
forOffence
forPerson
forPurpose
forValue
forceSize
founded
freedomIndex
frequency
friend
friendshipFromDate
from
fromCountry
fromLocation
fulfillsDesire
gaveTestimony
gender
generates
genre
givenBy
givenIn
givenOn
givesSermon
governsRDF
grandFatherOf
grandMotherOf
grantedBy
groundType
guardsPlace
guide
hadPreviousPosition
halfOf
handlesFire
happenedDuring
hasAbility
hasAbsorbency
hasAction
hasActivity
hasActor
hasActorName
hasAddress
hasAge
hasAgeDistribution
hasAgeRange
hasAgenda
hasAgent
hasAlphabet
hasAmount
hasAncestor
hasApplication
hasArea
hasArrestee
hasArrestor
hasArrivalEntity
hasArrivalLocation
hasArrivalMode
hasArrivalTime
hasArticle
hasArtist
hasAsset
hasAssignee
hasAttempt
hasAttendee
hasAttorneyLicense
hasAudience
hasAuthor
hasAuthority
hasAward
hasAxle
hasBackground
hasBadgeNumber
hasBalance
hasBasis
hasBathrooms
hasBedrooms
hasBelief
hasBeliever
hasBeneficiary
hasBeneficiaryGroup
hasBid
hasBidder
hasBidderName
hasBiography
hasBirth
hasBirthDate
hasBirthPlace
hasBirthdate
hasBlessing
hasBlessingType
hasBlue
hasBody
hasBook
hasBookingNumber
hasBranch
hasBreed
hasBride
hasBuyer
hasCEO
hasCalorieCount
hasCalories
hasCandidate
hasCap
hasCapacity
hasCapital
hasCaptain
hasCase
hasCastle
hasCategory
hasCause
hasCauseOfDeath
hasChance
hasChangeMagnitude
hasChangeType
hasCharacter
hasCharacterName
hasCharacteristics
hasCharacters
hasCharge
hasChild
hasChildren
hasCity
hasCityOfOrigin
hasClass
hasClothingType
hasCoast
hasCode
hasCollection
hasColor
hasCommander
hasComment
hasComponent
hasConclusion
hasCondition
hasConflictWith
hasConsequence
hasConstructionDate
hasConsumer
hasContact
hasContent
hasContinent
hasContract
hasConversionFactor
hasCookingTime
hasCoordinates
hasCopyright
hasCountry
hasCountryOfOrigin
hasCountySeat
hasCourt
hasCourtroom
hasCreationDate
hasCreator
hasCrew
hasCuisine
hasCulturalNorm
hasCurrency
hasCustomer
hasDataType
hasDate
hasDateCreated
hasDateOfBirth
hasDateOfDeath
hasDateOfPublication
hasDateTaken
hasDateTime
hasDeadline
hasDeath
hasDeathDate
hasDeceased
hasDecisionMaker
hasDefendant
hasDefinition
hasDegree
hasDenomination
hasDenominator
hasDensity
hasDepartment
hasDeparture
hasDepth
hasDescendant
hasDescendent
hasDescription
hasDesigner
hasDesire
hasDestination
hasDetail
hasDialect
hasDied
hasDigitalLiteracySkill
hasDirection
hasDirector
hasDisease
hasDomainArea
hasDonor
hasDragName
hasDuration
hasDuty
hasEIN
hasEar
hasEconomicIndependence
hasEdition
hasEducation
hasEffect
hasElevation
hasEmail
hasEmployee
hasEmployeeCount
hasEmployment
hasEnd
hasEndDate
hasEndTime
hasEndYear
hasEnemy
hasEntry
hasEquipped
hasEvaluation
hasEvent
hasEvidence
hasExchangeRate
hasExperience
hasEye
hasFact
hasFactor
hasFaculty
hasFamilialLoveFor
hasFather
hasFeature
hasFeeling
hasFieldOfStudy
hasFileFormat
hasFileName
hasFinalMoment
hasFirst
hasFirstName
hasFloors
hasFoodItem
hasFormat
hasFormation
hasFriend
hasFruit
hasFulfilled
hasFullName
hasFunction
hasFunding
hasFuneralDirector
hasFuneralService
hasFurniture
hasGPA
hasGender
hasGenderRatio
hasGenre
hasGenreName
hasGiftDescription
hasGiftPrice
hasGiftReceiver
hasGiftSender
hasGiftTitle
hasGovernor
hasGrade
hasGrandchild
hasGrandfather
hasGrave
hasGreen
hasGreeting
hasGroom
hasGroundComposition
hasGuest
hasGuide
hasHalf
hasHardware
hasHeight
hasHerb
hasHexCode
hasHighestBid
hasHonor
hasHost
hasHusband
hasID
hasISBN
hasId
hasIdea
hasIdentifier
hasImpact
hasIndividualIndependence
hasIndividualNumber
hasIndustry
hasInfluence
hasInfluenceFactor
hasInfluenceOn
hasInfluencePower
hasIngredient
hasInhabitant
hasInjuryLocation
hasInjuryType
hasInk
hasInmate
hasInput
hasInputUnit
hasInstance
hasInstanceTime
hasInstitution
hasIntelligence
hasIntensity
hasInterest
hasInterestRate
hasIntroduction
hasInvestment
hasInvitation
hasIssue
hasItem
hasItemCondition
hasItemName
hasJobTitle
hasJournalist
hasJudge
hasJudgment
hasJurisdiction
hasKidnapper
hasKing
hasKitchen
hasKnowledge
hasLanguage
hasLargestCity
hasLastName
hasLawyer
hasLead
hasLeader
hasLegalResponsibility
hasLegalSystem
hasLength
hasLevel
hasLicense
hasLightPollution
hasLineCount
hasLivingRoom
hasLocation
hasLyrics
hasMagnitude
hasMainSubject
hasMajor
hasMajority
hasMake
hasManager
hasManufacturer
hasManumitted
hasMarriage
hasMass
hasMaster
hasMaterial
hasMaturityDate
hasMaxSpeed
hasMealType
hasMeanValue
hasMedium
hasMeltPoint
hasMember
hasMemorial
hasMentalStrength
hasMessage
hasMetric
hasMinor
hasMinutes
hasModel
hasMother
hasMouth
hasName
hasNarrator
hasNationality
hasNeighbor
hasNose
hasNotes
hasNumberOfEmployees
hasNumberOfFloors
hasNumberOfLanes
hasNumberSet
hasNumerator
hasNumericValue
hasNutritionInfo
hasObituary
hasObject
hasObjective
hasOccupation
hasOcean
hasOffender
hasOpeningHours
hasOpportunity
hasOption
hasOrder
hasOrganizer
hasOrigin
hasOriginStory
hasOriginator
hasOutcome
hasOutput
hasOutputUnit
hasOverview
hasOwner
hasPH
hasPageCount
hasParcel
hasParent
hasParking
hasPart
hasParticipant
hasParticipatingCountry
hasPartner
hasParty
hasPartyAffiliation
hasPassenger
hasPassengerCapacity
hasPastor
hasPatient
hasPensionPlan
hasPermission
hasPerson
hasPet
hasPhotographer
hasPhysicalBasis
hasPhysicalStrength
hasPiece
hasPilgrim
hasPlaceOfBirth
hasPlaceOfDeath
hasPlatonicLoveFor
hasPlot
hasPolicyDetail
hasPolicyNumber
hasPoliticalIndependence
hasPoliticalParty
hasPolitician
hasPopulation
hasPortfolio
hasPortion
hasPosition
hasPower
hasPracticeArea
hasPredicate
hasPremise
hasPrice
hasPrince
hasPrincess
hasPrinciple
hasPriority
hasProbability
hasProduct
hasProficiency
hasProjectTopic
hasPromiseContent
hasPromisee
hasPromisor
hasProsecutor
hasProvider
hasPublicationDate
hasPublicationYear
hasPublished
hasPublisher
hasPurpose
hasQuantity
hasQueen
hasRGBCode
hasRank
hasRansom
hasRating
hasReadingSkill
hasReason
hasRebel
hasReceivedMedal
hasRecipe
hasRecipient
hasRecollection
hasRed
hasRegion
hasReigningGovernor
hasRelationship
hasReleaseYear
hasRepresentation
hasResearcher
hasResidence
hasResidenceType
hasResolution
hasResponse
hasResponsibility
hasRest
hasResult
hasRetiree
hasReturnDate
hasReturnItem
hasReturnPolicy
hasReturnReason
hasReturnedItem
hasRewardType
hasRight
hasRiskAssessment
hasRiskFactor
hasRiskLevel
hasRiskManagement
hasRole
hasRomanticLoveFor
hasRoom
hasRooms
hasScript
hasSecond
hasSeconds
hasSecurityLevel
hasSelfLove
hasSeller
hasSender
hasServedInWar
hasService
hasServiceLength
hasSetting
hasSeverity
hasShape
hasShift
hasSibling
hasSignatory
hasSignificantEvent
hasSister
hasSize
hasSkill
hasSkillLevel
hasSlave
hasSoftware
hasSoldier
hasSource
hasSpecialization
hasSpeed
hasSpelling
hasSpouse
hasSpouseDeathDate
hasStakeholder
hasStart
hasStartAge
hasStartDate
hasStartLocation
hasStartPrice
hasStartTime
hasStartYear
hasState
hasStation
hasStatus
hasStreet
hasStrength
hasStudent
hasStudyField
hasStyle
hasSubcomponent
hasSubject
hasSubmitter
hasSuperPower
hasSurfaceTexture
hasSurfaceType
hasSymptom
hasTarget
hasTeacher
hasTemperature
hasTerm
hasTermLength
hasTerms
hasText
hasTexture
hasTheme
hasTheoreticalBasis
hasTicket
hasTicketNumber
hasTime
hasTimeFrame
hasTimeOfDeath
hasTimeframe
hasTimestamp
hasTitle
hasToe
hasTopic
hasTotal
hasTourist
hasTrack
hasTradeType
hasTrader
hasTrafficVolume
hasTransport
hasTreatment
hasTree
hasTruthValue
hasType
hasURL
hasUnit
hasUse
hasUser
hasValue
hasVerdict
hasVersion
hasVictim
hasViewer
hasViewpointExpression
hasViewpointSubject
hasVolume
hasVote
hasVoter
hasWarrant
hasWeapon
hasWeather
hasWebsite
hasWeight
hasWheel
hasWidth
hasWife
hasWitness
hasWritingSkill
hasWritten
hasYear
hasYearOfOrigin
hasYearsOfExperience
hasZipCode
hears
hearsCase
height
heldAt
helpProvider
helpReceiver
helpedEscape
hires
holdsPosition
holdsService
hosts
humanBirth
imposes
inAction
inCountry
inCurrency
inElection
inMonth
inPrison
inReligion
inState
includesTask
influencedBy
injuryDate
injurySeverity
inscription
instructionTool
instructorId
instructorName
intellectualAbility
intensity
interestRate
involvedInTrade
involvedPerson
involvedSlave
involves
involvesActivity
isAbout
isAffiliatedWith
isAimedAt
isAllowed
isAnniversaryOf
isAntonymOf
isAssignedTo
isAssociatedWith
isAttendingEvent
isBilledBy
isBlack
isBlessedBy
isBoughtBy
isCauseOf
isChildOf
isColor
isCommentedOn
isCompleted
isComponentOf
isCreatedBy
isDerivedFrom
isDetailOf
isDeterminedBy
isDirectTowards
isDrinkable
isEndOf
isExecutedBy
isFlammable
isFocusedOn
isFormOf
isFresh
isFreshwater
isFrom
isFullMoon
isFurnished
isGlutenFree
isGrandchildOf
isGuarded
isHalfOf
isHero
isImplementedBy
isImprisoned
isInContinent
isInCountry
isInRegion
isInTimezone
isInmateOf
isInstanceOf
isInvolvedIn
isItemOf
isJurorIn
isLocatedIn
isLocationOf
isMale
isMandatory
isMarried
isMeasuredIn
isMotherOf
isMutual
isOfType
isOpen
isOppositeTo
isOrganic
isPaidBy
isPartOf
isPartOfConstellation
isPermanent
isPieceOf
isPrayedBy
isPrimaryColor
isProtectedBy
isProvidedBy
isPublic
isPublished
isRead
isRelatedTo
isResultOf
isSaltwater
isSeaWater
isSelf
isSentOn
isSimilarTo
isSisterOf
isSoldBy
isStudentAt
isSubjectOf
isSynonymOf
isTakenOn
isTaughtBy
isTravelingTo
isTrue
isTypeOf
isUsedFor
isUsedIn
isVegan
isVegetarian
isVerified
isWifeOf
isWrittenBy
isbn
issueCause
issueDescription
issueID
issueResolution
issueStatus
issuedBy
item
itemId
itemName
itemPrice
itemQuantity
itemType
jobPosition
jobTitle
judge
judges
jurorDutyDays
jurorSelectionProcess
jurySizeOf
knowledge
knowsAbout
lack
lastName
lawyer
leadChurch
leadConregation
leadToRevolution
leadsCongregation
leasingStatus
legalDocument
length
level
levelOfRespect
libertyInCountry
libertyType
likes
livesIn
locatedIn
locatedInState
locatedOn
location
locationOfDeath
madeOf
mainSoftwareFeature
manager
manages
manufacturingCountry
manufacturingYear
manumission
marriageLocation
material
member
memberCount
memorialText
method
missionDuration
missionObjective
missionOrganizer
missionaryWork
monthlyAmount
monumentType
motherOf
name
nationality
nativeLanguage
numberOfPages
numberOfSoldiers
occupant
occupantDOB
occupantDOD
occurredAt
occursAt
occursIn
ofDrink
ofFood
offeredBy
officialLanguage
officiant
onResource
ontology
openingDate
operatedBy
operatesIn
operatesOn
ordinationDate
orgName
orgType
organisationAffiliated
organizer
organizerName
organizes
origin
originCountry
originality
originatedAt
originatedFrom
outcome
overcomeStruggle
overseesDepartment
ownedBy
owner
ownerEmail
ownerName
owns
ownsCollection
ownsProperty
ownsSkill
ownsSlave
oxygenated
pageCount
pages
parent
partOf
participant
participants
participatedIn
participatesIn
participatesInActivity
parties
passesBill
pastorsChurch
perceives
performance
performedBaptism
performedBy
performer
performs
performsRituals
period
periodOfGovernance
periodType
permits
perpetrator
personName
phone
pieceCount
place
placeName
placeOfEnslavement
playsSport
population
populationSize
portionOf
portionSize
possessed
possessor
postedBy
practicesArea
preachSermon
presides
preventedBy
price
prints
prisonerID
producedBy
producesHeat
producesLight
producesSmoke
product
productDescription
productName
productPrice
propagatorOfDiscrimination
proposesBill
protests
providedBy
providerName
provides
providesCare
providesCounseling
providesService
providesSupport
providesSupportTo
publicationDate
publicationYear
publishDate
publishedBy
publishedDate
publishedIn
publishedOn
publishedPapers
publishedYear
publisher
publishes
qualityOfRest
quantity
raceOf
rank
rating
readingLevel
reads
reason
receivedBaptism
receivedBy
receiverName
receives
receivesKindness
receivesService
receivesSupport
recipient
recipientName
recipientOfDiscrimination
recollectionDate
recollectionEvent
refersSubject
regimentNumber
regionName
relatedField
relatedTo
relatedToIssue
releaseDate
religiousTopic
represents
representsCountry
representsSupportIn
reproduces
requiredFor
requiresResource
researchOutcome
researchTopic
residesIn
result
resultedIn
reviewOf
role
runsOn
salinity
school
score
secretIdentity
sells
sellsProduct
sentenceDuration
sentenceLength
sentencedFor
sermonDelivered
servedBy
servedInWar
serves
servesAlcohol
servesAlcoholicBeverages
servesIn
servesInDepartment
serviceName
serviceTime
servingSize
settledIn
severity
sexualReproduction
shape
shipsCommanded
sibling
siblingOf
sideA
sideB
sideEffects
signs
size
sizeInHectares
skillLevel
skillName
softwareName
source
speaker
speaks
specializesIn
specialty
speed
starVisibility
starring
startAge
startDate
startPoint
startTime
startYear
startingPoint
startsAt
startsIn
startsOn
startsYear
stateGoverned
status
stayDuration
staysAt
step
stopsAt
strengthLevel
studies
studiesPeriod
studying
subcomponentType
success
sungBy
supplies
supportedBy
supportedOrganization
supports
symptom
takenBy
targetAudience
targets
taskHasDuration
taskHasName
taskHasPriority
taskName
teaches
teachesCourse
teachesGospel
teachesSubject
tellsAbout
temperature
termEnd
termStart
terms
ticketNumber
time
timeOfOccurrence
timestamp
tipType
title
to
toDestination
tookPlaceIn
tool
totalPopulation
tradeAmount
tradeItem
tradeValue
tradedSlaves
trades
tradesIn
tradingPlatform
trainsToPray
transfers
treatment
treats
treatsWith
triggers
type
typicalAnimalsActive
typicalHumanActivities
uncleOf
undergoes
unit
unitName
unitSymbol
unitsOf
url
usedIn
usedInField
username
usesBondage
usesMaterial
usesScript
usesTool
usesWeapon
validatedBy
value
verseInGospel
verseNumber
verseText
verses
version
versionNumber
versionReleaseDate
victim
voteCount
voteFor
voteIn
voter
wantedFor
wasEstablishedOn
wasManumittedBy
wasMarried
wears
weightAtBirth
width
workInOrganization
worksAt
worksFor
worksIn
worksInIndustry
worksInProject
worksOn
writer
writesAbout
writesBook
writingLevel
writtenBy
writtenIn
wrotePublication
x
xCoordinate
y
yCoordinate
year
yearBuilt
yearEstablished
yearsOfExperience
zCoordinate
