Counting
Enslaved
Find
Finds
Get
IJP
Identify
Indicate
Look
Querying
Retrieve
Show
Target
Use
added
advocate
affect
affected
aimed
aims
align
altered
answer
apologize
appear
applying
apprenticed
arrived
associated
baptized
become
born
brought
build
built
calculated
called
came
captured
carry
cause
caused
coexist
come
comparing
compensated
connected
contribute
corresponds
counteract
curate
dataset
defined
depend
descended
determine
did
discover
documented
dollarDamageOfHurricanesImpactingPlace2021
dos
emancipated
emerging
employed
end
endpoint
engage
enslave
enslaved
existing
explore
export
expose
extract
extracted
facilitate
find
focus
focused
following
found
freed
gave
given
gives
graph
growing
had
happen
happened
has
hasNumberOfHouseHolds
have
help
hoping
identified
identify
identifying
impacted
include
included
inferred
involved
know
known
labels
landed
lead
like
listed
live
lived
living
look
looking
made
married
marrying
minimize
named
observed
occur
occurring
occurs
owned
pre
preventing
prevents
produced
provide
provides
published
purchased
querying
ran
read
rebel
recorded
records
registered
relate
related
represents
researching
resemble
resourced
retrieves
says
see
selected
sent
serve
show
shows
sold
specialize
sponsoring
start
strengthen
tell
tested
trace
transported
trying
understand
visualize
want
write
