hasOrder 	 205
hasName 	 205
provides 	 187
followedBy 	 183
follows 	 183
dayName 	 178
dayNumber 	 178
dayOfYearNumber 	 178
partOf 	 171
hasAge 	 152
hasGender 	 152
gYear 	 151
hasOccupation 	 138
isMarried 	 138
hasYear 	 134
difficulty 	 133
length 	 133
type 	 133
direct 	 133
mode 	 133
hasBirthdate 	 120
hasDayOfWeek 	 119
hasDate 	 119
hasContinent 	 117
name 	 116
partOfWeek 	 116
partOfYear 	 116
partOfMonth 	 116
date 	 116
title 	 109
description 	 109
isMarriedTo 	 100
value 	 87
Eats 	 80
Age 	 80
subject 	 71
spatial 	 71
hasClimate 	 65
hasCountry 	 56
isPartOf 	 56
isLocatedIn 	 56
age 	 55
hasFather 	 55
mbox 	 52
hasStart 	 44
hasEnd 	 44
monthOfYear 	 40
dayOfWeek 	 40
dayOfMonth 	 40
inYear 	 40
inMonth 	 40
dayOfYear 	 40
cityIn 	 32
locatedIn 	 32
hasLifeSpan 	 28
hasLeapYear 	 8
hasDays 	 8
