hasOccupation 	 2848
hasAge 	 2848
hasName 	 2848
isPartOf 	 2845
time 	 2839
tookPlaceIn 	 2839
involvedPerson 	 2839
isComposedOf 	 2836
facilityType 	 2832
hasStatus 	 2829
assignedTo 	 2829
hasDescription 	 2829
hasTitle 	 2829
hasMember 	 2825
hasHead 	 2825
hasPoint 	 2823
birthPlace 	 2820
children 	 2820
spouse 	 2820
parent 	 2820
deathPlace 	 2820
hasType 	 2819
hasLength 	 2819
childOf 	 2818
fatherOf 	 2818
name 	 2818
hasBreed 	 2817
provides 	 2812
hasChild 	 2795
partOf 	 2790
hasLevel 	 2789
industry 	 2787
Technology 	 2787
hasFirstName 	 2783
hasLastName 	 2783
hasMaterial 	 2780
seatsNumber 	 2780
hasStyle 	 2780
hasWidth 	 2780
hasHeight 	 2780
hasColor 	 2780
hasMother 	 2778
hasSibling 	 2778
hasFather 	 2778
value 	 2768
manufacturer 	 2763
hasGenre 	 2762
creates 	 2753
hasAuthor 	 2745
hasYear 	 2745
hasSubject 	 2733
hasDate 	 2733
age 	 2722
hasSquareFootage 	 2719
hasNumberOfRooms 	 2719
hasAddress 	 2719
State 	 2718
hasNumberOfSeconds 	 2716
sonOf 	 2699
motherOf 	 2699
levelNumber 	 2699
daughterOf 	 2699
accountName 	 2696
holdsAccount 	 2696
member 	 2696
hasFact 	 2683
includes 	 2675
hasPopulation 	 2675
contains 	 2675
hasCount 	 2675
hasTotalCover 	 2675
hasArea 	 2675
hasTotalCount 	 2675
givenName 	 2674
familyName 	 2674
birthday 	 2674
hasRight 	 2673
text 	 2671
description 	 2671
isPrimaryTopicOf 	 2671
about 	 2671
primaryTopic 	 2671
hasPart 	 2668
hasReason 	 2666
hasDayOfWeek 	 2666
studiesAt 	 2659
hasToy 	 2659
hasHobby 	 2659
hasParent 	 2659
follows 	 2648
followedBy 	 2648
dayOfWeek 	 2648
hasNumberOfDays 	 2645
isOpen 	 2643
year 	 2642
hasShape 	 2634
hasSize 	 2634
hasVision 	 2634
caseNumber 	 2633
title 	 2633
court 	 2633
judge 	 2633
hour 	 2621
second 	 2621
minute 	 2621
knows 	 2618
hasDisease 	 2616
hasSpelling 	 2609
hasMeaning 	 2609
isPartOfLanguage 	 2609
hasFriend 	 2608
isProvidedBy 	 2599
hasSkill 	 2593
hasExperienceLevel 	 2593
hasSalaryRange 	 2593
weight 	 2591
category 	 2591
material 	 2591
productID 	 2591
termEnd 	 2582
hasID 	 2582
hasDateOpened 	 2582
termStart 	 2582
hasLocation 	 2575
hasGuestCount 	 2575
organizes 	 2575
hasPartyType 	 2575
hasEnd 	 2568
hasBegin 	 2568
friendOf 	 2557
hasDimension 	 2555
type 	 2554
isMotherOf 	 2551
inXSDDateTime 	 2543
hasBeginning 	 2543
suffersFrom 	 2538
hasSymptom 	 2538
includesMedication 	 2538
takesMedication 	 2538
hasRole 	 2534
bookFormat 	 2533
dayOfWeekInMonth 	 2532
dayOfWeekInWeek 	 2532
inSquareMeters 	 2530
worksAt 	 2519
livesIn 	 2519
hasStart 	 2513
hasStage 	 2505
OtherIndividual 	 2497
hasDays 	 2477
datePublished 	 2476
unitType 	 2456
isDayOfTheWeek 	 2455
offers 	 2450
hasFeature 	 2449
hasFuelType 	 2449
producedIn 	 2449
hasModel 	 2449
hasTransmission 	 2449
ownedBy 	 2449
hasEngine 	 2449
hasBrand 	 2449
gender 	 2447
hasMake 	 2446
provide 	 2441
status 	 2426
created 	 2426
updated 	 2426
reportedBy 	 2426
priority 	 2426
resolution 	 2426
genre 	 2405
author 	 2405
publishedYear 	 2405
hasEndDate 	 2400
Person1.ex:Person1 	 2385
hasHour 	 2381
weekNumber 	 2373
email 	 2360
developer 	 2360
hasStateOfMatter 	 2360
launchDate 	 2360
language 	 2360
version 	 2360
hasMoment 	 2359
hasSiblings 	 2358
hasGrandchildren 	 2358
hasSpouse 	 2358
hasParents 	 2358
hasChildren 	 2358
hasGrandparents 	 2358
hasGrandparent 	 2358
hasPublicationYear 	 2351
hasSide 	 2337
P31 	 2333
P571 	 2333
P170 	 2333
P1071 	 2333
P276 	 2333
hasGender 	 2324
hasCaseNumber 	 2311
hasCaseName 	 2311
createdBy 	 2305
birthdate 	 2298
firstName 	 2298
lastName 	 2298
mbox 	 2295
dateOfBirth 	 2281
isProvided 	 2276
memberOf 	 2247
Eye 	 2225
eyeColor 	 2222
skinTone 	 2222
canSee 	 2209
color 	 2209
belongsTo 	 2209
hasVisionType 	 2209
homepage 	 2201
own 	 2198
isProtectedBy 	 2186
hasCalendarOrder 	 2172
Monday 	 2171
inSquareMiles 	 2164
countryCode 	 2157
capital 	 2157
currency 	 2157
population 	 2157
hasFingers 	 2157
countryName 	 2157
owns 	 2147
hasDirection 	 2145
Side 	 2144
hasPatient 	 2132
hasDoctor 	 2132
prescribes 	 2132
hasHealth 	 2132
receives 	 2132
atTime 	 2130
isLocatedIn 	 2122
hasOwner 	 2087
hasOrder 	 2083
hasStraightLineInBetween 	 2080
make 	 2075
model 	 2075
isGender 	 2072
hasCapital 	 2067
hasComponent 	 2050
belongsToCategory 	 2049
isEntranceTo 	 2044
hasCharacteristic 	 2038
order 	 2026
Day 	 2013
Publication 	 2005
hasNumber 	 1997
receivingTreatment 	 1993
hasHealthStatus 	 1993
diagnosedWith 	 1993
hasPhoneNumber 	 1982
hasDepartment 	 1982
hasEmployee 	 1982
providesReasonFor 	 1979
dateTime 	 1977
hasResult 	 1970
isFullTime 	 1960
enrolledIn 	 1960
attendance 	 1960
hasVersion 	 1957
hasDeveloper 	 1957
subClassOf 	 1935
typeOfMaterial 	 1934
hasSeats 	 1934
hasPartOfSpeech 	 1920
hasLanguage 	 1920
schoollocatedIn 	 1918
schoolhasGrade 	 1918
schoolhasSubject 	 1918
schoolhasStudent 	 1918
schoolhasTeacher 	 1918
schoolteachesSubject 	 1918
timeOfChange 	 1910
initialState 	 1910
finalState 	 1910
serialNumber 	 1896
hasRoom 	 1895
hasHardware 	 1886
hasSoftware 	 1886
studySubject 	 1884
studyResult 	 1884
studyName 	 1884
studyEndDate 	 1884
studyStartDate 	 1884
price 	 1848
brand 	 1848
dimensions 	 1848
teaches 	 1842
hasGradeLevel 	 1836
Teacher 	 1836
hasDay 	 1821
Continent 	 1820
startTime 	 1802
endTime 	 1802
hasCapacity 	 1800
hasCushion 	 1798
hasManufacturer 	 1798
hasFabric 	 1798
hasSalary 	 1781
requiresExperience 	 1781
planetType 	 1778
locationInUniverse 	 1778
associatedLifeform 	 1778
isFundamental 	 1775
friend 	 1748
frictionForce 	 1737
appliedForce 	 1737
direction 	 1737
gravitationalForce 	 1737
magnitude 	 1737
wasReleasedIn 	 1734
indicates 	 1734
timeOfDay 	 1734
after 	 1734
hasPlatform 	 1734
before 	 1734
Mother 	 1732
hasSequence 	 1721
ParticipatedIn 	 1719
Date 	 1719
hasNumericValue 	 1717
hasUnit 	 1717
salary 	 1716
isCreatedBy 	 1715
hasCode 	 1715
usesLanguage 	 1715
isCapitalOf 	 1714
consumes 	 1683
opposite 	 1680
asWKT 	 1675
sunsetTime 	 1674
isPartOfWeek 	 1674
hasWeatherCondition 	 1674
sunriseTime 	 1674
hasTemperature 	 1674
belongsToFloor 	 1673
hasRoomNumber 	 1673
length 	 1671
width 	 1671
isHeadedBy 	 1662
hasResponsibility 	 1662
divisionName 	 1662
leaderName 	 1662
hasDivision 	 1662
hasLeaders 	 1662
governmentName 	 1662
juridiction 	 1660
practice 	 1660
hasId 	 1650
system 	 1644
hasPartyName 	 1631
Student 	 1630
hasHealthRecord 	 1629
hasDiagnosis 	 1629
wikiPageID 	 1627
hasTeamLeader 	 1614
hasTeamName 	 1614
location 	 1612
size 	 1606
hasDimensions 	 1535
hasUpholstery 	 1535
string 	 1529
hasMinutes 	 1510
hasCurrency 	 1484
hasMotto 	 1484
HistoricalFigure 	 1469
enforces 	 1431
takenBy 	 1430
leadsTo 	 1430
isGeneratedBy 	 1428
rightSide 	 1428
hasDesk 	 1426
hasChair 	 1426
hasValue 	 1423
hasCreationDate 	 1420
hasText 	 1420
source 	 1411
amount 	 1411
unit 	 1411
hasFace 	 1400
hasGuest 	 1399
hasHost 	 1399
produces 	 1394
function 	 1393
characteristic 	 1393
linkedTo 	 1393
code 	 1375
capacity 	 1372
creator 	 1370
hasState 	 1360
hasDepth 	 1351
canAccommodate 	 1351
hasFiveFingers 	 1343
canGrasp 	 1343
hasThumb 	 1343
Manager 	 1335
monthNumber 	 1332
isRelativeOf 	 1305
isChildOf 	 1305
isFatherOf 	 1305
hasLifeSpan 	 1304
hasDuration 	 1286
maker 	 1273
topic 	 1273
degree 	 1272
school 	 1272
hasEducation 	 1272
field 	 1272
sibling 	 1254
wife 	 1254
Age 	 1242
Name 	 1242
hasExam 	 1241
hasCourse 	 1241
hasScore 	 1241
hasStudent 	 1241
long 	 1230
lat 	 1230
hasCountry 	 1230
hasCity 	 1230
information 	 1223
hasBase 	 1219
hasRadius 	 1219
solution 	 1211
int 	 1207
hasTreatment 	 1192
hasAilment 	 1192
hasMedication 	 1192
hasDietRestriction 	 1192
publishedIn 	 1190
relatedConcept 	 1186
hasAttribute 	 1186
hasEmployeeCount 	 1168
Property1 	 1165
Property2 	 1165
hasGovernment 	 1162
hasSensoryOrgan 	 1153
hasSkin 	 1153
hasRelation 	 1151
hasBodyPart 	 1148
hasISBN 	 1132
hasPublicationDate 	 1132
occupation 	 1124
fullName 	 1124
isEnrolledIn 	 1123
hasStudentId 	 1123
height 	 1114
partOfCategory 	 1114
isPerformedBy 	 1111
hasStartDate 	 1111
Mary 	 1100
hasObject 	 1084
hasPredicate 	 1084
groupSize 	 1075
hasTerm 	 1053
Lot 	 1042
hasDefinition 	 1039
publisher 	 1035
hasBack 	 1022
hasBody 	 995
hasBedrooms 	 989
hasBathrooms 	 989
oppositeTo 	 974
symmetricTo 	 974
hasPublication 	 971
Month 	 964
hasSuccess 	 948
hasDayOfYear 	 933
hasRating 	 919
does 	 914
knowsSince 	 904
sharedInterests 	 904
hasQuality 	 901
address 	 893
alumniOf 	 890
date 	 889
guest 	 889
hasTemporalDuration 	 868
x 	 858
y 	 858
hasSource 	 831
hasKind 	 825
additionalType 	 817
hasLock 	 816
hasHandle 	 816
isLocked 	 816
Polygon 	 805
teachesSubject 	 803
ConstitutionalLaw 	 800
hasCushions 	 763
providerName 	 760
providesService 	 760
hasEye 	 754
study 	 741
kind 	 737
hasNationality 	 736
hasAmount 	 736
jobTitle 	 727
endDate 	 727
employee 	 727
startDate 	 727
employer 	 727
employs 	 725
isDiagnosedBy 	 693
comesFrom 	 691
isEssentialFor 	 691
employeeCount 	 689
memberName 	 670
groupName 	 670
hobbies 	 669
helpsSolve 	 655
containsGas 	 645
hasExchangeRate 	 630
Population 	 615
hasX 	 607
IssueDescription 	 564
hasIssue 	 564
establishedDate 	 554
companyName 	 554
hasRooms 	 527
hasBirthTime 	 523
hasTimeStamp 	 523
Nose 	 503
studiesFrom 	 464
leftSide 	 458
hasCoordinate 	 446
hasStartPoint 	 446
hasEndPoint 	 446
hasSubKind 	 445
hasPower 	 441
teach 	 440
learn 	 440
providedBy 	 439
hasCourseTitle 	 435
hasCourseCode 	 435
birthDate 	 416
hasMaritalStatus 	 408
escapedFrom 	 396
wasResidentOf 	 396
attendsSchool 	 391
locatedInCountry 	 376
stud_id 	 372
oppositeOf 	 353
army 	 345
hasProperty 	 345
locatedIn 	 338
hasPowerOver 	 334
Jurisdiction 	 330
CaseID 	 330
RelatedLaw 	 330
CaseName 	 330
isRelatedTo 	 325
job 	 320
hasContent 	 315
isFriendOf 	 313
hasCustomer 	 312
activityTime 	 305
associatedWith 	 305
timePeriod 	 305
provider 	 303
isMarriedTo 	 299
interactsWith 	 280
from 	 269
involves 	 269
to 	 269
hasQuestion 	 256
hasAnswer 	 256
hasSolution 	 220
sourceOf 	 201
hasForm 	 201
artist 	 193
February 	 190
shape 	 174
hasEnrolled 	 162
hasPosition 	 162
BoilingPoint 	 159
generatedAtTime 	 145
wasAttributedTo 	 145
attendsCourse 	 140
takesCourseFrom 	 140
boilingPoint 	 126
isFreshWater 	 126
freezingPoint 	 126
isSaltWater 	 126
isHomeOf 	 120
givesReason 	 111
for 	 111
numberOfStudents 	 104
hasTopic 	 95
hasTimeOfDay 	 93
prescribedBy 	 79
prescribedFor 	 79
hasComposition 	 62
hasWeight 	 62
composedOf 	 62
ofNitrogen 	 62
hasTaste 	 62
ofCarbonDioxide 	 62
ofOxygen 	 62
hasOdor 	 62
ofOtherGases 	 62
ofArgon 	 62
startedOn 	 58
endedOn 	 58
involved 	 58
tookPlaceAt 	 58
hasActivityLevel 	 53
precedes 	 53
hasLightLevel 	 53
servedFrom 	 39
servedUntil 	 39
worldProperty 	 16
FreezingPoint 	 15
Depth 	 15
