Century
House
PlaceOfDeath
Crop
Man
Godmother
Property
EventClass
Religion
Week
Human
Group
Nf826053b807b4da7a85bb14d456890b1b1
Person
Entry
Integer
Membership
Grandparent
RelationshipStatus
Godparent
Manumission
Surname
Actor
Ship
Day
InventoryItem
Wife
Warehouse
Action
Gender
Grandfather
Period
Entity
CauseOfDeath
RelationshipType
Plantation
ArrivalEvent
TimeOfDeath
Ethnicity
Datetime
ShipType
Godfather
Slave
Daughter
Work
Nationality
Descendant
Member
Owner
Resource
ArrivingEntity
Relationship
Registry
SlaveOwner
Occupation
Location
Death
EnslavedPerson
Company
