Century
House
PlaceOfDeath
Man
Godmother
EventClass
Religion
Week
Human
Group
Nf826053b807b4da7a85bb14d456890b1b1
Person
Entry
Integer
Membership
Grandparent
RelationshipStatus
Godparent
Manumission
Surname
Actor
Gender
Day
Wife
InventoryItem
Warehouse
Action
Grandfather
Period
Ship
Entity
CauseOfDeath
RelationshipType
ArrivalEvent
TimeOfDeath
Ethnicity
Datetime
ShipType
Godfather
Slave
Daughter
Nationality
Work
Descendant
Member
Resource
Owner
ArrivingEntity
Relationship
Registry
SlaveOwner
Occupation
Location
Death
Company
