Century
Location
Owner
Nationality
Integer
Company
Death
TimeOfDeath
Godmother
ArrivingEntity
EnslavedPerson
Property
Registry
Datetime
RelationshipType
Person
CauseOfDeath
Nf826053b807b4da7a85bb14d456890b1b1
Crop
Wife
Week
Work
Entry
Plantation
Slave
Relationship
Grandfather
Day
Descendant
RelationshipStatus
Actor
Human
Member
Man
ShipType
House
Warehouse
ArrivalEvent
InventoryItem
Manumission
Godfather
Period
Surname
Ethnicity
Grandparent
Religion
Occupation
EventClass
PlaceOfDeath
SlaveOwner
Group
Gender
Ship
Godparent
Resource
Daughter
Membership
Action
Entity
