Century
Owner
Location
Nationality
Integer
Company
Death
EnslavedPerson
TimeOfDeath
ArrivingEntity
Godmother
Property
Registry
Datetime
RelationshipType
Person
CauseOfDeath
Nf826053b807b4da7a85bb14d456890b1b1
Crop
Wife
Week
Work
Entry
Plantation
Slave
Relationship
Day
Grandfather
Descendant
RelationshipStatus
Actor
Human
Man
Member
ShipType
House
Warehouse
ArrivalEvent
InventoryItem
Manumission
Grandparent
Period
Surname
Ethnicity
Godfather
Religion
Occupation
EventClass
PlaceOfDeath
SlaveOwner
Group
Ship
Gender
Godparent
Resource
Daughter
Membership
Action
Entity
