Century
Location
Owner
Nationality
Integer
Company
Death
TimeOfDeath
Godmother
ArrivingEntity
EnslavedPerson
Property
Registry
Datetime
RelationshipType
Person
CauseOfDeath
Nf826053b807b4da7a85bb14d456890b1b1
Crop
Wife
Week
Work
Entry
Relationship
Slave
Plantation
Grandfather
Day
Descendant
RelationshipStatus
Actor
Human
Man
Member
House
Warehouse
ShipType
ArrivalEvent
InventoryItem
Manumission
Godfather
Grandparent
Ethnicity
Surname
Period
Religion
Occupation
EventClass
Gender
SlaveOwner
PlaceOfDeath
Group
Ship
Godparent
Resource
Daughter
Membership
Action
Entity
