Century
House
PlaceOfDeath
Crop
Man
Godmother
EventClass
Property
Religion
Week
Human
Group
Nf826053b807b4da7a85bb14d456890b1b1
Person
Entry
Integer
Membership
Grandparent
RelationshipStatus
Godparent
Actor
Manumission
Surname
Gender
Warehouse
Wife
Action
InventoryItem
Grandfather
Day
Period
Ship
Entity
CauseOfDeath
RelationshipType
Plantation
ArrivalEvent
TimeOfDeath
Ethnicity
Datetime
ShipType
Godfather
Slave
Daughter
Nationality
Work
Descendant
Member
Resource
Owner
ArrivingEntity
Relationship
Registry
SlaveOwner
Occupation
Location
Death
EnslavedPerson
Company
