Century
Location
Owner
Nationality
Integer
Company
Death
TimeOfDeath
Godmother
ArrivingEntity
EnslavedPerson
Property
Registry
RelationshipType
Datetime
Person
CauseOfDeath
Nf826053b807b4da7a85bb14d456890b1b1
Crop
Wife
Week
Work
Entry
Relationship
Slave
Plantation
Day
Grandfather
Descendant
RelationshipStatus
Actor
Human
Man
Member
Warehouse
House
ShipType
ArrivalEvent
Manumission
InventoryItem
Grandparent
Surname
Ethnicity
Godfather
Period
Religion
Occupation
EventClass
PlaceOfDeath
SlaveOwner
Gender
Group
Ship
Godparent
Resource
Daughter
Membership
Action
Entity
