Century
House
PlaceOfDeath
Crop
Man
Godmother
Property
EventClass
Religion
Week
Human
Group
Nf826053b807b4da7a85bb14d456890b1b1
Person
Entry
Integer
Membership
Grandparent
RelationshipStatus
Godparent
Actor
Surname
Manumission
Gender
Warehouse
Wife
InventoryItem
Grandfather
Day
Ship
Action
Period
Entity
CauseOfDeath
RelationshipType
Plantation
ArrivalEvent
TimeOfDeath
Ethnicity
Datetime
ShipType
Godfather
Slave
Daughter
Nationality
Work
Descendant
Member
Owner
Resource
ArrivingEntity
Registry
Relationship
SlaveOwner
Occupation
Location
Death
EnslavedPerson
Company
