Century
Location
Owner
Nationality
Integer
Company
Death
TimeOfDeath
Godmother
ArrivingEntity
EnslavedPerson
Property
Registry
Datetime
RelationshipType
Person
CauseOfDeath
Nf826053b807b4da7a85bb14d456890b1b1
Crop
Wife
Week
Work
Entry
Relationship
Slave
Plantation
Day
Grandfather
Descendant
RelationshipStatus
Actor
Human
Member
Man
House
Warehouse
ShipType
ArrivalEvent
InventoryItem
Manumission
Grandparent
Period
Surname
Ethnicity
Godfather
Religion
Occupation
EventClass
PlaceOfDeath
SlaveOwner
Group
Gender
Ship
Godparent
Resource
Daughter
Membership
Action
Entity
