Century
PlaceOfDeath
House
Crop
Man
Godmother
EventClass
Property
Religion
Week
Group
Human
Nf826053b807b4da7a85bb14d456890b1b1
Person
Entry
Integer
Membership
Grandparent
RelationshipStatus
Godparent
Actor
Manumission
Registry
Gender
Warehouse
InventoryItem
Action
Grandfather
Period
Surname
Day
Wife
Entity
CauseOfDeath
RelationshipType
Plantation
ArrivalEvent
TimeOfDeath
Ethnicity
Datetime
ShipType
Godfather
Slave
Daughter
Nationality
Work
Descendant
Member
Resource
Owner
ArrivingEntity
Relationship
SlaveOwner
Occupation
Location
Death
EnslavedPerson
Company
Ship
