Century
Owner
Location
Nationality
Integer
Company
Death
EnslavedPerson
TimeOfDeath
ArrivingEntity
Godmother
Property
Registry
RelationshipType
Datetime
Person
CauseOfDeath
Nf826053b807b4da7a85bb14d456890b1b1
Crop
Wife
Week
Work
Entry
Relationship
Plantation
Slave
Day
Grandfather
Descendant
RelationshipStatus
Actor
Human
Man
Member
ShipType
House
Warehouse
ArrivalEvent
InventoryItem
Manumission
Grandparent
Surname
Ethnicity
Godfather
Period
Religion
Occupation
EventClass
PlaceOfDeath
SlaveOwner
Gender
Ship
Group
Godparent
Resource
Daughter
Membership
Action
Entity
