Century
Actor
PlaceOfDeath
House
Crop
Man
Godmother
EventClass
Property
Religion
Week
Group
Human
Nf826053b807b4da7a85bb14d456890b1b1
Person
Entry
Integer
Membership
RelationshipStatus
Grandparent
Registry
Manumission
Surname
Godparent
Period
Warehouse
InventoryItem
Day
Wife
Gender
Grandfather
Ship
Action
Entity
CauseOfDeath
RelationshipType
Plantation
ArrivalEvent
TimeOfDeath
Ethnicity
Datetime
ShipType
Godfather
Slave
Daughter
Nationality
Work
Descendant
Member
Resource
Owner
ArrivingEntity
Relationship
SlaveOwner
Occupation
Location
Death
EnslavedPerson
Company
