Century
PlaceOfDeath
House
Crop
Man
Godmother
Godparent
Property
EventClass
Religion
Week
Human
Group
Nf826053b807b4da7a85bb14d456890b1b1
Person
Entry
Integer
Membership
RelationshipStatus
Grandparent
Registry
Manumission
Surname
Actor
Ship
Day
Warehouse
InventoryItem
Period
Wife
Action
Gender
Grandfather
Entity
CauseOfDeath
RelationshipType
Plantation
ArrivalEvent
TimeOfDeath
Ethnicity
Datetime
ShipType
Godfather
Slave
Daughter
Work
Nationality
Descendant
Member
Resource
Owner
ArrivingEntity
Relationship
SlaveOwner
Occupation
Location
Death
EnslavedPerson
Company
