Century
Location
Owner
Nationality
Integer
Company
Death
TimeOfDeath
Godmother
ArrivingEntity
Registry
Datetime
RelationshipType
Person
CauseOfDeath
Nf826053b807b4da7a85bb14d456890b1b1
Wife
Week
Work
Entry
Relationship
Slave
Day
Grandfather
Descendant
RelationshipStatus
Actor
Human
Man
Member
House
Warehouse
ShipType
ArrivalEvent
InventoryItem
Manumission
Godfather
Surname
Period
Ethnicity
Grandparent
Religion
Occupation
EventClass
PlaceOfDeath
SlaveOwner
Group
Gender
Ship
Godparent
Resource
Daughter
Membership
Action
Entity
