Countries
WaterProperty
Language
Organization
Grade
Major
Project
Type
TimeInterval
Part
Door
Path
Nb264d2cc31194a64bfd5dcf9bb6bc55fb1
House
Battles
Y_coordinate
ActionEffect
FieldOfStudy
HumanRight
Method
Nd47b0ba34776481a845f76187fc4a6aab6
AirComposition
Answer
DateTimeDescription
WaterSource
Object
SpecificTime
StudyArea
Facility
Task
AnswerEntity
ChemicalElement
Study
ServiceUser
AirQuality
ComputerSystem
Creativework
TermPeriod
TeamMember
TextDocument
Argument
TeamLeague
Program
Feature
Room
Style
ActionClaim
PhoneNumber
Salary
Programmer
SubjectArea
President
State
Eventoutcome
Software
Automobile
TimePeriod
PedestrianPath
PoliticalRight
Member
Mother
Company
Treaty
ServiceLocation
Belligerent
Composition
Nd4a8cee1fde447c999e3f88be934a859b1
ServiceProvider
Form
Use
AbstractThing
ServiceCost
PlainLiteral
Process
OperatingSystem
Agent
MoonPhase
ProblemType
Nee65374329444a1d9f62767ddcbde88ab3
SideType
Spelling
AirCondition
TimeEvent
Methodology
Army
World
DateTime
Source
Item
Professor
CodingLanguage
Response
Ned9a1f3809314a4a9e7bb4c5a3d7f240b3
AirPollution
Benefit
Week
Date
Group
Integral
ElectricalPower
Academicsubject
ProgrammingLanguage
LearningMaterial
Weapon
Sunset
N31c47115fe5c47c9bca04a884c5ab0c2b4
Educationalinstitution
Domain
N2aab17e7ce23426c91bcafb9bf128f85b1
Gender
Exam
Military
Ned9a1f3809314a4a9e7bb4c5a3d7f240b1
Educationalorganization
Country
Topic
Test
Provider
N9c60bb77ee764160bee8687aa0e6f628b1
Destination
Year
WordProperty
Combatant
Air
Position
Thing
Day
Material
Right
Research
Direction
Organism
Principal
Point
PoliticalEntity
SystemComponent
Soldier
Furniture
Problem
Solution
Institution
CivilRight
Subsystem
Water
Office
Ocean
Impact
Question
Ncaf99f213f9f43fb885dc6fef0b494e3b1
ElectricPower
Child
Father
Interval
Environmentalimpact
Casualties
Nbbc8d28a00714441ab43a52128d4ba8db1
Nf2b2a9998bbe48aea39bcc4fde01a0deb1
Population
Concept
Manufacturer
Orientation
Physicalquantity
Parameter
Periodofday
ReasoningenType
FacultyMember
Sentence
Unit
TemporalInterval
Location
PhysicalState
LegalSystem
SoftwareDeveloper
Mountain
Anyuri
Weapons
Developer
PartyActivity
N4e52b9b4c1e34764a08b304b2a1f71cbb1
Name
Z_coordinate
Party
PresidentialTerm
Car
Sofa
Application
System
Genre
Sunrise
PartyMember
Class
ResearchField
SourceMaterial
Politician
Engine
Sport
Politicalleader
Animal
Schoolteacher
Property
Human
Activity
Function
Law
Duration
N6575d1a5e5144dccb4939dfa85e606c9b4
StaffMember
Academic_Institution
Journal
Building
Substance
MailMerge
PartyOrganiser
Product
PowerSource
City
Entity
Star
Presidency
Experiment
Recipient
Long
Equipment
N31c47115fe5c47c9bca04a884c5ab0c2b1
Customer
N32dde6b843af4e6097e43944894402c3b1
PowerGenerator
Actor
Lake
Schoolsubject
Ncaf99f213f9f43fb885dc6fef0b494e3b5
Geographicalentity
Event
Authority
ServiceConsumer
PartyEvent
X_coordinate
PoliticalPower
Degree
Course
Color
SubSystem
Instant
N1fbb52f8279840bcb8abe2928c0e799eb1
PhysicalPower
N6e82713b336940008622e00652df59bfb1
RoomFunction
Temporalunit
Definition
Administrativeregion
ResearchTopic
Schoollocation
Plot
DepartmentHead
SubjectField
Dream
AcademicSubject
GenderType
Window
Action
Publication
Season
Address
Machine
Pressure
N6575d1a5e5144dccb4939dfa85e606c9b1
Schoolschool
WaterForm
Element
PartyType
Term
Consumer
Road
Month
Real
PostalAddress
ResearchPaper
Battle
QuestionTopic
Teacher
Game
Integer
Water_Properties
Employer
WarPart
Occupation
Objective
Student
Code
Double
DifficultyLevel
Pollutant
Moon
Woman
Side
PollutedWater
Weather
Phrase
Datetime
Man
Nee65374329444a1d9f62767ddcbde88ab1
Character
Place
Area
RoomType
Way
QuestionEntity
Department
ReligiousRight
Tutor
EducationalService
N3958bad6ceaf4788b924b221d14c02a3b1
PartOfSpeechClass
Power
Physicalspace
Classroom
Setting
Lat
Life
Daughter
RoomTypeEnumeration
Device
Individual
Architecturalstructure
Nd47b0ba34776481a845f76187fc4a6aab1
Attribute
Age
Outcome
Time
Nonnegativeinteger
Something
N22b89b7ccc754b57a7dc4fd05bd81ec7b1
Sea
WeatherCondition
Field
Worker
Resource
Author
QuestionType
StateOfMatter
Datetimestamp
PartOfSpeech
Night
Island
Effect
String
ResearchMethod
Langstring
Temporalentity
Anything
Document
Landmark
Library
Researcher
Role
Positiveinteger
Gday
JobPosting
Scope
Component
Computer
PowerConcept
Coach
Park
Astronomy
Conflicts
RectangularObject
Assembly
ResearchProject
Nighttimeactivity
Team
Physicalsubstance
Schoolstudent
Other
Humidity
PhenomenonFact
Plane
Platform
Homework
Context
TemporalPosition
OfficeEquipment
Gas
N1283ff7681a64ce5822eb63668931477b1
Schoolgrade
Story
Service
Nf85cde7178e84accb0cd4a81578c936db1
N31c47115fe5c47c9bca04a884c5ab0c2b2
Desk
Jurisdiction
TemporalUnit
PhysicalThing
Pollution
Academicactivity
Parent
Guest
Religion
ServiceType
Reason
Floor
Employee
MechanicalPart
ConceptualObject
Word
University
Hour
Intangible
Timeperiod
Price
Whole
Functionality
AreaOfResearch
Nf39575439bc741078cab2d5916c663acb2
Cause
Situation
Others
IdeaOrActionOrTheory
Solving
Na20871d4cee24edc99d33cff0ce65d10b1
RightHolder
Theme
Hardware
N1c93b68e14c547a9ad82d4c50942ee5eb3
War
Programminglanguage
Result
Meaning
Ned9a1f3809314a4a9e7bb4c5a3d7f240b2
FirstLady
Sleep
Conflict
SpellingCorrector
Field_of_Study
Job
Temperature
LegalRight
Thesaurus
User
Statement
Manager
River
Nb05b6e3683674341805f13bb3b9b3ec4b1
Subject
School
OfflineService
Size
Configuration
QuestionCategory
Category
N32dde6b843af4e6097e43944894402c3b4
People
IntervalTime
Diploma
PageLayout
Person
Species
PhysicalObject
Nation
Chair
Work
Continent
