./csmodl/patterns/Reason.ttl
./csmodl/patterns/Night.ttl
./csmodl/patterns/Word.ttl
./csmodl/patterns/Part.ttl
./csmodl/patterns/Team.ttl
./csmodl/patterns/Thing.ttl
./csmodl/patterns/Teacher.ttl
./csmodl/patterns/Party.ttl
./csmodl/patterns/Research.ttl
./csmodl/patterns/Point.ttl
./csmodl/patterns/Program.ttl
./csmodl/patterns/Study.ttl
./csmodl/patterns/World.ttl
./csmodl/patterns/Problem.ttl
./csmodl/patterns/Service.ttl
./csmodl/patterns/Time.ttl
./csmodl/patterns/War.ttl
./csmodl/patterns/Story.ttl
./csmodl/patterns/Student.ttl
./csmodl/patterns/Week.ttl
./csmodl/patterns/Room.ttl
./csmodl/patterns/Office.ttl
./csmodl/patterns/People.ttl
./csmodl/patterns/Side.ttl
./csmodl/patterns/Woman.ttl
./csmodl/patterns/State.ttl
./csmodl/patterns/Others.ttl
./csmodl/patterns/Question.ttl
./csmodl/patterns/Water.ttl
./csmodl/patterns/Way.ttl
./csmodl/patterns/Year.ttl
./csmodl/patterns/Air.ttl
./csmodl/patterns/School.ttl
./csmodl/patterns/chair.ttl
./csmodl/patterns/Parent.ttl
./csmodl/patterns/Result.ttl
./csmodl/patterns/Work.ttl
./csmodl/patterns/Place.ttl
./csmodl/patterns/President.ttl
./csmodl/patterns/Person.ttl
./csmodl/patterns/Sofa.ttl
./csmodl/patterns/Power.ttl
./csmodl/patterns/Right.ttl
./csmodl/patterns/System.ttl
