Language
Project
Type
Male
N32fde1c5c0fb45e4a3ec8849897d55dcb1
Part
BackPain
Door
House
Nb264d2cc31194a64bfd5dcf9bb6bc55fb1
HistoricalEvent
Battles
Y_coordinate
IssueStatus
ServiceOrProduct
ActionEffect
HumanRight
Method
Nd47b0ba34776481a845f76187fc4a6aab6
DateTimeDescription
Architecturalelement
WaterSource
AirComposition
BusinessPerson
N151dbb48d95b4a24ab0768191aa63adfb1
StudyArea
Facility
Constitution
Timestamp
GovernmentSystem
AnswerEntity
GroupLeader
ComputerSystem
Nbb17d2cede1240a8adad1d8587390239b1
N6fd89a71a44f46dab2a3aa8d52f58970b1
Case
TeamLeague
Feature
Pet
ActionClaim
PhoneNumber
Programmer
SubjectArea
President
State
Eventoutcome
Literal
Automobile
TimePeriod
Model
Number
Member
PoliticalRight
PedestrianPath
Humanorgan
Community
Na02b249382f24ea1aa0683a71eb84cd7b1
Pain
LegalIssue
Business
Nb5db0bf0382546febdc9e57a1d782fd7b6
Vision
Form
AbstractThing
ServiceCost
PlainLiteral
OperatingSystem
MoonPhase
Calendar
ForceType
Nee65374329444a1d9f62767ddcbde88ab3
SideType
Spelling
AirCondition
Army
LeadershipPosition
Nb5db0bf0382546febdc9e57a1d782fd7b1
EducationalOrganization
World
DateTime
DataType
Source
Item
Professor
CodingLanguage
Response
Ned9a1f3809314a4a9e7bb4c5a3d7f240b3
Disorder
MedicalCondition
Lot
PersonalInformation
Integral
ElectricalPower
LearningMaterial
MentalHealthStatus
Leg
N31c47115fe5c47c9bca04a884c5ab0c2b4
FacePart
ForceUnit
Educationalinstitution
Court
Identifier
CapitalCity
Hasmember
Domain
EyePart
Gender
Military
Transfer
Topic
Vehicle
Environment
BusinessSector
MentalHealth
Hand
Provider
Destination
WordProperty
Position
Government
Air
Material
Research
Patient
MinuteOfTime
Interest
Palm
EarlyMorning
Skin
Point
Priority
Culture
Furniture
Problem
Solution
Subsystem
Ocean
Circle
ArtGenre
Office
Question
Integernumber
Ncaf99f213f9f43fb885dc6fef0b494e3b1
Child
Interval
Friend
PublicService
N2b75fc6be8804b85a49d9004567a0c2eb1
LifeForm
Nbbc8d28a00714441ab43a52128d4ba8db1
Manufacturer
Eyes
Fact
Parameter
ReasoningenType
Sentence
TemporalInterval
Back
Truthvalue
PhysicalState
N3abdb97a8d9d4511afd26eeee956452db1
Anyuri
Weapons
CourtCase
Investigator
Education
Article
Ailment
Name
Z_coordinate
Mornings
PresidentialTerm
SecurityLevel
Sofa
System
Genre
Media
GroupType
Backpain
Class
BodyType
LegalCase
WakeUp
Politician
Engine
Cell
Anatomy
Space
Property
HumanEye
Activity
TaxonomicRank
AreaUnit
ChangeType
Duration
CaseStatus
N6575d1a5e5144dccb4939dfa85e606c9b4
DayPart
IssueStatusEnum
EducationCourse
StaffMember
Academic_Institution
Journal
Substance
MailMerge
Product
PartyOrganiser
Painting
PowerSource
Activities
N0d5e305adf3b4a2da06b22287d484de3b1
Recipient
Equipment
Industry
Customer
N31c47115fe5c47c9bca04a884c5ab0c2b1
FactSource
PowerGenerator
Colortype
Note
Branch
DigitalInformation
Schoolsubject
Ncaf99f213f9f43fb885dc6fef0b494e3b5
DietRestriction
Event
Authority
ServiceConsumer
Doctor
Data
Girl
SubSystem
PhysicalPower
Temporalunit
Daytime
Administrativeregion
Official
Schoollocation
Eye
Anatomicalstructure
SkinType
DepartmentHead
Dream
SubjectField
ArtPeriod
N8ca0438ee5f0405c84803fcf346123bbb7
GenderType
GovernmentPolicy
Geologicalplace
Forehead
Publication
Na6c8faa1793241568387aff63ac2d7b4b1
Machine
Nd52675bb2f2f4a4fa3deed365bcd185cb1
Pressure
N6575d1a5e5144dccb4939dfa85e606c9b1
WaterForm
LegalEntity
PartyType
Term
Datatype
Real
PostalAddress
MorningActivity
Battle
Teacher
Game
Integer
Employer
Lens
WarPart
Water_Properties
EndLocation
SquareArea
Student
Torso
Loveseat
Code
N5cf3df7a2b5740c48d8e01924d30125ab1
DifficultyLevel
Moon
Woman
PollutedWater
Hobby
Weather
Phrase
Client
Man
Character
Nee65374329444a1d9f62767ddcbde88ab1
LifeStage
Way
CarModel
LifeSpan
Tutor
Diff
EducationalService
N3958bad6ceaf4788b924b221d14c02a3b1
PartOfSpeechClass
Power
Fingers
Routine
Transition
Lat
Life
Daughter
RoomTypeEnumeration
Device
DoorColor
Economicconcept
Architecturalstructure
Hair
Statute
Age
Attribute
Leader
N1b318c35c92a45f984edc46b58ab6237b1
Nd47b0ba34776481a845f76187fc4a6aab1
PhysicalEntity
Timeline
Time
Nonnegativeinteger
Unitoftime
Na02b249382f24ea1aa0683a71eb84cd7b2
Humanbeing
N22b89b7ccc754b57a7dc4fd05bd81ec7b1
Info
WeatherCondition
Field
HistoricalArtifact
Toy
Face
SideEffect
Resource
Verification
Author
QuestionType
Diseases
Era
Organisation
StateOfMatter
EnactingBody
TimeEntity
Island
N6368b32855bb4934b0d678c8956ceef6b1
Effect
Hasfriend
String
Hasevent
IssueDateCreated
Node
Langstring
Temporalentity
It
EyeDisease
Document
NameEntity
CommunityMember
Landmark
Gday
JobPosting
Artwork
Computer
Component
Coach
Exercise
CarMake
Astronomy
Unitminute
RectangularObject
Conflicts
HandPart
FactTopic
Alive
ResearchProject
LifeCycle
Nighttimeactivity
Post
Death
InformationRepresentation
Schoolstudent
Auction
PolygonArea
FuelType
Appliance
IssueIdentifier
Homework
Metadata
Context
Schoolgrade
Story
Description
N3abdb97a8d9d4511afd26eeee956452db2
Siunarise
Magnitude
Nf85cde7178e84accb0cd4a81578c936db1
Laws
Jurisdiction
TemporalEntity
N517a9d207453411ba145ed6669f5127ab6
ArtWork
StatutoryLaw
Dimension
Dimensions
Academicactivity
Parent
Guest
Religion
Exhibition
Physicalobject
Reason
Employee
ConceptualObject
Limbs
IssueSeverity
GovernmentEntity
Hour
Timeperiod
N4e8130ac0170445eae2683015c4785e3b1
Husband
Functionality
HistoricalFigure
Nf39575439bc741078cab2d5916c663acb2
Cause
N5cf3df7a2b5740c48d8e01924d30125ab3
RightHolder
Solving
Na20871d4cee24edc99d33cff0ce65d10b1
Legislative
Hardware
War
N1c93b68e14c547a9ad82d4c50942ee5eb3
EnforcementBody
Programminglanguage
Result
Sculpture
Ned9a1f3809314a4a9e7bb4c5a3d7f240b2
Kid
Artist
Art
CausalEvent
Job
Field_of_Study
Seq
N9832494bbc394d12b54840a7f84078c4b1
Buildingcomponent
Alarm
Symptom
LegalRule
LegalRight
N517a9d207453411ba145ed6669f5127ab1
User
KindCategory
Thesaurus
PlayerMode
Transaction
Homosapien
FactCheck
Executive
Subject
OfflineService
UnitOfMeasurement
People
CaseType
Diploma
PageLayout
CurrencyCode
Person
Humanbody
AcademicInstitution
Iris
MorningTime
Community_Service
TypeOfChange
Body
Nation
Work
Continent
Countries
WaterProperty
Organization
Grade
PoliticalParty
HistoricalEra
TextInfo
Major
Legislation
TimeInterval
Creator
HumanBody
Volunteer
Birth
Path
Architectural_element
Mouth
Title
FactType
FieldOfStudy
Answer
Object
SpecificTime
Task
History
Study
ChemicalElement
ServiceUser
EducationalInstitution
AirQuality
Policy
TotalMinutes
HistoricalPeriod
HistoryEvent
Creativework
Illness
Upholstery
N0d29d15ecbe642f980ed0a7ca64ba58ab1
TermPeriod
TeamMember
TextDocument
Argument
Coffee
Head
Program
Style
Room
Salary
Force
Morning
MORNING
TimeZone
Handpart
Software
Format
Meal
Period
N7daede8dfec54e3784e36650d13b75e9b1
ParkingLot
Injury
Mother
Kind
Son
Company
BackDisease
Treaty
ServiceLocation
Belligerent
Nd4a8cee1fde447c999e3f88be934a859b1
Composition
Daypart
ServiceProvider
HumanBeing
Use
Publisher
HealthCareProvider
Na17aa21561fa4878864ee13118c956b4b1
Process
Agent
Change
Colour
AnatomicalStructure
Organ
ProblemType
InformationSecurity
TimeEvent
BusinessInformation
Methodology
Reference
Moment
Communication
Date
Benefit
Week
AirPollution
Group
Investigation
Academicsubject
ProgrammingLanguage
TimePosition
Weapon
Physicalplace
GeographicalLocation
Groupmember
Second
Cornea
Sunset
Treatment
N2aab17e7ce23426c91bcafb9bf128f85b1
Exam
Legalcase
Ne1bda3da70704b05a03cd314f2618192b1
Ned9a1f3809314a4a9e7bb4c5a3d7f240b1
Educationalorganization
Back_Condition
Country
Manman
Investor
Hospital
Test
N9c60bb77ee764160bee8687aa0e6f628b1
Resident
Year
Combatant
FactCategory
Thing
Day
Key
Handparts
Right
Direction
MomentProperty
Organism
HomePart
AnyEntity
Coin
Principal
PoliticalEntity
SystemComponent
Soldier
N8ca0438ee5f0405c84803fcf346123bbb1
Water
Institution
FacialFeature
CivilRight
Impact
Lock
ElectricPower
Father
Environmentalimpact
Casualties
Citizen
Female
SensoryOrgan
Gallery
Revenue
Nf2b2a9998bbe48aea39bcc4fde01a0deb1
Population
Concept
Orientation
Physicalquantity
TimePoint
Periodofday
FacultyMember
Couch
Unit
Location
Retina
Bodypart
LegalSystem
FactDescription
Health
Applicability
Medium
SoftwareDeveloper
Museum
Medicine
EntityRole
Developer
PartyActivity
N4e52b9b4c1e34764a08b304b2a1f71cbb1
Mountain
Party
Car
Application
Sunrise
Materialtype
PartyMember
ResearchField
SourceMaterial
Player
Physicalphenomenon
Sport
IssueTitle
Legalentity
Information
Politicalleader
Capital
Animal
Schoolteacher
Human
Geonamesfeature
Function
Law
Issue
Cheek
Building
WorkOfArt
HealthCondition
Entity
City
Star
Presidency
Experiment
Rule
Home
Thumb
Nails
Long
Timeofday
N32dde6b843af4e6097e43944894402c3b1
Actor
Lake
Geographicalentity
Res:truefalse
ChangeAgent
PartyEvent
GamePlatform
X_coordinate
PoliticalPower
HeadPart
Degree
Course
Color
Instant
N1fbb52f8279840bcb8abe2928c0e799eb1
Cultural_Identity
BodyPart
Gyear
Knowledge
GameDeveloper
N6e82713b336940008622e00652df59bfb1
RoomFunction
Breakfast
Definition
ResearchTopic
Originality
Plot
Book
Arm
AcademicSubject
End
HomeOwner
Window
BirthDate
GymMembership
Guy
Action
Season
Address
GroupMember
Comment
Month
Schoolschool
Minute
Element
Market
Consumer
Road
ResearchPaper
CommunityRole
Concern
QuestionTopic
Status
Occupation
HourOfTime
Objective
Level
Double
BackPart
Temporal
Pollutant
Side
CaseWorker
Lawyer
Datetime
Timepoint
Place
Area
RoomType
QuestionEntity
Department
Finger
ReligiousRight
Physicalspace
Classroom
Line
EndEvent
Setting
Owner
CEO
Individual
Nose
Outcome
Disease
Something
Sea
InformationProcessing
PhysicalHealthStatus
GameReview
Worker
IssueDescription
Early
Datetimestamp
PartOfSpeech
Night
PartOfDay
MembershipType
Complex
Skill
Payment
ResearchMethod
Anything
Money
Library
Researcher
N84af915885a24ef99a21e63c7ec3936fb1
GeographicalEntity
Role
Positiveinteger
Floatnumber
Scope
PowerConcept
Park
EndTime
Assembly
N8ca0438ee5f0405c84803fcf346123bbb4
HealthRecord
Na6c8faa1793241568387aff63ac2d7b4b2
XMLLiteral
Team
Family
Medication
PhysicalHealth
Physicalsubstance
Other
Humidity
PhenomenonFact
Plane
Cushion
DoorMaterial
Platform
TemporalPosition
OfficeEquipment
Currency
Ears
Diagnosis
Measure
Service
Idea
N1283ff7681a64ce5822eb63668931477b1
Gas
Physicalentity
Entertainment
N31c47115fe5c47c9bca04a884c5ab0c2b2
Desk
Shape
TemporalUnit
PhysicalThing
Pollution
LocatedIn
ServiceType
Word
Floor
MechanicalPart
University
Intangible
Reporter
Supplier
Price
Whole
AgentCausingChange
FamilyMember
N05aaffae578e46e1bf0ef74db699036ab1
DurationDescription
Physicalconcept
Roof
Body_part
AreaOfResearch
Situation
IdeaOrActionOrTheory
Others
Expression
Theme
IssueResolution
Meaning
Judge
Ear
Femalehuman
FirstLady
Sleep
Conflict
KnowledgeArea
SpellingCorrector
TimeInstant
Temperature
Statement
Manager
River
Nb05b6e3683674341805f13bb3b9b3ec4b1
Adult
School
ArtStyle
Size
Configuration
Geometricobject
Category
QuestionCategory
Prosecutor
N32dde6b843af4e6097e43944894402c3b4
Originator
IntervalTime
Na17aa21561fa4878864ee13118c956b4b2
WorkArea
DayOfWeek
SquareMeters
Species
PhysicalObject
Chair
