LeadershipPosition
Hasevent
Husband
Diff
Idea
Colour
TemporalInterval
Datatype
InformationSecurity
TimePoint
Objective
Comment
Architecturalelement
Provider
HumanBody
Physicalplace
Power
School
Politician
Transition
Organisation
Skin
Physicalphenomenon
Time
SourceMaterial
Door
StateOfMatter
GameDeveloper
Area
RectangularObject
ServiceOrProduct
Equipment
NameEntity
LegalRight
Ned9a1f3809314a4a9e7bb4c5a3d7f240b2
Lot
Schoollocation
GroupLeader
Month
Dream
Landmark
Pain
Worker
ServiceProvider
Artist
CaseType
Case
Colortype
Homosapien
EarlyMorning
Individual
EducationalInstitution
Agent
EntityRole
DayPart
Activities
Place
N5cf3df7a2b5740c48d8e01924d30125ab1
Administrativeregion
HeadPart
Sentence
Program
Animal
Hour
Daughter
Style
GamePlatform
Pressure
Business
Vision
Seq
ArtStyle
Sport
StatutoryLaw
Investigator
Source
HealthRecord
Transaction
Backpain
Family
Description
Bodypart
KnowledgeArea
Hospital
Government
Reporter
Industry
Datetime
Cell
Medication
Reason
Diagnosis
Journal
Device
Question
Doctor
WaterForm
CapitalCity
Policy
Astronomy
PlayerMode
Humanbeing
Originator
IssueTitle
Item
N3abdb97a8d9d4511afd26eeee956452db2
Population
Employer
Furniture
LifeSpan
Pollutant
Configuration
Dimensions
Solution
Professor
TimeInstant
Roof
LegalCase
AreaOfResearch
GovernmentPolicy
Window
IssueDescription
ResearchField
Man
MORNING
Floatnumber
Upholstery
Element
Treaty
Conflicts
Eyes
Appliance
IssueResolution
Truthvalue
LifeCycle
Work
DigitalInformation
Disorder
ElectricPower
N32dde6b843af4e6097e43944894402c3b4
Group
SoftwareDeveloper
FamilyMember
Water_Properties
Issue
Physicalconcept
Student
Alarm
Period
Grade
Classroom
ActionEffect
FacialFeature
Coach
Finger
Head
Daypart
ArtGenre
Use
MentalHealth
Thumb
Museum
Automobile
HandPart
Money
Department
Country
Physicalspace
Health
Illness
ServiceUser
Manufacturer
EndEvent
MechanicalPart
BusinessSector
Chair
N8ca0438ee5f0405c84803fcf346123bbb1
Way
Gallery
World
Code
SubjectField
IssueStatusEnum
Soldier
End
ForceType
Payment
BirthDate
TimeZone
IntervalTime
RoomFunction
Price
Groupmember
Scope
Couch
LegalEntity
Level
PoliticalEntity
Word
Humanbody
Battles
Subsystem
FacePart
History
MailMerge
Concern
N2b75fc6be8804b85a49d9004567a0c2eb1
Destination
Pollution
Humanorgan
DietRestriction
Publisher
Water
Sleep
Moment
Temporalunit
Hasfriend
Cultural_Identity
Life
Major
Person
PartyType
Temporal
Environmentalimpact
Real
Woman
Spelling
WorkOfArt
Identifier
Painting
StaffMember
N9832494bbc394d12b54840a7f84078c4b1
People
Combatant
Age
Res:truefalse
Early
Nf39575439bc741078cab2d5916c663acb2
Na02b249382f24ea1aa0683a71eb84cd7b2
Theme
Plane
Institution
PlainLiteral
AcademicInstitution
Pet
N1c93b68e14c547a9ad82d4c50942ee5eb3
Prosecutor
Continent
Jurisdiction
Context
Architecturalstructure
CodingLanguage
Ne1bda3da70704b05a03cd314f2618192b1
SquareArea
Rule
TemporalUnit
N1283ff7681a64ce5822eb63668931477b1
Project
Female
WarPart
ForceUnit
Sunrise
FactTopic
War
CurrencyCode
PhysicalHealthStatus
Temporalentity
AirPollution
Applicability
Integer
Hair
House
PollutedWater
N6368b32855bb4934b0d678c8956ceef6b1
President
Function
Currency
PowerSource
Creator
MedicalCondition
Vehicle
Male
InformationRepresentation
Back_Condition
Interest
N6e82713b336940008622e00652df59bfb1
HistoricalPeriod
Kid
SensoryOrgan
Body
TimePosition
Periodofday
Lake
Desk
DifficultyLevel
MorningActivity
PhysicalThing
N6575d1a5e5144dccb4939dfa85e606c9b1
Expression
N8ca0438ee5f0405c84803fcf346123bbb4
Nbbc8d28a00714441ab43a52128d4ba8db1
Medium
N32fde1c5c0fb45e4a3ec8849897d55dcb1
Resident
GeographicalEntity
SystemComponent
Investigation
CaseWorker
Benefit
Organ
Data
Entertainment
IssueSeverity
Outcome
Nb05b6e3683674341805f13bb3b9b3ec4b1
AirQuality
HistoricalEvent
Node
Recipient
AbstractThing
Iris
Methodology
WorkArea
MomentProperty
Floor
Attribute
N1b318c35c92a45f984edc46b58ab6237b1
Timestamp
String
Environment
Palm
Originality
AirCondition
Entity
Process
Experiment
Weapon
Genre
Homework
Na20871d4cee24edc99d33cff0ce65d10b1
Exam
EndTime
N0d5e305adf3b4a2da06b22287d484de3b1
Result
GroupMember
Application
RoomTypeEnumeration
BackDisease
Authority
EyePart
Symptom
Physicalentity
Topic
Integernumber
OperatingSystem
Fact
Study
River
Positiveinteger
FactDescription
Article
N4e8130ac0170445eae2683015c4785e3b1
LocatedIn
HumanRight
Language
Date
AnswerEntity
EndLocation
Human
Academicsubject
IssueDateCreated
Datetimestamp
Job
ProgrammingLanguage
PolygonArea
Shape
PhysicalPower
Problem
DepartmentHead
Ocean
N31c47115fe5c47c9bca04a884c5ab0c2b2
Side
Community_Service
Info
Diseases
Birth
Definition
FirstLady
ArtWork
SpellingCorrector
AgentCausingChange
PartyMember
Handpart
QuestionEntity
Research
Friend
Metadata
HomePart
Park
Thing
Lock
Interval
Cheek
ReligiousRight
QuestionType
Anyuri
N05aaffae578e46e1bf0ef74db699036ab1
Task
TypeOfChange
Law
Part
TemporalPosition
Moon
Path
XMLLiteral
Tutor
Organization
Academicactivity
Educationalorganization
Physicalquantity
AcademicSubject
Literal
Location
StudyArea
Era
Media
Anything
Setting
Calendar
Verification
IdeaOrActionOrTheory
TextDocument
Academic_Institution
Method
Knowledge
ChemicalElement
PartyOrganiser
Right
Assembly
Sunset
N2aab17e7ce23426c91bcafb9bf128f85b1
MentalHealthStatus
GovernmentEntity
Gas
Argument
FieldOfStudy
Type
Position
Langstring
BusinessInformation
Schoolschool
Sea
Star
DoorColor
Circle
AreaUnit
Supplier
JobPosting
TimeEntity
Mountain
EducationalOrganization
Object
Action
Son
User
Creativework
EnactingBody
MorningTime
Material
Schoolgrade
Leader
PoliticalPower
MoonPhase
PublicService
Gender
Author
Concept
PhenomenonFact
Lens
Point
GenderType
CommunityRole
Physicalobject
PhoneNumber
Citizen
Face
Kind
Timeofday
Force
Year
Format
Nd4a8cee1fde447c999e3f88be934a859b1
Integral
Story
Direction
Season
EducationCourse
Exhibition
N517a9d207453411ba145ed6669f5127ab6
Coin
Principal
TeamLeague
Skill
Retina
WordProperty
N0d29d15ecbe642f980ed0a7ca64ba58ab1
Loveseat
Official
Market
AirComposition
Something
ArtPeriod
Ned9a1f3809314a4a9e7bb4c5a3d7f240b1
AnatomicalStructure
ReasoningenType
RoomType
BodyPart
Fingers
KindCategory
SquareMeters
N3abdb97a8d9d4511afd26eeee956452db1
Publication
PedestrianPath
Duration
QuestionCategory
Gday
Machine
ActionClaim
QuestionTopic
Timeline
AnyEntity
ElectricalPower
SubSystem
Nd47b0ba34776481a845f76187fc4a6aab1
Nb5db0bf0382546febdc9e57a1d782fd7b6
It
Component
IssueStatus
N31c47115fe5c47c9bca04a884c5ab0c2b4
Battle
Geometricobject
Volunteer
Software
TimeInterval
FactCheck
Architectural_element
Legalcase
Countries
Air
LifeStage
Manman
PowerConcept
Legislative
Medicine
SideEffect
N8ca0438ee5f0405c84803fcf346123bbb7
Community
Instant
Engine
Alive
FuelType
Legalentity
Organism
N151dbb48d95b4a24ab0768191aa63adfb1
Long
Conflict
SecurityLevel
Domain
Plot
Developer
Judge
Species
PhysicalObject
Information
Functionality
Na6c8faa1793241568387aff63ac2d7b4b2
Branch
Injury
Subject
CausalEvent
Complex
HistoryEvent
ResearchProject
Executive
Nails
Humidity
MinuteOfTime
Office
IssueIdentifier
Second
X_coordinate
Army
PhysicalEntity
Geologicalplace
Adult
Materialtype
HealthCareProvider
Occupation
Number
WakeUp
Programminglanguage
FactType
Culture
Consumer
Composition
Hardware
Programmer
UnitOfMeasurement
Key
Test
Situation
OfflineService
Transfer
Statement
PartOfDay
HourOfTime
N84af915885a24ef99a21e63c7ec3936fb1
N517a9d207453411ba145ed6669f5127ab1
Car
Treatment
Leg
Building
Other
Nb264d2cc31194a64bfd5dcf9bb6bc55fb1
Na17aa21561fa4878864ee13118c956b4b2
Term
Schoolstudent
Magnitude
PoliticalParty
Nee65374329444a1d9f62767ddcbde88ab1
Eventoutcome
N5cf3df7a2b5740c48d8e01924d30125ab3
PresidentialTerm
N3958bad6ceaf4788b924b221d14c02a3b1
City
Anatomy
Hobby
Siunarise
Z_coordinate
Effect
Answer
Ned9a1f3809314a4a9e7bb4c5a3d7f240b3
Statute
PhysicalHealth
Timepoint
Educationalinstitution
InformationProcessing
Status
N7daede8dfec54e3784e36650d13b75e9b1
Whole
LegalRule
Weapons
ChangeAgent
Computer
TermPeriod
Resource
Timeperiod
HumanBeing
TeamMember
Response
ComputerSystem
DoorMaterial
Meaning
EnforcementBody
Island
Disease
Limbs
Space
PartyEvent
Guy
Member
Platform
Player
Na02b249382f24ea1aa0683a71eb84cd7b1
Daytime
Field_of_Study
EducationalService
N32dde6b843af4e6097e43944894402c3b1
GroupType
TextInfo
FacultyMember
Nd47b0ba34776481a845f76187fc4a6aab6
Ncaf99f213f9f43fb885dc6fef0b494e3b1
HistoricalFigure
Casualties
GymMembership
N9c60bb77ee764160bee8687aa0e6f628b1
PageLayout
Patient
Company
Anatomicalstructure
MembershipType
Facility
Title
Artwork
Size
Sculpture
Course
Parent
PhysicalState
Laws
HistoricalArtifact
Employee
Na6c8faa1793241568387aff63ac2d7b4b1
LegalSystem
Day
Week
Change
TotalMinutes
LearningMaterial
Na17aa21561fa4878864ee13118c956b4b1
GeographicalLocation
Degree
Investor
Owner
Body_part
BackPain
Economicconcept
Diploma
CivilRight
ConceptualObject
Ears
HumanEye
Coffee
Nighttimeactivity
PartOfSpeech
Others
Model
SkinType
Schoolteacher
Dimension
Form
Hand
Team
N6575d1a5e5144dccb4939dfa85e606c9b4
Nd52675bb2f2f4a4fa3deed365bcd185cb1
Room
DateTimeDescription
Constitution
Intangible
Priority
Presidency
Customer
Court
Nonnegativeinteger
Parameter
Activity
Ear
Home
ServiceCost
Gyear
Measure
Actor
WaterProperty
BodyType
Weather
Torso
Nbb17d2cede1240a8adad1d8587390239b1
ChangeType
Schoolsubject
HistoricalEra
PoliticalRight
N6fd89a71a44f46dab2a3aa8d52f58970b1
Nb5db0bf0382546febdc9e57a1d782fd7b1
Politicalleader
ParkingLot
SideType
Meal
Arm
Name
Child
DayOfWeek
Mother
ServiceType
Nf85cde7178e84accb0cd4a81578c936db1
Color
Double
Lawyer
Minute
CarMake
Capital
Address
FactSource
Military
ResearchTopic
Girl
Ncaf99f213f9f43fb885dc6fef0b494e3b5
CommunityMember
Exercise
FactCategory
GameReview
Character
Game
OfficeEquipment
Salary
PersonalInformation
Mouth
Lat
BusinessPerson
Night
PowerGenerator
ResearchMethod
ServiceLocation
Phrase
Substance
N31c47115fe5c47c9bca04a884c5ab0c2b1
Art
Role
Father
Ailment
Nose
EyeDisease
Geonamesfeature
Cornea
Researcher
SubjectArea
Book
Thesaurus
N1fbb52f8279840bcb8abe2928c0e799eb1
Death
Impact
Manager
Post
TimeEvent
Product
PartOfSpeechClass
DateTime
Mornings
HomeOwner
Education
Auction
Breakfast
LifeForm
PartyActivity
Road
HealthCondition
Document
Handparts
Feature
N4e52b9b4c1e34764a08b304b2a1f71cbb1
Event
CourtCase
Buildingcomponent
Toy
Nation
TemporalEntity
Line
Party
Library
Sofa
Geographicalentity
Client
University
PostalAddress
Guest
Y_coordinate
Hasmember
Reference
Field
Back
LegalIssue
Temperature
DurationDescription
Morning
Femalehuman
Class
CEO
Revenue
Service
CaseStatus
ResearchPaper
Cause
TimePeriod
Unitoftime
N22b89b7ccc754b57a7dc4fd05bd81ec7b1
Eye
TaxonomicRank
Legislation
Note
Teacher
ServiceConsumer
System
WeatherCondition
Routine
Belligerent
Forehead
CarModel
Property
Unitminute
Orientation
Category
Cushion
Solving
GovernmentSystem
ProblemType
RightHolder
Communication
Nf2b2a9998bbe48aea39bcc4fde01a0deb1
Physicalsubstance
Nee65374329444a1d9f62767ddcbde88ab3
State
Religion
DataType
SpecificTime
WaterSource
BackPart
Unit
