./csmodl/patterns/Reason.ttl
./csmodl/patterns/Group.ttl
./csmodl/patterns/Company.ttl
./csmodl/patterns/Law.ttl
./csmodl/patterns/Family.ttl
./csmodl/patterns/Book.ttl
./csmodl/patterns/Party.ttl
./csmodl/patterns/Friend.ttl
./csmodl/patterns/Point.ttl
./csmodl/patterns/Door.ttl
./csmodl/patterns/World.ttl
./csmodl/patterns/War.ttl
./csmodl/patterns/Service.ttl
./csmodl/patterns/Guy.ttl
./csmodl/patterns/Story.ttl
./csmodl/patterns/Hour.ttl
./csmodl/patterns/Side.ttl
./csmodl/patterns/Question.ttl
./csmodl/patterns/Year.ttl
./csmodl/patterns/Lot.ttl
./csmodl/patterns/Area.ttl
./csmodl/patterns/Government.ttl
./csmodl/patterns/Face.ttl
./csmodl/patterns/Game.ttl
./csmodl/patterns/Couch.ttl
./csmodl/patterns/Right.ttl
./csmodl/patterns/Day.ttl
./csmodl/patterns/Money.ttl
./csmodl/patterns/Night.ttl
./csmodl/patterns/Number.ttl
./csmodl/patterns/Business.ttl
./csmodl/patterns/Minute.ttl
./csmodl/patterns/Research.ttl
./csmodl/patterns/Father.ttl
./csmodl/patterns/Issue.ttl
./csmodl/patterns/Fact.ttl
./csmodl/patterns/Study.ttl
./csmodl/patterns/Problem.ttl
./csmodl/patterns/Week.ttl
./csmodl/patterns/History.ttl
./csmodl/patterns/People.ttl
./csmodl/patterns/Others.ttl
./csmodl/patterns/Water.ttl
./csmodl/patterns/Way.ttl
./csmodl/patterns/School.ttl
./csmodl/patterns/chair.ttl
./csmodl/patterns/Parent.ttl
./csmodl/patterns/Member.ttl
./csmodl/patterns/Girl.ttl
./csmodl/patterns/Name.ttl
./csmodl/patterns/Body.ttl
./csmodl/patterns/Moment.ttl
./csmodl/patterns/Word.ttl
./csmodl/patterns/Force.ttl
./csmodl/patterns/Kind.ttl
./csmodl/patterns/Line.ttl
./csmodl/patterns/Teacher.ttl
./csmodl/patterns/Information.ttl
./csmodl/patterns/Job.ttl
./csmodl/patterns/Morning.ttl
./csmodl/patterns/Idea.ttl
./csmodl/patterns/Loveseat.ttl
./csmodl/patterns/Time.ttl
./csmodl/patterns/Student.ttl
./csmodl/patterns/Office.ttl
./csmodl/patterns/Level.ttl
./csmodl/patterns/Car.ttl
./csmodl/patterns/State.ttl
./csmodl/patterns/Child.ttl
./csmodl/patterns/Work.ttl
./csmodl/patterns/Place.ttl
./csmodl/patterns/President.ttl
./csmodl/patterns/Person.ttl
./csmodl/patterns/Country.ttl
./csmodl/patterns/System.ttl
./csmodl/patterns/Chair.ttl
./csmodl/patterns/Eye.ttl
./csmodl/patterns/Kid.ttl
./csmodl/patterns/City.ttl
./csmodl/patterns/Health.ttl
./csmodl/patterns/Education.ttl
./csmodl/patterns/Part.ttl
./csmodl/patterns/Team.ttl
./csmodl/patterns/Home.ttl
./csmodl/patterns/Thing.ttl
./csmodl/patterns/Month.ttl
./csmodl/patterns/Program.ttl
./csmodl/patterns/Room.ttl
./csmodl/patterns/Community.ttl
./csmodl/patterns/Hand.ttl
./csmodl/patterns/Life.ttl
./csmodl/patterns/Mother.ttl
./csmodl/patterns/Woman.ttl
./csmodl/patterns/Back.ttl
./csmodl/patterns/End.ttl
./csmodl/patterns/Air.ttl
./csmodl/patterns/Case.ttl
./csmodl/patterns/Head.ttl
./csmodl/patterns/Result.ttl
./csmodl/patterns/Man.ttl
./csmodl/patterns/Art.ttl
./csmodl/patterns/Sofa.ttl
./csmodl/patterns/Power.ttl
./csmodl/patterns/Change.ttl
./csmodl/patterns/House.ttl
